Protokollname: Security
Quelle:        Microsoft-Windows-Security-Auditing
Datum:         06.06.2012 13:25:09
Ereignis-ID:   4735
Aufgabenkategorie:Sicherheitsgruppenverwaltung
Ebene:         Informationen
Schlüsselwörter:Überwachung erfolgreich
Benutzer:      Nicht zutreffend
Computer:      WIN-KJHGCUABASL
Beschreibung:
Eine sicherheitsaktivierte lokale Gruppe wurde geändert.

Antragsteller:
	Sicherheits-ID:		SYSTEM
	Kontoname:		WIN-KJHGCUABASL$
	Kontodomäne:		WORKGROUP
	Anmelde-ID:		0x3e7

Gruppe:
	Sicherheits-ID:		VORDEFINIERT\Zertifikatdienst-DCOM-Zugriff
	Gruppenname:		Zertifikatdienst-DCOM-Zugriff
	Gruppendomäne:		Builtin

Geänderte Attribute:
	SAM-Kontoname:	Zertifikatdienst-DCOM-Zugriff
	SID-Verlauf:		-

Weitere Informationen:
	Berechtigungen:		-
Ereignis-XML:
<Event xmlns="http://schemas.microsoft.com/win/2004/08/events/event">
  <System>
    <Provider Name="Microsoft-Windows-Security-Auditing" Guid="{54849625-5478-4994-A5BA-3E3B0328C30D}" />
    <EventID>4735</EventID>
    <Version>0</Version>
    <Level>0</Level>
    <Task>13826</Task>
    <Opcode>0</Opcode>
    <Keywords>0x8020000000000000</Keywords>
    <TimeCreated SystemTime="2012-06-06T11:25:09.203125000Z" />
    <EventRecordID>89</EventRecordID>
    <Correlation />
    <Execution ProcessID="460" ThreadID="516" />
    <Channel>Security</Channel>
    <Computer>WIN-KJHGCUABASL</Computer>
    <Security />
  </System>
  <EventData>
    <Data Name="TargetUserName">Zertifikatdienst-DCOM-Zugriff</Data>
    <Data Name="TargetDomainName">Builtin</Data>
    <Data Name="TargetSid">S-1-5-32-574</Data>
    <Data Name="SubjectUserSid">S-1-5-18</Data>
    <Data Name="SubjectUserName">WIN-KJHGCUABASL$</Data>
    <Data Name="SubjectDomainName">WORKGROUP</Data>
    <Data Name="SubjectLogonId">0x3e7</Data>
    <Data Name="PrivilegeList">-</Data>
    <Data Name="SamAccountName">Zertifikatdienst-DCOM-Zugriff</Data>
    <Data Name="SidHistory">-</Data>
  </EventData>
</Event>

Protokollname: Security
Quelle:        Microsoft-Windows-Security-Auditing
Datum:         06.06.2012 13:25:09
Ereignis-ID:   4781
Aufgabenkategorie:Benutzerkontenverwaltung
Ebene:         Informationen
Schlüsselwörter:Überwachung erfolgreich
Benutzer:      Nicht zutreffend
Computer:      WIN-KJHGCUABASL
Beschreibung:
Der Name eines Kontos wurde geändert:

Antragsteller:
	Sicherheits-ID:		SYSTEM
	Kontoname:		WIN-KJHGCUABASL$
	Kontodomäne:		WORKGROUP
	Anmelde-ID:		0x3e7

Zielkonto:
	Sicherheits-ID:		VORDEFINIERT\Zertifikatdienst-DCOM-Zugriff
	Kontodomäne:		Builtin
	Alter Kontoname:	Certificate Service DCOM Access
	Neuer Kontoname:	Zertifikatdienst-DCOM-Zugriff

Zusätzliche Informationen:
	Berechtigungen:		-
Ereignis-XML:
<Event xmlns="http://schemas.microsoft.com/win/2004/08/events/event">
  <System>
    <Provider Name="Microsoft-Windows-Security-Auditing" Guid="{54849625-5478-4994-A5BA-3E3B0328C30D}" />
    <EventID>4781</EventID>
    <Version>0</Version>
    <Level>0</Level>
    <Task>13824</Task>
    <Opcode>0</Opcode>
    <Keywords>0x8020000000000000</Keywords>
    <TimeCreated SystemTime="2012-06-06T11:25:09.203125000Z" />
    <EventRecordID>88</EventRecordID>
    <Correlation />
    <Execution ProcessID="460" ThreadID="516" />
    <Channel>Security</Channel>
    <Computer>WIN-KJHGCUABASL</Computer>
    <Security />
  </System>
  <EventData>
    <Data Name="OldTargetUserName">Certificate Service DCOM Access</Data>
    <Data Name="NewTargetUserName">Zertifikatdienst-DCOM-Zugriff</Data>
    <Data Name="TargetDomainName">Builtin</Data>
    <Data Name="TargetSid">S-1-5-32-574</Data>
    <Data Name="SubjectUserSid">S-1-5-18</Data>
    <Data Name="SubjectUserName">WIN-KJHGCUABASL$</Data>
    <Data Name="SubjectDomainName">WORKGROUP</Data>
    <Data Name="SubjectLogonId">0x3e7</Data>
    <Data Name="PrivilegeList">-</Data>
  </EventData>
</Event>

Protokollname: Security
Quelle:        Microsoft-Windows-Security-Auditing
Datum:         06.06.2012 13:25:09
Ereignis-ID:   4735
Aufgabenkategorie:Sicherheitsgruppenverwaltung
Ebene:         Informationen
Schlüsselwörter:Überwachung erfolgreich
Benutzer:      Nicht zutreffend
Computer:      WIN-KJHGCUABASL
Beschreibung:
Eine sicherheitsaktivierte lokale Gruppe wurde geändert.

Antragsteller:
	Sicherheits-ID:		SYSTEM
	Kontoname:		WIN-KJHGCUABASL$
	Kontodomäne:		WORKGROUP
	Anmelde-ID:		0x3e7

Gruppe:
	Sicherheits-ID:		VORDEFINIERT\Zertifikatdienst-DCOM-Zugriff
	Gruppenname:		Certificate Service DCOM Access
	Gruppendomäne:		Builtin

Geänderte Attribute:
	SAM-Kontoname:	-
	SID-Verlauf:		-

Weitere Informationen:
	Berechtigungen:		-
Ereignis-XML:
<Event xmlns="http://schemas.microsoft.com/win/2004/08/events/event">
  <System>
    <Provider Name="Microsoft-Windows-Security-Auditing" Guid="{54849625-5478-4994-A5BA-3E3B0328C30D}" />
    <EventID>4735</EventID>
    <Version>0</Version>
    <Level>0</Level>
    <Task>13826</Task>
    <Opcode>0</Opcode>
    <Keywords>0x8020000000000000</Keywords>
    <TimeCreated SystemTime="2012-06-06T11:25:09.203125000Z" />
    <EventRecordID>87</EventRecordID>
    <Correlation />
    <Execution ProcessID="460" ThreadID="516" />
    <Channel>Security</Channel>
    <Computer>WIN-KJHGCUABASL</Computer>
    <Security />
  </System>
  <EventData>
    <Data Name="TargetUserName">Certificate Service DCOM Access</Data>
    <Data Name="TargetDomainName">Builtin</Data>
    <Data Name="TargetSid">S-1-5-32-574</Data>
    <Data Name="SubjectUserSid">S-1-5-18</Data>
    <Data Name="SubjectUserName">WIN-KJHGCUABASL$</Data>
    <Data Name="SubjectDomainName">WORKGROUP</Data>
    <Data Name="SubjectLogonId">0x3e7</Data>
    <Data Name="PrivilegeList">-</Data>
    <Data Name="SamAccountName">-</Data>
    <Data Name="SidHistory">-</Data>
  </EventData>
</Event>

Protokollname: Security
Quelle:        Microsoft-Windows-Security-Auditing
Datum:         06.06.2012 13:25:09
Ereignis-ID:   4735
Aufgabenkategorie:Sicherheitsgruppenverwaltung
Ebene:         Informationen
Schlüsselwörter:Überwachung erfolgreich
Benutzer:      Nicht zutreffend
Computer:      WIN-KJHGCUABASL
Beschreibung:
Eine sicherheitsaktivierte lokale Gruppe wurde geändert.

Antragsteller:
	Sicherheits-ID:		SYSTEM
	Kontoname:		WIN-KJHGCUABASL$
	Kontodomäne:		WORKGROUP
	Anmelde-ID:		0x3e7

Gruppe:
	Sicherheits-ID:		VORDEFINIERT\Ereignisprotokollleser
	Gruppenname:		Ereignisprotokollleser
	Gruppendomäne:		Builtin

Geänderte Attribute:
	SAM-Kontoname:	Ereignisprotokollleser
	SID-Verlauf:		-

Weitere Informationen:
	Berechtigungen:		-
Ereignis-XML:
<Event xmlns="http://schemas.microsoft.com/win/2004/08/events/event">
  <System>
    <Provider Name="Microsoft-Windows-Security-Auditing" Guid="{54849625-5478-4994-A5BA-3E3B0328C30D}" />
    <EventID>4735</EventID>
    <Version>0</Version>
    <Level>0</Level>
    <Task>13826</Task>
    <Opcode>0</Opcode>
    <Keywords>0x8020000000000000</Keywords>
    <TimeCreated SystemTime="2012-06-06T11:25:09.203125000Z" />
    <EventRecordID>86</EventRecordID>
    <Correlation />
    <Execution ProcessID="460" ThreadID="516" />
    <Channel>Security</Channel>
    <Computer>WIN-KJHGCUABASL</Computer>
    <Security />
  </System>
  <EventData>
    <Data Name="TargetUserName">Ereignisprotokollleser</Data>
    <Data Name="TargetDomainName">Builtin</Data>
    <Data Name="TargetSid">S-1-5-32-573</Data>
    <Data Name="SubjectUserSid">S-1-5-18</Data>
    <Data Name="SubjectUserName">WIN-KJHGCUABASL$</Data>
    <Data Name="SubjectDomainName">WORKGROUP</Data>
    <Data Name="SubjectLogonId">0x3e7</Data>
    <Data Name="PrivilegeList">-</Data>
    <Data Name="SamAccountName">Ereignisprotokollleser</Data>
    <Data Name="SidHistory">-</Data>
  </EventData>
</Event>

Protokollname: Security
Quelle:        Microsoft-Windows-Security-Auditing
Datum:         06.06.2012 13:25:09
Ereignis-ID:   4781
Aufgabenkategorie:Benutzerkontenverwaltung
Ebene:         Informationen
Schlüsselwörter:Überwachung erfolgreich
Benutzer:      Nicht zutreffend
Computer:      WIN-KJHGCUABASL
Beschreibung:
Der Name eines Kontos wurde geändert:

Antragsteller:
	Sicherheits-ID:		SYSTEM
	Kontoname:		WIN-KJHGCUABASL$
	Kontodomäne:		WORKGROUP
	Anmelde-ID:		0x3e7

Zielkonto:
	Sicherheits-ID:		VORDEFINIERT\Ereignisprotokollleser
	Kontodomäne:		Builtin
	Alter Kontoname:	Event Log Readers
	Neuer Kontoname:	Ereignisprotokollleser

Zusätzliche Informationen:
	Berechtigungen:		-
Ereignis-XML:
<Event xmlns="http://schemas.microsoft.com/win/2004/08/events/event">
  <System>
    <Provider Name="Microsoft-Windows-Security-Auditing" Guid="{54849625-5478-4994-A5BA-3E3B0328C30D}" />
    <EventID>4781</EventID>
    <Version>0</Version>
    <Level>0</Level>
    <Task>13824</Task>
    <Opcode>0</Opcode>
    <Keywords>0x8020000000000000</Keywords>
    <TimeCreated SystemTime="2012-06-06T11:25:09.203125000Z" />
    <EventRecordID>85</EventRecordID>
    <Correlation />
    <Execution ProcessID="460" ThreadID="516" />
    <Channel>Security</Channel>
    <Computer>WIN-KJHGCUABASL</Computer>
    <Security />
  </System>
  <EventData>
    <Data Name="OldTargetUserName">Event Log Readers</Data>
    <Data Name="NewTargetUserName">Ereignisprotokollleser</Data>
    <Data Name="TargetDomainName">Builtin</Data>
    <Data Name="TargetSid">S-1-5-32-573</Data>
    <Data Name="SubjectUserSid">S-1-5-18</Data>
    <Data Name="SubjectUserName">WIN-KJHGCUABASL$</Data>
    <Data Name="SubjectDomainName">WORKGROUP</Data>
    <Data Name="SubjectLogonId">0x3e7</Data>
    <Data Name="PrivilegeList">-</Data>
  </EventData>
</Event>

Protokollname: Security
Quelle:        Microsoft-Windows-Security-Auditing
Datum:         06.06.2012 13:25:09
Ereignis-ID:   4735
Aufgabenkategorie:Sicherheitsgruppenverwaltung
Ebene:         Informationen
Schlüsselwörter:Überwachung erfolgreich
Benutzer:      Nicht zutreffend
Computer:      WIN-KJHGCUABASL
Beschreibung:
Eine sicherheitsaktivierte lokale Gruppe wurde geändert.

Antragsteller:
	Sicherheits-ID:		SYSTEM
	Kontoname:		WIN-KJHGCUABASL$
	Kontodomäne:		WORKGROUP
	Anmelde-ID:		0x3e7

Gruppe:
	Sicherheits-ID:		VORDEFINIERT\Ereignisprotokollleser
	Gruppenname:		Event Log Readers
	Gruppendomäne:		Builtin

Geänderte Attribute:
	SAM-Kontoname:	-
	SID-Verlauf:		-

Weitere Informationen:
	Berechtigungen:		-
Ereignis-XML:
<Event xmlns="http://schemas.microsoft.com/win/2004/08/events/event">
  <System>
    <Provider Name="Microsoft-Windows-Security-Auditing" Guid="{54849625-5478-4994-A5BA-3E3B0328C30D}" />
    <EventID>4735</EventID>
    <Version>0</Version>
    <Level>0</Level>
    <Task>13826</Task>
    <Opcode>0</Opcode>
    <Keywords>0x8020000000000000</Keywords>
    <TimeCreated SystemTime="2012-06-06T11:25:09.203125000Z" />
    <EventRecordID>84</EventRecordID>
    <Correlation />
    <Execution ProcessID="460" ThreadID="516" />
    <Channel>Security</Channel>
    <Computer>WIN-KJHGCUABASL</Computer>
    <Security />
  </System>
  <EventData>
    <Data Name="TargetUserName">Event Log Readers</Data>
    <Data Name="TargetDomainName">Builtin</Data>
    <Data Name="TargetSid">S-1-5-32-573</Data>
    <Data Name="SubjectUserSid">S-1-5-18</Data>
    <Data Name="SubjectUserName">WIN-KJHGCUABASL$</Data>
    <Data Name="SubjectDomainName">WORKGROUP</Data>
    <Data Name="SubjectLogonId">0x3e7</Data>
    <Data Name="PrivilegeList">-</Data>
    <Data Name="SamAccountName">-</Data>
    <Data Name="SidHistory">-</Data>
  </EventData>
</Event>

Protokollname: Security
Quelle:        Microsoft-Windows-Security-Auditing
Datum:         06.06.2012 13:25:09
Ereignis-ID:   4735
Aufgabenkategorie:Sicherheitsgruppenverwaltung
Ebene:         Informationen
Schlüsselwörter:Überwachung erfolgreich
Benutzer:      Nicht zutreffend
Computer:      WIN-KJHGCUABASL
Beschreibung:
Eine sicherheitsaktivierte lokale Gruppe wurde geändert.

Antragsteller:
	Sicherheits-ID:		SYSTEM
	Kontoname:		WIN-KJHGCUABASL$
	Kontodomäne:		WORKGROUP
	Anmelde-ID:		0x3e7

Gruppe:
	Sicherheits-ID:		VORDEFINIERT\Kryptografie-Operatoren
	Gruppenname:		Kryptografie-Operatoren
	Gruppendomäne:		Builtin

Geänderte Attribute:
	SAM-Kontoname:	Kryptografie-Operatoren
	SID-Verlauf:		-

Weitere Informationen:
	Berechtigungen:		-
Ereignis-XML:
<Event xmlns="http://schemas.microsoft.com/win/2004/08/events/event">
  <System>
    <Provider Name="Microsoft-Windows-Security-Auditing" Guid="{54849625-5478-4994-A5BA-3E3B0328C30D}" />
    <EventID>4735</EventID>
    <Version>0</Version>
    <Level>0</Level>
    <Task>13826</Task>
    <Opcode>0</Opcode>
    <Keywords>0x8020000000000000</Keywords>
    <TimeCreated SystemTime="2012-06-06T11:25:09.203125000Z" />
    <EventRecordID>83</EventRecordID>
    <Correlation />
    <Execution ProcessID="460" ThreadID="516" />
    <Channel>Security</Channel>
    <Computer>WIN-KJHGCUABASL</Computer>
    <Security />
  </System>
  <EventData>
    <Data Name="TargetUserName">Kryptografie-Operatoren</Data>
    <Data Name="TargetDomainName">Builtin</Data>
    <Data Name="TargetSid">S-1-5-32-569</Data>
    <Data Name="SubjectUserSid">S-1-5-18</Data>
    <Data Name="SubjectUserName">WIN-KJHGCUABASL$</Data>
    <Data Name="SubjectDomainName">WORKGROUP</Data>
    <Data Name="SubjectLogonId">0x3e7</Data>
    <Data Name="PrivilegeList">-</Data>
    <Data Name="SamAccountName">Kryptografie-Operatoren</Data>
    <Data Name="SidHistory">-</Data>
  </EventData>
</Event>

Protokollname: Security
Quelle:        Microsoft-Windows-Security-Auditing
Datum:         06.06.2012 13:25:09
Ereignis-ID:   4781
Aufgabenkategorie:Benutzerkontenverwaltung
Ebene:         Informationen
Schlüsselwörter:Überwachung erfolgreich
Benutzer:      Nicht zutreffend
Computer:      WIN-KJHGCUABASL
Beschreibung:
Der Name eines Kontos wurde geändert:

Antragsteller:
	Sicherheits-ID:		SYSTEM
	Kontoname:		WIN-KJHGCUABASL$
	Kontodomäne:		WORKGROUP
	Anmelde-ID:		0x3e7

Zielkonto:
	Sicherheits-ID:		VORDEFINIERT\Kryptografie-Operatoren
	Kontodomäne:		Builtin
	Alter Kontoname:	Cryptographic Operators
	Neuer Kontoname:	Kryptografie-Operatoren

Zusätzliche Informationen:
	Berechtigungen:		-
Ereignis-XML:
<Event xmlns="http://schemas.microsoft.com/win/2004/08/events/event">
  <System>
    <Provider Name="Microsoft-Windows-Security-Auditing" Guid="{54849625-5478-4994-A5BA-3E3B0328C30D}" />
    <EventID>4781</EventID>
    <Version>0</Version>
    <Level>0</Level>
    <Task>13824</Task>
    <Opcode>0</Opcode>
    <Keywords>0x8020000000000000</Keywords>
    <TimeCreated SystemTime="2012-06-06T11:25:09.203125000Z" />
    <EventRecordID>82</EventRecordID>
    <Correlation />
    <Execution ProcessID="460" ThreadID="516" />
    <Channel>Security</Channel>
    <Computer>WIN-KJHGCUABASL</Computer>
    <Security />
  </System>
  <EventData>
    <Data Name="OldTargetUserName">Cryptographic Operators</Data>
    <Data Name="NewTargetUserName">Kryptografie-Operatoren</Data>
    <Data Name="TargetDomainName">Builtin</Data>
    <Data Name="TargetSid">S-1-5-32-569</Data>
    <Data Name="SubjectUserSid">S-1-5-18</Data>
    <Data Name="SubjectUserName">WIN-KJHGCUABASL$</Data>
    <Data Name="SubjectDomainName">WORKGROUP</Data>
    <Data Name="SubjectLogonId">0x3e7</Data>
    <Data Name="PrivilegeList">-</Data>
  </EventData>
</Event>

Protokollname: Security
Quelle:        Microsoft-Windows-Security-Auditing
Datum:         06.06.2012 13:25:09
Ereignis-ID:   4735
Aufgabenkategorie:Sicherheitsgruppenverwaltung
Ebene:         Informationen
Schlüsselwörter:Überwachung erfolgreich
Benutzer:      Nicht zutreffend
Computer:      WIN-KJHGCUABASL
Beschreibung:
Eine sicherheitsaktivierte lokale Gruppe wurde geändert.

Antragsteller:
	Sicherheits-ID:		SYSTEM
	Kontoname:		WIN-KJHGCUABASL$
	Kontodomäne:		WORKGROUP
	Anmelde-ID:		0x3e7

Gruppe:
	Sicherheits-ID:		VORDEFINIERT\Kryptografie-Operatoren
	Gruppenname:		Cryptographic Operators
	Gruppendomäne:		Builtin

Geänderte Attribute:
	SAM-Kontoname:	-
	SID-Verlauf:		-

Weitere Informationen:
	Berechtigungen:		-
Ereignis-XML:
<Event xmlns="http://schemas.microsoft.com/win/2004/08/events/event">
  <System>
    <Provider Name="Microsoft-Windows-Security-Auditing" Guid="{54849625-5478-4994-A5BA-3E3B0328C30D}" />
    <EventID>4735</EventID>
    <Version>0</Version>
    <Level>0</Level>
    <Task>13826</Task>
    <Opcode>0</Opcode>
    <Keywords>0x8020000000000000</Keywords>
    <TimeCreated SystemTime="2012-06-06T11:25:09.203125000Z" />
    <EventRecordID>81</EventRecordID>
    <Correlation />
    <Execution ProcessID="460" ThreadID="516" />
    <Channel>Security</Channel>
    <Computer>WIN-KJHGCUABASL</Computer>
    <Security />
  </System>
  <EventData>
    <Data Name="TargetUserName">Cryptographic Operators</Data>
    <Data Name="TargetDomainName">Builtin</Data>
    <Data Name="TargetSid">S-1-5-32-569</Data>
    <Data Name="SubjectUserSid">S-1-5-18</Data>
    <Data Name="SubjectUserName">WIN-KJHGCUABASL$</Data>
    <Data Name="SubjectDomainName">WORKGROUP</Data>
    <Data Name="SubjectLogonId">0x3e7</Data>
    <Data Name="PrivilegeList">-</Data>
    <Data Name="SamAccountName">-</Data>
    <Data Name="SidHistory">-</Data>
  </EventData>
</Event>

Protokollname: Security
Quelle:        Microsoft-Windows-Security-Auditing
Datum:         06.06.2012 13:25:09
Ereignis-ID:   4735
Aufgabenkategorie:Sicherheitsgruppenverwaltung
Ebene:         Informationen
Schlüsselwörter:Überwachung erfolgreich
Benutzer:      Nicht zutreffend
Computer:      WIN-KJHGCUABASL
Beschreibung:
Eine sicherheitsaktivierte lokale Gruppe wurde geändert.

Antragsteller:
	Sicherheits-ID:		SYSTEM
	Kontoname:		WIN-KJHGCUABASL$
	Kontodomäne:		WORKGROUP
	Anmelde-ID:		0x3e7

Gruppe:
	Sicherheits-ID:		VORDEFINIERT\IIS_IUSRS
	Gruppenname:		IIS_IUSRS
	Gruppendomäne:		Builtin

Geänderte Attribute:
	SAM-Kontoname:	IIS_IUSRS
	SID-Verlauf:		-

Weitere Informationen:
	Berechtigungen:		-
Ereignis-XML:
<Event xmlns="http://schemas.microsoft.com/win/2004/08/events/event">
  <System>
    <Provider Name="Microsoft-Windows-Security-Auditing" Guid="{54849625-5478-4994-A5BA-3E3B0328C30D}" />
    <EventID>4735</EventID>
    <Version>0</Version>
    <Level>0</Level>
    <Task>13826</Task>
    <Opcode>0</Opcode>
    <Keywords>0x8020000000000000</Keywords>
    <TimeCreated SystemTime="2012-06-06T11:25:09.203125000Z" />
    <EventRecordID>80</EventRecordID>
    <Correlation />
    <Execution ProcessID="460" ThreadID="516" />
    <Channel>Security</Channel>
    <Computer>WIN-KJHGCUABASL</Computer>
    <Security />
  </System>
  <EventData>
    <Data Name="TargetUserName">IIS_IUSRS</Data>
    <Data Name="TargetDomainName">Builtin</Data>
    <Data Name="TargetSid">S-1-5-32-568</Data>
    <Data Name="SubjectUserSid">S-1-5-18</Data>
    <Data Name="SubjectUserName">WIN-KJHGCUABASL$</Data>
    <Data Name="SubjectDomainName">WORKGROUP</Data>
    <Data Name="SubjectLogonId">0x3e7</Data>
    <Data Name="PrivilegeList">-</Data>
    <Data Name="SamAccountName">IIS_IUSRS</Data>
    <Data Name="SidHistory">-</Data>
  </EventData>
</Event>

Protokollname: Security
Quelle:        Microsoft-Windows-Security-Auditing
Datum:         06.06.2012 13:25:09
Ereignis-ID:   4781
Aufgabenkategorie:Benutzerkontenverwaltung
Ebene:         Informationen
Schlüsselwörter:Überwachung erfolgreich
Benutzer:      Nicht zutreffend
Computer:      WIN-KJHGCUABASL
Beschreibung:
Der Name eines Kontos wurde geändert:

Antragsteller:
	Sicherheits-ID:		SYSTEM
	Kontoname:		WIN-KJHGCUABASL$
	Kontodomäne:		WORKGROUP
	Anmelde-ID:		0x3e7

Zielkonto:
	Sicherheits-ID:		VORDEFINIERT\IIS_IUSRS
	Kontodomäne:		Builtin
	Alter Kontoname:	IIS_IUSRS
	Neuer Kontoname:	IIS_IUSRS

Zusätzliche Informationen:
	Berechtigungen:		-
Ereignis-XML:
<Event xmlns="http://schemas.microsoft.com/win/2004/08/events/event">
  <System>
    <Provider Name="Microsoft-Windows-Security-Auditing" Guid="{54849625-5478-4994-A5BA-3E3B0328C30D}" />
    <EventID>4781</EventID>
    <Version>0</Version>
    <Level>0</Level>
    <Task>13824</Task>
    <Opcode>0</Opcode>
    <Keywords>0x8020000000000000</Keywords>
    <TimeCreated SystemTime="2012-06-06T11:25:09.203125000Z" />
    <EventRecordID>79</EventRecordID>
    <Correlation />
    <Execution ProcessID="460" ThreadID="516" />
    <Channel>Security</Channel>
    <Computer>WIN-KJHGCUABASL</Computer>
    <Security />
  </System>
  <EventData>
    <Data Name="OldTargetUserName">IIS_IUSRS</Data>
    <Data Name="NewTargetUserName">IIS_IUSRS</Data>
    <Data Name="TargetDomainName">Builtin</Data>
    <Data Name="TargetSid">S-1-5-32-568</Data>
    <Data Name="SubjectUserSid">S-1-5-18</Data>
    <Data Name="SubjectUserName">WIN-KJHGCUABASL$</Data>
    <Data Name="SubjectDomainName">WORKGROUP</Data>
    <Data Name="SubjectLogonId">0x3e7</Data>
    <Data Name="PrivilegeList">-</Data>
  </EventData>
</Event>

Protokollname: Security
Quelle:        Microsoft-Windows-Security-Auditing
Datum:         06.06.2012 13:25:09
Ereignis-ID:   4735
Aufgabenkategorie:Sicherheitsgruppenverwaltung
Ebene:         Informationen
Schlüsselwörter:Überwachung erfolgreich
Benutzer:      Nicht zutreffend
Computer:      WIN-KJHGCUABASL
Beschreibung:
Eine sicherheitsaktivierte lokale Gruppe wurde geändert.

Antragsteller:
	Sicherheits-ID:		SYSTEM
	Kontoname:		WIN-KJHGCUABASL$
	Kontodomäne:		WORKGROUP
	Anmelde-ID:		0x3e7

Gruppe:
	Sicherheits-ID:		VORDEFINIERT\IIS_IUSRS
	Gruppenname:		IIS_IUSRS
	Gruppendomäne:		Builtin

Geänderte Attribute:
	SAM-Kontoname:	-
	SID-Verlauf:		-

Weitere Informationen:
	Berechtigungen:		-
Ereignis-XML:
<Event xmlns="http://schemas.microsoft.com/win/2004/08/events/event">
  <System>
    <Provider Name="Microsoft-Windows-Security-Auditing" Guid="{54849625-5478-4994-A5BA-3E3B0328C30D}" />
    <EventID>4735</EventID>
    <Version>0</Version>
    <Level>0</Level>
    <Task>13826</Task>
    <Opcode>0</Opcode>
    <Keywords>0x8020000000000000</Keywords>
    <TimeCreated SystemTime="2012-06-06T11:25:09.203125000Z" />
    <EventRecordID>78</EventRecordID>
    <Correlation />
    <Execution ProcessID="460" ThreadID="516" />
    <Channel>Security</Channel>
    <Computer>WIN-KJHGCUABASL</Computer>
    <Security />
  </System>
  <EventData>
    <Data Name="TargetUserName">IIS_IUSRS</Data>
    <Data Name="TargetDomainName">Builtin</Data>
    <Data Name="TargetSid">S-1-5-32-568</Data>
    <Data Name="SubjectUserSid">S-1-5-18</Data>
    <Data Name="SubjectUserName">WIN-KJHGCUABASL$</Data>
    <Data Name="SubjectDomainName">WORKGROUP</Data>
    <Data Name="SubjectLogonId">0x3e7</Data>
    <Data Name="PrivilegeList">-</Data>
    <Data Name="SamAccountName">-</Data>
    <Data Name="SidHistory">-</Data>
  </EventData>
</Event>

Protokollname: Security
Quelle:        Microsoft-Windows-Security-Auditing
Datum:         06.06.2012 13:25:09
Ereignis-ID:   4735
Aufgabenkategorie:Sicherheitsgruppenverwaltung
Ebene:         Informationen
Schlüsselwörter:Überwachung erfolgreich
Benutzer:      Nicht zutreffend
Computer:      WIN-KJHGCUABASL
Beschreibung:
Eine sicherheitsaktivierte lokale Gruppe wurde geändert.

Antragsteller:
	Sicherheits-ID:		SYSTEM
	Kontoname:		WIN-KJHGCUABASL$
	Kontodomäne:		WORKGROUP
	Anmelde-ID:		0x3e7

Gruppe:
	Sicherheits-ID:		VORDEFINIERT\Distributed COM-Benutzer
	Gruppenname:		Distributed COM-Benutzer
	Gruppendomäne:		Builtin

Geänderte Attribute:
	SAM-Kontoname:	Distributed COM-Benutzer
	SID-Verlauf:		-

Weitere Informationen:
	Berechtigungen:		-
Ereignis-XML:
<Event xmlns="http://schemas.microsoft.com/win/2004/08/events/event">
  <System>
    <Provider Name="Microsoft-Windows-Security-Auditing" Guid="{54849625-5478-4994-A5BA-3E3B0328C30D}" />
    <EventID>4735</EventID>
    <Version>0</Version>
    <Level>0</Level>
    <Task>13826</Task>
    <Opcode>0</Opcode>
    <Keywords>0x8020000000000000</Keywords>
    <TimeCreated SystemTime="2012-06-06T11:25:09.203125000Z" />
    <EventRecordID>77</EventRecordID>
    <Correlation />
    <Execution ProcessID="460" ThreadID="516" />
    <Channel>Security</Channel>
    <Computer>WIN-KJHGCUABASL</Computer>
    <Security />
  </System>
  <EventData>
    <Data Name="TargetUserName">Distributed COM-Benutzer</Data>
    <Data Name="TargetDomainName">Builtin</Data>
    <Data Name="TargetSid">S-1-5-32-562</Data>
    <Data Name="SubjectUserSid">S-1-5-18</Data>
    <Data Name="SubjectUserName">WIN-KJHGCUABASL$</Data>
    <Data Name="SubjectDomainName">WORKGROUP</Data>
    <Data Name="SubjectLogonId">0x3e7</Data>
    <Data Name="PrivilegeList">-</Data>
    <Data Name="SamAccountName">Distributed COM-Benutzer</Data>
    <Data Name="SidHistory">-</Data>
  </EventData>
</Event>

Protokollname: Security
Quelle:        Microsoft-Windows-Security-Auditing
Datum:         06.06.2012 13:25:09
Ereignis-ID:   4781
Aufgabenkategorie:Benutzerkontenverwaltung
Ebene:         Informationen
Schlüsselwörter:Überwachung erfolgreich
Benutzer:      Nicht zutreffend
Computer:      WIN-KJHGCUABASL
Beschreibung:
Der Name eines Kontos wurde geändert:

Antragsteller:
	Sicherheits-ID:		SYSTEM
	Kontoname:		WIN-KJHGCUABASL$
	Kontodomäne:		WORKGROUP
	Anmelde-ID:		0x3e7

Zielkonto:
	Sicherheits-ID:		VORDEFINIERT\Distributed COM-Benutzer
	Kontodomäne:		Builtin
	Alter Kontoname:	Distributed COM Users
	Neuer Kontoname:	Distributed COM-Benutzer

Zusätzliche Informationen:
	Berechtigungen:		-
Ereignis-XML:
<Event xmlns="http://schemas.microsoft.com/win/2004/08/events/event">
  <System>
    <Provider Name="Microsoft-Windows-Security-Auditing" Guid="{54849625-5478-4994-A5BA-3E3B0328C30D}" />
    <EventID>4781</EventID>
    <Version>0</Version>
    <Level>0</Level>
    <Task>13824</Task>
    <Opcode>0</Opcode>
    <Keywords>0x8020000000000000</Keywords>
    <TimeCreated SystemTime="2012-06-06T11:25:09.203125000Z" />
    <EventRecordID>76</EventRecordID>
    <Correlation />
    <Execution ProcessID="460" ThreadID="516" />
    <Channel>Security</Channel>
    <Computer>WIN-KJHGCUABASL</Computer>
    <Security />
  </System>
  <EventData>
    <Data Name="OldTargetUserName">Distributed COM Users</Data>
    <Data Name="NewTargetUserName">Distributed COM-Benutzer</Data>
    <Data Name="TargetDomainName">Builtin</Data>
    <Data Name="TargetSid">S-1-5-32-562</Data>
    <Data Name="SubjectUserSid">S-1-5-18</Data>
    <Data Name="SubjectUserName">WIN-KJHGCUABASL$</Data>
    <Data Name="SubjectDomainName">WORKGROUP</Data>
    <Data Name="SubjectLogonId">0x3e7</Data>
    <Data Name="PrivilegeList">-</Data>
  </EventData>
</Event>

Protokollname: Security
Quelle:        Microsoft-Windows-Security-Auditing
Datum:         06.06.2012 13:25:09
Ereignis-ID:   4735
Aufgabenkategorie:Sicherheitsgruppenverwaltung
Ebene:         Informationen
Schlüsselwörter:Überwachung erfolgreich
Benutzer:      Nicht zutreffend
Computer:      WIN-KJHGCUABASL
Beschreibung:
Eine sicherheitsaktivierte lokale Gruppe wurde geändert.

Antragsteller:
	Sicherheits-ID:		SYSTEM
	Kontoname:		WIN-KJHGCUABASL$
	Kontodomäne:		WORKGROUP
	Anmelde-ID:		0x3e7

Gruppe:
	Sicherheits-ID:		VORDEFINIERT\Distributed COM-Benutzer
	Gruppenname:		Distributed COM Users
	Gruppendomäne:		Builtin

Geänderte Attribute:
	SAM-Kontoname:	-
	SID-Verlauf:		-

Weitere Informationen:
	Berechtigungen:		-
Ereignis-XML:
<Event xmlns="http://schemas.microsoft.com/win/2004/08/events/event">
  <System>
    <Provider Name="Microsoft-Windows-Security-Auditing" Guid="{54849625-5478-4994-A5BA-3E3B0328C30D}" />
    <EventID>4735</EventID>
    <Version>0</Version>
    <Level>0</Level>
    <Task>13826</Task>
    <Opcode>0</Opcode>
    <Keywords>0x8020000000000000</Keywords>
    <TimeCreated SystemTime="2012-06-06T11:25:09.203125000Z" />
    <EventRecordID>75</EventRecordID>
    <Correlation />
    <Execution ProcessID="460" ThreadID="516" />
    <Channel>Security</Channel>
    <Computer>WIN-KJHGCUABASL</Computer>
    <Security />
  </System>
  <EventData>
    <Data Name="TargetUserName">Distributed COM Users</Data>
    <Data Name="TargetDomainName">Builtin</Data>
    <Data Name="TargetSid">S-1-5-32-562</Data>
    <Data Name="SubjectUserSid">S-1-5-18</Data>
    <Data Name="SubjectUserName">WIN-KJHGCUABASL$</Data>
    <Data Name="SubjectDomainName">WORKGROUP</Data>
    <Data Name="SubjectLogonId">0x3e7</Data>
    <Data Name="PrivilegeList">-</Data>
    <Data Name="SamAccountName">-</Data>
    <Data Name="SidHistory">-</Data>
  </EventData>
</Event>

Protokollname: Security
Quelle:        Microsoft-Windows-Security-Auditing
Datum:         06.06.2012 13:25:09
Ereignis-ID:   4735
Aufgabenkategorie:Sicherheitsgruppenverwaltung
Ebene:         Informationen
Schlüsselwörter:Überwachung erfolgreich
Benutzer:      Nicht zutreffend
Computer:      WIN-KJHGCUABASL
Beschreibung:
Eine sicherheitsaktivierte lokale Gruppe wurde geändert.

Antragsteller:
	Sicherheits-ID:		SYSTEM
	Kontoname:		WIN-KJHGCUABASL$
	Kontodomäne:		WORKGROUP
	Anmelde-ID:		0x3e7

Gruppe:
	Sicherheits-ID:		VORDEFINIERT\Leistungsprotokollbenutzer
	Gruppenname:		Leistungsprotokollbenutzer
	Gruppendomäne:		Builtin

Geänderte Attribute:
	SAM-Kontoname:	Leistungsprotokollbenutzer
	SID-Verlauf:		-

Weitere Informationen:
	Berechtigungen:		-
Ereignis-XML:
<Event xmlns="http://schemas.microsoft.com/win/2004/08/events/event">
  <System>
    <Provider Name="Microsoft-Windows-Security-Auditing" Guid="{54849625-5478-4994-A5BA-3E3B0328C30D}" />
    <EventID>4735</EventID>
    <Version>0</Version>
    <Level>0</Level>
    <Task>13826</Task>
    <Opcode>0</Opcode>
    <Keywords>0x8020000000000000</Keywords>
    <TimeCreated SystemTime="2012-06-06T11:25:09.203125000Z" />
    <EventRecordID>74</EventRecordID>
    <Correlation />
    <Execution ProcessID="460" ThreadID="516" />
    <Channel>Security</Channel>
    <Computer>WIN-KJHGCUABASL</Computer>
    <Security />
  </System>
  <EventData>
    <Data Name="TargetUserName">Leistungsprotokollbenutzer</Data>
    <Data Name="TargetDomainName">Builtin</Data>
    <Data Name="TargetSid">S-1-5-32-559</Data>
    <Data Name="SubjectUserSid">S-1-5-18</Data>
    <Data Name="SubjectUserName">WIN-KJHGCUABASL$</Data>
    <Data Name="SubjectDomainName">WORKGROUP</Data>
    <Data Name="SubjectLogonId">0x3e7</Data>
    <Data Name="PrivilegeList">-</Data>
    <Data Name="SamAccountName">Leistungsprotokollbenutzer</Data>
    <Data Name="SidHistory">-</Data>
  </EventData>
</Event>

Protokollname: Security
Quelle:        Microsoft-Windows-Security-Auditing
Datum:         06.06.2012 13:25:09
Ereignis-ID:   4781
Aufgabenkategorie:Benutzerkontenverwaltung
Ebene:         Informationen
Schlüsselwörter:Überwachung erfolgreich
Benutzer:      Nicht zutreffend
Computer:      WIN-KJHGCUABASL
Beschreibung:
Der Name eines Kontos wurde geändert:

Antragsteller:
	Sicherheits-ID:		SYSTEM
	Kontoname:		WIN-KJHGCUABASL$
	Kontodomäne:		WORKGROUP
	Anmelde-ID:		0x3e7

Zielkonto:
	Sicherheits-ID:		VORDEFINIERT\Leistungsprotokollbenutzer
	Kontodomäne:		Builtin
	Alter Kontoname:	Performance Log Users
	Neuer Kontoname:	Leistungsprotokollbenutzer

Zusätzliche Informationen:
	Berechtigungen:		-
Ereignis-XML:
<Event xmlns="http://schemas.microsoft.com/win/2004/08/events/event">
  <System>
    <Provider Name="Microsoft-Windows-Security-Auditing" Guid="{54849625-5478-4994-A5BA-3E3B0328C30D}" />
    <EventID>4781</EventID>
    <Version>0</Version>
    <Level>0</Level>
    <Task>13824</Task>
    <Opcode>0</Opcode>
    <Keywords>0x8020000000000000</Keywords>
    <TimeCreated SystemTime="2012-06-06T11:25:09.203125000Z" />
    <EventRecordID>73</EventRecordID>
    <Correlation />
    <Execution ProcessID="460" ThreadID="516" />
    <Channel>Security</Channel>
    <Computer>WIN-KJHGCUABASL</Computer>
    <Security />
  </System>
  <EventData>
    <Data Name="OldTargetUserName">Performance Log Users</Data>
    <Data Name="NewTargetUserName">Leistungsprotokollbenutzer</Data>
    <Data Name="TargetDomainName">Builtin</Data>
    <Data Name="TargetSid">S-1-5-32-559</Data>
    <Data Name="SubjectUserSid">S-1-5-18</Data>
    <Data Name="SubjectUserName">WIN-KJHGCUABASL$</Data>
    <Data Name="SubjectDomainName">WORKGROUP</Data>
    <Data Name="SubjectLogonId">0x3e7</Data>
    <Data Name="PrivilegeList">-</Data>
  </EventData>
</Event>

Protokollname: Security
Quelle:        Microsoft-Windows-Security-Auditing
Datum:         06.06.2012 13:25:09
Ereignis-ID:   4735
Aufgabenkategorie:Sicherheitsgruppenverwaltung
Ebene:         Informationen
Schlüsselwörter:Überwachung erfolgreich
Benutzer:      Nicht zutreffend
Computer:      WIN-KJHGCUABASL
Beschreibung:
Eine sicherheitsaktivierte lokale Gruppe wurde geändert.

Antragsteller:
	Sicherheits-ID:		SYSTEM
	Kontoname:		WIN-KJHGCUABASL$
	Kontodomäne:		WORKGROUP
	Anmelde-ID:		0x3e7

Gruppe:
	Sicherheits-ID:		VORDEFINIERT\Leistungsprotokollbenutzer
	Gruppenname:		Performance Log Users
	Gruppendomäne:		Builtin

Geänderte Attribute:
	SAM-Kontoname:	-
	SID-Verlauf:		-

Weitere Informationen:
	Berechtigungen:		-
Ereignis-XML:
<Event xmlns="http://schemas.microsoft.com/win/2004/08/events/event">
  <System>
    <Provider Name="Microsoft-Windows-Security-Auditing" Guid="{54849625-5478-4994-A5BA-3E3B0328C30D}" />
    <EventID>4735</EventID>
    <Version>0</Version>
    <Level>0</Level>
    <Task>13826</Task>
    <Opcode>0</Opcode>
    <Keywords>0x8020000000000000</Keywords>
    <TimeCreated SystemTime="2012-06-06T11:25:09.203125000Z" />
    <EventRecordID>72</EventRecordID>
    <Correlation />
    <Execution ProcessID="460" ThreadID="516" />
    <Channel>Security</Channel>
    <Computer>WIN-KJHGCUABASL</Computer>
    <Security />
  </System>
  <EventData>
    <Data Name="TargetUserName">Performance Log Users</Data>
    <Data Name="TargetDomainName">Builtin</Data>
    <Data Name="TargetSid">S-1-5-32-559</Data>
    <Data Name="SubjectUserSid">S-1-5-18</Data>
    <Data Name="SubjectUserName">WIN-KJHGCUABASL$</Data>
    <Data Name="SubjectDomainName">WORKGROUP</Data>
    <Data Name="SubjectLogonId">0x3e7</Data>
    <Data Name="PrivilegeList">-</Data>
    <Data Name="SamAccountName">-</Data>
    <Data Name="SidHistory">-</Data>
  </EventData>
</Event>

Protokollname: Security
Quelle:        Microsoft-Windows-Security-Auditing
Datum:         06.06.2012 13:25:09
Ereignis-ID:   4735
Aufgabenkategorie:Sicherheitsgruppenverwaltung
Ebene:         Informationen
Schlüsselwörter:Überwachung erfolgreich
Benutzer:      Nicht zutreffend
Computer:      WIN-KJHGCUABASL
Beschreibung:
Eine sicherheitsaktivierte lokale Gruppe wurde geändert.

Antragsteller:
	Sicherheits-ID:		SYSTEM
	Kontoname:		WIN-KJHGCUABASL$
	Kontodomäne:		WORKGROUP
	Anmelde-ID:		0x3e7

Gruppe:
	Sicherheits-ID:		VORDEFINIERT\Leistungsüberwachungsbenutzer
	Gruppenname:		Leistungsüberwachungsbenutzer
	Gruppendomäne:		Builtin

Geänderte Attribute:
	SAM-Kontoname:	Leistungsüberwachungsbenutzer
	SID-Verlauf:		-

Weitere Informationen:
	Berechtigungen:		-
Ereignis-XML:
<Event xmlns="http://schemas.microsoft.com/win/2004/08/events/event">
  <System>
    <Provider Name="Microsoft-Windows-Security-Auditing" Guid="{54849625-5478-4994-A5BA-3E3B0328C30D}" />
    <EventID>4735</EventID>
    <Version>0</Version>
    <Level>0</Level>
    <Task>13826</Task>
    <Opcode>0</Opcode>
    <Keywords>0x8020000000000000</Keywords>
    <TimeCreated SystemTime="2012-06-06T11:25:09.203125000Z" />
    <EventRecordID>71</EventRecordID>
    <Correlation />
    <Execution ProcessID="460" ThreadID="516" />
    <Channel>Security</Channel>
    <Computer>WIN-KJHGCUABASL</Computer>
    <Security />
  </System>
  <EventData>
    <Data Name="TargetUserName">Leistungsüberwachungsbenutzer</Data>
    <Data Name="TargetDomainName">Builtin</Data>
    <Data Name="TargetSid">S-1-5-32-558</Data>
    <Data Name="SubjectUserSid">S-1-5-18</Data>
    <Data Name="SubjectUserName">WIN-KJHGCUABASL$</Data>
    <Data Name="SubjectDomainName">WORKGROUP</Data>
    <Data Name="SubjectLogonId">0x3e7</Data>
    <Data Name="PrivilegeList">-</Data>
    <Data Name="SamAccountName">Leistungsüberwachungsbenutzer</Data>
    <Data Name="SidHistory">-</Data>
  </EventData>
</Event>

Protokollname: Security
Quelle:        Microsoft-Windows-Security-Auditing
Datum:         06.06.2012 13:25:09
Ereignis-ID:   4781
Aufgabenkategorie:Benutzerkontenverwaltung
Ebene:         Informationen
Schlüsselwörter:Überwachung erfolgreich
Benutzer:      Nicht zutreffend
Computer:      WIN-KJHGCUABASL
Beschreibung:
Der Name eines Kontos wurde geändert:

Antragsteller:
	Sicherheits-ID:		SYSTEM
	Kontoname:		WIN-KJHGCUABASL$
	Kontodomäne:		WORKGROUP
	Anmelde-ID:		0x3e7

Zielkonto:
	Sicherheits-ID:		VORDEFINIERT\Leistungsüberwachungsbenutzer
	Kontodomäne:		Builtin
	Alter Kontoname:	Performance Monitor Users
	Neuer Kontoname:	Leistungsüberwachungsbenutzer

Zusätzliche Informationen:
	Berechtigungen:		-
Ereignis-XML:
<Event xmlns="http://schemas.microsoft.com/win/2004/08/events/event">
  <System>
    <Provider Name="Microsoft-Windows-Security-Auditing" Guid="{54849625-5478-4994-A5BA-3E3B0328C30D}" />
    <EventID>4781</EventID>
    <Version>0</Version>
    <Level>0</Level>
    <Task>13824</Task>
    <Opcode>0</Opcode>
    <Keywords>0x8020000000000000</Keywords>
    <TimeCreated SystemTime="2012-06-06T11:25:09.203125000Z" />
    <EventRecordID>70</EventRecordID>
    <Correlation />
    <Execution ProcessID="460" ThreadID="516" />
    <Channel>Security</Channel>
    <Computer>WIN-KJHGCUABASL</Computer>
    <Security />
  </System>
  <EventData>
    <Data Name="OldTargetUserName">Performance Monitor Users</Data>
    <Data Name="NewTargetUserName">Leistungsüberwachungsbenutzer</Data>
    <Data Name="TargetDomainName">Builtin</Data>
    <Data Name="TargetSid">S-1-5-32-558</Data>
    <Data Name="SubjectUserSid">S-1-5-18</Data>
    <Data Name="SubjectUserName">WIN-KJHGCUABASL$</Data>
    <Data Name="SubjectDomainName">WORKGROUP</Data>
    <Data Name="SubjectLogonId">0x3e7</Data>
    <Data Name="PrivilegeList">-</Data>
  </EventData>
</Event>

Protokollname: Security
Quelle:        Microsoft-Windows-Security-Auditing
Datum:         06.06.2012 13:25:09
Ereignis-ID:   4735
Aufgabenkategorie:Sicherheitsgruppenverwaltung
Ebene:         Informationen
Schlüsselwörter:Überwachung erfolgreich
Benutzer:      Nicht zutreffend
Computer:      WIN-KJHGCUABASL
Beschreibung:
Eine sicherheitsaktivierte lokale Gruppe wurde geändert.

Antragsteller:
	Sicherheits-ID:		SYSTEM
	Kontoname:		WIN-KJHGCUABASL$
	Kontodomäne:		WORKGROUP
	Anmelde-ID:		0x3e7

Gruppe:
	Sicherheits-ID:		VORDEFINIERT\Leistungsüberwachungsbenutzer
	Gruppenname:		Performance Monitor Users
	Gruppendomäne:		Builtin

Geänderte Attribute:
	SAM-Kontoname:	-
	SID-Verlauf:		-

Weitere Informationen:
	Berechtigungen:		-
Ereignis-XML:
<Event xmlns="http://schemas.microsoft.com/win/2004/08/events/event">
  <System>
    <Provider Name="Microsoft-Windows-Security-Auditing" Guid="{54849625-5478-4994-A5BA-3E3B0328C30D}" />
    <EventID>4735</EventID>
    <Version>0</Version>
    <Level>0</Level>
    <Task>13826</Task>
    <Opcode>0</Opcode>
    <Keywords>0x8020000000000000</Keywords>
    <TimeCreated SystemTime="2012-06-06T11:25:09.203125000Z" />
    <EventRecordID>69</EventRecordID>
    <Correlation />
    <Execution ProcessID="460" ThreadID="516" />
    <Channel>Security</Channel>
    <Computer>WIN-KJHGCUABASL</Computer>
    <Security />
  </System>
  <EventData>
    <Data Name="TargetUserName">Performance Monitor Users</Data>
    <Data Name="TargetDomainName">Builtin</Data>
    <Data Name="TargetSid">S-1-5-32-558</Data>
    <Data Name="SubjectUserSid">S-1-5-18</Data>
    <Data Name="SubjectUserName">WIN-KJHGCUABASL$</Data>
    <Data Name="SubjectDomainName">WORKGROUP</Data>
    <Data Name="SubjectLogonId">0x3e7</Data>
    <Data Name="PrivilegeList">-</Data>
    <Data Name="SamAccountName">-</Data>
    <Data Name="SidHistory">-</Data>
  </EventData>
</Event>

Protokollname: Security
Quelle:        Microsoft-Windows-Security-Auditing
Datum:         06.06.2012 13:25:09
Ereignis-ID:   4735
Aufgabenkategorie:Sicherheitsgruppenverwaltung
Ebene:         Informationen
Schlüsselwörter:Überwachung erfolgreich
Benutzer:      Nicht zutreffend
Computer:      WIN-KJHGCUABASL
Beschreibung:
Eine sicherheitsaktivierte lokale Gruppe wurde geändert.

Antragsteller:
	Sicherheits-ID:		SYSTEM
	Kontoname:		WIN-KJHGCUABASL$
	Kontodomäne:		WORKGROUP
	Anmelde-ID:		0x3e7

Gruppe:
	Sicherheits-ID:		VORDEFINIERT\Hauptbenutzer
	Gruppenname:		Hauptbenutzer
	Gruppendomäne:		Builtin

Geänderte Attribute:
	SAM-Kontoname:	Hauptbenutzer
	SID-Verlauf:		-

Weitere Informationen:
	Berechtigungen:		-
Ereignis-XML:
<Event xmlns="http://schemas.microsoft.com/win/2004/08/events/event">
  <System>
    <Provider Name="Microsoft-Windows-Security-Auditing" Guid="{54849625-5478-4994-A5BA-3E3B0328C30D}" />
    <EventID>4735</EventID>
    <Version>0</Version>
    <Level>0</Level>
    <Task>13826</Task>
    <Opcode>0</Opcode>
    <Keywords>0x8020000000000000</Keywords>
    <TimeCreated SystemTime="2012-06-06T11:25:09.203125000Z" />
    <EventRecordID>68</EventRecordID>
    <Correlation />
    <Execution ProcessID="460" ThreadID="516" />
    <Channel>Security</Channel>
    <Computer>WIN-KJHGCUABASL</Computer>
    <Security />
  </System>
  <EventData>
    <Data Name="TargetUserName">Hauptbenutzer</Data>
    <Data Name="TargetDomainName">Builtin</Data>
    <Data Name="TargetSid">S-1-5-32-547</Data>
    <Data Name="SubjectUserSid">S-1-5-18</Data>
    <Data Name="SubjectUserName">WIN-KJHGCUABASL$</Data>
    <Data Name="SubjectDomainName">WORKGROUP</Data>
    <Data Name="SubjectLogonId">0x3e7</Data>
    <Data Name="PrivilegeList">-</Data>
    <Data Name="SamAccountName">Hauptbenutzer</Data>
    <Data Name="SidHistory">-</Data>
  </EventData>
</Event>

Protokollname: Security
Quelle:        Microsoft-Windows-Security-Auditing
Datum:         06.06.2012 13:25:09
Ereignis-ID:   4781
Aufgabenkategorie:Benutzerkontenverwaltung
Ebene:         Informationen
Schlüsselwörter:Überwachung erfolgreich
Benutzer:      Nicht zutreffend
Computer:      WIN-KJHGCUABASL
Beschreibung:
Der Name eines Kontos wurde geändert:

Antragsteller:
	Sicherheits-ID:		SYSTEM
	Kontoname:		WIN-KJHGCUABASL$
	Kontodomäne:		WORKGROUP
	Anmelde-ID:		0x3e7

Zielkonto:
	Sicherheits-ID:		VORDEFINIERT\Hauptbenutzer
	Kontodomäne:		Builtin
	Alter Kontoname:	Power Users
	Neuer Kontoname:	Hauptbenutzer

Zusätzliche Informationen:
	Berechtigungen:		-
Ereignis-XML:
<Event xmlns="http://schemas.microsoft.com/win/2004/08/events/event">
  <System>
    <Provider Name="Microsoft-Windows-Security-Auditing" Guid="{54849625-5478-4994-A5BA-3E3B0328C30D}" />
    <EventID>4781</EventID>
    <Version>0</Version>
    <Level>0</Level>
    <Task>13824</Task>
    <Opcode>0</Opcode>
    <Keywords>0x8020000000000000</Keywords>
    <TimeCreated SystemTime="2012-06-06T11:25:09.203125000Z" />
    <EventRecordID>67</EventRecordID>
    <Correlation />
    <Execution ProcessID="460" ThreadID="516" />
    <Channel>Security</Channel>
    <Computer>WIN-KJHGCUABASL</Computer>
    <Security />
  </System>
  <EventData>
    <Data Name="OldTargetUserName">Power Users</Data>
    <Data Name="NewTargetUserName">Hauptbenutzer</Data>
    <Data Name="TargetDomainName">Builtin</Data>
    <Data Name="TargetSid">S-1-5-32-547</Data>
    <Data Name="SubjectUserSid">S-1-5-18</Data>
    <Data Name="SubjectUserName">WIN-KJHGCUABASL$</Data>
    <Data Name="SubjectDomainName">WORKGROUP</Data>
    <Data Name="SubjectLogonId">0x3e7</Data>
    <Data Name="PrivilegeList">-</Data>
  </EventData>
</Event>

Protokollname: Security
Quelle:        Microsoft-Windows-Security-Auditing
Datum:         06.06.2012 13:25:09
Ereignis-ID:   4735
Aufgabenkategorie:Sicherheitsgruppenverwaltung
Ebene:         Informationen
Schlüsselwörter:Überwachung erfolgreich
Benutzer:      Nicht zutreffend
Computer:      WIN-KJHGCUABASL
Beschreibung:
Eine sicherheitsaktivierte lokale Gruppe wurde geändert.

Antragsteller:
	Sicherheits-ID:		SYSTEM
	Kontoname:		WIN-KJHGCUABASL$
	Kontodomäne:		WORKGROUP
	Anmelde-ID:		0x3e7

Gruppe:
	Sicherheits-ID:		VORDEFINIERT\Hauptbenutzer
	Gruppenname:		Power Users
	Gruppendomäne:		Builtin

Geänderte Attribute:
	SAM-Kontoname:	-
	SID-Verlauf:		-

Weitere Informationen:
	Berechtigungen:		-
Ereignis-XML:
<Event xmlns="http://schemas.microsoft.com/win/2004/08/events/event">
  <System>
    <Provider Name="Microsoft-Windows-Security-Auditing" Guid="{54849625-5478-4994-A5BA-3E3B0328C30D}" />
    <EventID>4735</EventID>
    <Version>0</Version>
    <Level>0</Level>
    <Task>13826</Task>
    <Opcode>0</Opcode>
    <Keywords>0x8020000000000000</Keywords>
    <TimeCreated SystemTime="2012-06-06T11:25:09.203125000Z" />
    <EventRecordID>66</EventRecordID>
    <Correlation />
    <Execution ProcessID="460" ThreadID="516" />
    <Channel>Security</Channel>
    <Computer>WIN-KJHGCUABASL</Computer>
    <Security />
  </System>
  <EventData>
    <Data Name="TargetUserName">Power Users</Data>
    <Data Name="TargetDomainName">Builtin</Data>
    <Data Name="TargetSid">S-1-5-32-547</Data>
    <Data Name="SubjectUserSid">S-1-5-18</Data>
    <Data Name="SubjectUserName">WIN-KJHGCUABASL$</Data>
    <Data Name="SubjectDomainName">WORKGROUP</Data>
    <Data Name="SubjectLogonId">0x3e7</Data>
    <Data Name="PrivilegeList">-</Data>
    <Data Name="SamAccountName">-</Data>
    <Data Name="SidHistory">-</Data>
  </EventData>
</Event>

Protokollname: Security
Quelle:        Microsoft-Windows-Security-Auditing
Datum:         06.06.2012 13:25:09
Ereignis-ID:   4735
Aufgabenkategorie:Sicherheitsgruppenverwaltung
Ebene:         Informationen
Schlüsselwörter:Überwachung erfolgreich
Benutzer:      Nicht zutreffend
Computer:      WIN-KJHGCUABASL
Beschreibung:
Eine sicherheitsaktivierte lokale Gruppe wurde geändert.

Antragsteller:
	Sicherheits-ID:		SYSTEM
	Kontoname:		WIN-KJHGCUABASL$
	Kontodomäne:		WORKGROUP
	Anmelde-ID:		0x3e7

Gruppe:
	Sicherheits-ID:		VORDEFINIERT\Netzwerkkonfigurations-Operatoren
	Gruppenname:		Netzwerkkonfigurations-Operatoren
	Gruppendomäne:		Builtin

Geänderte Attribute:
	SAM-Kontoname:	Netzwerkkonfigurations-Operatoren
	SID-Verlauf:		-

Weitere Informationen:
	Berechtigungen:		-
Ereignis-XML:
<Event xmlns="http://schemas.microsoft.com/win/2004/08/events/event">
  <System>
    <Provider Name="Microsoft-Windows-Security-Auditing" Guid="{54849625-5478-4994-A5BA-3E3B0328C30D}" />
    <EventID>4735</EventID>
    <Version>0</Version>
    <Level>0</Level>
    <Task>13826</Task>
    <Opcode>0</Opcode>
    <Keywords>0x8020000000000000</Keywords>
    <TimeCreated SystemTime="2012-06-06T11:25:09.203125000Z" />
    <EventRecordID>65</EventRecordID>
    <Correlation />
    <Execution ProcessID="460" ThreadID="516" />
    <Channel>Security</Channel>
    <Computer>WIN-KJHGCUABASL</Computer>
    <Security />
  </System>
  <EventData>
    <Data Name="TargetUserName">Netzwerkkonfigurations-Operatoren</Data>
    <Data Name="TargetDomainName">Builtin</Data>
    <Data Name="TargetSid">S-1-5-32-556</Data>
    <Data Name="SubjectUserSid">S-1-5-18</Data>
    <Data Name="SubjectUserName">WIN-KJHGCUABASL$</Data>
    <Data Name="SubjectDomainName">WORKGROUP</Data>
    <Data Name="SubjectLogonId">0x3e7</Data>
    <Data Name="PrivilegeList">-</Data>
    <Data Name="SamAccountName">Netzwerkkonfigurations-Operatoren</Data>
    <Data Name="SidHistory">-</Data>
  </EventData>
</Event>

