Protokollname: Security
Quelle:        Microsoft-Windows-Security-Auditing
Datum:         04.07.2012 13:06:30
Ereignis-ID:   4648
Aufgabenkategorie:Anmelden
Ebene:         Informationen
Schlüsselwörter:Überwachung erfolgreich
Benutzer:      Nicht zutreffend
Computer:      WIN-KJHGCUABASL
Beschreibung:
Anmeldeversuch mit expliziten Anmeldeinformationen.

Antragsteller:
	Sicherheits-ID:		SYSTEM
	Kontoname:		WIN-KJHGCUABASL$
	Kontodomäne:		WORKGROUP
	Anmelde-ID:		0x3e7
	Anmelde-GUID:		{00000000-0000-0000-0000-000000000000}

Konto, dessen Anmeldeinformationen verwendet wurden:
	Kontoname:		user2
	Kontodomäne:		WIN-KJHGCUABASL
	Anmelde-GUID:		{00000000-0000-0000-0000-000000000000}

Zielserver:
	Zielservername:	localhost
	Weitere Informationen:	localhost

Prozessinformationen:
	Prozess-ID:		0xa88
	Prozessname:		C:\Windows\System32\winlogon.exe

Netzwerkinformationen:
	Netzwerkadresse:	192.168.2.201
	Port:			1047

Dieses Ereignis wird bei einem Anmeldeversuch durch einen Prozess generiert, wenn ausdrücklich die Anmeldeinformationen des Kontos angegeben werden.  Dies ist normalerweise der Fall in Batch-Konfigurationen, z. B. bei geplanten Aufgaben oder wenn der Befehl "runas" verwendet wird.
Ereignis-XML:
<Event xmlns="http://schemas.microsoft.com/win/2004/08/events/event">
  <System>
    <Provider Name="Microsoft-Windows-Security-Auditing" Guid="{54849625-5478-4994-A5BA-3E3B0328C30D}" />
    <EventID>4648</EventID>
    <Version>0</Version>
    <Level>0</Level>
    <Task>12544</Task>
    <Opcode>0</Opcode>
    <Keywords>0x8020000000000000</Keywords>
    <TimeCreated SystemTime="2012-07-04T11:06:30.578125000Z" />
    <EventRecordID>281</EventRecordID>
    <Correlation />
    <Execution ProcessID="440" ThreadID="2348" />
    <Channel>Security</Channel>
    <Computer>WIN-KJHGCUABASL</Computer>
    <Security />
  </System>
  <EventData>
    <Data Name="SubjectUserSid">S-1-5-18</Data>
    <Data Name="SubjectUserName">WIN-KJHGCUABASL$</Data>
    <Data Name="SubjectDomainName">WORKGROUP</Data>
    <Data Name="SubjectLogonId">0x3e7</Data>
    <Data Name="LogonGuid">{00000000-0000-0000-0000-000000000000}</Data>
    <Data Name="TargetUserName">user2</Data>
    <Data Name="TargetDomainName">WIN-KJHGCUABASL</Data>
    <Data Name="TargetLogonGuid">{00000000-0000-0000-0000-000000000000}</Data>
    <Data Name="TargetServerName">localhost</Data>
    <Data Name="TargetInfo">localhost</Data>
    <Data Name="ProcessId">0xa88</Data>
    <Data Name="ProcessName">C:\Windows\System32\winlogon.exe</Data>
    <Data Name="IpAddress">192.168.2.201</Data>
    <Data Name="IpPort">1047</Data>
  </EventData>
</Event>

Protokollname: Security
Quelle:        Microsoft-Windows-Security-Auditing
Datum:         04.07.2012 13:06:30
Ereignis-ID:   4776
Aufgabenkategorie:Überprüfung der Anmeldeinformationen
Ebene:         Informationen
Schlüsselwörter:Überwachung erfolgreich
Benutzer:      Nicht zutreffend
Computer:      WIN-KJHGCUABASL
Beschreibung:
Es wurde versucht, die Anmeldeinformationen für ein Konto zu überprüfen.

Authentifizierungspaket:	MICROSOFT_AUTHENTICATION_PACKAGE_V1_0
Anmeldekonto:	user2
Arbeitsstation:	WIN-KJHGCUABASL
Fehlercode:	0x0
Ereignis-XML:
<Event xmlns="http://schemas.microsoft.com/win/2004/08/events/event">
  <System>
    <Provider Name="Microsoft-Windows-Security-Auditing" Guid="{54849625-5478-4994-A5BA-3E3B0328C30D}" />
    <EventID>4776</EventID>
    <Version>0</Version>
    <Level>0</Level>
    <Task>14336</Task>
    <Opcode>0</Opcode>
    <Keywords>0x8020000000000000</Keywords>
    <TimeCreated SystemTime="2012-07-04T11:06:30.578125000Z" />
    <EventRecordID>280</EventRecordID>
    <Correlation />
    <Execution ProcessID="440" ThreadID="2348" />
    <Channel>Security</Channel>
    <Computer>WIN-KJHGCUABASL</Computer>
    <Security />
  </System>
  <EventData>
    <Data Name="PackageName">MICROSOFT_AUTHENTICATION_PACKAGE_V1_0</Data>
    <Data Name="TargetUserName">user2</Data>
    <Data Name="Workstation">WIN-KJHGCUABASL</Data>
    <Data Name="Status">0x0</Data>
  </EventData>
</Event>

Protokollname: Security
Quelle:        Microsoft-Windows-Security-Auditing
Datum:         04.07.2012 13:06:22
Ereignis-ID:   4724
Aufgabenkategorie:Benutzerkontenverwaltung
Ebene:         Informationen
Schlüsselwörter:Überwachung erfolgreich
Benutzer:      Nicht zutreffend
Computer:      WIN-KJHGCUABASL
Beschreibung:
Es wurde versucht, das Kennwort eines Kontos zurückzusetzen.

Antragsteller:
	Sicherheits-ID:		WIN-KJHGCUABASL\Administrator
	Kontoname:		Administrator
	Kontodomäne:		WIN-KJHGCUABASL
	Anmelde-ID:		0x40051

Zielkonto:
	Sicherheits-ID:		WIN-KJHGCUABASL\user2
	Kontoname:		user2
	Kontodomäne:		WIN-KJHGCUABASL
Ereignis-XML:
<Event xmlns="http://schemas.microsoft.com/win/2004/08/events/event">
  <System>
    <Provider Name="Microsoft-Windows-Security-Auditing" Guid="{54849625-5478-4994-A5BA-3E3B0328C30D}" />
    <EventID>4724</EventID>
    <Version>0</Version>
    <Level>0</Level>
    <Task>13824</Task>
    <Opcode>0</Opcode>
    <Keywords>0x8020000000000000</Keywords>
    <TimeCreated SystemTime="2012-07-04T11:06:22.953125000Z" />
    <EventRecordID>279</EventRecordID>
    <Correlation />
    <Execution ProcessID="440" ThreadID="2348" />
    <Channel>Security</Channel>
    <Computer>WIN-KJHGCUABASL</Computer>
    <Security />
  </System>
  <EventData>
    <Data Name="TargetUserName">user2</Data>
    <Data Name="TargetDomainName">WIN-KJHGCUABASL</Data>
    <Data Name="TargetSid">S-1-5-21-1984093686-2666557038-3875388431-1002</Data>
    <Data Name="SubjectUserSid">S-1-5-21-1984093686-2666557038-3875388431-500</Data>
    <Data Name="SubjectUserName">Administrator</Data>
    <Data Name="SubjectDomainName">WIN-KJHGCUABASL</Data>
    <Data Name="SubjectLogonId">0x40051</Data>
  </EventData>
</Event>

Protokollname: Security
Quelle:        Microsoft-Windows-Security-Auditing
Datum:         04.07.2012 13:06:22
Ereignis-ID:   4738
Aufgabenkategorie:Benutzerkontenverwaltung
Ebene:         Informationen
Schlüsselwörter:Überwachung erfolgreich
Benutzer:      Nicht zutreffend
Computer:      WIN-KJHGCUABASL
Beschreibung:
Ein Benutzerkonto wurde geändert.

Antragsteller:
	Sicherheits-ID:		WIN-KJHGCUABASL\Administrator
	Kontoname:		Administrator
	Kontodomäne:		WIN-KJHGCUABASL
	Anmelde-ID:		0x40051

Zielkonto:
	Sicherheits-ID:		WIN-KJHGCUABASL\user2
	Kontoname:		user2
	Kontodomäne:		WIN-KJHGCUABASL

Geänderte Attribute:
	SAM-Kontoname:	user2
	Anzeigename:		user2
	Benutzerprinzipalname:	-
	Stammverzeichnis:		<Wert nicht gesetzt>
	Stammlaufwerk:		<Wert nicht gesetzt>
	Skriptpfad:		<Wert nicht gesetzt>
	Profilpfad:		<Wert nicht gesetzt>
	Benutzerarbeitsstationen:	<Wert nicht gesetzt>
	Letzte Kennwortänderung:	04.07.2012 13:06:22
	Konto gültig bis:		<nie>
	Primäre Gruppen-ID:	513
	Darf delegieren an:	-
	Alter Benutzerkontensteuerungswert:		0x210
	Neuer Benutzerkontensteuerungswert:		0x210
	Benutzerkontensteuerung:	-
	Benutzerparameter:	-
	SID-Verlauf:		-
	Anmeldezeiten:		Alle

Weitere Informationen:
	Berechtigungen:		-
Ereignis-XML:
<Event xmlns="http://schemas.microsoft.com/win/2004/08/events/event">
  <System>
    <Provider Name="Microsoft-Windows-Security-Auditing" Guid="{54849625-5478-4994-A5BA-3E3B0328C30D}" />
    <EventID>4738</EventID>
    <Version>0</Version>
    <Level>0</Level>
    <Task>13824</Task>
    <Opcode>0</Opcode>
    <Keywords>0x8020000000000000</Keywords>
    <TimeCreated SystemTime="2012-07-04T11:06:22.953125000Z" />
    <EventRecordID>278</EventRecordID>
    <Correlation />
    <Execution ProcessID="440" ThreadID="2348" />
    <Channel>Security</Channel>
    <Computer>WIN-KJHGCUABASL</Computer>
    <Security />
  </System>
  <EventData>
    <Data Name="Dummy">-</Data>
    <Data Name="TargetUserName">user2</Data>
    <Data Name="TargetDomainName">WIN-KJHGCUABASL</Data>
    <Data Name="TargetSid">S-1-5-21-1984093686-2666557038-3875388431-1002</Data>
    <Data Name="SubjectUserSid">S-1-5-21-1984093686-2666557038-3875388431-500</Data>
    <Data Name="SubjectUserName">Administrator</Data>
    <Data Name="SubjectDomainName">WIN-KJHGCUABASL</Data>
    <Data Name="SubjectLogonId">0x40051</Data>
    <Data Name="PrivilegeList">-</Data>
    <Data Name="SamAccountName">user2</Data>
    <Data Name="DisplayName">user2</Data>
    <Data Name="UserPrincipalName">-</Data>
    <Data Name="HomeDirectory">%%1793</Data>
    <Data Name="HomePath">%%1793</Data>
    <Data Name="ScriptPath">%%1793</Data>
    <Data Name="ProfilePath">%%1793</Data>
    <Data Name="UserWorkstations">%%1793</Data>
    <Data Name="PasswordLastSet">04.07.2012 13:06:22</Data>
    <Data Name="AccountExpires">%%1794</Data>
    <Data Name="PrimaryGroupId">513</Data>
    <Data Name="AllowedToDelegateTo">-</Data>
    <Data Name="OldUacValue">0x210</Data>
    <Data Name="NewUacValue">0x210</Data>
    <Data Name="UserAccountControl">-</Data>
    <Data Name="UserParameters">-</Data>
    <Data Name="SidHistory">-</Data>
    <Data Name="LogonHours">%%1797</Data>
  </EventData>
</Event>

Protokollname: Security
Quelle:        Microsoft-Windows-Security-Auditing
Datum:         04.07.2012 13:05:52
Ereignis-ID:   4625
Aufgabenkategorie:Anmelden
Ebene:         Informationen
Schlüsselwörter:Überwachung gescheitert
Benutzer:      Nicht zutreffend
Computer:      WIN-KJHGCUABASL
Beschreibung:
Fehler beim Anmelden eines Kontos.

Antragsteller:
	Sicherheits-ID:		SYSTEM
	Kontoname:		WIN-KJHGCUABASL$
	Kontodomäne:		WORKGROUP
	Anmelde-ID:		0x3e7

Anmeldetyp:			10

Konto, für das die Anmeldung fehlgeschlagen ist:
	Sicherheits-ID:		NULL SID
	Kontoname:		user2
	Kontodomäne:		WIN-KJHGCUABASL

Fehlerinformationen:
	Fehlerursache:		Unbekannter Benutzername oder ungültiges Kennwort.
	Status:			0xc000006d
	Unterstatus::		0xc000006a

Prozessinformationen:
	Aufrufprozess-ID:	0xa88
	Aufrufprozessname:	C:\Windows\System32\winlogon.exe

Netzwerkinformationen:
	Arbeitsstationsname:	WIN-KJHGCUABASL
	Quellnetzwerkadresse:	192.168.2.201
	Quellport:		1047

Detaillierte Authentifizierungsinformationen:
	Anmeldeprozess:		User32 
	Authentifizierungspaket:	Negotiate
	Übertragene Dienste:	-
	Paketname (nur NTLM):	-
	Schlüssellänge:		0

Dieses Ereignis wird beim Erstellen einer Anmeldesitzung generiert. Es wird auf dem Computer generiert, auf den zugegriffen wurde.

Die Antragstellerfelder geben das Konto auf dem lokalen System an, von dem die Anmeldung angefordert wurde. Dies ist meistens ein Dienst wie der Serverdienst oder ein lokaler Prozess wie "Winlogon.exe" oder "Services.exe".

Das Anmeldetypfeld gibt den jeweiligen Anmeldetyp an. Die häufigsten Typen sind 2 (interaktiv) und 3 (Netzwerk).

Die Felder für die Prozessinformationen geben den Prozess und das Konto an, für die die Anmeldung angefordert wurde.

Die Netzwerkfelder geben die Quelle einer Remoteanmeldeanforderung an.  Der Arbeitsstationsname ist nicht immer verfügbar und kann in manchen Fällen leer bleiben.

Die Felder für die Authentifizierungsinformationen enthalten detaillierte Informationen zu dieser speziellen Anmeldeanforderung.
	- Die übertragenen Dienste geben an, welche Zwischendienste an der Anmeldeanforderung beteiligt waren.
	- Der Paketname gibt das in den NTLM-Protokollen verwendete Unterprotokoll an.
	- Die Schlüssellänge gibt die Länge des generierten Sitzungsschlüssels an. Wenn kein Sitzungsschlüssel angefordert wurde, ist dieser Wert 0.
Ereignis-XML:
<Event xmlns="http://schemas.microsoft.com/win/2004/08/events/event">
  <System>
    <Provider Name="Microsoft-Windows-Security-Auditing" Guid="{54849625-5478-4994-A5BA-3E3B0328C30D}" />
    <EventID>4625</EventID>
    <Version>0</Version>
    <Level>0</Level>
    <Task>12544</Task>
    <Opcode>0</Opcode>
    <Keywords>0x8010000000000000</Keywords>
    <TimeCreated SystemTime="2012-07-04T11:05:52.218750000Z" />
    <EventRecordID>277</EventRecordID>
    <Correlation />
    <Execution ProcessID="440" ThreadID="2348" />
    <Channel>Security</Channel>
    <Computer>WIN-KJHGCUABASL</Computer>
    <Security />
  </System>
  <EventData>
    <Data Name="SubjectUserSid">S-1-5-18</Data>
    <Data Name="SubjectUserName">WIN-KJHGCUABASL$</Data>
    <Data Name="SubjectDomainName">WORKGROUP</Data>
    <Data Name="SubjectLogonId">0x3e7</Data>
    <Data Name="TargetUserSid">S-1-0-0</Data>
    <Data Name="TargetUserName">user2</Data>
    <Data Name="TargetDomainName">WIN-KJHGCUABASL</Data>
    <Data Name="Status">0xc000006d</Data>
    <Data Name="FailureReason">%%2313</Data>
    <Data Name="SubStatus">0xc000006a</Data>
    <Data Name="LogonType">10</Data>
    <Data Name="LogonProcessName">User32 </Data>
    <Data Name="AuthenticationPackageName">Negotiate</Data>
    <Data Name="WorkstationName">WIN-KJHGCUABASL</Data>
    <Data Name="TransmittedServices">-</Data>
    <Data Name="LmPackageName">-</Data>
    <Data Name="KeyLength">0</Data>
    <Data Name="ProcessId">0xa88</Data>
    <Data Name="ProcessName">C:\Windows\System32\winlogon.exe</Data>
    <Data Name="IpAddress">192.168.2.201</Data>
    <Data Name="IpPort">1047</Data>
  </EventData>
</Event>

Protokollname: Security
Quelle:        Microsoft-Windows-Security-Auditing
Datum:         04.07.2012 13:05:42
Ereignis-ID:   4625
Aufgabenkategorie:Anmelden
Ebene:         Informationen
Schlüsselwörter:Überwachung gescheitert
Benutzer:      Nicht zutreffend
Computer:      WIN-KJHGCUABASL
Beschreibung:
Fehler beim Anmelden eines Kontos.

Antragsteller:
	Sicherheits-ID:		SYSTEM
	Kontoname:		WIN-KJHGCUABASL$
	Kontodomäne:		WORKGROUP
	Anmelde-ID:		0x3e7

Anmeldetyp:			10

Konto, für das die Anmeldung fehlgeschlagen ist:
	Sicherheits-ID:		NULL SID
	Kontoname:		user2
	Kontodomäne:		WIN-KJHGCUABASL

Fehlerinformationen:
	Fehlerursache:		Unbekannter Benutzername oder ungültiges Kennwort.
	Status:			0xc000006d
	Unterstatus::		0xc000006a

Prozessinformationen:
	Aufrufprozess-ID:	0xa88
	Aufrufprozessname:	C:\Windows\System32\winlogon.exe

Netzwerkinformationen:
	Arbeitsstationsname:	WIN-KJHGCUABASL
	Quellnetzwerkadresse:	192.168.2.201
	Quellport:		1047

Detaillierte Authentifizierungsinformationen:
	Anmeldeprozess:		User32 
	Authentifizierungspaket:	Negotiate
	Übertragene Dienste:	-
	Paketname (nur NTLM):	-
	Schlüssellänge:		0

Dieses Ereignis wird beim Erstellen einer Anmeldesitzung generiert. Es wird auf dem Computer generiert, auf den zugegriffen wurde.

Die Antragstellerfelder geben das Konto auf dem lokalen System an, von dem die Anmeldung angefordert wurde. Dies ist meistens ein Dienst wie der Serverdienst oder ein lokaler Prozess wie "Winlogon.exe" oder "Services.exe".

Das Anmeldetypfeld gibt den jeweiligen Anmeldetyp an. Die häufigsten Typen sind 2 (interaktiv) und 3 (Netzwerk).

Die Felder für die Prozessinformationen geben den Prozess und das Konto an, für die die Anmeldung angefordert wurde.

Die Netzwerkfelder geben die Quelle einer Remoteanmeldeanforderung an.  Der Arbeitsstationsname ist nicht immer verfügbar und kann in manchen Fällen leer bleiben.

Die Felder für die Authentifizierungsinformationen enthalten detaillierte Informationen zu dieser speziellen Anmeldeanforderung.
	- Die übertragenen Dienste geben an, welche Zwischendienste an der Anmeldeanforderung beteiligt waren.
	- Der Paketname gibt das in den NTLM-Protokollen verwendete Unterprotokoll an.
	- Die Schlüssellänge gibt die Länge des generierten Sitzungsschlüssels an. Wenn kein Sitzungsschlüssel angefordert wurde, ist dieser Wert 0.
Ereignis-XML:
<Event xmlns="http://schemas.microsoft.com/win/2004/08/events/event">
  <System>
    <Provider Name="Microsoft-Windows-Security-Auditing" Guid="{54849625-5478-4994-A5BA-3E3B0328C30D}" />
    <EventID>4625</EventID>
    <Version>0</Version>
    <Level>0</Level>
    <Task>12544</Task>
    <Opcode>0</Opcode>
    <Keywords>0x8010000000000000</Keywords>
    <TimeCreated SystemTime="2012-07-04T11:05:42.468750000Z" />
    <EventRecordID>276</EventRecordID>
    <Correlation />
    <Execution ProcessID="440" ThreadID="2348" />
    <Channel>Security</Channel>
    <Computer>WIN-KJHGCUABASL</Computer>
    <Security />
  </System>
  <EventData>
    <Data Name="SubjectUserSid">S-1-5-18</Data>
    <Data Name="SubjectUserName">WIN-KJHGCUABASL$</Data>
    <Data Name="SubjectDomainName">WORKGROUP</Data>
    <Data Name="SubjectLogonId">0x3e7</Data>
    <Data Name="TargetUserSid">S-1-0-0</Data>
    <Data Name="TargetUserName">user2</Data>
    <Data Name="TargetDomainName">WIN-KJHGCUABASL</Data>
    <Data Name="Status">0xc000006d</Data>
    <Data Name="FailureReason">%%2313</Data>
    <Data Name="SubStatus">0xc000006a</Data>
    <Data Name="LogonType">10</Data>
    <Data Name="LogonProcessName">User32 </Data>
    <Data Name="AuthenticationPackageName">Negotiate</Data>
    <Data Name="WorkstationName">WIN-KJHGCUABASL</Data>
    <Data Name="TransmittedServices">-</Data>
    <Data Name="LmPackageName">-</Data>
    <Data Name="KeyLength">0</Data>
    <Data Name="ProcessId">0xa88</Data>
    <Data Name="ProcessName">C:\Windows\System32\winlogon.exe</Data>
    <Data Name="IpAddress">192.168.2.201</Data>
    <Data Name="IpPort">1047</Data>
  </EventData>
</Event>

Protokollname: Security
Quelle:        Microsoft-Windows-Security-Auditing
Datum:         04.07.2012 13:05:22
Ereignis-ID:   4647
Aufgabenkategorie:Abmelden
Ebene:         Informationen
Schlüsselwörter:Überwachung erfolgreich
Benutzer:      Nicht zutreffend
Computer:      WIN-KJHGCUABASL
Beschreibung:
Benutzerinitiierte Abmeldung:

Antragsteller:
	Sicherheits-ID:		WIN-KJHGCUABASL\user1
	Kontoname:		user1
	Kontodomäne:		WIN-KJHGCUABASL
	Anmelde-ID:		0xa1afc

Dieses Ereignis wird generiert, wenn eine Abmeldung initiiert wird. Es kann keine weitere benutzerinitiierte Aktivität erfolgen. Dieses Ereignis kann als Abmeldeereignis interpretiert werden.
Ereignis-XML:
<Event xmlns="http://schemas.microsoft.com/win/2004/08/events/event">
  <System>
    <Provider Name="Microsoft-Windows-Security-Auditing" Guid="{54849625-5478-4994-A5BA-3E3B0328C30D}" />
    <EventID>4647</EventID>
    <Version>0</Version>
    <Level>0</Level>
    <Task>12545</Task>
    <Opcode>0</Opcode>
    <Keywords>0x8020000000000000</Keywords>
    <TimeCreated SystemTime="2012-07-04T11:05:22.187500000Z" />
    <EventRecordID>275</EventRecordID>
    <Correlation />
    <Execution ProcessID="440" ThreadID="2348" />
    <Channel>Security</Channel>
    <Computer>WIN-KJHGCUABASL</Computer>
    <Security />
  </System>
  <EventData>
    <Data Name="TargetUserSid">S-1-5-21-1984093686-2666557038-3875388431-1001</Data>
    <Data Name="TargetUserName">user1</Data>
    <Data Name="TargetDomainName">WIN-KJHGCUABASL</Data>
    <Data Name="TargetLogonId">0xa1afc</Data>
  </EventData>
</Event>

Protokollname: Security
Quelle:        Microsoft-Windows-Security-Auditing
Datum:         04.07.2012 13:04:40
Ereignis-ID:   4624
Aufgabenkategorie:Anmelden
Ebene:         Informationen
Schlüsselwörter:Überwachung erfolgreich
Benutzer:      Nicht zutreffend
Computer:      WIN-KJHGCUABASL
Beschreibung:
Ein Konto wurde erfolgreich angemeldet.

Antragsteller:
	Sicherheits-ID:		SYSTEM
	Kontoname:		WIN-KJHGCUABASL$
	Kontodomäne:		WORKGROUP
	Anmelde-ID:		0x3e7

Anmeldetyp:			10

Neue Anmeldung:
	Sicherheits-ID:		WIN-KJHGCUABASL\user1
	Kontoname:		user1
	Kontodomäne:		WIN-KJHGCUABASL
	Anmelde-ID:		0xa1afc
	Anmelde-GUID:		{00000000-0000-0000-0000-000000000000}

Prozessinformationen:
	Prozess-ID:		0x8b0
	Prozessname:		C:\Windows\System32\winlogon.exe

Netzwerkinformationen:
	Arbeitsstationsname:	WIN-KJHGCUABASL
	Quellnetzwerkadresse:	192.168.2.201
	Quellport:		1046

Detaillierte Authentifizierungsinformationen:
	Anmeldeprozess:		User32 
	Authentifizierungspaket:	Negotiate
	Übertragene Dienste:	-
	Paketname (nur NTLM):	-
	Schlüssellänge:		0

Dieses Ereignis wird beim Erstellen einer Anmeldesitzung generiert. Es wird auf dem Computer generiert, auf den zugegriffen wurde.

Die Antragstellerfelder geben das Konto auf dem lokalen System an, von dem die Anmeldung angefordert wurde. Dies ist meistens ein Dienst wie der Serverdienst oder ein lokaler Prozess wie "Winlogon.exe" oder "Services.exe".

Das Anmeldetypfeld gibt den jeweiligen Anmeldetyp an. Die häufigsten Typen sind 2 (interaktiv) und 3 (Netzwerk).

Die Felder für die neue Anmeldung geben das Konto an, für das die Anmeldung erstellt wurde, d. h. das angemeldete Konto.

Die Netzwerkfelder geben die Quelle einer Remoteanmeldeanforderung an. der Arbeitsstationsname ist nicht immer verfügbar und kann in manchen Fällen leer bleiben.

Die Felder für die Authentifizierungsinformationen enthalten detaillierte Informationen zu dieser speziellen Anmeldeanforderung.
	 - Die Anmelde-GUID ist ein eindeutiger Bezeichner, der verwendet werden kann, um dieses Ereignis mit einem KDC-Ereignis zu korrelieren.
	- Die übertragenen Dienste geben an, welche Zwischendienste an der Anmeldeanforderung beteiligt waren.
	- Der Paketname gibt das in den NTLM-Protokollen verwendete Unterprotokoll an.
	- Die Schlüssellänge gibt die Länge des generierten Sitzungsschlüssels an. Wenn kein Sitzungsschlüssel angefordert wurde, ist dieser Wert 0.
Ereignis-XML:
<Event xmlns="http://schemas.microsoft.com/win/2004/08/events/event">
  <System>
    <Provider Name="Microsoft-Windows-Security-Auditing" Guid="{54849625-5478-4994-A5BA-3E3B0328C30D}" />
    <EventID>4624</EventID>
    <Version>0</Version>
    <Level>0</Level>
    <Task>12544</Task>
    <Opcode>0</Opcode>
    <Keywords>0x8020000000000000</Keywords>
    <TimeCreated SystemTime="2012-07-04T11:04:40.234375000Z" />
    <EventRecordID>274</EventRecordID>
    <Correlation />
    <Execution ProcessID="440" ThreadID="1344" />
    <Channel>Security</Channel>
    <Computer>WIN-KJHGCUABASL</Computer>
    <Security />
  </System>
  <EventData>
    <Data Name="SubjectUserSid">S-1-5-18</Data>
    <Data Name="SubjectUserName">WIN-KJHGCUABASL$</Data>
    <Data Name="SubjectDomainName">WORKGROUP</Data>
    <Data Name="SubjectLogonId">0x3e7</Data>
    <Data Name="TargetUserSid">S-1-5-21-1984093686-2666557038-3875388431-1001</Data>
    <Data Name="TargetUserName">user1</Data>
    <Data Name="TargetDomainName">WIN-KJHGCUABASL</Data>
    <Data Name="TargetLogonId">0xa1afc</Data>
    <Data Name="LogonType">10</Data>
    <Data Name="LogonProcessName">User32 </Data>
    <Data Name="AuthenticationPackageName">Negotiate</Data>
    <Data Name="WorkstationName">WIN-KJHGCUABASL</Data>
    <Data Name="LogonGuid">{00000000-0000-0000-0000-000000000000}</Data>
    <Data Name="TransmittedServices">-</Data>
    <Data Name="LmPackageName">-</Data>
    <Data Name="KeyLength">0</Data>
    <Data Name="ProcessId">0x8b0</Data>
    <Data Name="ProcessName">C:\Windows\System32\winlogon.exe</Data>
    <Data Name="IpAddress">192.168.2.201</Data>
    <Data Name="IpPort">1046</Data>
  </EventData>
</Event>

Protokollname: Security
Quelle:        Microsoft-Windows-Security-Auditing
Datum:         04.07.2012 13:04:40
Ereignis-ID:   4648
Aufgabenkategorie:Anmelden
Ebene:         Informationen
Schlüsselwörter:Überwachung erfolgreich
Benutzer:      Nicht zutreffend
Computer:      WIN-KJHGCUABASL
Beschreibung:
Anmeldeversuch mit expliziten Anmeldeinformationen.

Antragsteller:
	Sicherheits-ID:		SYSTEM
	Kontoname:		WIN-KJHGCUABASL$
	Kontodomäne:		WORKGROUP
	Anmelde-ID:		0x3e7
	Anmelde-GUID:		{00000000-0000-0000-0000-000000000000}

Konto, dessen Anmeldeinformationen verwendet wurden:
	Kontoname:		user1
	Kontodomäne:		WIN-KJHGCUABASL
	Anmelde-GUID:		{00000000-0000-0000-0000-000000000000}

Zielserver:
	Zielservername:	localhost
	Weitere Informationen:	localhost

Prozessinformationen:
	Prozess-ID:		0x8b0
	Prozessname:		C:\Windows\System32\winlogon.exe

Netzwerkinformationen:
	Netzwerkadresse:	192.168.2.201
	Port:			1046

Dieses Ereignis wird bei einem Anmeldeversuch durch einen Prozess generiert, wenn ausdrücklich die Anmeldeinformationen des Kontos angegeben werden.  Dies ist normalerweise der Fall in Batch-Konfigurationen, z. B. bei geplanten Aufgaben oder wenn der Befehl "runas" verwendet wird.
Ereignis-XML:
<Event xmlns="http://schemas.microsoft.com/win/2004/08/events/event">
  <System>
    <Provider Name="Microsoft-Windows-Security-Auditing" Guid="{54849625-5478-4994-A5BA-3E3B0328C30D}" />
    <EventID>4648</EventID>
    <Version>0</Version>
    <Level>0</Level>
    <Task>12544</Task>
    <Opcode>0</Opcode>
    <Keywords>0x8020000000000000</Keywords>
    <TimeCreated SystemTime="2012-07-04T11:04:40.234375000Z" />
    <EventRecordID>273</EventRecordID>
    <Correlation />
    <Execution ProcessID="440" ThreadID="1344" />
    <Channel>Security</Channel>
    <Computer>WIN-KJHGCUABASL</Computer>
    <Security />
  </System>
  <EventData>
    <Data Name="SubjectUserSid">S-1-5-18</Data>
    <Data Name="SubjectUserName">WIN-KJHGCUABASL$</Data>
    <Data Name="SubjectDomainName">WORKGROUP</Data>
    <Data Name="SubjectLogonId">0x3e7</Data>
    <Data Name="LogonGuid">{00000000-0000-0000-0000-000000000000}</Data>
    <Data Name="TargetUserName">user1</Data>
    <Data Name="TargetDomainName">WIN-KJHGCUABASL</Data>
    <Data Name="TargetLogonGuid">{00000000-0000-0000-0000-000000000000}</Data>
    <Data Name="TargetServerName">localhost</Data>
    <Data Name="TargetInfo">localhost</Data>
    <Data Name="ProcessId">0x8b0</Data>
    <Data Name="ProcessName">C:\Windows\System32\winlogon.exe</Data>
    <Data Name="IpAddress">192.168.2.201</Data>
    <Data Name="IpPort">1046</Data>
  </EventData>
</Event>

Protokollname: Security
Quelle:        Microsoft-Windows-Security-Auditing
Datum:         04.07.2012 13:04:40
Ereignis-ID:   4776
Aufgabenkategorie:Überprüfung der Anmeldeinformationen
Ebene:         Informationen
Schlüsselwörter:Überwachung erfolgreich
Benutzer:      Nicht zutreffend
Computer:      WIN-KJHGCUABASL
Beschreibung:
Es wurde versucht, die Anmeldeinformationen für ein Konto zu überprüfen.

Authentifizierungspaket:	MICROSOFT_AUTHENTICATION_PACKAGE_V1_0
Anmeldekonto:	user1
Arbeitsstation:	WIN-KJHGCUABASL
Fehlercode:	0x0
Ereignis-XML:
<Event xmlns="http://schemas.microsoft.com/win/2004/08/events/event">
  <System>
    <Provider Name="Microsoft-Windows-Security-Auditing" Guid="{54849625-5478-4994-A5BA-3E3B0328C30D}" />
    <EventID>4776</EventID>
    <Version>0</Version>
    <Level>0</Level>
    <Task>14336</Task>
    <Opcode>0</Opcode>
    <Keywords>0x8020000000000000</Keywords>
    <TimeCreated SystemTime="2012-07-04T11:04:40.218750000Z" />
    <EventRecordID>272</EventRecordID>
    <Correlation />
    <Execution ProcessID="440" ThreadID="1344" />
    <Channel>Security</Channel>
    <Computer>WIN-KJHGCUABASL</Computer>
    <Security />
  </System>
  <EventData>
    <Data Name="PackageName">MICROSOFT_AUTHENTICATION_PACKAGE_V1_0</Data>
    <Data Name="TargetUserName">user1</Data>
    <Data Name="Workstation">WIN-KJHGCUABASL</Data>
    <Data Name="Status">0x0</Data>
  </EventData>
</Event>

Protokollname: Security
Quelle:        Microsoft-Windows-Security-Auditing
Datum:         04.07.2012 13:04:20
Ereignis-ID:   4732
Aufgabenkategorie:Sicherheitsgruppenverwaltung
Ebene:         Informationen
Schlüsselwörter:Überwachung erfolgreich
Benutzer:      Nicht zutreffend
Computer:      WIN-KJHGCUABASL
Beschreibung:
Ein Mitglied einer sicherheitsaktivierten lokalen Gruppe wurde hinzugefügt.

Antragsteller:
	Sicherheits-ID:		WIN-KJHGCUABASL\Administrator
	Kontoname:		Administrator
	Kontodomäne:		WIN-KJHGCUABASL
	Anmelde-ID:		0x40051

Mitglied:
	Sicherheits-ID:		WIN-KJHGCUABASL\user1
	Kontoname:		-

Gruppe:
	Sicherheits-ID:		VORDEFINIERT\Remotedesktopbenutzer
	Gruppenname:		Remotedesktopbenutzer
	Gruppendomäne:		Builtin

Weitere Informationen:
	Berechtigungen:		-
Ereignis-XML:
<Event xmlns="http://schemas.microsoft.com/win/2004/08/events/event">
  <System>
    <Provider Name="Microsoft-Windows-Security-Auditing" Guid="{54849625-5478-4994-A5BA-3E3B0328C30D}" />
    <EventID>4732</EventID>
    <Version>0</Version>
    <Level>0</Level>
    <Task>13826</Task>
    <Opcode>0</Opcode>
    <Keywords>0x8020000000000000</Keywords>
    <TimeCreated SystemTime="2012-07-04T11:04:20.375000000Z" />
    <EventRecordID>271</EventRecordID>
    <Correlation />
    <Execution ProcessID="440" ThreadID="1344" />
    <Channel>Security</Channel>
    <Computer>WIN-KJHGCUABASL</Computer>
    <Security />
  </System>
  <EventData>
    <Data Name="MemberName">-</Data>
    <Data Name="MemberSid">S-1-5-21-1984093686-2666557038-3875388431-1001</Data>
    <Data Name="TargetUserName">Remotedesktopbenutzer</Data>
    <Data Name="TargetDomainName">Builtin</Data>
    <Data Name="TargetSid">S-1-5-32-555</Data>
    <Data Name="SubjectUserSid">S-1-5-21-1984093686-2666557038-3875388431-500</Data>
    <Data Name="SubjectUserName">Administrator</Data>
    <Data Name="SubjectDomainName">WIN-KJHGCUABASL</Data>
    <Data Name="SubjectLogonId">0x40051</Data>
    <Data Name="PrivilegeList">-</Data>
  </EventData>
</Event>

Protokollname: Security
Quelle:        Microsoft-Windows-Security-Auditing
Datum:         04.07.2012 13:04:20
Ereignis-ID:   4732
Aufgabenkategorie:Sicherheitsgruppenverwaltung
Ebene:         Informationen
Schlüsselwörter:Überwachung erfolgreich
Benutzer:      Nicht zutreffend
Computer:      WIN-KJHGCUABASL
Beschreibung:
Ein Mitglied einer sicherheitsaktivierten lokalen Gruppe wurde hinzugefügt.

Antragsteller:
	Sicherheits-ID:		WIN-KJHGCUABASL\Administrator
	Kontoname:		Administrator
	Kontodomäne:		WIN-KJHGCUABASL
	Anmelde-ID:		0x40051

Mitglied:
	Sicherheits-ID:		WIN-KJHGCUABASL\user2
	Kontoname:		-

Gruppe:
	Sicherheits-ID:		VORDEFINIERT\Remotedesktopbenutzer
	Gruppenname:		Remotedesktopbenutzer
	Gruppendomäne:		Builtin

Weitere Informationen:
	Berechtigungen:		-
Ereignis-XML:
<Event xmlns="http://schemas.microsoft.com/win/2004/08/events/event">
  <System>
    <Provider Name="Microsoft-Windows-Security-Auditing" Guid="{54849625-5478-4994-A5BA-3E3B0328C30D}" />
    <EventID>4732</EventID>
    <Version>0</Version>
    <Level>0</Level>
    <Task>13826</Task>
    <Opcode>0</Opcode>
    <Keywords>0x8020000000000000</Keywords>
    <TimeCreated SystemTime="2012-07-04T11:04:20.359375000Z" />
    <EventRecordID>270</EventRecordID>
    <Correlation />
    <Execution ProcessID="440" ThreadID="1344" />
    <Channel>Security</Channel>
    <Computer>WIN-KJHGCUABASL</Computer>
    <Security />
  </System>
  <EventData>
    <Data Name="MemberName">-</Data>
    <Data Name="MemberSid">S-1-5-21-1984093686-2666557038-3875388431-1002</Data>
    <Data Name="TargetUserName">Remotedesktopbenutzer</Data>
    <Data Name="TargetDomainName">Builtin</Data>
    <Data Name="TargetSid">S-1-5-32-555</Data>
    <Data Name="SubjectUserSid">S-1-5-21-1984093686-2666557038-3875388431-500</Data>
    <Data Name="SubjectUserName">Administrator</Data>
    <Data Name="SubjectDomainName">WIN-KJHGCUABASL</Data>
    <Data Name="SubjectLogonId">0x40051</Data>
    <Data Name="PrivilegeList">-</Data>
  </EventData>
</Event>

Protokollname: Security
Quelle:        Microsoft-Windows-Security-Auditing
Datum:         04.07.2012 13:03:41
Ereignis-ID:   4724
Aufgabenkategorie:Benutzerkontenverwaltung
Ebene:         Informationen
Schlüsselwörter:Überwachung erfolgreich
Benutzer:      Nicht zutreffend
Computer:      WIN-KJHGCUABASL
Beschreibung:
Es wurde versucht, das Kennwort eines Kontos zurückzusetzen.

Antragsteller:
	Sicherheits-ID:		WIN-KJHGCUABASL\Administrator
	Kontoname:		Administrator
	Kontodomäne:		WIN-KJHGCUABASL
	Anmelde-ID:		0x40051

Zielkonto:
	Sicherheits-ID:		WIN-KJHGCUABASL\user2
	Kontoname:		user2
	Kontodomäne:		WIN-KJHGCUABASL
Ereignis-XML:
<Event xmlns="http://schemas.microsoft.com/win/2004/08/events/event">
  <System>
    <Provider Name="Microsoft-Windows-Security-Auditing" Guid="{54849625-5478-4994-A5BA-3E3B0328C30D}" />
    <EventID>4724</EventID>
    <Version>0</Version>
    <Level>0</Level>
    <Task>13824</Task>
    <Opcode>0</Opcode>
    <Keywords>0x8020000000000000</Keywords>
    <TimeCreated SystemTime="2012-07-04T11:03:41.375000000Z" />
    <EventRecordID>269</EventRecordID>
    <Correlation />
    <Execution ProcessID="440" ThreadID="1344" />
    <Channel>Security</Channel>
    <Computer>WIN-KJHGCUABASL</Computer>
    <Security />
  </System>
  <EventData>
    <Data Name="TargetUserName">user2</Data>
    <Data Name="TargetDomainName">WIN-KJHGCUABASL</Data>
    <Data Name="TargetSid">S-1-5-21-1984093686-2666557038-3875388431-1002</Data>
    <Data Name="SubjectUserSid">S-1-5-21-1984093686-2666557038-3875388431-500</Data>
    <Data Name="SubjectUserName">Administrator</Data>
    <Data Name="SubjectDomainName">WIN-KJHGCUABASL</Data>
    <Data Name="SubjectLogonId">0x40051</Data>
  </EventData>
</Event>

Protokollname: Security
Quelle:        Microsoft-Windows-Security-Auditing
Datum:         04.07.2012 13:03:41
Ereignis-ID:   4738
Aufgabenkategorie:Benutzerkontenverwaltung
Ebene:         Informationen
Schlüsselwörter:Überwachung erfolgreich
Benutzer:      Nicht zutreffend
Computer:      WIN-KJHGCUABASL
Beschreibung:
Ein Benutzerkonto wurde geändert.

Antragsteller:
	Sicherheits-ID:		WIN-KJHGCUABASL\Administrator
	Kontoname:		Administrator
	Kontodomäne:		WIN-KJHGCUABASL
	Anmelde-ID:		0x40051

Zielkonto:
	Sicherheits-ID:		WIN-KJHGCUABASL\user2
	Kontoname:		user2
	Kontodomäne:		WIN-KJHGCUABASL

Geänderte Attribute:
	SAM-Kontoname:	user2
	Anzeigename:		user2
	Benutzerprinzipalname:	-
	Stammverzeichnis:		<Wert nicht gesetzt>
	Stammlaufwerk:		<Wert nicht gesetzt>
	Skriptpfad:		<Wert nicht gesetzt>
	Profilpfad:		<Wert nicht gesetzt>
	Benutzerarbeitsstationen:	<Wert nicht gesetzt>
	Letzte Kennwortänderung:	04.07.2012 13:03:41
	Konto gültig bis:		<nie>
	Primäre Gruppen-ID:	513
	Darf delegieren an:	-
	Alter Benutzerkontensteuerungswert:		0x210
	Neuer Benutzerkontensteuerungswert:		0x210
	Benutzerkontensteuerung:	-
	Benutzerparameter:	-
	SID-Verlauf:		-
	Anmeldezeiten:		Alle

Weitere Informationen:
	Berechtigungen:		-
Ereignis-XML:
<Event xmlns="http://schemas.microsoft.com/win/2004/08/events/event">
  <System>
    <Provider Name="Microsoft-Windows-Security-Auditing" Guid="{54849625-5478-4994-A5BA-3E3B0328C30D}" />
    <EventID>4738</EventID>
    <Version>0</Version>
    <Level>0</Level>
    <Task>13824</Task>
    <Opcode>0</Opcode>
    <Keywords>0x8020000000000000</Keywords>
    <TimeCreated SystemTime="2012-07-04T11:03:41.375000000Z" />
    <EventRecordID>268</EventRecordID>
    <Correlation />
    <Execution ProcessID="440" ThreadID="1344" />
    <Channel>Security</Channel>
    <Computer>WIN-KJHGCUABASL</Computer>
    <Security />
  </System>
  <EventData>
    <Data Name="Dummy">-</Data>
    <Data Name="TargetUserName">user2</Data>
    <Data Name="TargetDomainName">WIN-KJHGCUABASL</Data>
    <Data Name="TargetSid">S-1-5-21-1984093686-2666557038-3875388431-1002</Data>
    <Data Name="SubjectUserSid">S-1-5-21-1984093686-2666557038-3875388431-500</Data>
    <Data Name="SubjectUserName">Administrator</Data>
    <Data Name="SubjectDomainName">WIN-KJHGCUABASL</Data>
    <Data Name="SubjectLogonId">0x40051</Data>
    <Data Name="PrivilegeList">-</Data>
    <Data Name="SamAccountName">user2</Data>
    <Data Name="DisplayName">user2</Data>
    <Data Name="UserPrincipalName">-</Data>
    <Data Name="HomeDirectory">%%1793</Data>
    <Data Name="HomePath">%%1793</Data>
    <Data Name="ScriptPath">%%1793</Data>
    <Data Name="ProfilePath">%%1793</Data>
    <Data Name="UserWorkstations">%%1793</Data>
    <Data Name="PasswordLastSet">04.07.2012 13:03:41</Data>
    <Data Name="AccountExpires">%%1794</Data>
    <Data Name="PrimaryGroupId">513</Data>
    <Data Name="AllowedToDelegateTo">-</Data>
    <Data Name="OldUacValue">0x210</Data>
    <Data Name="NewUacValue">0x210</Data>
    <Data Name="UserAccountControl">-</Data>
    <Data Name="UserParameters">-</Data>
    <Data Name="SidHistory">-</Data>
    <Data Name="LogonHours">%%1797</Data>
  </EventData>
</Event>

Protokollname: Security
Quelle:        Microsoft-Windows-Security-Auditing
Datum:         04.07.2012 13:02:40
Ereignis-ID:   4625
Aufgabenkategorie:Anmelden
Ebene:         Informationen
Schlüsselwörter:Überwachung gescheitert
Benutzer:      Nicht zutreffend
Computer:      WIN-KJHGCUABASL
Beschreibung:
Fehler beim Anmelden eines Kontos.

Antragsteller:
	Sicherheits-ID:		SYSTEM
	Kontoname:		WIN-KJHGCUABASL$
	Kontodomäne:		WORKGROUP
	Anmelde-ID:		0x3e7

Anmeldetyp:			10

Konto, für das die Anmeldung fehlgeschlagen ist:
	Sicherheits-ID:		NULL SID
	Kontoname:		user1
	Kontodomäne:		WIN-KJHGCUABASL

Fehlerinformationen:
	Fehlerursache:		Dem Benutzer wurde nicht der angeforderte Anmeldetyp für diesen Computer gewährt.
	Status:			0xc000015b
	Unterstatus::		0x0

Prozessinformationen:
	Aufrufprozess-ID:	0x3d8
	Aufrufprozessname:	C:\Windows\System32\winlogon.exe

Netzwerkinformationen:
	Arbeitsstationsname:	WIN-KJHGCUABASL
	Quellnetzwerkadresse:	192.168.2.201
	Quellport:		1045

Detaillierte Authentifizierungsinformationen:
	Anmeldeprozess:		User32 
	Authentifizierungspaket:	Negotiate
	Übertragene Dienste:	-
	Paketname (nur NTLM):	-
	Schlüssellänge:		0

Dieses Ereignis wird beim Erstellen einer Anmeldesitzung generiert. Es wird auf dem Computer generiert, auf den zugegriffen wurde.

Die Antragstellerfelder geben das Konto auf dem lokalen System an, von dem die Anmeldung angefordert wurde. Dies ist meistens ein Dienst wie der Serverdienst oder ein lokaler Prozess wie "Winlogon.exe" oder "Services.exe".

Das Anmeldetypfeld gibt den jeweiligen Anmeldetyp an. Die häufigsten Typen sind 2 (interaktiv) und 3 (Netzwerk).

Die Felder für die Prozessinformationen geben den Prozess und das Konto an, für die die Anmeldung angefordert wurde.

Die Netzwerkfelder geben die Quelle einer Remoteanmeldeanforderung an.  Der Arbeitsstationsname ist nicht immer verfügbar und kann in manchen Fällen leer bleiben.

Die Felder für die Authentifizierungsinformationen enthalten detaillierte Informationen zu dieser speziellen Anmeldeanforderung.
	- Die übertragenen Dienste geben an, welche Zwischendienste an der Anmeldeanforderung beteiligt waren.
	- Der Paketname gibt das in den NTLM-Protokollen verwendete Unterprotokoll an.
	- Die Schlüssellänge gibt die Länge des generierten Sitzungsschlüssels an. Wenn kein Sitzungsschlüssel angefordert wurde, ist dieser Wert 0.
Ereignis-XML:
<Event xmlns="http://schemas.microsoft.com/win/2004/08/events/event">
  <System>
    <Provider Name="Microsoft-Windows-Security-Auditing" Guid="{54849625-5478-4994-A5BA-3E3B0328C30D}" />
    <EventID>4625</EventID>
    <Version>0</Version>
    <Level>0</Level>
    <Task>12544</Task>
    <Opcode>0</Opcode>
    <Keywords>0x8010000000000000</Keywords>
    <TimeCreated SystemTime="2012-07-04T11:02:40.796875000Z" />
    <EventRecordID>267</EventRecordID>
    <Correlation />
    <Execution ProcessID="440" ThreadID="1344" />
    <Channel>Security</Channel>
    <Computer>WIN-KJHGCUABASL</Computer>
    <Security />
  </System>
  <EventData>
    <Data Name="SubjectUserSid">S-1-5-18</Data>
    <Data Name="SubjectUserName">WIN-KJHGCUABASL$</Data>
    <Data Name="SubjectDomainName">WORKGROUP</Data>
    <Data Name="SubjectLogonId">0x3e7</Data>
    <Data Name="TargetUserSid">S-1-0-0</Data>
    <Data Name="TargetUserName">user1</Data>
    <Data Name="TargetDomainName">WIN-KJHGCUABASL</Data>
    <Data Name="Status">0xc000015b</Data>
    <Data Name="FailureReason">%%2308</Data>
    <Data Name="SubStatus">0x0</Data>
    <Data Name="LogonType">10</Data>
    <Data Name="LogonProcessName">User32 </Data>
    <Data Name="AuthenticationPackageName">Negotiate</Data>
    <Data Name="WorkstationName">WIN-KJHGCUABASL</Data>
    <Data Name="TransmittedServices">-</Data>
    <Data Name="LmPackageName">-</Data>
    <Data Name="KeyLength">0</Data>
    <Data Name="ProcessId">0x3d8</Data>
    <Data Name="ProcessName">C:\Windows\System32\winlogon.exe</Data>
    <Data Name="IpAddress">192.168.2.201</Data>
    <Data Name="IpPort">1045</Data>
  </EventData>
</Event>

Protokollname: Security
Quelle:        Microsoft-Windows-Security-Auditing
Datum:         04.07.2012 13:02:40
Ereignis-ID:   4776
Aufgabenkategorie:Überprüfung der Anmeldeinformationen
Ebene:         Informationen
Schlüsselwörter:Überwachung erfolgreich
Benutzer:      Nicht zutreffend
Computer:      WIN-KJHGCUABASL
Beschreibung:
Es wurde versucht, die Anmeldeinformationen für ein Konto zu überprüfen.

Authentifizierungspaket:	MICROSOFT_AUTHENTICATION_PACKAGE_V1_0
Anmeldekonto:	user1
Arbeitsstation:	WIN-KJHGCUABASL
Fehlercode:	0x0
Ereignis-XML:
<Event xmlns="http://schemas.microsoft.com/win/2004/08/events/event">
  <System>
    <Provider Name="Microsoft-Windows-Security-Auditing" Guid="{54849625-5478-4994-A5BA-3E3B0328C30D}" />
    <EventID>4776</EventID>
    <Version>0</Version>
    <Level>0</Level>
    <Task>14336</Task>
    <Opcode>0</Opcode>
    <Keywords>0x8020000000000000</Keywords>
    <TimeCreated SystemTime="2012-07-04T11:02:40.796875000Z" />
    <EventRecordID>266</EventRecordID>
    <Correlation />
    <Execution ProcessID="440" ThreadID="1344" />
    <Channel>Security</Channel>
    <Computer>WIN-KJHGCUABASL</Computer>
    <Security />
  </System>
  <EventData>
    <Data Name="PackageName">MICROSOFT_AUTHENTICATION_PACKAGE_V1_0</Data>
    <Data Name="TargetUserName">user1</Data>
    <Data Name="Workstation">WIN-KJHGCUABASL</Data>
    <Data Name="Status">0x0</Data>
  </EventData>
</Event>

Protokollname: Security
Quelle:        Microsoft-Windows-Security-Auditing
Datum:         04.07.2012 13:02:21
Ereignis-ID:   4724
Aufgabenkategorie:Benutzerkontenverwaltung
Ebene:         Informationen
Schlüsselwörter:Überwachung erfolgreich
Benutzer:      Nicht zutreffend
Computer:      WIN-KJHGCUABASL
Beschreibung:
Es wurde versucht, das Kennwort eines Kontos zurückzusetzen.

Antragsteller:
	Sicherheits-ID:		WIN-KJHGCUABASL\Administrator
	Kontoname:		Administrator
	Kontodomäne:		WIN-KJHGCUABASL
	Anmelde-ID:		0x40051

Zielkonto:
	Sicherheits-ID:		WIN-KJHGCUABASL\user1
	Kontoname:		user1
	Kontodomäne:		WIN-KJHGCUABASL
Ereignis-XML:
<Event xmlns="http://schemas.microsoft.com/win/2004/08/events/event">
  <System>
    <Provider Name="Microsoft-Windows-Security-Auditing" Guid="{54849625-5478-4994-A5BA-3E3B0328C30D}" />
    <EventID>4724</EventID>
    <Version>0</Version>
    <Level>0</Level>
    <Task>13824</Task>
    <Opcode>0</Opcode>
    <Keywords>0x8020000000000000</Keywords>
    <TimeCreated SystemTime="2012-07-04T11:02:21.671875000Z" />
    <EventRecordID>265</EventRecordID>
    <Correlation />
    <Execution ProcessID="440" ThreadID="1344" />
    <Channel>Security</Channel>
    <Computer>WIN-KJHGCUABASL</Computer>
    <Security />
  </System>
  <EventData>
    <Data Name="TargetUserName">user1</Data>
    <Data Name="TargetDomainName">WIN-KJHGCUABASL</Data>
    <Data Name="TargetSid">S-1-5-21-1984093686-2666557038-3875388431-1001</Data>
    <Data Name="SubjectUserSid">S-1-5-21-1984093686-2666557038-3875388431-500</Data>
    <Data Name="SubjectUserName">Administrator</Data>
    <Data Name="SubjectDomainName">WIN-KJHGCUABASL</Data>
    <Data Name="SubjectLogonId">0x40051</Data>
  </EventData>
</Event>

Protokollname: Security
Quelle:        Microsoft-Windows-Security-Auditing
Datum:         04.07.2012 13:02:21
Ereignis-ID:   4738
Aufgabenkategorie:Benutzerkontenverwaltung
Ebene:         Informationen
Schlüsselwörter:Überwachung erfolgreich
Benutzer:      Nicht zutreffend
Computer:      WIN-KJHGCUABASL
Beschreibung:
Ein Benutzerkonto wurde geändert.

Antragsteller:
	Sicherheits-ID:		WIN-KJHGCUABASL\Administrator
	Kontoname:		Administrator
	Kontodomäne:		WIN-KJHGCUABASL
	Anmelde-ID:		0x40051

Zielkonto:
	Sicherheits-ID:		WIN-KJHGCUABASL\user1
	Kontoname:		user1
	Kontodomäne:		WIN-KJHGCUABASL

Geänderte Attribute:
	SAM-Kontoname:	user1
	Anzeigename:		user1
	Benutzerprinzipalname:	-
	Stammverzeichnis:		<Wert nicht gesetzt>
	Stammlaufwerk:		<Wert nicht gesetzt>
	Skriptpfad:		<Wert nicht gesetzt>
	Profilpfad:		<Wert nicht gesetzt>
	Benutzerarbeitsstationen:	<Wert nicht gesetzt>
	Letzte Kennwortänderung:	04.07.2012 13:02:21
	Konto gültig bis:		<nie>
	Primäre Gruppen-ID:	513
	Darf delegieren an:	-
	Alter Benutzerkontensteuerungswert:		0x210
	Neuer Benutzerkontensteuerungswert:		0x210
	Benutzerkontensteuerung:	-
	Benutzerparameter:	-
	SID-Verlauf:		-
	Anmeldezeiten:		Alle

Weitere Informationen:
	Berechtigungen:		-
Ereignis-XML:
<Event xmlns="http://schemas.microsoft.com/win/2004/08/events/event">
  <System>
    <Provider Name="Microsoft-Windows-Security-Auditing" Guid="{54849625-5478-4994-A5BA-3E3B0328C30D}" />
    <EventID>4738</EventID>
    <Version>0</Version>
    <Level>0</Level>
    <Task>13824</Task>
    <Opcode>0</Opcode>
    <Keywords>0x8020000000000000</Keywords>
    <TimeCreated SystemTime="2012-07-04T11:02:21.671875000Z" />
    <EventRecordID>264</EventRecordID>
    <Correlation />
    <Execution ProcessID="440" ThreadID="1344" />
    <Channel>Security</Channel>
    <Computer>WIN-KJHGCUABASL</Computer>
    <Security />
  </System>
  <EventData>
    <Data Name="Dummy">-</Data>
    <Data Name="TargetUserName">user1</Data>
    <Data Name="TargetDomainName">WIN-KJHGCUABASL</Data>
    <Data Name="TargetSid">S-1-5-21-1984093686-2666557038-3875388431-1001</Data>
    <Data Name="SubjectUserSid">S-1-5-21-1984093686-2666557038-3875388431-500</Data>
    <Data Name="SubjectUserName">Administrator</Data>
    <Data Name="SubjectDomainName">WIN-KJHGCUABASL</Data>
    <Data Name="SubjectLogonId">0x40051</Data>
    <Data Name="PrivilegeList">-</Data>
    <Data Name="SamAccountName">user1</Data>
    <Data Name="DisplayName">user1</Data>
    <Data Name="UserPrincipalName">-</Data>
    <Data Name="HomeDirectory">%%1793</Data>
    <Data Name="HomePath">%%1793</Data>
    <Data Name="ScriptPath">%%1793</Data>
    <Data Name="ProfilePath">%%1793</Data>
    <Data Name="UserWorkstations">%%1793</Data>
    <Data Name="PasswordLastSet">04.07.2012 13:02:21</Data>
    <Data Name="AccountExpires">%%1794</Data>
    <Data Name="PrimaryGroupId">513</Data>
    <Data Name="AllowedToDelegateTo">-</Data>
    <Data Name="OldUacValue">0x210</Data>
    <Data Name="NewUacValue">0x210</Data>
    <Data Name="UserAccountControl">-</Data>
    <Data Name="UserParameters">-</Data>
    <Data Name="SidHistory">-</Data>
    <Data Name="LogonHours">%%1797</Data>
  </EventData>
</Event>

Protokollname: Security
Quelle:        Microsoft-Windows-Security-Auditing
Datum:         04.07.2012 13:01:39
Ereignis-ID:   5061
Aufgabenkategorie:Systemintegrität
Ebene:         Informationen
Schlüsselwörter:Überwachung erfolgreich
Benutzer:      Nicht zutreffend
Computer:      WIN-KJHGCUABASL
Beschreibung:
Kryptografievorgang.

Antragsteller:
	Sicherheits-ID:	NETZWERKDIENST
	Kontoname:	WIN-KJHGCUABASL$
	Kontodomäne:	WORKGROUP
	Anmelde-ID:	0x3e4

Kryptografische Parameter:
	Anbietername:	Microsoft Software Key Storage Provider
	Algorithmusname:	RSA
	Schlüsselname:	TSSecKeySet1
	Schlüsseltyp:	Computerschlüssel.

Kryptografischer Vorgang:
	Vorgang:	Schlüssel öffnen.
	Rückgabecode:	0x0
Ereignis-XML:
<Event xmlns="http://schemas.microsoft.com/win/2004/08/events/event">
  <System>
    <Provider Name="Microsoft-Windows-Security-Auditing" Guid="{54849625-5478-4994-A5BA-3E3B0328C30D}" />
    <EventID>5061</EventID>
    <Version>0</Version>
    <Level>0</Level>
    <Task>12290</Task>
    <Opcode>0</Opcode>
    <Keywords>0x8020000000000000</Keywords>
    <TimeCreated SystemTime="2012-07-04T11:01:39.843750000Z" />
    <EventRecordID>263</EventRecordID>
    <Correlation />
    <Execution ProcessID="440" ThreadID="1316" />
    <Channel>Security</Channel>
    <Computer>WIN-KJHGCUABASL</Computer>
    <Security />
  </System>
  <EventData>
    <Data Name="SubjectUserSid">S-1-5-20</Data>
    <Data Name="SubjectUserName">WIN-KJHGCUABASL$</Data>
    <Data Name="SubjectDomainName">WORKGROUP</Data>
    <Data Name="SubjectLogonId">0x3e4</Data>
    <Data Name="ProviderName">Microsoft Software Key Storage Provider</Data>
    <Data Name="AlgorithmName">RSA</Data>
    <Data Name="KeyName">TSSecKeySet1</Data>
    <Data Name="KeyType">%%2499</Data>
    <Data Name="Operation">%%2480</Data>
    <Data Name="ReturnCode">0x0</Data>
  </EventData>
</Event>

