Protokollname: Security
Quelle:        Microsoft-Windows-Security-Auditing
Datum:         04.07.2012 12:57:00
Ereignis-ID:   4720
Aufgabenkategorie:Benutzerkontenverwaltung
Ebene:         Informationen
Schlüsselwörter:Überwachung erfolgreich
Benutzer:      Nicht zutreffend
Computer:      WIN-KJHGCUABASL
Beschreibung:
Ein Benutzerkonto wurde erstellt.

Antragsteller:
	Sicherheits-ID:		WIN-KJHGCUABASL\Administrator
	Kontoname:		Administrator
	Kontodomäne:		WIN-KJHGCUABASL
	Anmelde-ID:		0x40051

Neues Konto:
	Sicherheits-ID:		WIN-KJHGCUABASL\user1
	Kontoname:		user1
	Kontodomäne:		WIN-KJHGCUABASL

Attribute:
	SAM-Kontoname:	user1
	Anzeigename:		<Wert nicht gesetzt>
	Benutzerprinzipalname:	-
	Stammverzeichnis:		<Wert nicht gesetzt>
	Stammlaufwerk:		<Wert nicht gesetzt>
	Skriptpfad:		<Wert nicht gesetzt>
	Profilpfad:		<Wert nicht gesetzt>
	Benutzerarbeitsstationen:	<Wert nicht gesetzt>
	Letzte Kennwortänderung:	<nie>
	Konto gültig bis:		<nie>
	Primäre Gruppen-ID:	513
	Kann delegieren an:	-
	Alter Benutzerkontensteuerungswert:		0x0
	Neuer Benutzerkontensteuerungswert:		0x15
	Benutzerkontensteuerung:	
		Konto Deaktiviert
		"Kennwort nicht benötigt" - Aktiviert
		"Normales Konto" - Aktiviert
	Benutzerparameter:	<Wert nicht gesetzt>
	SID-Verlauf:		-
	Anmeldezeiten:		Alle

Weitere Informationen:
	Berechtigungen		-
Ereignis-XML:
<Event xmlns="http://schemas.microsoft.com/win/2004/08/events/event">
  <System>
    <Provider Name="Microsoft-Windows-Security-Auditing" Guid="{54849625-5478-4994-A5BA-3E3B0328C30D}" />
    <EventID>4720</EventID>
    <Version>0</Version>
    <Level>0</Level>
    <Task>13824</Task>
    <Opcode>0</Opcode>
    <Keywords>0x8020000000000000</Keywords>
    <TimeCreated SystemTime="2012-07-04T10:57:00.234375000Z" />
    <EventRecordID>246</EventRecordID>
    <Correlation />
    <Execution ProcessID="440" ThreadID="1344" />
    <Channel>Security</Channel>
    <Computer>WIN-KJHGCUABASL</Computer>
    <Security />
  </System>
  <EventData>
    <Data Name="TargetUserName">user1</Data>
    <Data Name="TargetDomainName">WIN-KJHGCUABASL</Data>
    <Data Name="TargetSid">S-1-5-21-1984093686-2666557038-3875388431-1001</Data>
    <Data Name="SubjectUserSid">S-1-5-21-1984093686-2666557038-3875388431-500</Data>
    <Data Name="SubjectUserName">Administrator</Data>
    <Data Name="SubjectDomainName">WIN-KJHGCUABASL</Data>
    <Data Name="SubjectLogonId">0x40051</Data>
    <Data Name="PrivilegeList">-</Data>
    <Data Name="SamAccountName">user1</Data>
    <Data Name="DisplayName">%%1793</Data>
    <Data Name="UserPrincipalName">-</Data>
    <Data Name="HomeDirectory">%%1793</Data>
    <Data Name="HomePath">%%1793</Data>
    <Data Name="ScriptPath">%%1793</Data>
    <Data Name="ProfilePath">%%1793</Data>
    <Data Name="UserWorkstations">%%1793</Data>
    <Data Name="PasswordLastSet">%%1794</Data>
    <Data Name="AccountExpires">%%1794</Data>
    <Data Name="PrimaryGroupId">513</Data>
    <Data Name="AllowedToDelegateTo">-</Data>
    <Data Name="OldUacValue">0x0</Data>
    <Data Name="NewUacValue">0x15</Data>
    <Data Name="UserAccountControl">
		%%2080
		%%2082
		%%2084</Data>
    <Data Name="UserParameters">%%1793</Data>
    <Data Name="SidHistory">-</Data>
    <Data Name="LogonHours">%%1797</Data>
  </EventData>
</Event>

Protokollname: Security
Quelle:        Microsoft-Windows-Security-Auditing
Datum:         04.07.2012 12:57:00
Ereignis-ID:   4728
Aufgabenkategorie:Sicherheitsgruppenverwaltung
Ebene:         Informationen
Schlüsselwörter:Überwachung erfolgreich
Benutzer:      Nicht zutreffend
Computer:      WIN-KJHGCUABASL
Beschreibung:
Ein Mitglied einer sicherheitsaktivierten globalen Gruppe wurde hinzugefügt.

Antragsteller:
	Sicherheits-ID:		WIN-KJHGCUABASL\Administrator
	Kontoname:		Administrator
	Kontodomäne:		WIN-KJHGCUABASL
	Anmelde-ID:		0x40051

Mitglied:
	Sicherheits-ID:		WIN-KJHGCUABASL\user1
	Kontoname:		-

Gruppe:
	Sicherheits-ID:		WIN-KJHGCUABASL\None
	Gruppenname:		None
	Gruppendomäne:		WIN-KJHGCUABASL

Weitere Informationen:
	Berechtigungen:		-
Ereignis-XML:
<Event xmlns="http://schemas.microsoft.com/win/2004/08/events/event">
  <System>
    <Provider Name="Microsoft-Windows-Security-Auditing" Guid="{54849625-5478-4994-A5BA-3E3B0328C30D}" />
    <EventID>4728</EventID>
    <Version>0</Version>
    <Level>0</Level>
    <Task>13826</Task>
    <Opcode>0</Opcode>
    <Keywords>0x8020000000000000</Keywords>
    <TimeCreated SystemTime="2012-07-04T10:57:00.218750000Z" />
    <EventRecordID>245</EventRecordID>
    <Correlation />
    <Execution ProcessID="440" ThreadID="1344" />
    <Channel>Security</Channel>
    <Computer>WIN-KJHGCUABASL</Computer>
    <Security />
  </System>
  <EventData>
    <Data Name="MemberName">-</Data>
    <Data Name="MemberSid">S-1-5-21-1984093686-2666557038-3875388431-1001</Data>
    <Data Name="TargetUserName">None</Data>
    <Data Name="TargetDomainName">WIN-KJHGCUABASL</Data>
    <Data Name="TargetSid">S-1-5-21-1984093686-2666557038-3875388431-513</Data>
    <Data Name="SubjectUserSid">S-1-5-21-1984093686-2666557038-3875388431-500</Data>
    <Data Name="SubjectUserName">Administrator</Data>
    <Data Name="SubjectDomainName">WIN-KJHGCUABASL</Data>
    <Data Name="SubjectLogonId">0x40051</Data>
    <Data Name="PrivilegeList">-</Data>
  </EventData>
</Event>

Protokollname: Security
Quelle:        Microsoft-Windows-Security-Auditing
Datum:         04.07.2012 12:56:52
Ereignis-ID:   4625
Aufgabenkategorie:Anmelden
Ebene:         Informationen
Schlüsselwörter:Überwachung gescheitert
Benutzer:      Nicht zutreffend
Computer:      WIN-KJHGCUABASL
Beschreibung:
Fehler beim Anmelden eines Kontos.

Antragsteller:
	Sicherheits-ID:		WIN-KJHGCUABASL\Administrator
	Kontoname:		Administrator
	Kontodomäne:		WIN-KJHGCUABASL
	Anmelde-ID:		0x40051

Anmeldetyp:			2

Konto, für das die Anmeldung fehlgeschlagen ist:
	Sicherheits-ID:		NULL SID
	Kontoname:		Administrator
	Kontodomäne:		

Fehlerinformationen:
	Fehlerursache:		Unbekannter Benutzername oder ungültiges Kennwort.
	Status:			0xc000006d
	Unterstatus::		0xc000006a

Prozessinformationen:
	Aufrufprozess-ID:	0x4d0
	Aufrufprozessname:	C:\Windows\System32\dllhost.exe

Netzwerkinformationen:
	Arbeitsstationsname:	WIN-KJHGCUABASL
	Quellnetzwerkadresse:	-
	Quellport:		-

Detaillierte Authentifizierungsinformationen:
	Anmeldeprozess:		Advapi  
	Authentifizierungspaket:	MICROSOFT_AUTHENTICATION_PACKAGE_V1_0
	Übertragene Dienste:	-
	Paketname (nur NTLM):	-
	Schlüssellänge:		0

Dieses Ereignis wird beim Erstellen einer Anmeldesitzung generiert. Es wird auf dem Computer generiert, auf den zugegriffen wurde.

Die Antragstellerfelder geben das Konto auf dem lokalen System an, von dem die Anmeldung angefordert wurde. Dies ist meistens ein Dienst wie der Serverdienst oder ein lokaler Prozess wie "Winlogon.exe" oder "Services.exe".

Das Anmeldetypfeld gibt den jeweiligen Anmeldetyp an. Die häufigsten Typen sind 2 (interaktiv) und 3 (Netzwerk).

Die Felder für die Prozessinformationen geben den Prozess und das Konto an, für die die Anmeldung angefordert wurde.

Die Netzwerkfelder geben die Quelle einer Remoteanmeldeanforderung an.  Der Arbeitsstationsname ist nicht immer verfügbar und kann in manchen Fällen leer bleiben.

Die Felder für die Authentifizierungsinformationen enthalten detaillierte Informationen zu dieser speziellen Anmeldeanforderung.
	- Die übertragenen Dienste geben an, welche Zwischendienste an der Anmeldeanforderung beteiligt waren.
	- Der Paketname gibt das in den NTLM-Protokollen verwendete Unterprotokoll an.
	- Die Schlüssellänge gibt die Länge des generierten Sitzungsschlüssels an. Wenn kein Sitzungsschlüssel angefordert wurde, ist dieser Wert 0.
Ereignis-XML:
<Event xmlns="http://schemas.microsoft.com/win/2004/08/events/event">
  <System>
    <Provider Name="Microsoft-Windows-Security-Auditing" Guid="{54849625-5478-4994-A5BA-3E3B0328C30D}" />
    <EventID>4625</EventID>
    <Version>0</Version>
    <Level>0</Level>
    <Task>12544</Task>
    <Opcode>0</Opcode>
    <Keywords>0x8010000000000000</Keywords>
    <TimeCreated SystemTime="2012-07-04T10:56:52.734375000Z" />
    <EventRecordID>244</EventRecordID>
    <Correlation />
    <Execution ProcessID="440" ThreadID="1344" />
    <Channel>Security</Channel>
    <Computer>WIN-KJHGCUABASL</Computer>
    <Security />
  </System>
  <EventData>
    <Data Name="SubjectUserSid">S-1-5-21-1984093686-2666557038-3875388431-500</Data>
    <Data Name="SubjectUserName">Administrator</Data>
    <Data Name="SubjectDomainName">WIN-KJHGCUABASL</Data>
    <Data Name="SubjectLogonId">0x40051</Data>
    <Data Name="TargetUserSid">S-1-0-0</Data>
    <Data Name="TargetUserName">Administrator</Data>
    <Data Name="TargetDomainName">
    </Data>
    <Data Name="Status">0xc000006d</Data>
    <Data Name="FailureReason">%%2313</Data>
    <Data Name="SubStatus">0xc000006a</Data>
    <Data Name="LogonType">2</Data>
    <Data Name="LogonProcessName">Advapi  </Data>
    <Data Name="AuthenticationPackageName">MICROSOFT_AUTHENTICATION_PACKAGE_V1_0</Data>
    <Data Name="WorkstationName">WIN-KJHGCUABASL</Data>
    <Data Name="TransmittedServices">-</Data>
    <Data Name="LmPackageName">-</Data>
    <Data Name="KeyLength">0</Data>
    <Data Name="ProcessId">0x4d0</Data>
    <Data Name="ProcessName">C:\Windows\System32\dllhost.exe</Data>
    <Data Name="IpAddress">-</Data>
    <Data Name="IpPort">-</Data>
  </EventData>
</Event>

Protokollname: Security
Quelle:        Microsoft-Windows-Security-Auditing
Datum:         04.07.2012 12:50:50
Ereignis-ID:   4672
Aufgabenkategorie:Spezielle Anmeldung
Ebene:         Informationen
Schlüsselwörter:Überwachung erfolgreich
Benutzer:      Nicht zutreffend
Computer:      WIN-KJHGCUABASL
Beschreibung:
Einer neuen Anmeldung wurden besondere Rechte zugewiesen.

Antragsteller:
	Sicherheits-ID:		SYSTEM
	Kontoname:		SYSTEM
	Kontodomäne:		NT-AUTORITÄT
	Anmelde-ID:		0x3e7

Berechtigungen:		SeAssignPrimaryTokenPrivilege
			SeTcbPrivilege
			SeSecurityPrivilege
			SeTakeOwnershipPrivilege
			SeLoadDriverPrivilege
			SeBackupPrivilege
			SeRestorePrivilege
			SeDebugPrivilege
			SeAuditPrivilege
			SeSystemEnvironmentPrivilege
			SeImpersonatePrivilege
Ereignis-XML:
<Event xmlns="http://schemas.microsoft.com/win/2004/08/events/event">
  <System>
    <Provider Name="Microsoft-Windows-Security-Auditing" Guid="{54849625-5478-4994-A5BA-3E3B0328C30D}" />
    <EventID>4672</EventID>
    <Version>0</Version>
    <Level>0</Level>
    <Task>12548</Task>
    <Opcode>0</Opcode>
    <Keywords>0x8020000000000000</Keywords>
    <TimeCreated SystemTime="2012-07-04T10:50:50.234375000Z" />
    <EventRecordID>243</EventRecordID>
    <Correlation />
    <Execution ProcessID="440" ThreadID="1344" />
    <Channel>Security</Channel>
    <Computer>WIN-KJHGCUABASL</Computer>
    <Security />
  </System>
  <EventData>
    <Data Name="SubjectUserSid">S-1-5-18</Data>
    <Data Name="SubjectUserName">SYSTEM</Data>
    <Data Name="SubjectDomainName">NT-AUTORITÄT</Data>
    <Data Name="SubjectLogonId">0x3e7</Data>
    <Data Name="PrivilegeList">SeAssignPrimaryTokenPrivilege
			SeTcbPrivilege
			SeSecurityPrivilege
			SeTakeOwnershipPrivilege
			SeLoadDriverPrivilege
			SeBackupPrivilege
			SeRestorePrivilege
			SeDebugPrivilege
			SeAuditPrivilege
			SeSystemEnvironmentPrivilege
			SeImpersonatePrivilege</Data>
  </EventData>
</Event>

Protokollname: Security
Quelle:        Microsoft-Windows-Security-Auditing
Datum:         04.07.2012 12:50:50
Ereignis-ID:   4624
Aufgabenkategorie:Anmelden
Ebene:         Informationen
Schlüsselwörter:Überwachung erfolgreich
Benutzer:      Nicht zutreffend
Computer:      WIN-KJHGCUABASL
Beschreibung:
Ein Konto wurde erfolgreich angemeldet.

Antragsteller:
	Sicherheits-ID:		SYSTEM
	Kontoname:		WIN-KJHGCUABASL$
	Kontodomäne:		WORKGROUP
	Anmelde-ID:		0x3e7

Anmeldetyp:			5

Neue Anmeldung:
	Sicherheits-ID:		SYSTEM
	Kontoname:		SYSTEM
	Kontodomäne:		NT-AUTORITÄT
	Anmelde-ID:		0x3e7
	Anmelde-GUID:		{00000000-0000-0000-0000-000000000000}

Prozessinformationen:
	Prozess-ID:		0x1b0
	Prozessname:		C:\Windows\System32\services.exe

Netzwerkinformationen:
	Arbeitsstationsname:	
	Quellnetzwerkadresse:	-
	Quellport:		-

Detaillierte Authentifizierungsinformationen:
	Anmeldeprozess:		Advapi  
	Authentifizierungspaket:	Negotiate
	Übertragene Dienste:	-
	Paketname (nur NTLM):	-
	Schlüssellänge:		0

Dieses Ereignis wird beim Erstellen einer Anmeldesitzung generiert. Es wird auf dem Computer generiert, auf den zugegriffen wurde.

Die Antragstellerfelder geben das Konto auf dem lokalen System an, von dem die Anmeldung angefordert wurde. Dies ist meistens ein Dienst wie der Serverdienst oder ein lokaler Prozess wie "Winlogon.exe" oder "Services.exe".

Das Anmeldetypfeld gibt den jeweiligen Anmeldetyp an. Die häufigsten Typen sind 2 (interaktiv) und 3 (Netzwerk).

Die Felder für die neue Anmeldung geben das Konto an, für das die Anmeldung erstellt wurde, d. h. das angemeldete Konto.

Die Netzwerkfelder geben die Quelle einer Remoteanmeldeanforderung an. der Arbeitsstationsname ist nicht immer verfügbar und kann in manchen Fällen leer bleiben.

Die Felder für die Authentifizierungsinformationen enthalten detaillierte Informationen zu dieser speziellen Anmeldeanforderung.
	 - Die Anmelde-GUID ist ein eindeutiger Bezeichner, der verwendet werden kann, um dieses Ereignis mit einem KDC-Ereignis zu korrelieren.
	- Die übertragenen Dienste geben an, welche Zwischendienste an der Anmeldeanforderung beteiligt waren.
	- Der Paketname gibt das in den NTLM-Protokollen verwendete Unterprotokoll an.
	- Die Schlüssellänge gibt die Länge des generierten Sitzungsschlüssels an. Wenn kein Sitzungsschlüssel angefordert wurde, ist dieser Wert 0.
Ereignis-XML:
<Event xmlns="http://schemas.microsoft.com/win/2004/08/events/event">
  <System>
    <Provider Name="Microsoft-Windows-Security-Auditing" Guid="{54849625-5478-4994-A5BA-3E3B0328C30D}" />
    <EventID>4624</EventID>
    <Version>0</Version>
    <Level>0</Level>
    <Task>12544</Task>
    <Opcode>0</Opcode>
    <Keywords>0x8020000000000000</Keywords>
    <TimeCreated SystemTime="2012-07-04T10:50:50.234375000Z" />
    <EventRecordID>242</EventRecordID>
    <Correlation />
    <Execution ProcessID="440" ThreadID="1344" />
    <Channel>Security</Channel>
    <Computer>WIN-KJHGCUABASL</Computer>
    <Security />
  </System>
  <EventData>
    <Data Name="SubjectUserSid">S-1-5-18</Data>
    <Data Name="SubjectUserName">WIN-KJHGCUABASL$</Data>
    <Data Name="SubjectDomainName">WORKGROUP</Data>
    <Data Name="SubjectLogonId">0x3e7</Data>
    <Data Name="TargetUserSid">S-1-5-18</Data>
    <Data Name="TargetUserName">SYSTEM</Data>
    <Data Name="TargetDomainName">NT-AUTORITÄT</Data>
    <Data Name="TargetLogonId">0x3e7</Data>
    <Data Name="LogonType">5</Data>
    <Data Name="LogonProcessName">Advapi  </Data>
    <Data Name="AuthenticationPackageName">Negotiate</Data>
    <Data Name="WorkstationName">
    </Data>
    <Data Name="LogonGuid">{00000000-0000-0000-0000-000000000000}</Data>
    <Data Name="TransmittedServices">-</Data>
    <Data Name="LmPackageName">-</Data>
    <Data Name="KeyLength">0</Data>
    <Data Name="ProcessId">0x1b0</Data>
    <Data Name="ProcessName">C:\Windows\System32\services.exe</Data>
    <Data Name="IpAddress">-</Data>
    <Data Name="IpPort">-</Data>
  </EventData>
</Event>

Protokollname: Security
Quelle:        Microsoft-Windows-Security-Auditing
Datum:         04.07.2012 12:50:27
Ereignis-ID:   4634
Aufgabenkategorie:Abmelden
Ebene:         Informationen
Schlüsselwörter:Überwachung erfolgreich
Benutzer:      Nicht zutreffend
Computer:      WIN-KJHGCUABASL
Beschreibung:
Ein Konto wurde abgemeldet.

Antragsteller:
	Sicherheits-ID:		WIN-KJHGCUABASL\Administrator
	Kontoname:		Administrator
	Kontodomäne:		WIN-KJHGCUABASL
	Anmelde-ID:		0x54aca

Anmeldetyp:			10

Dieses Ereignis wird generiert, wenn eine Anmeldesitzung zerstört wird. Es kann anhand des Wertes der Anmelde-ID positiv mit einem Anmeldeereignis korreliert werden. Anmelde-IDs sind nur zwischen Neustarts auf demselben Computer eindeutig.
Ereignis-XML:
<Event xmlns="http://schemas.microsoft.com/win/2004/08/events/event">
  <System>
    <Provider Name="Microsoft-Windows-Security-Auditing" Guid="{54849625-5478-4994-A5BA-3E3B0328C30D}" />
    <EventID>4634</EventID>
    <Version>0</Version>
    <Level>0</Level>
    <Task>12545</Task>
    <Opcode>0</Opcode>
    <Keywords>0x8020000000000000</Keywords>
    <TimeCreated SystemTime="2012-07-04T10:50:27.609375000Z" />
    <EventRecordID>241</EventRecordID>
    <Correlation />
    <Execution ProcessID="440" ThreadID="1344" />
    <Channel>Security</Channel>
    <Computer>WIN-KJHGCUABASL</Computer>
    <Security />
  </System>
  <EventData>
    <Data Name="TargetUserSid">S-1-5-21-1984093686-2666557038-3875388431-500</Data>
    <Data Name="TargetUserName">Administrator</Data>
    <Data Name="TargetDomainName">WIN-KJHGCUABASL</Data>
    <Data Name="TargetLogonId">0x54aca</Data>
    <Data Name="LogonType">10</Data>
  </EventData>
</Event>

Protokollname: Security
Quelle:        Microsoft-Windows-Security-Auditing
Datum:         04.07.2012 12:47:51
Ereignis-ID:   4672
Aufgabenkategorie:Spezielle Anmeldung
Ebene:         Informationen
Schlüsselwörter:Überwachung erfolgreich
Benutzer:      Nicht zutreffend
Computer:      WIN-KJHGCUABASL
Beschreibung:
Einer neuen Anmeldung wurden besondere Rechte zugewiesen.

Antragsteller:
	Sicherheits-ID:		WIN-KJHGCUABASL\Administrator
	Kontoname:		Administrator
	Kontodomäne:		WIN-KJHGCUABASL
	Anmelde-ID:		0x54aca

Berechtigungen:		SeSecurityPrivilege
			SeTakeOwnershipPrivilege
			SeLoadDriverPrivilege
			SeBackupPrivilege
			SeRestorePrivilege
			SeDebugPrivilege
			SeSystemEnvironmentPrivilege
			SeImpersonatePrivilege
Ereignis-XML:
<Event xmlns="http://schemas.microsoft.com/win/2004/08/events/event">
  <System>
    <Provider Name="Microsoft-Windows-Security-Auditing" Guid="{54849625-5478-4994-A5BA-3E3B0328C30D}" />
    <EventID>4672</EventID>
    <Version>0</Version>
    <Level>0</Level>
    <Task>12548</Task>
    <Opcode>0</Opcode>
    <Keywords>0x8020000000000000</Keywords>
    <TimeCreated SystemTime="2012-07-04T10:47:51.125000000Z" />
    <EventRecordID>240</EventRecordID>
    <Correlation />
    <Execution ProcessID="440" ThreadID="1344" />
    <Channel>Security</Channel>
    <Computer>WIN-KJHGCUABASL</Computer>
    <Security />
  </System>
  <EventData>
    <Data Name="SubjectUserSid">S-1-5-21-1984093686-2666557038-3875388431-500</Data>
    <Data Name="SubjectUserName">Administrator</Data>
    <Data Name="SubjectDomainName">WIN-KJHGCUABASL</Data>
    <Data Name="SubjectLogonId">0x54aca</Data>
    <Data Name="PrivilegeList">SeSecurityPrivilege
			SeTakeOwnershipPrivilege
			SeLoadDriverPrivilege
			SeBackupPrivilege
			SeRestorePrivilege
			SeDebugPrivilege
			SeSystemEnvironmentPrivilege
			SeImpersonatePrivilege</Data>
  </EventData>
</Event>

Protokollname: Security
Quelle:        Microsoft-Windows-Security-Auditing
Datum:         04.07.2012 12:47:51
Ereignis-ID:   4624
Aufgabenkategorie:Anmelden
Ebene:         Informationen
Schlüsselwörter:Überwachung erfolgreich
Benutzer:      Nicht zutreffend
Computer:      WIN-KJHGCUABASL
Beschreibung:
Ein Konto wurde erfolgreich angemeldet.

Antragsteller:
	Sicherheits-ID:		SYSTEM
	Kontoname:		WIN-KJHGCUABASL$
	Kontodomäne:		WORKGROUP
	Anmelde-ID:		0x3e7

Anmeldetyp:			10

Neue Anmeldung:
	Sicherheits-ID:		WIN-KJHGCUABASL\Administrator
	Kontoname:		Administrator
	Kontodomäne:		WIN-KJHGCUABASL
	Anmelde-ID:		0x54aca
	Anmelde-GUID:		{00000000-0000-0000-0000-000000000000}

Prozessinformationen:
	Prozess-ID:		0x5b0
	Prozessname:		C:\Windows\System32\winlogon.exe

Netzwerkinformationen:
	Arbeitsstationsname:	WIN-KJHGCUABASL
	Quellnetzwerkadresse:	192.168.2.187
	Quellport:		34993

Detaillierte Authentifizierungsinformationen:
	Anmeldeprozess:		User32 
	Authentifizierungspaket:	Negotiate
	Übertragene Dienste:	-
	Paketname (nur NTLM):	-
	Schlüssellänge:		0

Dieses Ereignis wird beim Erstellen einer Anmeldesitzung generiert. Es wird auf dem Computer generiert, auf den zugegriffen wurde.

Die Antragstellerfelder geben das Konto auf dem lokalen System an, von dem die Anmeldung angefordert wurde. Dies ist meistens ein Dienst wie der Serverdienst oder ein lokaler Prozess wie "Winlogon.exe" oder "Services.exe".

Das Anmeldetypfeld gibt den jeweiligen Anmeldetyp an. Die häufigsten Typen sind 2 (interaktiv) und 3 (Netzwerk).

Die Felder für die neue Anmeldung geben das Konto an, für das die Anmeldung erstellt wurde, d. h. das angemeldete Konto.

Die Netzwerkfelder geben die Quelle einer Remoteanmeldeanforderung an. der Arbeitsstationsname ist nicht immer verfügbar und kann in manchen Fällen leer bleiben.

Die Felder für die Authentifizierungsinformationen enthalten detaillierte Informationen zu dieser speziellen Anmeldeanforderung.
	 - Die Anmelde-GUID ist ein eindeutiger Bezeichner, der verwendet werden kann, um dieses Ereignis mit einem KDC-Ereignis zu korrelieren.
	- Die übertragenen Dienste geben an, welche Zwischendienste an der Anmeldeanforderung beteiligt waren.
	- Der Paketname gibt das in den NTLM-Protokollen verwendete Unterprotokoll an.
	- Die Schlüssellänge gibt die Länge des generierten Sitzungsschlüssels an. Wenn kein Sitzungsschlüssel angefordert wurde, ist dieser Wert 0.
Ereignis-XML:
<Event xmlns="http://schemas.microsoft.com/win/2004/08/events/event">
  <System>
    <Provider Name="Microsoft-Windows-Security-Auditing" Guid="{54849625-5478-4994-A5BA-3E3B0328C30D}" />
    <EventID>4624</EventID>
    <Version>0</Version>
    <Level>0</Level>
    <Task>12544</Task>
    <Opcode>0</Opcode>
    <Keywords>0x8020000000000000</Keywords>
    <TimeCreated SystemTime="2012-07-04T10:47:51.125000000Z" />
    <EventRecordID>239</EventRecordID>
    <Correlation />
    <Execution ProcessID="440" ThreadID="1344" />
    <Channel>Security</Channel>
    <Computer>WIN-KJHGCUABASL</Computer>
    <Security />
  </System>
  <EventData>
    <Data Name="SubjectUserSid">S-1-5-18</Data>
    <Data Name="SubjectUserName">WIN-KJHGCUABASL$</Data>
    <Data Name="SubjectDomainName">WORKGROUP</Data>
    <Data Name="SubjectLogonId">0x3e7</Data>
    <Data Name="TargetUserSid">S-1-5-21-1984093686-2666557038-3875388431-500</Data>
    <Data Name="TargetUserName">Administrator</Data>
    <Data Name="TargetDomainName">WIN-KJHGCUABASL</Data>
    <Data Name="TargetLogonId">0x54aca</Data>
    <Data Name="LogonType">10</Data>
    <Data Name="LogonProcessName">User32 </Data>
    <Data Name="AuthenticationPackageName">Negotiate</Data>
    <Data Name="WorkstationName">WIN-KJHGCUABASL</Data>
    <Data Name="LogonGuid">{00000000-0000-0000-0000-000000000000}</Data>
    <Data Name="TransmittedServices">-</Data>
    <Data Name="LmPackageName">-</Data>
    <Data Name="KeyLength">0</Data>
    <Data Name="ProcessId">0x5b0</Data>
    <Data Name="ProcessName">C:\Windows\System32\winlogon.exe</Data>
    <Data Name="IpAddress">192.168.2.187</Data>
    <Data Name="IpPort">34993</Data>
  </EventData>
</Event>

Protokollname: Security
Quelle:        Microsoft-Windows-Security-Auditing
Datum:         04.07.2012 12:47:51
Ereignis-ID:   4648
Aufgabenkategorie:Anmelden
Ebene:         Informationen
Schlüsselwörter:Überwachung erfolgreich
Benutzer:      Nicht zutreffend
Computer:      WIN-KJHGCUABASL
Beschreibung:
Anmeldeversuch mit expliziten Anmeldeinformationen.

Antragsteller:
	Sicherheits-ID:		SYSTEM
	Kontoname:		WIN-KJHGCUABASL$
	Kontodomäne:		WORKGROUP
	Anmelde-ID:		0x3e7
	Anmelde-GUID:		{00000000-0000-0000-0000-000000000000}

Konto, dessen Anmeldeinformationen verwendet wurden:
	Kontoname:		Administrator
	Kontodomäne:		WIN-KJHGCUABASL
	Anmelde-GUID:		{00000000-0000-0000-0000-000000000000}

Zielserver:
	Zielservername:	localhost
	Weitere Informationen:	localhost

Prozessinformationen:
	Prozess-ID:		0x5b0
	Prozessname:		C:\Windows\System32\winlogon.exe

Netzwerkinformationen:
	Netzwerkadresse:	192.168.2.187
	Port:			34993

Dieses Ereignis wird bei einem Anmeldeversuch durch einen Prozess generiert, wenn ausdrücklich die Anmeldeinformationen des Kontos angegeben werden.  Dies ist normalerweise der Fall in Batch-Konfigurationen, z. B. bei geplanten Aufgaben oder wenn der Befehl "runas" verwendet wird.
Ereignis-XML:
<Event xmlns="http://schemas.microsoft.com/win/2004/08/events/event">
  <System>
    <Provider Name="Microsoft-Windows-Security-Auditing" Guid="{54849625-5478-4994-A5BA-3E3B0328C30D}" />
    <EventID>4648</EventID>
    <Version>0</Version>
    <Level>0</Level>
    <Task>12544</Task>
    <Opcode>0</Opcode>
    <Keywords>0x8020000000000000</Keywords>
    <TimeCreated SystemTime="2012-07-04T10:47:51.125000000Z" />
    <EventRecordID>238</EventRecordID>
    <Correlation />
    <Execution ProcessID="440" ThreadID="1344" />
    <Channel>Security</Channel>
    <Computer>WIN-KJHGCUABASL</Computer>
    <Security />
  </System>
  <EventData>
    <Data Name="SubjectUserSid">S-1-5-18</Data>
    <Data Name="SubjectUserName">WIN-KJHGCUABASL$</Data>
    <Data Name="SubjectDomainName">WORKGROUP</Data>
    <Data Name="SubjectLogonId">0x3e7</Data>
    <Data Name="LogonGuid">{00000000-0000-0000-0000-000000000000}</Data>
    <Data Name="TargetUserName">Administrator</Data>
    <Data Name="TargetDomainName">WIN-KJHGCUABASL</Data>
    <Data Name="TargetLogonGuid">{00000000-0000-0000-0000-000000000000}</Data>
    <Data Name="TargetServerName">localhost</Data>
    <Data Name="TargetInfo">localhost</Data>
    <Data Name="ProcessId">0x5b0</Data>
    <Data Name="ProcessName">C:\Windows\System32\winlogon.exe</Data>
    <Data Name="IpAddress">192.168.2.187</Data>
    <Data Name="IpPort">34993</Data>
  </EventData>
</Event>

Protokollname: Security
Quelle:        Microsoft-Windows-Security-Auditing
Datum:         04.07.2012 12:47:51
Ereignis-ID:   4776
Aufgabenkategorie:Überprüfung der Anmeldeinformationen
Ebene:         Informationen
Schlüsselwörter:Überwachung erfolgreich
Benutzer:      Nicht zutreffend
Computer:      WIN-KJHGCUABASL
Beschreibung:
Es wurde versucht, die Anmeldeinformationen für ein Konto zu überprüfen.

Authentifizierungspaket:	MICROSOFT_AUTHENTICATION_PACKAGE_V1_0
Anmeldekonto:	Administrator
Arbeitsstation:	WIN-KJHGCUABASL
Fehlercode:	0x0
Ereignis-XML:
<Event xmlns="http://schemas.microsoft.com/win/2004/08/events/event">
  <System>
    <Provider Name="Microsoft-Windows-Security-Auditing" Guid="{54849625-5478-4994-A5BA-3E3B0328C30D}" />
    <EventID>4776</EventID>
    <Version>0</Version>
    <Level>0</Level>
    <Task>14336</Task>
    <Opcode>0</Opcode>
    <Keywords>0x8020000000000000</Keywords>
    <TimeCreated SystemTime="2012-07-04T10:47:51.109375000Z" />
    <EventRecordID>237</EventRecordID>
    <Correlation />
    <Execution ProcessID="440" ThreadID="1344" />
    <Channel>Security</Channel>
    <Computer>WIN-KJHGCUABASL</Computer>
    <Security />
  </System>
  <EventData>
    <Data Name="PackageName">MICROSOFT_AUTHENTICATION_PACKAGE_V1_0</Data>
    <Data Name="TargetUserName">Administrator</Data>
    <Data Name="Workstation">WIN-KJHGCUABASL</Data>
    <Data Name="Status">0x0</Data>
  </EventData>
</Event>

Protokollname: Security
Quelle:        Microsoft-Windows-Security-Auditing
Datum:         04.07.2012 12:25:34
Ereignis-ID:   4672
Aufgabenkategorie:Spezielle Anmeldung
Ebene:         Informationen
Schlüsselwörter:Überwachung erfolgreich
Benutzer:      Nicht zutreffend
Computer:      WIN-KJHGCUABASL
Beschreibung:
Einer neuen Anmeldung wurden besondere Rechte zugewiesen.

Antragsteller:
	Sicherheits-ID:		SYSTEM
	Kontoname:		SYSTEM
	Kontodomäne:		NT-AUTORITÄT
	Anmelde-ID:		0x3e7

Berechtigungen:		SeAssignPrimaryTokenPrivilege
			SeTcbPrivilege
			SeSecurityPrivilege
			SeTakeOwnershipPrivilege
			SeLoadDriverPrivilege
			SeBackupPrivilege
			SeRestorePrivilege
			SeDebugPrivilege
			SeAuditPrivilege
			SeSystemEnvironmentPrivilege
			SeImpersonatePrivilege
Ereignis-XML:
<Event xmlns="http://schemas.microsoft.com/win/2004/08/events/event">
  <System>
    <Provider Name="Microsoft-Windows-Security-Auditing" Guid="{54849625-5478-4994-A5BA-3E3B0328C30D}" />
    <EventID>4672</EventID>
    <Version>0</Version>
    <Level>0</Level>
    <Task>12548</Task>
    <Opcode>0</Opcode>
    <Keywords>0x8020000000000000</Keywords>
    <TimeCreated SystemTime="2012-07-04T10:25:34.234375000Z" />
    <EventRecordID>236</EventRecordID>
    <Correlation />
    <Execution ProcessID="440" ThreadID="1368" />
    <Channel>Security</Channel>
    <Computer>WIN-KJHGCUABASL</Computer>
    <Security />
  </System>
  <EventData>
    <Data Name="SubjectUserSid">S-1-5-18</Data>
    <Data Name="SubjectUserName">SYSTEM</Data>
    <Data Name="SubjectDomainName">NT-AUTORITÄT</Data>
    <Data Name="SubjectLogonId">0x3e7</Data>
    <Data Name="PrivilegeList">SeAssignPrimaryTokenPrivilege
			SeTcbPrivilege
			SeSecurityPrivilege
			SeTakeOwnershipPrivilege
			SeLoadDriverPrivilege
			SeBackupPrivilege
			SeRestorePrivilege
			SeDebugPrivilege
			SeAuditPrivilege
			SeSystemEnvironmentPrivilege
			SeImpersonatePrivilege</Data>
  </EventData>
</Event>

Protokollname: Security
Quelle:        Microsoft-Windows-Security-Auditing
Datum:         04.07.2012 12:25:34
Ereignis-ID:   4624
Aufgabenkategorie:Anmelden
Ebene:         Informationen
Schlüsselwörter:Überwachung erfolgreich
Benutzer:      Nicht zutreffend
Computer:      WIN-KJHGCUABASL
Beschreibung:
Ein Konto wurde erfolgreich angemeldet.

Antragsteller:
	Sicherheits-ID:		SYSTEM
	Kontoname:		WIN-KJHGCUABASL$
	Kontodomäne:		WORKGROUP
	Anmelde-ID:		0x3e7

Anmeldetyp:			5

Neue Anmeldung:
	Sicherheits-ID:		SYSTEM
	Kontoname:		SYSTEM
	Kontodomäne:		NT-AUTORITÄT
	Anmelde-ID:		0x3e7
	Anmelde-GUID:		{00000000-0000-0000-0000-000000000000}

Prozessinformationen:
	Prozess-ID:		0x1b0
	Prozessname:		C:\Windows\System32\services.exe

Netzwerkinformationen:
	Arbeitsstationsname:	
	Quellnetzwerkadresse:	-
	Quellport:		-

Detaillierte Authentifizierungsinformationen:
	Anmeldeprozess:		Advapi  
	Authentifizierungspaket:	Negotiate
	Übertragene Dienste:	-
	Paketname (nur NTLM):	-
	Schlüssellänge:		0

Dieses Ereignis wird beim Erstellen einer Anmeldesitzung generiert. Es wird auf dem Computer generiert, auf den zugegriffen wurde.

Die Antragstellerfelder geben das Konto auf dem lokalen System an, von dem die Anmeldung angefordert wurde. Dies ist meistens ein Dienst wie der Serverdienst oder ein lokaler Prozess wie "Winlogon.exe" oder "Services.exe".

Das Anmeldetypfeld gibt den jeweiligen Anmeldetyp an. Die häufigsten Typen sind 2 (interaktiv) und 3 (Netzwerk).

Die Felder für die neue Anmeldung geben das Konto an, für das die Anmeldung erstellt wurde, d. h. das angemeldete Konto.

Die Netzwerkfelder geben die Quelle einer Remoteanmeldeanforderung an. der Arbeitsstationsname ist nicht immer verfügbar und kann in manchen Fällen leer bleiben.

Die Felder für die Authentifizierungsinformationen enthalten detaillierte Informationen zu dieser speziellen Anmeldeanforderung.
	 - Die Anmelde-GUID ist ein eindeutiger Bezeichner, der verwendet werden kann, um dieses Ereignis mit einem KDC-Ereignis zu korrelieren.
	- Die übertragenen Dienste geben an, welche Zwischendienste an der Anmeldeanforderung beteiligt waren.
	- Der Paketname gibt das in den NTLM-Protokollen verwendete Unterprotokoll an.
	- Die Schlüssellänge gibt die Länge des generierten Sitzungsschlüssels an. Wenn kein Sitzungsschlüssel angefordert wurde, ist dieser Wert 0.
Ereignis-XML:
<Event xmlns="http://schemas.microsoft.com/win/2004/08/events/event">
  <System>
    <Provider Name="Microsoft-Windows-Security-Auditing" Guid="{54849625-5478-4994-A5BA-3E3B0328C30D}" />
    <EventID>4624</EventID>
    <Version>0</Version>
    <Level>0</Level>
    <Task>12544</Task>
    <Opcode>0</Opcode>
    <Keywords>0x8020000000000000</Keywords>
    <TimeCreated SystemTime="2012-07-04T10:25:34.234375000Z" />
    <EventRecordID>235</EventRecordID>
    <Correlation />
    <Execution ProcessID="440" ThreadID="1368" />
    <Channel>Security</Channel>
    <Computer>WIN-KJHGCUABASL</Computer>
    <Security />
  </System>
  <EventData>
    <Data Name="SubjectUserSid">S-1-5-18</Data>
    <Data Name="SubjectUserName">WIN-KJHGCUABASL$</Data>
    <Data Name="SubjectDomainName">WORKGROUP</Data>
    <Data Name="SubjectLogonId">0x3e7</Data>
    <Data Name="TargetUserSid">S-1-5-18</Data>
    <Data Name="TargetUserName">SYSTEM</Data>
    <Data Name="TargetDomainName">NT-AUTORITÄT</Data>
    <Data Name="TargetLogonId">0x3e7</Data>
    <Data Name="LogonType">5</Data>
    <Data Name="LogonProcessName">Advapi  </Data>
    <Data Name="AuthenticationPackageName">Negotiate</Data>
    <Data Name="WorkstationName">
    </Data>
    <Data Name="LogonGuid">{00000000-0000-0000-0000-000000000000}</Data>
    <Data Name="TransmittedServices">-</Data>
    <Data Name="LmPackageName">-</Data>
    <Data Name="KeyLength">0</Data>
    <Data Name="ProcessId">0x1b0</Data>
    <Data Name="ProcessName">C:\Windows\System32\services.exe</Data>
    <Data Name="IpAddress">-</Data>
    <Data Name="IpPort">-</Data>
  </EventData>
</Event>

Protokollname: Security
Quelle:        Microsoft-Windows-Security-Auditing
Datum:         04.07.2012 12:25:00
Ereignis-ID:   4672
Aufgabenkategorie:Spezielle Anmeldung
Ebene:         Informationen
Schlüsselwörter:Überwachung erfolgreich
Benutzer:      Nicht zutreffend
Computer:      WIN-KJHGCUABASL
Beschreibung:
Einer neuen Anmeldung wurden besondere Rechte zugewiesen.

Antragsteller:
	Sicherheits-ID:		WIN-KJHGCUABASL\Administrator
	Kontoname:		Administrator
	Kontodomäne:		WIN-KJHGCUABASL
	Anmelde-ID:		0x40051

Berechtigungen:		SeSecurityPrivilege
			SeTakeOwnershipPrivilege
			SeLoadDriverPrivilege
			SeBackupPrivilege
			SeRestorePrivilege
			SeDebugPrivilege
			SeSystemEnvironmentPrivilege
			SeImpersonatePrivilege
Ereignis-XML:
<Event xmlns="http://schemas.microsoft.com/win/2004/08/events/event">
  <System>
    <Provider Name="Microsoft-Windows-Security-Auditing" Guid="{54849625-5478-4994-A5BA-3E3B0328C30D}" />
    <EventID>4672</EventID>
    <Version>0</Version>
    <Level>0</Level>
    <Task>12548</Task>
    <Opcode>0</Opcode>
    <Keywords>0x8020000000000000</Keywords>
    <TimeCreated SystemTime="2012-07-04T10:25:00.968750000Z" />
    <EventRecordID>234</EventRecordID>
    <Correlation />
    <Execution ProcessID="440" ThreadID="1316" />
    <Channel>Security</Channel>
    <Computer>WIN-KJHGCUABASL</Computer>
    <Security />
  </System>
  <EventData>
    <Data Name="SubjectUserSid">S-1-5-21-1984093686-2666557038-3875388431-500</Data>
    <Data Name="SubjectUserName">Administrator</Data>
    <Data Name="SubjectDomainName">WIN-KJHGCUABASL</Data>
    <Data Name="SubjectLogonId">0x40051</Data>
    <Data Name="PrivilegeList">SeSecurityPrivilege
			SeTakeOwnershipPrivilege
			SeLoadDriverPrivilege
			SeBackupPrivilege
			SeRestorePrivilege
			SeDebugPrivilege
			SeSystemEnvironmentPrivilege
			SeImpersonatePrivilege</Data>
  </EventData>
</Event>

Protokollname: Security
Quelle:        Microsoft-Windows-Security-Auditing
Datum:         04.07.2012 12:25:00
Ereignis-ID:   4624
Aufgabenkategorie:Anmelden
Ebene:         Informationen
Schlüsselwörter:Überwachung erfolgreich
Benutzer:      Nicht zutreffend
Computer:      WIN-KJHGCUABASL
Beschreibung:
Ein Konto wurde erfolgreich angemeldet.

Antragsteller:
	Sicherheits-ID:		SYSTEM
	Kontoname:		WIN-KJHGCUABASL$
	Kontodomäne:		WORKGROUP
	Anmelde-ID:		0x3e7

Anmeldetyp:			2

Neue Anmeldung:
	Sicherheits-ID:		WIN-KJHGCUABASL\Administrator
	Kontoname:		Administrator
	Kontodomäne:		WIN-KJHGCUABASL
	Anmelde-ID:		0x40051
	Anmelde-GUID:		{00000000-0000-0000-0000-000000000000}

Prozessinformationen:
	Prozess-ID:		0x174
	Prozessname:		C:\Windows\System32\winlogon.exe

Netzwerkinformationen:
	Arbeitsstationsname:	WIN-KJHGCUABASL
	Quellnetzwerkadresse:	127.0.0.1
	Quellport:		0

Detaillierte Authentifizierungsinformationen:
	Anmeldeprozess:		User32 
	Authentifizierungspaket:	Negotiate
	Übertragene Dienste:	-
	Paketname (nur NTLM):	-
	Schlüssellänge:		0

Dieses Ereignis wird beim Erstellen einer Anmeldesitzung generiert. Es wird auf dem Computer generiert, auf den zugegriffen wurde.

Die Antragstellerfelder geben das Konto auf dem lokalen System an, von dem die Anmeldung angefordert wurde. Dies ist meistens ein Dienst wie der Serverdienst oder ein lokaler Prozess wie "Winlogon.exe" oder "Services.exe".

Das Anmeldetypfeld gibt den jeweiligen Anmeldetyp an. Die häufigsten Typen sind 2 (interaktiv) und 3 (Netzwerk).

Die Felder für die neue Anmeldung geben das Konto an, für das die Anmeldung erstellt wurde, d. h. das angemeldete Konto.

Die Netzwerkfelder geben die Quelle einer Remoteanmeldeanforderung an. der Arbeitsstationsname ist nicht immer verfügbar und kann in manchen Fällen leer bleiben.

Die Felder für die Authentifizierungsinformationen enthalten detaillierte Informationen zu dieser speziellen Anmeldeanforderung.
	 - Die Anmelde-GUID ist ein eindeutiger Bezeichner, der verwendet werden kann, um dieses Ereignis mit einem KDC-Ereignis zu korrelieren.
	- Die übertragenen Dienste geben an, welche Zwischendienste an der Anmeldeanforderung beteiligt waren.
	- Der Paketname gibt das in den NTLM-Protokollen verwendete Unterprotokoll an.
	- Die Schlüssellänge gibt die Länge des generierten Sitzungsschlüssels an. Wenn kein Sitzungsschlüssel angefordert wurde, ist dieser Wert 0.
Ereignis-XML:
<Event xmlns="http://schemas.microsoft.com/win/2004/08/events/event">
  <System>
    <Provider Name="Microsoft-Windows-Security-Auditing" Guid="{54849625-5478-4994-A5BA-3E3B0328C30D}" />
    <EventID>4624</EventID>
    <Version>0</Version>
    <Level>0</Level>
    <Task>12544</Task>
    <Opcode>0</Opcode>
    <Keywords>0x8020000000000000</Keywords>
    <TimeCreated SystemTime="2012-07-04T10:25:00.968750000Z" />
    <EventRecordID>233</EventRecordID>
    <Correlation />
    <Execution ProcessID="440" ThreadID="1316" />
    <Channel>Security</Channel>
    <Computer>WIN-KJHGCUABASL</Computer>
    <Security />
  </System>
  <EventData>
    <Data Name="SubjectUserSid">S-1-5-18</Data>
    <Data Name="SubjectUserName">WIN-KJHGCUABASL$</Data>
    <Data Name="SubjectDomainName">WORKGROUP</Data>
    <Data Name="SubjectLogonId">0x3e7</Data>
    <Data Name="TargetUserSid">S-1-5-21-1984093686-2666557038-3875388431-500</Data>
    <Data Name="TargetUserName">Administrator</Data>
    <Data Name="TargetDomainName">WIN-KJHGCUABASL</Data>
    <Data Name="TargetLogonId">0x40051</Data>
    <Data Name="LogonType">2</Data>
    <Data Name="LogonProcessName">User32 </Data>
    <Data Name="AuthenticationPackageName">Negotiate</Data>
    <Data Name="WorkstationName">WIN-KJHGCUABASL</Data>
    <Data Name="LogonGuid">{00000000-0000-0000-0000-000000000000}</Data>
    <Data Name="TransmittedServices">-</Data>
    <Data Name="LmPackageName">-</Data>
    <Data Name="KeyLength">0</Data>
    <Data Name="ProcessId">0x174</Data>
    <Data Name="ProcessName">C:\Windows\System32\winlogon.exe</Data>
    <Data Name="IpAddress">127.0.0.1</Data>
    <Data Name="IpPort">0</Data>
  </EventData>
</Event>

Protokollname: Security
Quelle:        Microsoft-Windows-Security-Auditing
Datum:         04.07.2012 12:25:00
Ereignis-ID:   4648
Aufgabenkategorie:Anmelden
Ebene:         Informationen
Schlüsselwörter:Überwachung erfolgreich
Benutzer:      Nicht zutreffend
Computer:      WIN-KJHGCUABASL
Beschreibung:
Anmeldeversuch mit expliziten Anmeldeinformationen.

Antragsteller:
	Sicherheits-ID:		SYSTEM
	Kontoname:		WIN-KJHGCUABASL$
	Kontodomäne:		WORKGROUP
	Anmelde-ID:		0x3e7
	Anmelde-GUID:		{00000000-0000-0000-0000-000000000000}

Konto, dessen Anmeldeinformationen verwendet wurden:
	Kontoname:		Administrator
	Kontodomäne:		WIN-KJHGCUABASL
	Anmelde-GUID:		{00000000-0000-0000-0000-000000000000}

Zielserver:
	Zielservername:	localhost
	Weitere Informationen:	localhost

Prozessinformationen:
	Prozess-ID:		0x174
	Prozessname:		C:\Windows\System32\winlogon.exe

Netzwerkinformationen:
	Netzwerkadresse:	127.0.0.1
	Port:			0

Dieses Ereignis wird bei einem Anmeldeversuch durch einen Prozess generiert, wenn ausdrücklich die Anmeldeinformationen des Kontos angegeben werden.  Dies ist normalerweise der Fall in Batch-Konfigurationen, z. B. bei geplanten Aufgaben oder wenn der Befehl "runas" verwendet wird.
Ereignis-XML:
<Event xmlns="http://schemas.microsoft.com/win/2004/08/events/event">
  <System>
    <Provider Name="Microsoft-Windows-Security-Auditing" Guid="{54849625-5478-4994-A5BA-3E3B0328C30D}" />
    <EventID>4648</EventID>
    <Version>0</Version>
    <Level>0</Level>
    <Task>12544</Task>
    <Opcode>0</Opcode>
    <Keywords>0x8020000000000000</Keywords>
    <TimeCreated SystemTime="2012-07-04T10:25:00.968750000Z" />
    <EventRecordID>232</EventRecordID>
    <Correlation />
    <Execution ProcessID="440" ThreadID="1316" />
    <Channel>Security</Channel>
    <Computer>WIN-KJHGCUABASL</Computer>
    <Security />
  </System>
  <EventData>
    <Data Name="SubjectUserSid">S-1-5-18</Data>
    <Data Name="SubjectUserName">WIN-KJHGCUABASL$</Data>
    <Data Name="SubjectDomainName">WORKGROUP</Data>
    <Data Name="SubjectLogonId">0x3e7</Data>
    <Data Name="LogonGuid">{00000000-0000-0000-0000-000000000000}</Data>
    <Data Name="TargetUserName">Administrator</Data>
    <Data Name="TargetDomainName">WIN-KJHGCUABASL</Data>
    <Data Name="TargetLogonGuid">{00000000-0000-0000-0000-000000000000}</Data>
    <Data Name="TargetServerName">localhost</Data>
    <Data Name="TargetInfo">localhost</Data>
    <Data Name="ProcessId">0x174</Data>
    <Data Name="ProcessName">C:\Windows\System32\winlogon.exe</Data>
    <Data Name="IpAddress">127.0.0.1</Data>
    <Data Name="IpPort">0</Data>
  </EventData>
</Event>

Protokollname: Security
Quelle:        Microsoft-Windows-Security-Auditing
Datum:         04.07.2012 12:25:00
Ereignis-ID:   4776
Aufgabenkategorie:Überprüfung der Anmeldeinformationen
Ebene:         Informationen
Schlüsselwörter:Überwachung erfolgreich
Benutzer:      Nicht zutreffend
Computer:      WIN-KJHGCUABASL
Beschreibung:
Es wurde versucht, die Anmeldeinformationen für ein Konto zu überprüfen.

Authentifizierungspaket:	MICROSOFT_AUTHENTICATION_PACKAGE_V1_0
Anmeldekonto:	administrator
Arbeitsstation:	WIN-KJHGCUABASL
Fehlercode:	0x0
Ereignis-XML:
<Event xmlns="http://schemas.microsoft.com/win/2004/08/events/event">
  <System>
    <Provider Name="Microsoft-Windows-Security-Auditing" Guid="{54849625-5478-4994-A5BA-3E3B0328C30D}" />
    <EventID>4776</EventID>
    <Version>0</Version>
    <Level>0</Level>
    <Task>14336</Task>
    <Opcode>0</Opcode>
    <Keywords>0x8020000000000000</Keywords>
    <TimeCreated SystemTime="2012-07-04T10:25:00.953125000Z" />
    <EventRecordID>231</EventRecordID>
    <Correlation />
    <Execution ProcessID="440" ThreadID="1316" />
    <Channel>Security</Channel>
    <Computer>WIN-KJHGCUABASL</Computer>
    <Security />
  </System>
  <EventData>
    <Data Name="PackageName">MICROSOFT_AUTHENTICATION_PACKAGE_V1_0</Data>
    <Data Name="TargetUserName">administrator</Data>
    <Data Name="Workstation">WIN-KJHGCUABASL</Data>
    <Data Name="Status">0x0</Data>
  </EventData>
</Event>

Protokollname: Security
Quelle:        Microsoft-Windows-Security-Auditing
Datum:         04.07.2012 11:35:11
Ereignis-ID:   4735
Aufgabenkategorie:Sicherheitsgruppenverwaltung
Ebene:         Informationen
Schlüsselwörter:Überwachung erfolgreich
Benutzer:      Nicht zutreffend
Computer:      WIN-KJHGCUABASL
Beschreibung:
Eine sicherheitsaktivierte lokale Gruppe wurde geändert.

Antragsteller:
	Sicherheits-ID:		SYSTEM
	Kontoname:		WIN-KJHGCUABASL$
	Kontodomäne:		WORKGROUP
	Anmelde-ID:		0x3e7

Gruppe:
	Sicherheits-ID:		WIN-KJHGCUABASL\Terminaldienste-Webzugriffscomputer
	Gruppenname:		Terminaldienste-Webzugriffscomputer
	Gruppendomäne:		WIN-KJHGCUABASL

Geänderte Attribute:
	SAM-Kontoname:	-
	SID-Verlauf:		-

Weitere Informationen:
	Berechtigungen:		-
Ereignis-XML:
<Event xmlns="http://schemas.microsoft.com/win/2004/08/events/event">
  <System>
    <Provider Name="Microsoft-Windows-Security-Auditing" Guid="{54849625-5478-4994-A5BA-3E3B0328C30D}" />
    <EventID>4735</EventID>
    <Version>0</Version>
    <Level>0</Level>
    <Task>13826</Task>
    <Opcode>0</Opcode>
    <Keywords>0x8020000000000000</Keywords>
    <TimeCreated SystemTime="2012-07-04T09:35:11.703125000Z" />
    <EventRecordID>230</EventRecordID>
    <Correlation />
    <Execution ProcessID="440" ThreadID="496" />
    <Channel>Security</Channel>
    <Computer>WIN-KJHGCUABASL</Computer>
    <Security />
  </System>
  <EventData>
    <Data Name="TargetUserName">Terminaldienste-Webzugriffscomputer</Data>
    <Data Name="TargetDomainName">WIN-KJHGCUABASL</Data>
    <Data Name="TargetSid">S-1-5-21-1984093686-2666557038-3875388431-1000</Data>
    <Data Name="SubjectUserSid">S-1-5-18</Data>
    <Data Name="SubjectUserName">WIN-KJHGCUABASL$</Data>
    <Data Name="SubjectDomainName">WORKGROUP</Data>
    <Data Name="SubjectLogonId">0x3e7</Data>
    <Data Name="PrivilegeList">-</Data>
    <Data Name="SamAccountName">-</Data>
    <Data Name="SidHistory">-</Data>
  </EventData>
</Event>

Protokollname: Security
Quelle:        Microsoft-Windows-Security-Auditing
Datum:         04.07.2012 11:35:11
Ereignis-ID:   4731
Aufgabenkategorie:Sicherheitsgruppenverwaltung
Ebene:         Informationen
Schlüsselwörter:Überwachung erfolgreich
Benutzer:      Nicht zutreffend
Computer:      WIN-KJHGCUABASL
Beschreibung:
Eine sicherheitsaktivierte lokale Gruppe wurde erstellt.

Antragsteller:
	Sicherheits-ID:		SYSTEM
	Kontoname:		WIN-KJHGCUABASL$
	Kontodomäne:		WORKGROUP
	Anmelde-ID:		0x3e7

Neue Gruppe:
	Sicherheits-ID:		WIN-KJHGCUABASL\Terminaldienste-Webzugriffscomputer
	Gruppenname:		Terminaldienste-Webzugriffscomputer
	Gruppendomäne:		WIN-KJHGCUABASL

Attribute:
	SAM-Kontoname:	Terminaldienste-Webzugriffscomputer
	SID-Verlauf:		-

Weitere Informationen:
	Berechtigungen:		-
Ereignis-XML:
<Event xmlns="http://schemas.microsoft.com/win/2004/08/events/event">
  <System>
    <Provider Name="Microsoft-Windows-Security-Auditing" Guid="{54849625-5478-4994-A5BA-3E3B0328C30D}" />
    <EventID>4731</EventID>
    <Version>0</Version>
    <Level>0</Level>
    <Task>13826</Task>
    <Opcode>0</Opcode>
    <Keywords>0x8020000000000000</Keywords>
    <TimeCreated SystemTime="2012-07-04T09:35:11.687500000Z" />
    <EventRecordID>229</EventRecordID>
    <Correlation />
    <Execution ProcessID="440" ThreadID="496" />
    <Channel>Security</Channel>
    <Computer>WIN-KJHGCUABASL</Computer>
    <Security />
  </System>
  <EventData>
    <Data Name="TargetUserName">Terminaldienste-Webzugriffscomputer</Data>
    <Data Name="TargetDomainName">WIN-KJHGCUABASL</Data>
    <Data Name="TargetSid">S-1-5-21-1984093686-2666557038-3875388431-1000</Data>
    <Data Name="SubjectUserSid">S-1-5-18</Data>
    <Data Name="SubjectUserName">WIN-KJHGCUABASL$</Data>
    <Data Name="SubjectDomainName">WORKGROUP</Data>
    <Data Name="SubjectLogonId">0x3e7</Data>
    <Data Name="PrivilegeList">-</Data>
    <Data Name="SamAccountName">Terminaldienste-Webzugriffscomputer</Data>
    <Data Name="SidHistory">-</Data>
  </EventData>
</Event>

