Protokollname: Security
Quelle:        Microsoft-Windows-Security-Auditing
Datum:         04.07.2012 11:33:56
Ereignis-ID:   4907
Aufgabenkategorie:Richtlinienänderungen überwachen
Ebene:         Informationen
Schlüsselwörter:Überwachung erfolgreich
Benutzer:      Nicht zutreffend
Computer:      WIN-KJHGCUABASL
Beschreibung:
Die Überwachungseinstellungen für ein Objekt wurden geändert:

Antragsteller:
	Sicherheits-ID:		SYSTEM
	Kontoname:		WIN-KJHGCUABASL$
	Kontodomäne:		WORKGROUP
	Anmelde-ID:		0x3e7

Objekt:
	Objektserver:	Security
	Objekttyp:	File
	Objektname:	C:\Windows\System32\remoteprograms.msc
	Handle-ID:	0x18

Prozessinformationen:
	Prozess-ID:	0x728
	Prozessname:	C:\Windows\System32\poqexec.exe

Überwachungseinstellungen:
	Originalsicherheitsbeschreibung:	
	Neue Sicherheitsbeschreibung:		S:ARAI(AU;SAFA;DCLCRPCRSDWDWO;;;WD)
Ereignis-XML:
<Event xmlns="http://schemas.microsoft.com/win/2004/08/events/event">
  <System>
    <Provider Name="Microsoft-Windows-Security-Auditing" Guid="{54849625-5478-4994-A5BA-3E3B0328C30D}" />
    <EventID>4907</EventID>
    <Version>0</Version>
    <Level>0</Level>
    <Task>13568</Task>
    <Opcode>0</Opcode>
    <Keywords>0x8020000000000000</Keywords>
    <TimeCreated SystemTime="2012-07-04T09:33:56.812500000Z" />
    <EventRecordID>144</EventRecordID>
    <Correlation />
    <Execution ProcessID="448" ThreadID="464" />
    <Channel>Security</Channel>
    <Computer>WIN-KJHGCUABASL</Computer>
    <Security />
  </System>
  <EventData>
    <Data Name="SubjectUserSid">S-1-5-18</Data>
    <Data Name="SubjectUserName">WIN-KJHGCUABASL$</Data>
    <Data Name="SubjectDomainName">WORKGROUP</Data>
    <Data Name="SubjectLogonId">0x3e7</Data>
    <Data Name="ObjectServer">Security</Data>
    <Data Name="ObjectType">File</Data>
    <Data Name="ObjectName">C:\Windows\System32\remoteprograms.msc</Data>
    <Data Name="HandleId">0x18</Data>
    <Data Name="OldSd">
    </Data>
    <Data Name="NewSd">S:ARAI(AU;SAFA;DCLCRPCRSDWDWO;;;WD)</Data>
    <Data Name="ProcessId">0x728</Data>
    <Data Name="ProcessName">C:\Windows\System32\poqexec.exe</Data>
  </EventData>
</Event>

Protokollname: Security
Quelle:        Microsoft-Windows-Security-Auditing
Datum:         04.07.2012 11:33:56
Ereignis-ID:   4907
Aufgabenkategorie:Richtlinienänderungen überwachen
Ebene:         Informationen
Schlüsselwörter:Überwachung erfolgreich
Benutzer:      Nicht zutreffend
Computer:      WIN-KJHGCUABASL
Beschreibung:
Die Überwachungseinstellungen für ein Objekt wurden geändert:

Antragsteller:
	Sicherheits-ID:		SYSTEM
	Kontoname:		WIN-KJHGCUABASL$
	Kontodomäne:		WORKGROUP
	Anmelde-ID:		0x3e7

Objekt:
	Objektserver:	Security
	Objekttyp:	File
	Objektname:	C:\Windows\System32\SDClient.dll
	Handle-ID:	0x18

Prozessinformationen:
	Prozess-ID:	0x728
	Prozessname:	C:\Windows\System32\poqexec.exe

Überwachungseinstellungen:
	Originalsicherheitsbeschreibung:	
	Neue Sicherheitsbeschreibung:		S:ARAI(AU;SAFA;DCLCRPCRSDWDWO;;;WD)
Ereignis-XML:
<Event xmlns="http://schemas.microsoft.com/win/2004/08/events/event">
  <System>
    <Provider Name="Microsoft-Windows-Security-Auditing" Guid="{54849625-5478-4994-A5BA-3E3B0328C30D}" />
    <EventID>4907</EventID>
    <Version>0</Version>
    <Level>0</Level>
    <Task>13568</Task>
    <Opcode>0</Opcode>
    <Keywords>0x8020000000000000</Keywords>
    <TimeCreated SystemTime="2012-07-04T09:33:56.812500000Z" />
    <EventRecordID>143</EventRecordID>
    <Correlation />
    <Execution ProcessID="448" ThreadID="464" />
    <Channel>Security</Channel>
    <Computer>WIN-KJHGCUABASL</Computer>
    <Security />
  </System>
  <EventData>
    <Data Name="SubjectUserSid">S-1-5-18</Data>
    <Data Name="SubjectUserName">WIN-KJHGCUABASL$</Data>
    <Data Name="SubjectDomainName">WORKGROUP</Data>
    <Data Name="SubjectLogonId">0x3e7</Data>
    <Data Name="ObjectServer">Security</Data>
    <Data Name="ObjectType">File</Data>
    <Data Name="ObjectName">C:\Windows\System32\SDClient.dll</Data>
    <Data Name="HandleId">0x18</Data>
    <Data Name="OldSd">
    </Data>
    <Data Name="NewSd">S:ARAI(AU;SAFA;DCLCRPCRSDWDWO;;;WD)</Data>
    <Data Name="ProcessId">0x728</Data>
    <Data Name="ProcessName">C:\Windows\System32\poqexec.exe</Data>
  </EventData>
</Event>

Protokollname: Security
Quelle:        Microsoft-Windows-Security-Auditing
Datum:         04.07.2012 11:33:56
Ereignis-ID:   4907
Aufgabenkategorie:Richtlinienänderungen überwachen
Ebene:         Informationen
Schlüsselwörter:Überwachung erfolgreich
Benutzer:      Nicht zutreffend
Computer:      WIN-KJHGCUABASL
Beschreibung:
Die Überwachungseinstellungen für ein Objekt wurden geändert:

Antragsteller:
	Sicherheits-ID:		SYSTEM
	Kontoname:		WIN-KJHGCUABASL$
	Kontodomäne:		WORKGROUP
	Anmelde-ID:		0x3e7

Objekt:
	Objektserver:	Security
	Objekttyp:	File
	Objektname:	C:\Windows\System32\tlsbln.exe
	Handle-ID:	0x18

Prozessinformationen:
	Prozess-ID:	0x728
	Prozessname:	C:\Windows\System32\poqexec.exe

Überwachungseinstellungen:
	Originalsicherheitsbeschreibung:	
	Neue Sicherheitsbeschreibung:		S:ARAI(AU;SAFA;DCLCRPCRSDWDWO;;;WD)
Ereignis-XML:
<Event xmlns="http://schemas.microsoft.com/win/2004/08/events/event">
  <System>
    <Provider Name="Microsoft-Windows-Security-Auditing" Guid="{54849625-5478-4994-A5BA-3E3B0328C30D}" />
    <EventID>4907</EventID>
    <Version>0</Version>
    <Level>0</Level>
    <Task>13568</Task>
    <Opcode>0</Opcode>
    <Keywords>0x8020000000000000</Keywords>
    <TimeCreated SystemTime="2012-07-04T09:33:56.812500000Z" />
    <EventRecordID>142</EventRecordID>
    <Correlation />
    <Execution ProcessID="448" ThreadID="464" />
    <Channel>Security</Channel>
    <Computer>WIN-KJHGCUABASL</Computer>
    <Security />
  </System>
  <EventData>
    <Data Name="SubjectUserSid">S-1-5-18</Data>
    <Data Name="SubjectUserName">WIN-KJHGCUABASL$</Data>
    <Data Name="SubjectDomainName">WORKGROUP</Data>
    <Data Name="SubjectLogonId">0x3e7</Data>
    <Data Name="ObjectServer">Security</Data>
    <Data Name="ObjectType">File</Data>
    <Data Name="ObjectName">C:\Windows\System32\tlsbln.exe</Data>
    <Data Name="HandleId">0x18</Data>
    <Data Name="OldSd">
    </Data>
    <Data Name="NewSd">S:ARAI(AU;SAFA;DCLCRPCRSDWDWO;;;WD)</Data>
    <Data Name="ProcessId">0x728</Data>
    <Data Name="ProcessName">C:\Windows\System32\poqexec.exe</Data>
  </EventData>
</Event>

Protokollname: Security
Quelle:        Microsoft-Windows-Security-Auditing
Datum:         04.07.2012 11:33:56
Ereignis-ID:   4907
Aufgabenkategorie:Richtlinienänderungen überwachen
Ebene:         Informationen
Schlüsselwörter:Überwachung erfolgreich
Benutzer:      Nicht zutreffend
Computer:      WIN-KJHGCUABASL
Beschreibung:
Die Überwachungseinstellungen für ein Objekt wurden geändert:

Antragsteller:
	Sicherheits-ID:		SYSTEM
	Kontoname:		WIN-KJHGCUABASL$
	Kontodomäne:		WORKGROUP
	Anmelde-ID:		0x3e7

Objekt:
	Objektserver:	Security
	Objekttyp:	File
	Objektname:	C:\Windows\System32\tssdjet.dll
	Handle-ID:	0x18

Prozessinformationen:
	Prozess-ID:	0x728
	Prozessname:	C:\Windows\System32\poqexec.exe

Überwachungseinstellungen:
	Originalsicherheitsbeschreibung:	
	Neue Sicherheitsbeschreibung:		S:ARAI(AU;SAFA;DCLCRPCRSDWDWO;;;WD)
Ereignis-XML:
<Event xmlns="http://schemas.microsoft.com/win/2004/08/events/event">
  <System>
    <Provider Name="Microsoft-Windows-Security-Auditing" Guid="{54849625-5478-4994-A5BA-3E3B0328C30D}" />
    <EventID>4907</EventID>
    <Version>0</Version>
    <Level>0</Level>
    <Task>13568</Task>
    <Opcode>0</Opcode>
    <Keywords>0x8020000000000000</Keywords>
    <TimeCreated SystemTime="2012-07-04T09:33:56.796875000Z" />
    <EventRecordID>141</EventRecordID>
    <Correlation />
    <Execution ProcessID="448" ThreadID="464" />
    <Channel>Security</Channel>
    <Computer>WIN-KJHGCUABASL</Computer>
    <Security />
  </System>
  <EventData>
    <Data Name="SubjectUserSid">S-1-5-18</Data>
    <Data Name="SubjectUserName">WIN-KJHGCUABASL$</Data>
    <Data Name="SubjectDomainName">WORKGROUP</Data>
    <Data Name="SubjectLogonId">0x3e7</Data>
    <Data Name="ObjectServer">Security</Data>
    <Data Name="ObjectType">File</Data>
    <Data Name="ObjectName">C:\Windows\System32\tssdjet.dll</Data>
    <Data Name="HandleId">0x18</Data>
    <Data Name="OldSd">
    </Data>
    <Data Name="NewSd">S:ARAI(AU;SAFA;DCLCRPCRSDWDWO;;;WD)</Data>
    <Data Name="ProcessId">0x728</Data>
    <Data Name="ProcessName">C:\Windows\System32\poqexec.exe</Data>
  </EventData>
</Event>

Protokollname: Security
Quelle:        Microsoft-Windows-Security-Auditing
Datum:         04.07.2012 11:33:56
Ereignis-ID:   4907
Aufgabenkategorie:Richtlinienänderungen überwachen
Ebene:         Informationen
Schlüsselwörter:Überwachung erfolgreich
Benutzer:      Nicht zutreffend
Computer:      WIN-KJHGCUABASL
Beschreibung:
Die Überwachungseinstellungen für ein Objekt wurden geändert:

Antragsteller:
	Sicherheits-ID:		SYSTEM
	Kontoname:		WIN-KJHGCUABASL$
	Kontodomäne:		WORKGROUP
	Anmelde-ID:		0x3e7

Objekt:
	Objektserver:	Security
	Objekttyp:	File
	Objektname:	C:\Windows\System32\tsprof.exe
	Handle-ID:	0x18

Prozessinformationen:
	Prozess-ID:	0x728
	Prozessname:	C:\Windows\System32\poqexec.exe

Überwachungseinstellungen:
	Originalsicherheitsbeschreibung:	
	Neue Sicherheitsbeschreibung:		S:ARAI(AU;SAFA;DCLCRPCRSDWDWO;;;WD)
Ereignis-XML:
<Event xmlns="http://schemas.microsoft.com/win/2004/08/events/event">
  <System>
    <Provider Name="Microsoft-Windows-Security-Auditing" Guid="{54849625-5478-4994-A5BA-3E3B0328C30D}" />
    <EventID>4907</EventID>
    <Version>0</Version>
    <Level>0</Level>
    <Task>13568</Task>
    <Opcode>0</Opcode>
    <Keywords>0x8020000000000000</Keywords>
    <TimeCreated SystemTime="2012-07-04T09:33:56.796875000Z" />
    <EventRecordID>140</EventRecordID>
    <Correlation />
    <Execution ProcessID="448" ThreadID="464" />
    <Channel>Security</Channel>
    <Computer>WIN-KJHGCUABASL</Computer>
    <Security />
  </System>
  <EventData>
    <Data Name="SubjectUserSid">S-1-5-18</Data>
    <Data Name="SubjectUserName">WIN-KJHGCUABASL$</Data>
    <Data Name="SubjectDomainName">WORKGROUP</Data>
    <Data Name="SubjectLogonId">0x3e7</Data>
    <Data Name="ObjectServer">Security</Data>
    <Data Name="ObjectType">File</Data>
    <Data Name="ObjectName">C:\Windows\System32\tsprof.exe</Data>
    <Data Name="HandleId">0x18</Data>
    <Data Name="OldSd">
    </Data>
    <Data Name="NewSd">S:ARAI(AU;SAFA;DCLCRPCRSDWDWO;;;WD)</Data>
    <Data Name="ProcessId">0x728</Data>
    <Data Name="ProcessName">C:\Windows\System32\poqexec.exe</Data>
  </EventData>
</Event>

Protokollname: Security
Quelle:        Microsoft-Windows-Security-Auditing
Datum:         04.07.2012 11:33:56
Ereignis-ID:   4907
Aufgabenkategorie:Richtlinienänderungen überwachen
Ebene:         Informationen
Schlüsselwörter:Überwachung erfolgreich
Benutzer:      Nicht zutreffend
Computer:      WIN-KJHGCUABASL
Beschreibung:
Die Überwachungseinstellungen für ein Objekt wurden geändert:

Antragsteller:
	Sicherheits-ID:		SYSTEM
	Kontoname:		WIN-KJHGCUABASL$
	Kontodomäne:		WORKGROUP
	Anmelde-ID:		0x3e7

Objekt:
	Objektserver:	Security
	Objekttyp:	File
	Objektname:	C:\ProgramData\Microsoft\ServerManager\Events\TerminalServer.Events.xml
	Handle-ID:	0x18

Prozessinformationen:
	Prozess-ID:	0x728
	Prozessname:	C:\Windows\System32\poqexec.exe

Überwachungseinstellungen:
	Originalsicherheitsbeschreibung:	
	Neue Sicherheitsbeschreibung:		S:ARAI(AU;SAFA;DCLCRPCRSDWDWO;;;WD)
Ereignis-XML:
<Event xmlns="http://schemas.microsoft.com/win/2004/08/events/event">
  <System>
    <Provider Name="Microsoft-Windows-Security-Auditing" Guid="{54849625-5478-4994-A5BA-3E3B0328C30D}" />
    <EventID>4907</EventID>
    <Version>0</Version>
    <Level>0</Level>
    <Task>13568</Task>
    <Opcode>0</Opcode>
    <Keywords>0x8020000000000000</Keywords>
    <TimeCreated SystemTime="2012-07-04T09:33:56.796875000Z" />
    <EventRecordID>139</EventRecordID>
    <Correlation />
    <Execution ProcessID="448" ThreadID="464" />
    <Channel>Security</Channel>
    <Computer>WIN-KJHGCUABASL</Computer>
    <Security />
  </System>
  <EventData>
    <Data Name="SubjectUserSid">S-1-5-18</Data>
    <Data Name="SubjectUserName">WIN-KJHGCUABASL$</Data>
    <Data Name="SubjectDomainName">WORKGROUP</Data>
    <Data Name="SubjectLogonId">0x3e7</Data>
    <Data Name="ObjectServer">Security</Data>
    <Data Name="ObjectType">File</Data>
    <Data Name="ObjectName">C:\ProgramData\Microsoft\ServerManager\Events\TerminalServer.Events.xml</Data>
    <Data Name="HandleId">0x18</Data>
    <Data Name="OldSd">
    </Data>
    <Data Name="NewSd">S:ARAI(AU;SAFA;DCLCRPCRSDWDWO;;;WD)</Data>
    <Data Name="ProcessId">0x728</Data>
    <Data Name="ProcessName">C:\Windows\System32\poqexec.exe</Data>
  </EventData>
</Event>

Protokollname: Security
Quelle:        Microsoft-Windows-Security-Auditing
Datum:         04.07.2012 11:33:56
Ereignis-ID:   4907
Aufgabenkategorie:Richtlinienänderungen überwachen
Ebene:         Informationen
Schlüsselwörter:Überwachung erfolgreich
Benutzer:      Nicht zutreffend
Computer:      WIN-KJHGCUABASL
Beschreibung:
Die Überwachungseinstellungen für ein Objekt wurden geändert:

Antragsteller:
	Sicherheits-ID:		SYSTEM
	Kontoname:		WIN-KJHGCUABASL$
	Kontodomäne:		WORKGROUP
	Anmelde-ID:		0x3e7

Objekt:
	Objektserver:	Security
	Objekttyp:	File
	Objektname:	C:\ProgramData\Microsoft\Event Viewer\Views\ServerRoles\TerminalServices.Events.xml
	Handle-ID:	0x18

Prozessinformationen:
	Prozess-ID:	0x728
	Prozessname:	C:\Windows\System32\poqexec.exe

Überwachungseinstellungen:
	Originalsicherheitsbeschreibung:	
	Neue Sicherheitsbeschreibung:		S:ARAI(AU;SAFA;DCLCRPCRSDWDWO;;;WD)
Ereignis-XML:
<Event xmlns="http://schemas.microsoft.com/win/2004/08/events/event">
  <System>
    <Provider Name="Microsoft-Windows-Security-Auditing" Guid="{54849625-5478-4994-A5BA-3E3B0328C30D}" />
    <EventID>4907</EventID>
    <Version>0</Version>
    <Level>0</Level>
    <Task>13568</Task>
    <Opcode>0</Opcode>
    <Keywords>0x8020000000000000</Keywords>
    <TimeCreated SystemTime="2012-07-04T09:33:56.796875000Z" />
    <EventRecordID>138</EventRecordID>
    <Correlation />
    <Execution ProcessID="448" ThreadID="464" />
    <Channel>Security</Channel>
    <Computer>WIN-KJHGCUABASL</Computer>
    <Security />
  </System>
  <EventData>
    <Data Name="SubjectUserSid">S-1-5-18</Data>
    <Data Name="SubjectUserName">WIN-KJHGCUABASL$</Data>
    <Data Name="SubjectDomainName">WORKGROUP</Data>
    <Data Name="SubjectLogonId">0x3e7</Data>
    <Data Name="ObjectServer">Security</Data>
    <Data Name="ObjectType">File</Data>
    <Data Name="ObjectName">C:\ProgramData\Microsoft\Event Viewer\Views\ServerRoles\TerminalServices.Events.xml</Data>
    <Data Name="HandleId">0x18</Data>
    <Data Name="OldSd">
    </Data>
    <Data Name="NewSd">S:ARAI(AU;SAFA;DCLCRPCRSDWDWO;;;WD)</Data>
    <Data Name="ProcessId">0x728</Data>
    <Data Name="ProcessName">C:\Windows\System32\poqexec.exe</Data>
  </EventData>
</Event>

Protokollname: Security
Quelle:        Microsoft-Windows-Security-Auditing
Datum:         04.07.2012 11:33:55
Ereignis-ID:   4647
Aufgabenkategorie:Abmelden
Ebene:         Informationen
Schlüsselwörter:Überwachung erfolgreich
Benutzer:      Nicht zutreffend
Computer:      WIN-KJHGCUABASL
Beschreibung:
Benutzerinitiierte Abmeldung:

Antragsteller:
	Sicherheits-ID:		WIN-KJHGCUABASL\Administrator
	Kontoname:		Administrator
	Kontodomäne:		WIN-KJHGCUABASL
	Anmelde-ID:		0x11c82

Dieses Ereignis wird generiert, wenn eine Abmeldung initiiert wird. Es kann keine weitere benutzerinitiierte Aktivität erfolgen. Dieses Ereignis kann als Abmeldeereignis interpretiert werden.
Ereignis-XML:
<Event xmlns="http://schemas.microsoft.com/win/2004/08/events/event">
  <System>
    <Provider Name="Microsoft-Windows-Security-Auditing" Guid="{54849625-5478-4994-A5BA-3E3B0328C30D}" />
    <EventID>4647</EventID>
    <Version>0</Version>
    <Level>0</Level>
    <Task>12545</Task>
    <Opcode>0</Opcode>
    <Keywords>0x8020000000000000</Keywords>
    <TimeCreated SystemTime="2012-07-04T09:33:55.250000000Z" />
    <EventRecordID>137</EventRecordID>
    <Correlation />
    <Execution ProcessID="448" ThreadID="552" />
    <Channel>Security</Channel>
    <Computer>WIN-KJHGCUABASL</Computer>
    <Security />
  </System>
  <EventData>
    <Data Name="TargetUserSid">S-1-5-21-1984093686-2666557038-3875388431-500</Data>
    <Data Name="TargetUserName">Administrator</Data>
    <Data Name="TargetDomainName">WIN-KJHGCUABASL</Data>
    <Data Name="TargetLogonId">0x11c82</Data>
  </EventData>
</Event>

Protokollname: Security
Quelle:        Microsoft-Windows-Security-Auditing
Datum:         04.07.2012 11:33:45
Ereignis-ID:   4672
Aufgabenkategorie:Spezielle Anmeldung
Ebene:         Informationen
Schlüsselwörter:Überwachung erfolgreich
Benutzer:      Nicht zutreffend
Computer:      WIN-KJHGCUABASL
Beschreibung:
Einer neuen Anmeldung wurden besondere Rechte zugewiesen.

Antragsteller:
	Sicherheits-ID:		SYSTEM
	Kontoname:		SYSTEM
	Kontodomäne:		NT-AUTORITÄT
	Anmelde-ID:		0x3e7

Berechtigungen:		SeAssignPrimaryTokenPrivilege
			SeTcbPrivilege
			SeSecurityPrivilege
			SeTakeOwnershipPrivilege
			SeLoadDriverPrivilege
			SeBackupPrivilege
			SeRestorePrivilege
			SeDebugPrivilege
			SeAuditPrivilege
			SeSystemEnvironmentPrivilege
			SeImpersonatePrivilege
Ereignis-XML:
<Event xmlns="http://schemas.microsoft.com/win/2004/08/events/event">
  <System>
    <Provider Name="Microsoft-Windows-Security-Auditing" Guid="{54849625-5478-4994-A5BA-3E3B0328C30D}" />
    <EventID>4672</EventID>
    <Version>0</Version>
    <Level>0</Level>
    <Task>12548</Task>
    <Opcode>0</Opcode>
    <Keywords>0x8020000000000000</Keywords>
    <TimeCreated SystemTime="2012-07-04T09:33:45.578125000Z" />
    <EventRecordID>136</EventRecordID>
    <Correlation />
    <Execution ProcessID="448" ThreadID="552" />
    <Channel>Security</Channel>
    <Computer>WIN-KJHGCUABASL</Computer>
    <Security />
  </System>
  <EventData>
    <Data Name="SubjectUserSid">S-1-5-18</Data>
    <Data Name="SubjectUserName">SYSTEM</Data>
    <Data Name="SubjectDomainName">NT-AUTORITÄT</Data>
    <Data Name="SubjectLogonId">0x3e7</Data>
    <Data Name="PrivilegeList">SeAssignPrimaryTokenPrivilege
			SeTcbPrivilege
			SeSecurityPrivilege
			SeTakeOwnershipPrivilege
			SeLoadDriverPrivilege
			SeBackupPrivilege
			SeRestorePrivilege
			SeDebugPrivilege
			SeAuditPrivilege
			SeSystemEnvironmentPrivilege
			SeImpersonatePrivilege</Data>
  </EventData>
</Event>

Protokollname: Security
Quelle:        Microsoft-Windows-Security-Auditing
Datum:         04.07.2012 11:33:45
Ereignis-ID:   4624
Aufgabenkategorie:Anmelden
Ebene:         Informationen
Schlüsselwörter:Überwachung erfolgreich
Benutzer:      Nicht zutreffend
Computer:      WIN-KJHGCUABASL
Beschreibung:
Ein Konto wurde erfolgreich angemeldet.

Antragsteller:
	Sicherheits-ID:		SYSTEM
	Kontoname:		WIN-KJHGCUABASL$
	Kontodomäne:		WORKGROUP
	Anmelde-ID:		0x3e7

Anmeldetyp:			5

Neue Anmeldung:
	Sicherheits-ID:		SYSTEM
	Kontoname:		SYSTEM
	Kontodomäne:		NT-AUTORITÄT
	Anmelde-ID:		0x3e7
	Anmelde-GUID:		{00000000-0000-0000-0000-000000000000}

Prozessinformationen:
	Prozess-ID:		0x1b8
	Prozessname:		C:\Windows\System32\services.exe

Netzwerkinformationen:
	Arbeitsstationsname:	
	Quellnetzwerkadresse:	-
	Quellport:		-

Detaillierte Authentifizierungsinformationen:
	Anmeldeprozess:		Advapi  
	Authentifizierungspaket:	Negotiate
	Übertragene Dienste:	-
	Paketname (nur NTLM):	-
	Schlüssellänge:		0

Dieses Ereignis wird beim Erstellen einer Anmeldesitzung generiert. Es wird auf dem Computer generiert, auf den zugegriffen wurde.

Die Antragstellerfelder geben das Konto auf dem lokalen System an, von dem die Anmeldung angefordert wurde. Dies ist meistens ein Dienst wie der Serverdienst oder ein lokaler Prozess wie "Winlogon.exe" oder "Services.exe".

Das Anmeldetypfeld gibt den jeweiligen Anmeldetyp an. Die häufigsten Typen sind 2 (interaktiv) und 3 (Netzwerk).

Die Felder für die neue Anmeldung geben das Konto an, für das die Anmeldung erstellt wurde, d. h. das angemeldete Konto.

Die Netzwerkfelder geben die Quelle einer Remoteanmeldeanforderung an. der Arbeitsstationsname ist nicht immer verfügbar und kann in manchen Fällen leer bleiben.

Die Felder für die Authentifizierungsinformationen enthalten detaillierte Informationen zu dieser speziellen Anmeldeanforderung.
	 - Die Anmelde-GUID ist ein eindeutiger Bezeichner, der verwendet werden kann, um dieses Ereignis mit einem KDC-Ereignis zu korrelieren.
	- Die übertragenen Dienste geben an, welche Zwischendienste an der Anmeldeanforderung beteiligt waren.
	- Der Paketname gibt das in den NTLM-Protokollen verwendete Unterprotokoll an.
	- Die Schlüssellänge gibt die Länge des generierten Sitzungsschlüssels an. Wenn kein Sitzungsschlüssel angefordert wurde, ist dieser Wert 0.
Ereignis-XML:
<Event xmlns="http://schemas.microsoft.com/win/2004/08/events/event">
  <System>
    <Provider Name="Microsoft-Windows-Security-Auditing" Guid="{54849625-5478-4994-A5BA-3E3B0328C30D}" />
    <EventID>4624</EventID>
    <Version>0</Version>
    <Level>0</Level>
    <Task>12544</Task>
    <Opcode>0</Opcode>
    <Keywords>0x8020000000000000</Keywords>
    <TimeCreated SystemTime="2012-07-04T09:33:45.578125000Z" />
    <EventRecordID>135</EventRecordID>
    <Correlation />
    <Execution ProcessID="448" ThreadID="552" />
    <Channel>Security</Channel>
    <Computer>WIN-KJHGCUABASL</Computer>
    <Security />
  </System>
  <EventData>
    <Data Name="SubjectUserSid">S-1-5-18</Data>
    <Data Name="SubjectUserName">WIN-KJHGCUABASL$</Data>
    <Data Name="SubjectDomainName">WORKGROUP</Data>
    <Data Name="SubjectLogonId">0x3e7</Data>
    <Data Name="TargetUserSid">S-1-5-18</Data>
    <Data Name="TargetUserName">SYSTEM</Data>
    <Data Name="TargetDomainName">NT-AUTORITÄT</Data>
    <Data Name="TargetLogonId">0x3e7</Data>
    <Data Name="LogonType">5</Data>
    <Data Name="LogonProcessName">Advapi  </Data>
    <Data Name="AuthenticationPackageName">Negotiate</Data>
    <Data Name="WorkstationName">
    </Data>
    <Data Name="LogonGuid">{00000000-0000-0000-0000-000000000000}</Data>
    <Data Name="TransmittedServices">-</Data>
    <Data Name="LmPackageName">-</Data>
    <Data Name="KeyLength">0</Data>
    <Data Name="ProcessId">0x1b8</Data>
    <Data Name="ProcessName">C:\Windows\System32\services.exe</Data>
    <Data Name="IpAddress">-</Data>
    <Data Name="IpPort">-</Data>
  </EventData>
</Event>

Protokollname: Security
Quelle:        Microsoft-Windows-Security-Auditing
Datum:         04.07.2012 11:33:44
Ereignis-ID:   4672
Aufgabenkategorie:Spezielle Anmeldung
Ebene:         Informationen
Schlüsselwörter:Überwachung erfolgreich
Benutzer:      Nicht zutreffend
Computer:      WIN-KJHGCUABASL
Beschreibung:
Einer neuen Anmeldung wurden besondere Rechte zugewiesen.

Antragsteller:
	Sicherheits-ID:		SYSTEM
	Kontoname:		SYSTEM
	Kontodomäne:		NT-AUTORITÄT
	Anmelde-ID:		0x3e7

Berechtigungen:		SeAssignPrimaryTokenPrivilege
			SeTcbPrivilege
			SeSecurityPrivilege
			SeTakeOwnershipPrivilege
			SeLoadDriverPrivilege
			SeBackupPrivilege
			SeRestorePrivilege
			SeDebugPrivilege
			SeAuditPrivilege
			SeSystemEnvironmentPrivilege
			SeImpersonatePrivilege
Ereignis-XML:
<Event xmlns="http://schemas.microsoft.com/win/2004/08/events/event">
  <System>
    <Provider Name="Microsoft-Windows-Security-Auditing" Guid="{54849625-5478-4994-A5BA-3E3B0328C30D}" />
    <EventID>4672</EventID>
    <Version>0</Version>
    <Level>0</Level>
    <Task>12548</Task>
    <Opcode>0</Opcode>
    <Keywords>0x8020000000000000</Keywords>
    <TimeCreated SystemTime="2012-07-04T09:33:44.734375000Z" />
    <EventRecordID>134</EventRecordID>
    <Correlation />
    <Execution ProcessID="448" ThreadID="552" />
    <Channel>Security</Channel>
    <Computer>WIN-KJHGCUABASL</Computer>
    <Security />
  </System>
  <EventData>
    <Data Name="SubjectUserSid">S-1-5-18</Data>
    <Data Name="SubjectUserName">SYSTEM</Data>
    <Data Name="SubjectDomainName">NT-AUTORITÄT</Data>
    <Data Name="SubjectLogonId">0x3e7</Data>
    <Data Name="PrivilegeList">SeAssignPrimaryTokenPrivilege
			SeTcbPrivilege
			SeSecurityPrivilege
			SeTakeOwnershipPrivilege
			SeLoadDriverPrivilege
			SeBackupPrivilege
			SeRestorePrivilege
			SeDebugPrivilege
			SeAuditPrivilege
			SeSystemEnvironmentPrivilege
			SeImpersonatePrivilege</Data>
  </EventData>
</Event>

Protokollname: Security
Quelle:        Microsoft-Windows-Security-Auditing
Datum:         04.07.2012 11:33:44
Ereignis-ID:   4624
Aufgabenkategorie:Anmelden
Ebene:         Informationen
Schlüsselwörter:Überwachung erfolgreich
Benutzer:      Nicht zutreffend
Computer:      WIN-KJHGCUABASL
Beschreibung:
Ein Konto wurde erfolgreich angemeldet.

Antragsteller:
	Sicherheits-ID:		SYSTEM
	Kontoname:		WIN-KJHGCUABASL$
	Kontodomäne:		WORKGROUP
	Anmelde-ID:		0x3e7

Anmeldetyp:			5

Neue Anmeldung:
	Sicherheits-ID:		SYSTEM
	Kontoname:		SYSTEM
	Kontodomäne:		NT-AUTORITÄT
	Anmelde-ID:		0x3e7
	Anmelde-GUID:		{00000000-0000-0000-0000-000000000000}

Prozessinformationen:
	Prozess-ID:		0x1b8
	Prozessname:		C:\Windows\System32\services.exe

Netzwerkinformationen:
	Arbeitsstationsname:	
	Quellnetzwerkadresse:	-
	Quellport:		-

Detaillierte Authentifizierungsinformationen:
	Anmeldeprozess:		Advapi  
	Authentifizierungspaket:	Negotiate
	Übertragene Dienste:	-
	Paketname (nur NTLM):	-
	Schlüssellänge:		0

Dieses Ereignis wird beim Erstellen einer Anmeldesitzung generiert. Es wird auf dem Computer generiert, auf den zugegriffen wurde.

Die Antragstellerfelder geben das Konto auf dem lokalen System an, von dem die Anmeldung angefordert wurde. Dies ist meistens ein Dienst wie der Serverdienst oder ein lokaler Prozess wie "Winlogon.exe" oder "Services.exe".

Das Anmeldetypfeld gibt den jeweiligen Anmeldetyp an. Die häufigsten Typen sind 2 (interaktiv) und 3 (Netzwerk).

Die Felder für die neue Anmeldung geben das Konto an, für das die Anmeldung erstellt wurde, d. h. das angemeldete Konto.

Die Netzwerkfelder geben die Quelle einer Remoteanmeldeanforderung an. der Arbeitsstationsname ist nicht immer verfügbar und kann in manchen Fällen leer bleiben.

Die Felder für die Authentifizierungsinformationen enthalten detaillierte Informationen zu dieser speziellen Anmeldeanforderung.
	 - Die Anmelde-GUID ist ein eindeutiger Bezeichner, der verwendet werden kann, um dieses Ereignis mit einem KDC-Ereignis zu korrelieren.
	- Die übertragenen Dienste geben an, welche Zwischendienste an der Anmeldeanforderung beteiligt waren.
	- Der Paketname gibt das in den NTLM-Protokollen verwendete Unterprotokoll an.
	- Die Schlüssellänge gibt die Länge des generierten Sitzungsschlüssels an. Wenn kein Sitzungsschlüssel angefordert wurde, ist dieser Wert 0.
Ereignis-XML:
<Event xmlns="http://schemas.microsoft.com/win/2004/08/events/event">
  <System>
    <Provider Name="Microsoft-Windows-Security-Auditing" Guid="{54849625-5478-4994-A5BA-3E3B0328C30D}" />
    <EventID>4624</EventID>
    <Version>0</Version>
    <Level>0</Level>
    <Task>12544</Task>
    <Opcode>0</Opcode>
    <Keywords>0x8020000000000000</Keywords>
    <TimeCreated SystemTime="2012-07-04T09:33:44.734375000Z" />
    <EventRecordID>133</EventRecordID>
    <Correlation />
    <Execution ProcessID="448" ThreadID="552" />
    <Channel>Security</Channel>
    <Computer>WIN-KJHGCUABASL</Computer>
    <Security />
  </System>
  <EventData>
    <Data Name="SubjectUserSid">S-1-5-18</Data>
    <Data Name="SubjectUserName">WIN-KJHGCUABASL$</Data>
    <Data Name="SubjectDomainName">WORKGROUP</Data>
    <Data Name="SubjectLogonId">0x3e7</Data>
    <Data Name="TargetUserSid">S-1-5-18</Data>
    <Data Name="TargetUserName">SYSTEM</Data>
    <Data Name="TargetDomainName">NT-AUTORITÄT</Data>
    <Data Name="TargetLogonId">0x3e7</Data>
    <Data Name="LogonType">5</Data>
    <Data Name="LogonProcessName">Advapi  </Data>
    <Data Name="AuthenticationPackageName">Negotiate</Data>
    <Data Name="WorkstationName">
    </Data>
    <Data Name="LogonGuid">{00000000-0000-0000-0000-000000000000}</Data>
    <Data Name="TransmittedServices">-</Data>
    <Data Name="LmPackageName">-</Data>
    <Data Name="KeyLength">0</Data>
    <Data Name="ProcessId">0x1b8</Data>
    <Data Name="ProcessName">C:\Windows\System32\services.exe</Data>
    <Data Name="IpAddress">-</Data>
    <Data Name="IpPort">-</Data>
  </EventData>
</Event>

Protokollname: Security
Quelle:        Microsoft-Windows-Security-Auditing
Datum:         04.07.2012 11:32:20
Ereignis-ID:   4672
Aufgabenkategorie:Spezielle Anmeldung
Ebene:         Informationen
Schlüsselwörter:Überwachung erfolgreich
Benutzer:      Nicht zutreffend
Computer:      WIN-KJHGCUABASL
Beschreibung:
Einer neuen Anmeldung wurden besondere Rechte zugewiesen.

Antragsteller:
	Sicherheits-ID:		SYSTEM
	Kontoname:		SYSTEM
	Kontodomäne:		NT-AUTORITÄT
	Anmelde-ID:		0x3e7

Berechtigungen:		SeAssignPrimaryTokenPrivilege
			SeTcbPrivilege
			SeSecurityPrivilege
			SeTakeOwnershipPrivilege
			SeLoadDriverPrivilege
			SeBackupPrivilege
			SeRestorePrivilege
			SeDebugPrivilege
			SeAuditPrivilege
			SeSystemEnvironmentPrivilege
			SeImpersonatePrivilege
Ereignis-XML:
<Event xmlns="http://schemas.microsoft.com/win/2004/08/events/event">
  <System>
    <Provider Name="Microsoft-Windows-Security-Auditing" Guid="{54849625-5478-4994-A5BA-3E3B0328C30D}" />
    <EventID>4672</EventID>
    <Version>0</Version>
    <Level>0</Level>
    <Task>12548</Task>
    <Opcode>0</Opcode>
    <Keywords>0x8020000000000000</Keywords>
    <TimeCreated SystemTime="2012-07-04T09:32:20.296875000Z" />
    <EventRecordID>132</EventRecordID>
    <Correlation />
    <Execution ProcessID="448" ThreadID="552" />
    <Channel>Security</Channel>
    <Computer>WIN-KJHGCUABASL</Computer>
    <Security />
  </System>
  <EventData>
    <Data Name="SubjectUserSid">S-1-5-18</Data>
    <Data Name="SubjectUserName">SYSTEM</Data>
    <Data Name="SubjectDomainName">NT-AUTORITÄT</Data>
    <Data Name="SubjectLogonId">0x3e7</Data>
    <Data Name="PrivilegeList">SeAssignPrimaryTokenPrivilege
			SeTcbPrivilege
			SeSecurityPrivilege
			SeTakeOwnershipPrivilege
			SeLoadDriverPrivilege
			SeBackupPrivilege
			SeRestorePrivilege
			SeDebugPrivilege
			SeAuditPrivilege
			SeSystemEnvironmentPrivilege
			SeImpersonatePrivilege</Data>
  </EventData>
</Event>

Protokollname: Security
Quelle:        Microsoft-Windows-Security-Auditing
Datum:         04.07.2012 11:32:20
Ereignis-ID:   4624
Aufgabenkategorie:Anmelden
Ebene:         Informationen
Schlüsselwörter:Überwachung erfolgreich
Benutzer:      Nicht zutreffend
Computer:      WIN-KJHGCUABASL
Beschreibung:
Ein Konto wurde erfolgreich angemeldet.

Antragsteller:
	Sicherheits-ID:		SYSTEM
	Kontoname:		WIN-KJHGCUABASL$
	Kontodomäne:		WORKGROUP
	Anmelde-ID:		0x3e7

Anmeldetyp:			5

Neue Anmeldung:
	Sicherheits-ID:		SYSTEM
	Kontoname:		SYSTEM
	Kontodomäne:		NT-AUTORITÄT
	Anmelde-ID:		0x3e7
	Anmelde-GUID:		{00000000-0000-0000-0000-000000000000}

Prozessinformationen:
	Prozess-ID:		0x1b8
	Prozessname:		C:\Windows\System32\services.exe

Netzwerkinformationen:
	Arbeitsstationsname:	
	Quellnetzwerkadresse:	-
	Quellport:		-

Detaillierte Authentifizierungsinformationen:
	Anmeldeprozess:		Advapi  
	Authentifizierungspaket:	Negotiate
	Übertragene Dienste:	-
	Paketname (nur NTLM):	-
	Schlüssellänge:		0

Dieses Ereignis wird beim Erstellen einer Anmeldesitzung generiert. Es wird auf dem Computer generiert, auf den zugegriffen wurde.

Die Antragstellerfelder geben das Konto auf dem lokalen System an, von dem die Anmeldung angefordert wurde. Dies ist meistens ein Dienst wie der Serverdienst oder ein lokaler Prozess wie "Winlogon.exe" oder "Services.exe".

Das Anmeldetypfeld gibt den jeweiligen Anmeldetyp an. Die häufigsten Typen sind 2 (interaktiv) und 3 (Netzwerk).

Die Felder für die neue Anmeldung geben das Konto an, für das die Anmeldung erstellt wurde, d. h. das angemeldete Konto.

Die Netzwerkfelder geben die Quelle einer Remoteanmeldeanforderung an. der Arbeitsstationsname ist nicht immer verfügbar und kann in manchen Fällen leer bleiben.

Die Felder für die Authentifizierungsinformationen enthalten detaillierte Informationen zu dieser speziellen Anmeldeanforderung.
	 - Die Anmelde-GUID ist ein eindeutiger Bezeichner, der verwendet werden kann, um dieses Ereignis mit einem KDC-Ereignis zu korrelieren.
	- Die übertragenen Dienste geben an, welche Zwischendienste an der Anmeldeanforderung beteiligt waren.
	- Der Paketname gibt das in den NTLM-Protokollen verwendete Unterprotokoll an.
	- Die Schlüssellänge gibt die Länge des generierten Sitzungsschlüssels an. Wenn kein Sitzungsschlüssel angefordert wurde, ist dieser Wert 0.
Ereignis-XML:
<Event xmlns="http://schemas.microsoft.com/win/2004/08/events/event">
  <System>
    <Provider Name="Microsoft-Windows-Security-Auditing" Guid="{54849625-5478-4994-A5BA-3E3B0328C30D}" />
    <EventID>4624</EventID>
    <Version>0</Version>
    <Level>0</Level>
    <Task>12544</Task>
    <Opcode>0</Opcode>
    <Keywords>0x8020000000000000</Keywords>
    <TimeCreated SystemTime="2012-07-04T09:32:20.296875000Z" />
    <EventRecordID>131</EventRecordID>
    <Correlation />
    <Execution ProcessID="448" ThreadID="552" />
    <Channel>Security</Channel>
    <Computer>WIN-KJHGCUABASL</Computer>
    <Security />
  </System>
  <EventData>
    <Data Name="SubjectUserSid">S-1-5-18</Data>
    <Data Name="SubjectUserName">WIN-KJHGCUABASL$</Data>
    <Data Name="SubjectDomainName">WORKGROUP</Data>
    <Data Name="SubjectLogonId">0x3e7</Data>
    <Data Name="TargetUserSid">S-1-5-18</Data>
    <Data Name="TargetUserName">SYSTEM</Data>
    <Data Name="TargetDomainName">NT-AUTORITÄT</Data>
    <Data Name="TargetLogonId">0x3e7</Data>
    <Data Name="LogonType">5</Data>
    <Data Name="LogonProcessName">Advapi  </Data>
    <Data Name="AuthenticationPackageName">Negotiate</Data>
    <Data Name="WorkstationName">
    </Data>
    <Data Name="LogonGuid">{00000000-0000-0000-0000-000000000000}</Data>
    <Data Name="TransmittedServices">-</Data>
    <Data Name="LmPackageName">-</Data>
    <Data Name="KeyLength">0</Data>
    <Data Name="ProcessId">0x1b8</Data>
    <Data Name="ProcessName">C:\Windows\System32\services.exe</Data>
    <Data Name="IpAddress">-</Data>
    <Data Name="IpPort">-</Data>
  </EventData>
</Event>

Protokollname: Security
Quelle:        Microsoft-Windows-Security-Auditing
Datum:         04.07.2012 11:14:20
Ereignis-ID:   4672
Aufgabenkategorie:Spezielle Anmeldung
Ebene:         Informationen
Schlüsselwörter:Überwachung erfolgreich
Benutzer:      Nicht zutreffend
Computer:      WIN-KJHGCUABASL
Beschreibung:
Einer neuen Anmeldung wurden besondere Rechte zugewiesen.

Antragsteller:
	Sicherheits-ID:		SYSTEM
	Kontoname:		SYSTEM
	Kontodomäne:		NT-AUTORITÄT
	Anmelde-ID:		0x3e7

Berechtigungen:		SeAssignPrimaryTokenPrivilege
			SeTcbPrivilege
			SeSecurityPrivilege
			SeTakeOwnershipPrivilege
			SeLoadDriverPrivilege
			SeBackupPrivilege
			SeRestorePrivilege
			SeDebugPrivilege
			SeAuditPrivilege
			SeSystemEnvironmentPrivilege
			SeImpersonatePrivilege
Ereignis-XML:
<Event xmlns="http://schemas.microsoft.com/win/2004/08/events/event">
  <System>
    <Provider Name="Microsoft-Windows-Security-Auditing" Guid="{54849625-5478-4994-A5BA-3E3B0328C30D}" />
    <EventID>4672</EventID>
    <Version>0</Version>
    <Level>0</Level>
    <Task>12548</Task>
    <Opcode>0</Opcode>
    <Keywords>0x8020000000000000</Keywords>
    <TimeCreated SystemTime="2012-07-04T09:14:20.484375000Z" />
    <EventRecordID>130</EventRecordID>
    <Correlation />
    <Execution ProcessID="448" ThreadID="552" />
    <Channel>Security</Channel>
    <Computer>WIN-KJHGCUABASL</Computer>
    <Security />
  </System>
  <EventData>
    <Data Name="SubjectUserSid">S-1-5-18</Data>
    <Data Name="SubjectUserName">SYSTEM</Data>
    <Data Name="SubjectDomainName">NT-AUTORITÄT</Data>
    <Data Name="SubjectLogonId">0x3e7</Data>
    <Data Name="PrivilegeList">SeAssignPrimaryTokenPrivilege
			SeTcbPrivilege
			SeSecurityPrivilege
			SeTakeOwnershipPrivilege
			SeLoadDriverPrivilege
			SeBackupPrivilege
			SeRestorePrivilege
			SeDebugPrivilege
			SeAuditPrivilege
			SeSystemEnvironmentPrivilege
			SeImpersonatePrivilege</Data>
  </EventData>
</Event>

Protokollname: Security
Quelle:        Microsoft-Windows-Security-Auditing
Datum:         04.07.2012 11:14:20
Ereignis-ID:   4624
Aufgabenkategorie:Anmelden
Ebene:         Informationen
Schlüsselwörter:Überwachung erfolgreich
Benutzer:      Nicht zutreffend
Computer:      WIN-KJHGCUABASL
Beschreibung:
Ein Konto wurde erfolgreich angemeldet.

Antragsteller:
	Sicherheits-ID:		SYSTEM
	Kontoname:		WIN-KJHGCUABASL$
	Kontodomäne:		WORKGROUP
	Anmelde-ID:		0x3e7

Anmeldetyp:			5

Neue Anmeldung:
	Sicherheits-ID:		SYSTEM
	Kontoname:		SYSTEM
	Kontodomäne:		NT-AUTORITÄT
	Anmelde-ID:		0x3e7
	Anmelde-GUID:		{00000000-0000-0000-0000-000000000000}

Prozessinformationen:
	Prozess-ID:		0x1b8
	Prozessname:		C:\Windows\System32\services.exe

Netzwerkinformationen:
	Arbeitsstationsname:	
	Quellnetzwerkadresse:	-
	Quellport:		-

Detaillierte Authentifizierungsinformationen:
	Anmeldeprozess:		Advapi  
	Authentifizierungspaket:	Negotiate
	Übertragene Dienste:	-
	Paketname (nur NTLM):	-
	Schlüssellänge:		0

Dieses Ereignis wird beim Erstellen einer Anmeldesitzung generiert. Es wird auf dem Computer generiert, auf den zugegriffen wurde.

Die Antragstellerfelder geben das Konto auf dem lokalen System an, von dem die Anmeldung angefordert wurde. Dies ist meistens ein Dienst wie der Serverdienst oder ein lokaler Prozess wie "Winlogon.exe" oder "Services.exe".

Das Anmeldetypfeld gibt den jeweiligen Anmeldetyp an. Die häufigsten Typen sind 2 (interaktiv) und 3 (Netzwerk).

Die Felder für die neue Anmeldung geben das Konto an, für das die Anmeldung erstellt wurde, d. h. das angemeldete Konto.

Die Netzwerkfelder geben die Quelle einer Remoteanmeldeanforderung an. der Arbeitsstationsname ist nicht immer verfügbar und kann in manchen Fällen leer bleiben.

Die Felder für die Authentifizierungsinformationen enthalten detaillierte Informationen zu dieser speziellen Anmeldeanforderung.
	 - Die Anmelde-GUID ist ein eindeutiger Bezeichner, der verwendet werden kann, um dieses Ereignis mit einem KDC-Ereignis zu korrelieren.
	- Die übertragenen Dienste geben an, welche Zwischendienste an der Anmeldeanforderung beteiligt waren.
	- Der Paketname gibt das in den NTLM-Protokollen verwendete Unterprotokoll an.
	- Die Schlüssellänge gibt die Länge des generierten Sitzungsschlüssels an. Wenn kein Sitzungsschlüssel angefordert wurde, ist dieser Wert 0.
Ereignis-XML:
<Event xmlns="http://schemas.microsoft.com/win/2004/08/events/event">
  <System>
    <Provider Name="Microsoft-Windows-Security-Auditing" Guid="{54849625-5478-4994-A5BA-3E3B0328C30D}" />
    <EventID>4624</EventID>
    <Version>0</Version>
    <Level>0</Level>
    <Task>12544</Task>
    <Opcode>0</Opcode>
    <Keywords>0x8020000000000000</Keywords>
    <TimeCreated SystemTime="2012-07-04T09:14:20.484375000Z" />
    <EventRecordID>129</EventRecordID>
    <Correlation />
    <Execution ProcessID="448" ThreadID="552" />
    <Channel>Security</Channel>
    <Computer>WIN-KJHGCUABASL</Computer>
    <Security />
  </System>
  <EventData>
    <Data Name="SubjectUserSid">S-1-5-18</Data>
    <Data Name="SubjectUserName">WIN-KJHGCUABASL$</Data>
    <Data Name="SubjectDomainName">WORKGROUP</Data>
    <Data Name="SubjectLogonId">0x3e7</Data>
    <Data Name="TargetUserSid">S-1-5-18</Data>
    <Data Name="TargetUserName">SYSTEM</Data>
    <Data Name="TargetDomainName">NT-AUTORITÄT</Data>
    <Data Name="TargetLogonId">0x3e7</Data>
    <Data Name="LogonType">5</Data>
    <Data Name="LogonProcessName">Advapi  </Data>
    <Data Name="AuthenticationPackageName">Negotiate</Data>
    <Data Name="WorkstationName">
    </Data>
    <Data Name="LogonGuid">{00000000-0000-0000-0000-000000000000}</Data>
    <Data Name="TransmittedServices">-</Data>
    <Data Name="LmPackageName">-</Data>
    <Data Name="KeyLength">0</Data>
    <Data Name="ProcessId">0x1b8</Data>
    <Data Name="ProcessName">C:\Windows\System32\services.exe</Data>
    <Data Name="IpAddress">-</Data>
    <Data Name="IpPort">-</Data>
  </EventData>
</Event>

Protokollname: Security
Quelle:        Microsoft-Windows-Security-Auditing
Datum:         04.07.2012 11:12:42
Ereignis-ID:   4672
Aufgabenkategorie:Spezielle Anmeldung
Ebene:         Informationen
Schlüsselwörter:Überwachung erfolgreich
Benutzer:      Nicht zutreffend
Computer:      WIN-KJHGCUABASL
Beschreibung:
Einer neuen Anmeldung wurden besondere Rechte zugewiesen.

Antragsteller:
	Sicherheits-ID:		WIN-KJHGCUABASL\Administrator
	Kontoname:		Administrator
	Kontodomäne:		WIN-KJHGCUABASL
	Anmelde-ID:		0x11c82

Berechtigungen:		SeSecurityPrivilege
			SeTakeOwnershipPrivilege
			SeLoadDriverPrivilege
			SeBackupPrivilege
			SeRestorePrivilege
			SeDebugPrivilege
			SeSystemEnvironmentPrivilege
			SeImpersonatePrivilege
Ereignis-XML:
<Event xmlns="http://schemas.microsoft.com/win/2004/08/events/event">
  <System>
    <Provider Name="Microsoft-Windows-Security-Auditing" Guid="{54849625-5478-4994-A5BA-3E3B0328C30D}" />
    <EventID>4672</EventID>
    <Version>0</Version>
    <Level>0</Level>
    <Task>12548</Task>
    <Opcode>0</Opcode>
    <Keywords>0x8020000000000000</Keywords>
    <TimeCreated SystemTime="2012-07-04T09:12:42.109375000Z" />
    <EventRecordID>128</EventRecordID>
    <Correlation />
    <Execution ProcessID="448" ThreadID="500" />
    <Channel>Security</Channel>
    <Computer>WIN-KJHGCUABASL</Computer>
    <Security />
  </System>
  <EventData>
    <Data Name="SubjectUserSid">S-1-5-21-1984093686-2666557038-3875388431-500</Data>
    <Data Name="SubjectUserName">Administrator</Data>
    <Data Name="SubjectDomainName">WIN-KJHGCUABASL</Data>
    <Data Name="SubjectLogonId">0x11c82</Data>
    <Data Name="PrivilegeList">SeSecurityPrivilege
			SeTakeOwnershipPrivilege
			SeLoadDriverPrivilege
			SeBackupPrivilege
			SeRestorePrivilege
			SeDebugPrivilege
			SeSystemEnvironmentPrivilege
			SeImpersonatePrivilege</Data>
  </EventData>
</Event>

Protokollname: Security
Quelle:        Microsoft-Windows-Security-Auditing
Datum:         04.07.2012 11:12:42
Ereignis-ID:   4624
Aufgabenkategorie:Anmelden
Ebene:         Informationen
Schlüsselwörter:Überwachung erfolgreich
Benutzer:      Nicht zutreffend
Computer:      WIN-KJHGCUABASL
Beschreibung:
Ein Konto wurde erfolgreich angemeldet.

Antragsteller:
	Sicherheits-ID:		SYSTEM
	Kontoname:		WIN-KJHGCUABASL$
	Kontodomäne:		WORKGROUP
	Anmelde-ID:		0x3e7

Anmeldetyp:			2

Neue Anmeldung:
	Sicherheits-ID:		WIN-KJHGCUABASL\Administrator
	Kontoname:		Administrator
	Kontodomäne:		WIN-KJHGCUABASL
	Anmelde-ID:		0x11c82
	Anmelde-GUID:		{00000000-0000-0000-0000-000000000000}

Prozessinformationen:
	Prozess-ID:		0x17c
	Prozessname:		C:\Windows\System32\winlogon.exe

Netzwerkinformationen:
	Arbeitsstationsname:	WIN-KJHGCUABASL
	Quellnetzwerkadresse:	127.0.0.1
	Quellport:		0

Detaillierte Authentifizierungsinformationen:
	Anmeldeprozess:		User32 
	Authentifizierungspaket:	Negotiate
	Übertragene Dienste:	-
	Paketname (nur NTLM):	-
	Schlüssellänge:		0

Dieses Ereignis wird beim Erstellen einer Anmeldesitzung generiert. Es wird auf dem Computer generiert, auf den zugegriffen wurde.

Die Antragstellerfelder geben das Konto auf dem lokalen System an, von dem die Anmeldung angefordert wurde. Dies ist meistens ein Dienst wie der Serverdienst oder ein lokaler Prozess wie "Winlogon.exe" oder "Services.exe".

Das Anmeldetypfeld gibt den jeweiligen Anmeldetyp an. Die häufigsten Typen sind 2 (interaktiv) und 3 (Netzwerk).

Die Felder für die neue Anmeldung geben das Konto an, für das die Anmeldung erstellt wurde, d. h. das angemeldete Konto.

Die Netzwerkfelder geben die Quelle einer Remoteanmeldeanforderung an. der Arbeitsstationsname ist nicht immer verfügbar und kann in manchen Fällen leer bleiben.

Die Felder für die Authentifizierungsinformationen enthalten detaillierte Informationen zu dieser speziellen Anmeldeanforderung.
	 - Die Anmelde-GUID ist ein eindeutiger Bezeichner, der verwendet werden kann, um dieses Ereignis mit einem KDC-Ereignis zu korrelieren.
	- Die übertragenen Dienste geben an, welche Zwischendienste an der Anmeldeanforderung beteiligt waren.
	- Der Paketname gibt das in den NTLM-Protokollen verwendete Unterprotokoll an.
	- Die Schlüssellänge gibt die Länge des generierten Sitzungsschlüssels an. Wenn kein Sitzungsschlüssel angefordert wurde, ist dieser Wert 0.
Ereignis-XML:
<Event xmlns="http://schemas.microsoft.com/win/2004/08/events/event">
  <System>
    <Provider Name="Microsoft-Windows-Security-Auditing" Guid="{54849625-5478-4994-A5BA-3E3B0328C30D}" />
    <EventID>4624</EventID>
    <Version>0</Version>
    <Level>0</Level>
    <Task>12544</Task>
    <Opcode>0</Opcode>
    <Keywords>0x8020000000000000</Keywords>
    <TimeCreated SystemTime="2012-07-04T09:12:42.109375000Z" />
    <EventRecordID>127</EventRecordID>
    <Correlation />
    <Execution ProcessID="448" ThreadID="500" />
    <Channel>Security</Channel>
    <Computer>WIN-KJHGCUABASL</Computer>
    <Security />
  </System>
  <EventData>
    <Data Name="SubjectUserSid">S-1-5-18</Data>
    <Data Name="SubjectUserName">WIN-KJHGCUABASL$</Data>
    <Data Name="SubjectDomainName">WORKGROUP</Data>
    <Data Name="SubjectLogonId">0x3e7</Data>
    <Data Name="TargetUserSid">S-1-5-21-1984093686-2666557038-3875388431-500</Data>
    <Data Name="TargetUserName">Administrator</Data>
    <Data Name="TargetDomainName">WIN-KJHGCUABASL</Data>
    <Data Name="TargetLogonId">0x11c82</Data>
    <Data Name="LogonType">2</Data>
    <Data Name="LogonProcessName">User32 </Data>
    <Data Name="AuthenticationPackageName">Negotiate</Data>
    <Data Name="WorkstationName">WIN-KJHGCUABASL</Data>
    <Data Name="LogonGuid">{00000000-0000-0000-0000-000000000000}</Data>
    <Data Name="TransmittedServices">-</Data>
    <Data Name="LmPackageName">-</Data>
    <Data Name="KeyLength">0</Data>
    <Data Name="ProcessId">0x17c</Data>
    <Data Name="ProcessName">C:\Windows\System32\winlogon.exe</Data>
    <Data Name="IpAddress">127.0.0.1</Data>
    <Data Name="IpPort">0</Data>
  </EventData>
</Event>

