Protokollname: Security
Quelle:        Microsoft-Windows-Security-Auditing
Datum:         04.07.2012 11:33:57
Ereignis-ID:   4907
Aufgabenkategorie:Richtlinienänderungen überwachen
Ebene:         Informationen
Schlüsselwörter:Überwachung erfolgreich
Benutzer:      Nicht zutreffend
Computer:      WIN-KJHGCUABASL
Beschreibung:
Die Überwachungseinstellungen für ein Objekt wurden geändert:

Antragsteller:
	Sicherheits-ID:		SYSTEM
	Kontoname:		WIN-KJHGCUABASL$
	Kontodomäne:		WORKGROUP
	Anmelde-ID:		0x3e7

Objekt:
	Objektserver:	Security
	Objekttyp:	File
	Objektname:	C:\Windows\SysWOW64\TSAPPCMP.dll
	Handle-ID:	0x18

Prozessinformationen:
	Prozess-ID:	0x728
	Prozessname:	C:\Windows\System32\poqexec.exe

Überwachungseinstellungen:
	Originalsicherheitsbeschreibung:	
	Neue Sicherheitsbeschreibung:		S:ARAI(AU;SAFA;DCLCRPCRSDWDWO;;;WD)
Ereignis-XML:
<Event xmlns="http://schemas.microsoft.com/win/2004/08/events/event">
  <System>
    <Provider Name="Microsoft-Windows-Security-Auditing" Guid="{54849625-5478-4994-A5BA-3E3B0328C30D}" />
    <EventID>4907</EventID>
    <Version>0</Version>
    <Level>0</Level>
    <Task>13568</Task>
    <Opcode>0</Opcode>
    <Keywords>0x8020000000000000</Keywords>
    <TimeCreated SystemTime="2012-07-04T09:33:57.140625000Z" />
    <EventRecordID>188</EventRecordID>
    <Correlation />
    <Execution ProcessID="448" ThreadID="464" />
    <Channel>Security</Channel>
    <Computer>WIN-KJHGCUABASL</Computer>
    <Security />
  </System>
  <EventData>
    <Data Name="SubjectUserSid">S-1-5-18</Data>
    <Data Name="SubjectUserName">WIN-KJHGCUABASL$</Data>
    <Data Name="SubjectDomainName">WORKGROUP</Data>
    <Data Name="SubjectLogonId">0x3e7</Data>
    <Data Name="ObjectServer">Security</Data>
    <Data Name="ObjectType">File</Data>
    <Data Name="ObjectName">C:\Windows\SysWOW64\TSAPPCMP.dll</Data>
    <Data Name="HandleId">0x18</Data>
    <Data Name="OldSd">
    </Data>
    <Data Name="NewSd">S:ARAI(AU;SAFA;DCLCRPCRSDWDWO;;;WD)</Data>
    <Data Name="ProcessId">0x728</Data>
    <Data Name="ProcessName">C:\Windows\System32\poqexec.exe</Data>
  </EventData>
</Event>

Protokollname: Security
Quelle:        Microsoft-Windows-Security-Auditing
Datum:         04.07.2012 11:33:57
Ereignis-ID:   4907
Aufgabenkategorie:Richtlinienänderungen überwachen
Ebene:         Informationen
Schlüsselwörter:Überwachung erfolgreich
Benutzer:      Nicht zutreffend
Computer:      WIN-KJHGCUABASL
Beschreibung:
Die Überwachungseinstellungen für ein Objekt wurden geändert:

Antragsteller:
	Sicherheits-ID:		SYSTEM
	Kontoname:		WIN-KJHGCUABASL$
	Kontodomäne:		WORKGROUP
	Anmelde-ID:		0x3e7

Objekt:
	Objektserver:	Security
	Objekttyp:	File
	Objektname:	C:\Windows\System32\de-DE\tlsbln.exe.mui
	Handle-ID:	0x18

Prozessinformationen:
	Prozess-ID:	0x728
	Prozessname:	C:\Windows\System32\poqexec.exe

Überwachungseinstellungen:
	Originalsicherheitsbeschreibung:	
	Neue Sicherheitsbeschreibung:		S:ARAI(AU;SAFA;DCLCRPCRSDWDWO;;;WD)
Ereignis-XML:
<Event xmlns="http://schemas.microsoft.com/win/2004/08/events/event">
  <System>
    <Provider Name="Microsoft-Windows-Security-Auditing" Guid="{54849625-5478-4994-A5BA-3E3B0328C30D}" />
    <EventID>4907</EventID>
    <Version>0</Version>
    <Level>0</Level>
    <Task>13568</Task>
    <Opcode>0</Opcode>
    <Keywords>0x8020000000000000</Keywords>
    <TimeCreated SystemTime="2012-07-04T09:33:57.140625000Z" />
    <EventRecordID>187</EventRecordID>
    <Correlation />
    <Execution ProcessID="448" ThreadID="464" />
    <Channel>Security</Channel>
    <Computer>WIN-KJHGCUABASL</Computer>
    <Security />
  </System>
  <EventData>
    <Data Name="SubjectUserSid">S-1-5-18</Data>
    <Data Name="SubjectUserName">WIN-KJHGCUABASL$</Data>
    <Data Name="SubjectDomainName">WORKGROUP</Data>
    <Data Name="SubjectLogonId">0x3e7</Data>
    <Data Name="ObjectServer">Security</Data>
    <Data Name="ObjectType">File</Data>
    <Data Name="ObjectName">C:\Windows\System32\de-DE\tlsbln.exe.mui</Data>
    <Data Name="HandleId">0x18</Data>
    <Data Name="OldSd">
    </Data>
    <Data Name="NewSd">S:ARAI(AU;SAFA;DCLCRPCRSDWDWO;;;WD)</Data>
    <Data Name="ProcessId">0x728</Data>
    <Data Name="ProcessName">C:\Windows\System32\poqexec.exe</Data>
  </EventData>
</Event>

Protokollname: Security
Quelle:        Microsoft-Windows-Security-Auditing
Datum:         04.07.2012 11:33:57
Ereignis-ID:   4907
Aufgabenkategorie:Richtlinienänderungen überwachen
Ebene:         Informationen
Schlüsselwörter:Überwachung erfolgreich
Benutzer:      Nicht zutreffend
Computer:      WIN-KJHGCUABASL
Beschreibung:
Die Überwachungseinstellungen für ein Objekt wurden geändert:

Antragsteller:
	Sicherheits-ID:		SYSTEM
	Kontoname:		WIN-KJHGCUABASL$
	Kontodomäne:		WORKGROUP
	Anmelde-ID:		0x3e7

Objekt:
	Objektserver:	Security
	Objekttyp:	File
	Objektname:	C:\Windows\System32\de-DE\tsappcmp.dll.mui
	Handle-ID:	0x18

Prozessinformationen:
	Prozess-ID:	0x728
	Prozessname:	C:\Windows\System32\poqexec.exe

Überwachungseinstellungen:
	Originalsicherheitsbeschreibung:	
	Neue Sicherheitsbeschreibung:		S:ARAI(AU;SAFA;DCLCRPCRSDWDWO;;;WD)
Ereignis-XML:
<Event xmlns="http://schemas.microsoft.com/win/2004/08/events/event">
  <System>
    <Provider Name="Microsoft-Windows-Security-Auditing" Guid="{54849625-5478-4994-A5BA-3E3B0328C30D}" />
    <EventID>4907</EventID>
    <Version>0</Version>
    <Level>0</Level>
    <Task>13568</Task>
    <Opcode>0</Opcode>
    <Keywords>0x8020000000000000</Keywords>
    <TimeCreated SystemTime="2012-07-04T09:33:57.140625000Z" />
    <EventRecordID>186</EventRecordID>
    <Correlation />
    <Execution ProcessID="448" ThreadID="464" />
    <Channel>Security</Channel>
    <Computer>WIN-KJHGCUABASL</Computer>
    <Security />
  </System>
  <EventData>
    <Data Name="SubjectUserSid">S-1-5-18</Data>
    <Data Name="SubjectUserName">WIN-KJHGCUABASL$</Data>
    <Data Name="SubjectDomainName">WORKGROUP</Data>
    <Data Name="SubjectLogonId">0x3e7</Data>
    <Data Name="ObjectServer">Security</Data>
    <Data Name="ObjectType">File</Data>
    <Data Name="ObjectName">C:\Windows\System32\de-DE\tsappcmp.dll.mui</Data>
    <Data Name="HandleId">0x18</Data>
    <Data Name="OldSd">
    </Data>
    <Data Name="NewSd">S:ARAI(AU;SAFA;DCLCRPCRSDWDWO;;;WD)</Data>
    <Data Name="ProcessId">0x728</Data>
    <Data Name="ProcessName">C:\Windows\System32\poqexec.exe</Data>
  </EventData>
</Event>

Protokollname: Security
Quelle:        Microsoft-Windows-Security-Auditing
Datum:         04.07.2012 11:33:57
Ereignis-ID:   4907
Aufgabenkategorie:Richtlinienänderungen überwachen
Ebene:         Informationen
Schlüsselwörter:Überwachung erfolgreich
Benutzer:      Nicht zutreffend
Computer:      WIN-KJHGCUABASL
Beschreibung:
Die Überwachungseinstellungen für ein Objekt wurden geändert:

Antragsteller:
	Sicherheits-ID:		SYSTEM
	Kontoname:		WIN-KJHGCUABASL$
	Kontodomäne:		WORKGROUP
	Anmelde-ID:		0x3e7

Objekt:
	Objektserver:	Security
	Objekttyp:	File
	Objektname:	C:\Windows\System32\de-DE\TSAppInstall.exe.mui
	Handle-ID:	0x18

Prozessinformationen:
	Prozess-ID:	0x728
	Prozessname:	C:\Windows\System32\poqexec.exe

Überwachungseinstellungen:
	Originalsicherheitsbeschreibung:	
	Neue Sicherheitsbeschreibung:		S:ARAI(AU;SAFA;DCLCRPCRSDWDWO;;;WD)
Ereignis-XML:
<Event xmlns="http://schemas.microsoft.com/win/2004/08/events/event">
  <System>
    <Provider Name="Microsoft-Windows-Security-Auditing" Guid="{54849625-5478-4994-A5BA-3E3B0328C30D}" />
    <EventID>4907</EventID>
    <Version>0</Version>
    <Level>0</Level>
    <Task>13568</Task>
    <Opcode>0</Opcode>
    <Keywords>0x8020000000000000</Keywords>
    <TimeCreated SystemTime="2012-07-04T09:33:57.125000000Z" />
    <EventRecordID>185</EventRecordID>
    <Correlation />
    <Execution ProcessID="448" ThreadID="464" />
    <Channel>Security</Channel>
    <Computer>WIN-KJHGCUABASL</Computer>
    <Security />
  </System>
  <EventData>
    <Data Name="SubjectUserSid">S-1-5-18</Data>
    <Data Name="SubjectUserName">WIN-KJHGCUABASL$</Data>
    <Data Name="SubjectDomainName">WORKGROUP</Data>
    <Data Name="SubjectLogonId">0x3e7</Data>
    <Data Name="ObjectServer">Security</Data>
    <Data Name="ObjectType">File</Data>
    <Data Name="ObjectName">C:\Windows\System32\de-DE\TSAppInstall.exe.mui</Data>
    <Data Name="HandleId">0x18</Data>
    <Data Name="OldSd">
    </Data>
    <Data Name="NewSd">S:ARAI(AU;SAFA;DCLCRPCRSDWDWO;;;WD)</Data>
    <Data Name="ProcessId">0x728</Data>
    <Data Name="ProcessName">C:\Windows\System32\poqexec.exe</Data>
  </EventData>
</Event>

Protokollname: Security
Quelle:        Microsoft-Windows-Security-Auditing
Datum:         04.07.2012 11:33:57
Ereignis-ID:   4907
Aufgabenkategorie:Richtlinienänderungen überwachen
Ebene:         Informationen
Schlüsselwörter:Überwachung erfolgreich
Benutzer:      Nicht zutreffend
Computer:      WIN-KJHGCUABASL
Beschreibung:
Die Überwachungseinstellungen für ein Objekt wurden geändert:

Antragsteller:
	Sicherheits-ID:		SYSTEM
	Kontoname:		WIN-KJHGCUABASL$
	Kontodomäne:		WORKGROUP
	Anmelde-ID:		0x3e7

Objekt:
	Objektserver:	Security
	Objekttyp:	File
	Objektname:	C:\Windows\System32\de-DE\flattemp.exe.mui
	Handle-ID:	0x18

Prozessinformationen:
	Prozess-ID:	0x728
	Prozessname:	C:\Windows\System32\poqexec.exe

Überwachungseinstellungen:
	Originalsicherheitsbeschreibung:	
	Neue Sicherheitsbeschreibung:		S:ARAI(AU;SAFA;DCLCRPCRSDWDWO;;;WD)
Ereignis-XML:
<Event xmlns="http://schemas.microsoft.com/win/2004/08/events/event">
  <System>
    <Provider Name="Microsoft-Windows-Security-Auditing" Guid="{54849625-5478-4994-A5BA-3E3B0328C30D}" />
    <EventID>4907</EventID>
    <Version>0</Version>
    <Level>0</Level>
    <Task>13568</Task>
    <Opcode>0</Opcode>
    <Keywords>0x8020000000000000</Keywords>
    <TimeCreated SystemTime="2012-07-04T09:33:57.125000000Z" />
    <EventRecordID>184</EventRecordID>
    <Correlation />
    <Execution ProcessID="448" ThreadID="464" />
    <Channel>Security</Channel>
    <Computer>WIN-KJHGCUABASL</Computer>
    <Security />
  </System>
  <EventData>
    <Data Name="SubjectUserSid">S-1-5-18</Data>
    <Data Name="SubjectUserName">WIN-KJHGCUABASL$</Data>
    <Data Name="SubjectDomainName">WORKGROUP</Data>
    <Data Name="SubjectLogonId">0x3e7</Data>
    <Data Name="ObjectServer">Security</Data>
    <Data Name="ObjectType">File</Data>
    <Data Name="ObjectName">C:\Windows\System32\de-DE\flattemp.exe.mui</Data>
    <Data Name="HandleId">0x18</Data>
    <Data Name="OldSd">
    </Data>
    <Data Name="NewSd">S:ARAI(AU;SAFA;DCLCRPCRSDWDWO;;;WD)</Data>
    <Data Name="ProcessId">0x728</Data>
    <Data Name="ProcessName">C:\Windows\System32\poqexec.exe</Data>
  </EventData>
</Event>

Protokollname: Security
Quelle:        Microsoft-Windows-Security-Auditing
Datum:         04.07.2012 11:33:57
Ereignis-ID:   4907
Aufgabenkategorie:Richtlinienänderungen überwachen
Ebene:         Informationen
Schlüsselwörter:Überwachung erfolgreich
Benutzer:      Nicht zutreffend
Computer:      WIN-KJHGCUABASL
Beschreibung:
Die Überwachungseinstellungen für ein Objekt wurden geändert:

Antragsteller:
	Sicherheits-ID:		SYSTEM
	Kontoname:		WIN-KJHGCUABASL$
	Kontodomäne:		WORKGROUP
	Anmelde-ID:		0x3e7

Objekt:
	Objektserver:	Security
	Objekttyp:	File
	Objektname:	C:\Windows\System32\de-DE\tssdjet.dll.mui
	Handle-ID:	0x18

Prozessinformationen:
	Prozess-ID:	0x728
	Prozessname:	C:\Windows\System32\poqexec.exe

Überwachungseinstellungen:
	Originalsicherheitsbeschreibung:	
	Neue Sicherheitsbeschreibung:		S:ARAI(AU;SAFA;DCLCRPCRSDWDWO;;;WD)
Ereignis-XML:
<Event xmlns="http://schemas.microsoft.com/win/2004/08/events/event">
  <System>
    <Provider Name="Microsoft-Windows-Security-Auditing" Guid="{54849625-5478-4994-A5BA-3E3B0328C30D}" />
    <EventID>4907</EventID>
    <Version>0</Version>
    <Level>0</Level>
    <Task>13568</Task>
    <Opcode>0</Opcode>
    <Keywords>0x8020000000000000</Keywords>
    <TimeCreated SystemTime="2012-07-04T09:33:57.125000000Z" />
    <EventRecordID>183</EventRecordID>
    <Correlation />
    <Execution ProcessID="448" ThreadID="464" />
    <Channel>Security</Channel>
    <Computer>WIN-KJHGCUABASL</Computer>
    <Security />
  </System>
  <EventData>
    <Data Name="SubjectUserSid">S-1-5-18</Data>
    <Data Name="SubjectUserName">WIN-KJHGCUABASL$</Data>
    <Data Name="SubjectDomainName">WORKGROUP</Data>
    <Data Name="SubjectLogonId">0x3e7</Data>
    <Data Name="ObjectServer">Security</Data>
    <Data Name="ObjectType">File</Data>
    <Data Name="ObjectName">C:\Windows\System32\de-DE\tssdjet.dll.mui</Data>
    <Data Name="HandleId">0x18</Data>
    <Data Name="OldSd">
    </Data>
    <Data Name="NewSd">S:ARAI(AU;SAFA;DCLCRPCRSDWDWO;;;WD)</Data>
    <Data Name="ProcessId">0x728</Data>
    <Data Name="ProcessName">C:\Windows\System32\poqexec.exe</Data>
  </EventData>
</Event>

Protokollname: Security
Quelle:        Microsoft-Windows-Security-Auditing
Datum:         04.07.2012 11:33:57
Ereignis-ID:   4907
Aufgabenkategorie:Richtlinienänderungen überwachen
Ebene:         Informationen
Schlüsselwörter:Überwachung erfolgreich
Benutzer:      Nicht zutreffend
Computer:      WIN-KJHGCUABASL
Beschreibung:
Die Überwachungseinstellungen für ein Objekt wurden geändert:

Antragsteller:
	Sicherheits-ID:		SYSTEM
	Kontoname:		WIN-KJHGCUABASL$
	Kontodomäne:		WORKGROUP
	Anmelde-ID:		0x3e7

Objekt:
	Objektserver:	Security
	Objekttyp:	File
	Objektname:	C:\Windows\System32\de-DE\tsprof.exe.mui
	Handle-ID:	0x18

Prozessinformationen:
	Prozess-ID:	0x728
	Prozessname:	C:\Windows\System32\poqexec.exe

Überwachungseinstellungen:
	Originalsicherheitsbeschreibung:	
	Neue Sicherheitsbeschreibung:		S:ARAI(AU;SAFA;DCLCRPCRSDWDWO;;;WD)
Ereignis-XML:
<Event xmlns="http://schemas.microsoft.com/win/2004/08/events/event">
  <System>
    <Provider Name="Microsoft-Windows-Security-Auditing" Guid="{54849625-5478-4994-A5BA-3E3B0328C30D}" />
    <EventID>4907</EventID>
    <Version>0</Version>
    <Level>0</Level>
    <Task>13568</Task>
    <Opcode>0</Opcode>
    <Keywords>0x8020000000000000</Keywords>
    <TimeCreated SystemTime="2012-07-04T09:33:57.125000000Z" />
    <EventRecordID>182</EventRecordID>
    <Correlation />
    <Execution ProcessID="448" ThreadID="464" />
    <Channel>Security</Channel>
    <Computer>WIN-KJHGCUABASL</Computer>
    <Security />
  </System>
  <EventData>
    <Data Name="SubjectUserSid">S-1-5-18</Data>
    <Data Name="SubjectUserName">WIN-KJHGCUABASL$</Data>
    <Data Name="SubjectDomainName">WORKGROUP</Data>
    <Data Name="SubjectLogonId">0x3e7</Data>
    <Data Name="ObjectServer">Security</Data>
    <Data Name="ObjectType">File</Data>
    <Data Name="ObjectName">C:\Windows\System32\de-DE\tsprof.exe.mui</Data>
    <Data Name="HandleId">0x18</Data>
    <Data Name="OldSd">
    </Data>
    <Data Name="NewSd">S:ARAI(AU;SAFA;DCLCRPCRSDWDWO;;;WD)</Data>
    <Data Name="ProcessId">0x728</Data>
    <Data Name="ProcessName">C:\Windows\System32\poqexec.exe</Data>
  </EventData>
</Event>

Protokollname: Security
Quelle:        Microsoft-Windows-Security-Auditing
Datum:         04.07.2012 11:33:57
Ereignis-ID:   4907
Aufgabenkategorie:Richtlinienänderungen überwachen
Ebene:         Informationen
Schlüsselwörter:Überwachung erfolgreich
Benutzer:      Nicht zutreffend
Computer:      WIN-KJHGCUABASL
Beschreibung:
Die Überwachungseinstellungen für ein Objekt wurden geändert:

Antragsteller:
	Sicherheits-ID:		SYSTEM
	Kontoname:		WIN-KJHGCUABASL$
	Kontodomäne:		WORKGROUP
	Anmelde-ID:		0x3e7

Objekt:
	Objektserver:	Security
	Objekttyp:	File
	Objektname:	C:\Windows\System32\de-DE\remoteprograms.msc
	Handle-ID:	0x18

Prozessinformationen:
	Prozess-ID:	0x728
	Prozessname:	C:\Windows\System32\poqexec.exe

Überwachungseinstellungen:
	Originalsicherheitsbeschreibung:	
	Neue Sicherheitsbeschreibung:		S:ARAI(AU;SAFA;DCLCRPCRSDWDWO;;;WD)
Ereignis-XML:
<Event xmlns="http://schemas.microsoft.com/win/2004/08/events/event">
  <System>
    <Provider Name="Microsoft-Windows-Security-Auditing" Guid="{54849625-5478-4994-A5BA-3E3B0328C30D}" />
    <EventID>4907</EventID>
    <Version>0</Version>
    <Level>0</Level>
    <Task>13568</Task>
    <Opcode>0</Opcode>
    <Keywords>0x8020000000000000</Keywords>
    <TimeCreated SystemTime="2012-07-04T09:33:57.109375000Z" />
    <EventRecordID>181</EventRecordID>
    <Correlation />
    <Execution ProcessID="448" ThreadID="464" />
    <Channel>Security</Channel>
    <Computer>WIN-KJHGCUABASL</Computer>
    <Security />
  </System>
  <EventData>
    <Data Name="SubjectUserSid">S-1-5-18</Data>
    <Data Name="SubjectUserName">WIN-KJHGCUABASL$</Data>
    <Data Name="SubjectDomainName">WORKGROUP</Data>
    <Data Name="SubjectLogonId">0x3e7</Data>
    <Data Name="ObjectServer">Security</Data>
    <Data Name="ObjectType">File</Data>
    <Data Name="ObjectName">C:\Windows\System32\de-DE\remoteprograms.msc</Data>
    <Data Name="HandleId">0x18</Data>
    <Data Name="OldSd">
    </Data>
    <Data Name="NewSd">S:ARAI(AU;SAFA;DCLCRPCRSDWDWO;;;WD)</Data>
    <Data Name="ProcessId">0x728</Data>
    <Data Name="ProcessName">C:\Windows\System32\poqexec.exe</Data>
  </EventData>
</Event>

Protokollname: Security
Quelle:        Microsoft-Windows-Security-Auditing
Datum:         04.07.2012 11:33:57
Ereignis-ID:   4907
Aufgabenkategorie:Richtlinienänderungen überwachen
Ebene:         Informationen
Schlüsselwörter:Überwachung erfolgreich
Benutzer:      Nicht zutreffend
Computer:      WIN-KJHGCUABASL
Beschreibung:
Die Überwachungseinstellungen für ein Objekt wurden geändert:

Antragsteller:
	Sicherheits-ID:		SYSTEM
	Kontoname:		WIN-KJHGCUABASL$
	Kontodomäne:		WORKGROUP
	Anmelde-ID:		0x3e7

Objekt:
	Objektserver:	Security
	Objekttyp:	File
	Objektname:	C:\Windows\System32\de-DE\PublishingWizard.dll.mui
	Handle-ID:	0x18

Prozessinformationen:
	Prozess-ID:	0x728
	Prozessname:	C:\Windows\System32\poqexec.exe

Überwachungseinstellungen:
	Originalsicherheitsbeschreibung:	
	Neue Sicherheitsbeschreibung:		S:ARAI(AU;SAFA;DCLCRPCRSDWDWO;;;WD)
Ereignis-XML:
<Event xmlns="http://schemas.microsoft.com/win/2004/08/events/event">
  <System>
    <Provider Name="Microsoft-Windows-Security-Auditing" Guid="{54849625-5478-4994-A5BA-3E3B0328C30D}" />
    <EventID>4907</EventID>
    <Version>0</Version>
    <Level>0</Level>
    <Task>13568</Task>
    <Opcode>0</Opcode>
    <Keywords>0x8020000000000000</Keywords>
    <TimeCreated SystemTime="2012-07-04T09:33:57.109375000Z" />
    <EventRecordID>180</EventRecordID>
    <Correlation />
    <Execution ProcessID="448" ThreadID="464" />
    <Channel>Security</Channel>
    <Computer>WIN-KJHGCUABASL</Computer>
    <Security />
  </System>
  <EventData>
    <Data Name="SubjectUserSid">S-1-5-18</Data>
    <Data Name="SubjectUserName">WIN-KJHGCUABASL$</Data>
    <Data Name="SubjectDomainName">WORKGROUP</Data>
    <Data Name="SubjectLogonId">0x3e7</Data>
    <Data Name="ObjectServer">Security</Data>
    <Data Name="ObjectType">File</Data>
    <Data Name="ObjectName">C:\Windows\System32\de-DE\PublishingWizard.dll.mui</Data>
    <Data Name="HandleId">0x18</Data>
    <Data Name="OldSd">
    </Data>
    <Data Name="NewSd">S:ARAI(AU;SAFA;DCLCRPCRSDWDWO;;;WD)</Data>
    <Data Name="ProcessId">0x728</Data>
    <Data Name="ProcessName">C:\Windows\System32\poqexec.exe</Data>
  </EventData>
</Event>

Protokollname: Security
Quelle:        Microsoft-Windows-Security-Auditing
Datum:         04.07.2012 11:33:57
Ereignis-ID:   4907
Aufgabenkategorie:Richtlinienänderungen überwachen
Ebene:         Informationen
Schlüsselwörter:Überwachung erfolgreich
Benutzer:      Nicht zutreffend
Computer:      WIN-KJHGCUABASL
Beschreibung:
Die Überwachungseinstellungen für ein Objekt wurden geändert:

Antragsteller:
	Sicherheits-ID:		SYSTEM
	Kontoname:		WIN-KJHGCUABASL$
	Kontodomäne:		WORKGROUP
	Anmelde-ID:		0x3e7

Objekt:
	Objektserver:	Security
	Objekttyp:	File
	Objektname:	C:\Windows\System32\de-DE\tsmsisrv.dll.mui
	Handle-ID:	0x18

Prozessinformationen:
	Prozess-ID:	0x728
	Prozessname:	C:\Windows\System32\poqexec.exe

Überwachungseinstellungen:
	Originalsicherheitsbeschreibung:	
	Neue Sicherheitsbeschreibung:		S:ARAI(AU;SAFA;DCLCRPCRSDWDWO;;;WD)
Ereignis-XML:
<Event xmlns="http://schemas.microsoft.com/win/2004/08/events/event">
  <System>
    <Provider Name="Microsoft-Windows-Security-Auditing" Guid="{54849625-5478-4994-A5BA-3E3B0328C30D}" />
    <EventID>4907</EventID>
    <Version>0</Version>
    <Level>0</Level>
    <Task>13568</Task>
    <Opcode>0</Opcode>
    <Keywords>0x8020000000000000</Keywords>
    <TimeCreated SystemTime="2012-07-04T09:33:57.109375000Z" />
    <EventRecordID>179</EventRecordID>
    <Correlation />
    <Execution ProcessID="448" ThreadID="464" />
    <Channel>Security</Channel>
    <Computer>WIN-KJHGCUABASL</Computer>
    <Security />
  </System>
  <EventData>
    <Data Name="SubjectUserSid">S-1-5-18</Data>
    <Data Name="SubjectUserName">WIN-KJHGCUABASL$</Data>
    <Data Name="SubjectDomainName">WORKGROUP</Data>
    <Data Name="SubjectLogonId">0x3e7</Data>
    <Data Name="ObjectServer">Security</Data>
    <Data Name="ObjectType">File</Data>
    <Data Name="ObjectName">C:\Windows\System32\de-DE\tsmsisrv.dll.mui</Data>
    <Data Name="HandleId">0x18</Data>
    <Data Name="OldSd">
    </Data>
    <Data Name="NewSd">S:ARAI(AU;SAFA;DCLCRPCRSDWDWO;;;WD)</Data>
    <Data Name="ProcessId">0x728</Data>
    <Data Name="ProcessName">C:\Windows\System32\poqexec.exe</Data>
  </EventData>
</Event>

Protokollname: Security
Quelle:        Microsoft-Windows-Security-Auditing
Datum:         04.07.2012 11:33:57
Ereignis-ID:   4907
Aufgabenkategorie:Richtlinienänderungen überwachen
Ebene:         Informationen
Schlüsselwörter:Überwachung erfolgreich
Benutzer:      Nicht zutreffend
Computer:      WIN-KJHGCUABASL
Beschreibung:
Die Überwachungseinstellungen für ein Objekt wurden geändert:

Antragsteller:
	Sicherheits-ID:		SYSTEM
	Kontoname:		WIN-KJHGCUABASL$
	Kontodomäne:		WORKGROUP
	Anmelde-ID:		0x3e7

Objekt:
	Objektserver:	Security
	Objekttyp:	File
	Objektname:	C:\Windows\System32\de-DE\appserver-setup.exe.mui
	Handle-ID:	0x18

Prozessinformationen:
	Prozess-ID:	0x728
	Prozessname:	C:\Windows\System32\poqexec.exe

Überwachungseinstellungen:
	Originalsicherheitsbeschreibung:	
	Neue Sicherheitsbeschreibung:		S:ARAI(AU;SAFA;DCLCRPCRSDWDWO;;;WD)
Ereignis-XML:
<Event xmlns="http://schemas.microsoft.com/win/2004/08/events/event">
  <System>
    <Provider Name="Microsoft-Windows-Security-Auditing" Guid="{54849625-5478-4994-A5BA-3E3B0328C30D}" />
    <EventID>4907</EventID>
    <Version>0</Version>
    <Level>0</Level>
    <Task>13568</Task>
    <Opcode>0</Opcode>
    <Keywords>0x8020000000000000</Keywords>
    <TimeCreated SystemTime="2012-07-04T09:33:57.109375000Z" />
    <EventRecordID>178</EventRecordID>
    <Correlation />
    <Execution ProcessID="448" ThreadID="464" />
    <Channel>Security</Channel>
    <Computer>WIN-KJHGCUABASL</Computer>
    <Security />
  </System>
  <EventData>
    <Data Name="SubjectUserSid">S-1-5-18</Data>
    <Data Name="SubjectUserName">WIN-KJHGCUABASL$</Data>
    <Data Name="SubjectDomainName">WORKGROUP</Data>
    <Data Name="SubjectLogonId">0x3e7</Data>
    <Data Name="ObjectServer">Security</Data>
    <Data Name="ObjectType">File</Data>
    <Data Name="ObjectName">C:\Windows\System32\de-DE\appserver-setup.exe.mui</Data>
    <Data Name="HandleId">0x18</Data>
    <Data Name="OldSd">
    </Data>
    <Data Name="NewSd">S:ARAI(AU;SAFA;DCLCRPCRSDWDWO;;;WD)</Data>
    <Data Name="ProcessId">0x728</Data>
    <Data Name="ProcessName">C:\Windows\System32\poqexec.exe</Data>
  </EventData>
</Event>

Protokollname: Security
Quelle:        Microsoft-Windows-Security-Auditing
Datum:         04.07.2012 11:33:57
Ereignis-ID:   4907
Aufgabenkategorie:Richtlinienänderungen überwachen
Ebene:         Informationen
Schlüsselwörter:Überwachung erfolgreich
Benutzer:      Nicht zutreffend
Computer:      WIN-KJHGCUABASL
Beschreibung:
Die Überwachungseinstellungen für ein Objekt wurden geändert:

Antragsteller:
	Sicherheits-ID:		SYSTEM
	Kontoname:		WIN-KJHGCUABASL$
	Kontodomäne:		WORKGROUP
	Anmelde-ID:		0x3e7

Objekt:
	Objektserver:	Security
	Objekttyp:	File
	Objektname:	C:\Windows\System32\de-DE\TSVIPSrv.dll.mui
	Handle-ID:	0x18

Prozessinformationen:
	Prozess-ID:	0x728
	Prozessname:	C:\Windows\System32\poqexec.exe

Überwachungseinstellungen:
	Originalsicherheitsbeschreibung:	
	Neue Sicherheitsbeschreibung:		S:ARAI(AU;SAFA;DCLCRPCRSDWDWO;;;WD)
Ereignis-XML:
<Event xmlns="http://schemas.microsoft.com/win/2004/08/events/event">
  <System>
    <Provider Name="Microsoft-Windows-Security-Auditing" Guid="{54849625-5478-4994-A5BA-3E3B0328C30D}" />
    <EventID>4907</EventID>
    <Version>0</Version>
    <Level>0</Level>
    <Task>13568</Task>
    <Opcode>0</Opcode>
    <Keywords>0x8020000000000000</Keywords>
    <TimeCreated SystemTime="2012-07-04T09:33:57.093750000Z" />
    <EventRecordID>177</EventRecordID>
    <Correlation />
    <Execution ProcessID="448" ThreadID="464" />
    <Channel>Security</Channel>
    <Computer>WIN-KJHGCUABASL</Computer>
    <Security />
  </System>
  <EventData>
    <Data Name="SubjectUserSid">S-1-5-18</Data>
    <Data Name="SubjectUserName">WIN-KJHGCUABASL$</Data>
    <Data Name="SubjectDomainName">WORKGROUP</Data>
    <Data Name="SubjectLogonId">0x3e7</Data>
    <Data Name="ObjectServer">Security</Data>
    <Data Name="ObjectType">File</Data>
    <Data Name="ObjectName">C:\Windows\System32\de-DE\TSVIPSrv.dll.mui</Data>
    <Data Name="HandleId">0x18</Data>
    <Data Name="OldSd">
    </Data>
    <Data Name="NewSd">S:ARAI(AU;SAFA;DCLCRPCRSDWDWO;;;WD)</Data>
    <Data Name="ProcessId">0x728</Data>
    <Data Name="ProcessName">C:\Windows\System32\poqexec.exe</Data>
  </EventData>
</Event>

Protokollname: Security
Quelle:        Microsoft-Windows-Security-Auditing
Datum:         04.07.2012 11:33:57
Ereignis-ID:   4907
Aufgabenkategorie:Richtlinienänderungen überwachen
Ebene:         Informationen
Schlüsselwörter:Überwachung erfolgreich
Benutzer:      Nicht zutreffend
Computer:      WIN-KJHGCUABASL
Beschreibung:
Die Überwachungseinstellungen für ein Objekt wurden geändert:

Antragsteller:
	Sicherheits-ID:		SYSTEM
	Kontoname:		WIN-KJHGCUABASL$
	Kontodomäne:		WORKGROUP
	Anmelde-ID:		0x3e7

Objekt:
	Objektserver:	Security
	Objekttyp:	File
	Objektname:	C:\Windows\System32\migration\tsmigplugin.dll
	Handle-ID:	0x18

Prozessinformationen:
	Prozess-ID:	0x728
	Prozessname:	C:\Windows\System32\poqexec.exe

Überwachungseinstellungen:
	Originalsicherheitsbeschreibung:	
	Neue Sicherheitsbeschreibung:		S:ARAI(AU;SAFA;DCLCRPCRSDWDWO;;;WD)
Ereignis-XML:
<Event xmlns="http://schemas.microsoft.com/win/2004/08/events/event">
  <System>
    <Provider Name="Microsoft-Windows-Security-Auditing" Guid="{54849625-5478-4994-A5BA-3E3B0328C30D}" />
    <EventID>4907</EventID>
    <Version>0</Version>
    <Level>0</Level>
    <Task>13568</Task>
    <Opcode>0</Opcode>
    <Keywords>0x8020000000000000</Keywords>
    <TimeCreated SystemTime="2012-07-04T09:33:57.093750000Z" />
    <EventRecordID>176</EventRecordID>
    <Correlation />
    <Execution ProcessID="448" ThreadID="464" />
    <Channel>Security</Channel>
    <Computer>WIN-KJHGCUABASL</Computer>
    <Security />
  </System>
  <EventData>
    <Data Name="SubjectUserSid">S-1-5-18</Data>
    <Data Name="SubjectUserName">WIN-KJHGCUABASL$</Data>
    <Data Name="SubjectDomainName">WORKGROUP</Data>
    <Data Name="SubjectLogonId">0x3e7</Data>
    <Data Name="ObjectServer">Security</Data>
    <Data Name="ObjectType">File</Data>
    <Data Name="ObjectName">C:\Windows\System32\migration\tsmigplugin.dll</Data>
    <Data Name="HandleId">0x18</Data>
    <Data Name="OldSd">
    </Data>
    <Data Name="NewSd">S:ARAI(AU;SAFA;DCLCRPCRSDWDWO;;;WD)</Data>
    <Data Name="ProcessId">0x728</Data>
    <Data Name="ProcessName">C:\Windows\System32\poqexec.exe</Data>
  </EventData>
</Event>

Protokollname: Security
Quelle:        Microsoft-Windows-Security-Auditing
Datum:         04.07.2012 11:33:57
Ereignis-ID:   4907
Aufgabenkategorie:Richtlinienänderungen überwachen
Ebene:         Informationen
Schlüsselwörter:Überwachung erfolgreich
Benutzer:      Nicht zutreffend
Computer:      WIN-KJHGCUABASL
Beschreibung:
Die Überwachungseinstellungen für ein Objekt wurden geändert:

Antragsteller:
	Sicherheits-ID:		SYSTEM
	Kontoname:		WIN-KJHGCUABASL$
	Kontodomäne:		WORKGROUP
	Anmelde-ID:		0x3e7

Objekt:
	Objektserver:	Security
	Objekttyp:	File
	Objektname:	C:\Windows\System32\de\PublishSnapIn.resources.dll
	Handle-ID:	0x18

Prozessinformationen:
	Prozess-ID:	0x728
	Prozessname:	C:\Windows\System32\poqexec.exe

Überwachungseinstellungen:
	Originalsicherheitsbeschreibung:	
	Neue Sicherheitsbeschreibung:		S:ARAI(AU;SAFA;DCLCRPCRSDWDWO;;;WD)
Ereignis-XML:
<Event xmlns="http://schemas.microsoft.com/win/2004/08/events/event">
  <System>
    <Provider Name="Microsoft-Windows-Security-Auditing" Guid="{54849625-5478-4994-A5BA-3E3B0328C30D}" />
    <EventID>4907</EventID>
    <Version>0</Version>
    <Level>0</Level>
    <Task>13568</Task>
    <Opcode>0</Opcode>
    <Keywords>0x8020000000000000</Keywords>
    <TimeCreated SystemTime="2012-07-04T09:33:57.093750000Z" />
    <EventRecordID>175</EventRecordID>
    <Correlation />
    <Execution ProcessID="448" ThreadID="464" />
    <Channel>Security</Channel>
    <Computer>WIN-KJHGCUABASL</Computer>
    <Security />
  </System>
  <EventData>
    <Data Name="SubjectUserSid">S-1-5-18</Data>
    <Data Name="SubjectUserName">WIN-KJHGCUABASL$</Data>
    <Data Name="SubjectDomainName">WORKGROUP</Data>
    <Data Name="SubjectLogonId">0x3e7</Data>
    <Data Name="ObjectServer">Security</Data>
    <Data Name="ObjectType">File</Data>
    <Data Name="ObjectName">C:\Windows\System32\de\PublishSnapIn.resources.dll</Data>
    <Data Name="HandleId">0x18</Data>
    <Data Name="OldSd">
    </Data>
    <Data Name="NewSd">S:ARAI(AU;SAFA;DCLCRPCRSDWDWO;;;WD)</Data>
    <Data Name="ProcessId">0x728</Data>
    <Data Name="ProcessName">C:\Windows\System32\poqexec.exe</Data>
  </EventData>
</Event>

Protokollname: Security
Quelle:        Microsoft-Windows-Security-Auditing
Datum:         04.07.2012 11:33:57
Ereignis-ID:   4907
Aufgabenkategorie:Richtlinienänderungen überwachen
Ebene:         Informationen
Schlüsselwörter:Überwachung erfolgreich
Benutzer:      Nicht zutreffend
Computer:      WIN-KJHGCUABASL
Beschreibung:
Die Überwachungseinstellungen für ein Objekt wurden geändert:

Antragsteller:
	Sicherheits-ID:		SYSTEM
	Kontoname:		WIN-KJHGCUABASL$
	Kontodomäne:		WORKGROUP
	Anmelde-ID:		0x3e7

Objekt:
	Objektserver:	Security
	Objekttyp:	File
	Objektname:	C:\Windows\System32\WindowsPowerShell\v1.0\Modules\RemoteDesktopServices\de-DE\TSPSProvider.dll-Help.xml
	Handle-ID:	0x18

Prozessinformationen:
	Prozess-ID:	0x728
	Prozessname:	C:\Windows\System32\poqexec.exe

Überwachungseinstellungen:
	Originalsicherheitsbeschreibung:	
	Neue Sicherheitsbeschreibung:		S:ARAI(AU;SAFA;DCLCRPCRSDWDWO;;;WD)
Ereignis-XML:
<Event xmlns="http://schemas.microsoft.com/win/2004/08/events/event">
  <System>
    <Provider Name="Microsoft-Windows-Security-Auditing" Guid="{54849625-5478-4994-A5BA-3E3B0328C30D}" />
    <EventID>4907</EventID>
    <Version>0</Version>
    <Level>0</Level>
    <Task>13568</Task>
    <Opcode>0</Opcode>
    <Keywords>0x8020000000000000</Keywords>
    <TimeCreated SystemTime="2012-07-04T09:33:57.093750000Z" />
    <EventRecordID>174</EventRecordID>
    <Correlation />
    <Execution ProcessID="448" ThreadID="464" />
    <Channel>Security</Channel>
    <Computer>WIN-KJHGCUABASL</Computer>
    <Security />
  </System>
  <EventData>
    <Data Name="SubjectUserSid">S-1-5-18</Data>
    <Data Name="SubjectUserName">WIN-KJHGCUABASL$</Data>
    <Data Name="SubjectDomainName">WORKGROUP</Data>
    <Data Name="SubjectLogonId">0x3e7</Data>
    <Data Name="ObjectServer">Security</Data>
    <Data Name="ObjectType">File</Data>
    <Data Name="ObjectName">C:\Windows\System32\WindowsPowerShell\v1.0\Modules\RemoteDesktopServices\de-DE\TSPSProvider.dll-Help.xml</Data>
    <Data Name="HandleId">0x18</Data>
    <Data Name="OldSd">
    </Data>
    <Data Name="NewSd">S:ARAI(AU;SAFA;DCLCRPCRSDWDWO;;;WD)</Data>
    <Data Name="ProcessId">0x728</Data>
    <Data Name="ProcessName">C:\Windows\System32\poqexec.exe</Data>
  </EventData>
</Event>

Protokollname: Security
Quelle:        Microsoft-Windows-Security-Auditing
Datum:         04.07.2012 11:33:57
Ereignis-ID:   4907
Aufgabenkategorie:Richtlinienänderungen überwachen
Ebene:         Informationen
Schlüsselwörter:Überwachung erfolgreich
Benutzer:      Nicht zutreffend
Computer:      WIN-KJHGCUABASL
Beschreibung:
Die Überwachungseinstellungen für ein Objekt wurden geändert:

Antragsteller:
	Sicherheits-ID:		SYSTEM
	Kontoname:		WIN-KJHGCUABASL$
	Kontodomäne:		WORKGROUP
	Anmelde-ID:		0x3e7

Objekt:
	Objektserver:	Security
	Objekttyp:	File
	Objektname:	C:\Windows\System32\WindowsPowerShell\v1.0\Modules\RemoteDesktopServices\de-DE\TSPSCmdlets.dll-Help.xml
	Handle-ID:	0x18

Prozessinformationen:
	Prozess-ID:	0x728
	Prozessname:	C:\Windows\System32\poqexec.exe

Überwachungseinstellungen:
	Originalsicherheitsbeschreibung:	
	Neue Sicherheitsbeschreibung:		S:ARAI(AU;SAFA;DCLCRPCRSDWDWO;;;WD)
Ereignis-XML:
<Event xmlns="http://schemas.microsoft.com/win/2004/08/events/event">
  <System>
    <Provider Name="Microsoft-Windows-Security-Auditing" Guid="{54849625-5478-4994-A5BA-3E3B0328C30D}" />
    <EventID>4907</EventID>
    <Version>0</Version>
    <Level>0</Level>
    <Task>13568</Task>
    <Opcode>0</Opcode>
    <Keywords>0x8020000000000000</Keywords>
    <TimeCreated SystemTime="2012-07-04T09:33:57.078125000Z" />
    <EventRecordID>173</EventRecordID>
    <Correlation />
    <Execution ProcessID="448" ThreadID="464" />
    <Channel>Security</Channel>
    <Computer>WIN-KJHGCUABASL</Computer>
    <Security />
  </System>
  <EventData>
    <Data Name="SubjectUserSid">S-1-5-18</Data>
    <Data Name="SubjectUserName">WIN-KJHGCUABASL$</Data>
    <Data Name="SubjectDomainName">WORKGROUP</Data>
    <Data Name="SubjectLogonId">0x3e7</Data>
    <Data Name="ObjectServer">Security</Data>
    <Data Name="ObjectType">File</Data>
    <Data Name="ObjectName">C:\Windows\System32\WindowsPowerShell\v1.0\Modules\RemoteDesktopServices\de-DE\TSPSCmdlets.dll-Help.xml</Data>
    <Data Name="HandleId">0x18</Data>
    <Data Name="OldSd">
    </Data>
    <Data Name="NewSd">S:ARAI(AU;SAFA;DCLCRPCRSDWDWO;;;WD)</Data>
    <Data Name="ProcessId">0x728</Data>
    <Data Name="ProcessName">C:\Windows\System32\poqexec.exe</Data>
  </EventData>
</Event>

Protokollname: Security
Quelle:        Microsoft-Windows-Security-Auditing
Datum:         04.07.2012 11:33:57
Ereignis-ID:   4907
Aufgabenkategorie:Richtlinienänderungen überwachen
Ebene:         Informationen
Schlüsselwörter:Überwachung erfolgreich
Benutzer:      Nicht zutreffend
Computer:      WIN-KJHGCUABASL
Beschreibung:
Die Überwachungseinstellungen für ein Objekt wurden geändert:

Antragsteller:
	Sicherheits-ID:		SYSTEM
	Kontoname:		WIN-KJHGCUABASL$
	Kontodomäne:		WORKGROUP
	Anmelde-ID:		0x3e7

Objekt:
	Objektserver:	Security
	Objekttyp:	File
	Objektname:	C:\Windows\System32\WindowsPowerShell\v1.0\Modules\RemoteDesktopServices\de\TSPSProvider.resources.dll
	Handle-ID:	0x18

Prozessinformationen:
	Prozess-ID:	0x728
	Prozessname:	C:\Windows\System32\poqexec.exe

Überwachungseinstellungen:
	Originalsicherheitsbeschreibung:	
	Neue Sicherheitsbeschreibung:		S:ARAI(AU;SAFA;DCLCRPCRSDWDWO;;;WD)
Ereignis-XML:
<Event xmlns="http://schemas.microsoft.com/win/2004/08/events/event">
  <System>
    <Provider Name="Microsoft-Windows-Security-Auditing" Guid="{54849625-5478-4994-A5BA-3E3B0328C30D}" />
    <EventID>4907</EventID>
    <Version>0</Version>
    <Level>0</Level>
    <Task>13568</Task>
    <Opcode>0</Opcode>
    <Keywords>0x8020000000000000</Keywords>
    <TimeCreated SystemTime="2012-07-04T09:33:57.078125000Z" />
    <EventRecordID>172</EventRecordID>
    <Correlation />
    <Execution ProcessID="448" ThreadID="464" />
    <Channel>Security</Channel>
    <Computer>WIN-KJHGCUABASL</Computer>
    <Security />
  </System>
  <EventData>
    <Data Name="SubjectUserSid">S-1-5-18</Data>
    <Data Name="SubjectUserName">WIN-KJHGCUABASL$</Data>
    <Data Name="SubjectDomainName">WORKGROUP</Data>
    <Data Name="SubjectLogonId">0x3e7</Data>
    <Data Name="ObjectServer">Security</Data>
    <Data Name="ObjectType">File</Data>
    <Data Name="ObjectName">C:\Windows\System32\WindowsPowerShell\v1.0\Modules\RemoteDesktopServices\de\TSPSProvider.resources.dll</Data>
    <Data Name="HandleId">0x18</Data>
    <Data Name="OldSd">
    </Data>
    <Data Name="NewSd">S:ARAI(AU;SAFA;DCLCRPCRSDWDWO;;;WD)</Data>
    <Data Name="ProcessId">0x728</Data>
    <Data Name="ProcessName">C:\Windows\System32\poqexec.exe</Data>
  </EventData>
</Event>

Protokollname: Security
Quelle:        Microsoft-Windows-Security-Auditing
Datum:         04.07.2012 11:33:57
Ereignis-ID:   4907
Aufgabenkategorie:Richtlinienänderungen überwachen
Ebene:         Informationen
Schlüsselwörter:Überwachung erfolgreich
Benutzer:      Nicht zutreffend
Computer:      WIN-KJHGCUABASL
Beschreibung:
Die Überwachungseinstellungen für ein Objekt wurden geändert:

Antragsteller:
	Sicherheits-ID:		SYSTEM
	Kontoname:		WIN-KJHGCUABASL$
	Kontodomäne:		WORKGROUP
	Anmelde-ID:		0x3e7

Objekt:
	Objektserver:	Security
	Objekttyp:	File
	Objektname:	C:\Windows\System32\WindowsPowerShell\v1.0\Modules\RemoteDesktopServices\de\TSPSDataAccess.resources.dll
	Handle-ID:	0x18

Prozessinformationen:
	Prozess-ID:	0x728
	Prozessname:	C:\Windows\System32\poqexec.exe

Überwachungseinstellungen:
	Originalsicherheitsbeschreibung:	
	Neue Sicherheitsbeschreibung:		S:ARAI(AU;SAFA;DCLCRPCRSDWDWO;;;WD)
Ereignis-XML:
<Event xmlns="http://schemas.microsoft.com/win/2004/08/events/event">
  <System>
    <Provider Name="Microsoft-Windows-Security-Auditing" Guid="{54849625-5478-4994-A5BA-3E3B0328C30D}" />
    <EventID>4907</EventID>
    <Version>0</Version>
    <Level>0</Level>
    <Task>13568</Task>
    <Opcode>0</Opcode>
    <Keywords>0x8020000000000000</Keywords>
    <TimeCreated SystemTime="2012-07-04T09:33:57.078125000Z" />
    <EventRecordID>171</EventRecordID>
    <Correlation />
    <Execution ProcessID="448" ThreadID="464" />
    <Channel>Security</Channel>
    <Computer>WIN-KJHGCUABASL</Computer>
    <Security />
  </System>
  <EventData>
    <Data Name="SubjectUserSid">S-1-5-18</Data>
    <Data Name="SubjectUserName">WIN-KJHGCUABASL$</Data>
    <Data Name="SubjectDomainName">WORKGROUP</Data>
    <Data Name="SubjectLogonId">0x3e7</Data>
    <Data Name="ObjectServer">Security</Data>
    <Data Name="ObjectType">File</Data>
    <Data Name="ObjectName">C:\Windows\System32\WindowsPowerShell\v1.0\Modules\RemoteDesktopServices\de\TSPSDataAccess.resources.dll</Data>
    <Data Name="HandleId">0x18</Data>
    <Data Name="OldSd">
    </Data>
    <Data Name="NewSd">S:ARAI(AU;SAFA;DCLCRPCRSDWDWO;;;WD)</Data>
    <Data Name="ProcessId">0x728</Data>
    <Data Name="ProcessName">C:\Windows\System32\poqexec.exe</Data>
  </EventData>
</Event>

Protokollname: Security
Quelle:        Microsoft-Windows-Security-Auditing
Datum:         04.07.2012 11:33:57
Ereignis-ID:   4907
Aufgabenkategorie:Richtlinienänderungen überwachen
Ebene:         Informationen
Schlüsselwörter:Überwachung erfolgreich
Benutzer:      Nicht zutreffend
Computer:      WIN-KJHGCUABASL
Beschreibung:
Die Überwachungseinstellungen für ein Objekt wurden geändert:

Antragsteller:
	Sicherheits-ID:		SYSTEM
	Kontoname:		WIN-KJHGCUABASL$
	Kontodomäne:		WORKGROUP
	Anmelde-ID:		0x3e7

Objekt:
	Objektserver:	Security
	Objekttyp:	File
	Objektname:	C:\Windows\System32\WindowsPowerShell\v1.0\Modules\RemoteDesktopServices\de\TSPSCmdlets.resources.dll
	Handle-ID:	0x18

Prozessinformationen:
	Prozess-ID:	0x728
	Prozessname:	C:\Windows\System32\poqexec.exe

Überwachungseinstellungen:
	Originalsicherheitsbeschreibung:	
	Neue Sicherheitsbeschreibung:		S:ARAI(AU;SAFA;DCLCRPCRSDWDWO;;;WD)
Ereignis-XML:
<Event xmlns="http://schemas.microsoft.com/win/2004/08/events/event">
  <System>
    <Provider Name="Microsoft-Windows-Security-Auditing" Guid="{54849625-5478-4994-A5BA-3E3B0328C30D}" />
    <EventID>4907</EventID>
    <Version>0</Version>
    <Level>0</Level>
    <Task>13568</Task>
    <Opcode>0</Opcode>
    <Keywords>0x8020000000000000</Keywords>
    <TimeCreated SystemTime="2012-07-04T09:33:57.078125000Z" />
    <EventRecordID>170</EventRecordID>
    <Correlation />
    <Execution ProcessID="448" ThreadID="464" />
    <Channel>Security</Channel>
    <Computer>WIN-KJHGCUABASL</Computer>
    <Security />
  </System>
  <EventData>
    <Data Name="SubjectUserSid">S-1-5-18</Data>
    <Data Name="SubjectUserName">WIN-KJHGCUABASL$</Data>
    <Data Name="SubjectDomainName">WORKGROUP</Data>
    <Data Name="SubjectLogonId">0x3e7</Data>
    <Data Name="ObjectServer">Security</Data>
    <Data Name="ObjectType">File</Data>
    <Data Name="ObjectName">C:\Windows\System32\WindowsPowerShell\v1.0\Modules\RemoteDesktopServices\de\TSPSCmdlets.resources.dll</Data>
    <Data Name="HandleId">0x18</Data>
    <Data Name="OldSd">
    </Data>
    <Data Name="NewSd">S:ARAI(AU;SAFA;DCLCRPCRSDWDWO;;;WD)</Data>
    <Data Name="ProcessId">0x728</Data>
    <Data Name="ProcessName">C:\Windows\System32\poqexec.exe</Data>
  </EventData>
</Event>

Protokollname: Security
Quelle:        Microsoft-Windows-Security-Auditing
Datum:         04.07.2012 11:33:57
Ereignis-ID:   4907
Aufgabenkategorie:Richtlinienänderungen überwachen
Ebene:         Informationen
Schlüsselwörter:Überwachung erfolgreich
Benutzer:      Nicht zutreffend
Computer:      WIN-KJHGCUABASL
Beschreibung:
Die Überwachungseinstellungen für ein Objekt wurden geändert:

Antragsteller:
	Sicherheits-ID:		SYSTEM
	Kontoname:		WIN-KJHGCUABASL$
	Kontodomäne:		WORKGROUP
	Anmelde-ID:		0x3e7

Objekt:
	Objektserver:	Security
	Objekttyp:	File
	Objektname:	C:\Windows\System32\WindowsPowerShell\v1.0\Modules\RemoteDesktopServices\de\TSPSEngine.resources.dll
	Handle-ID:	0x18

Prozessinformationen:
	Prozess-ID:	0x728
	Prozessname:	C:\Windows\System32\poqexec.exe

Überwachungseinstellungen:
	Originalsicherheitsbeschreibung:	
	Neue Sicherheitsbeschreibung:		S:ARAI(AU;SAFA;DCLCRPCRSDWDWO;;;WD)
Ereignis-XML:
<Event xmlns="http://schemas.microsoft.com/win/2004/08/events/event">
  <System>
    <Provider Name="Microsoft-Windows-Security-Auditing" Guid="{54849625-5478-4994-A5BA-3E3B0328C30D}" />
    <EventID>4907</EventID>
    <Version>0</Version>
    <Level>0</Level>
    <Task>13568</Task>
    <Opcode>0</Opcode>
    <Keywords>0x8020000000000000</Keywords>
    <TimeCreated SystemTime="2012-07-04T09:33:57.078125000Z" />
    <EventRecordID>169</EventRecordID>
    <Correlation />
    <Execution ProcessID="448" ThreadID="464" />
    <Channel>Security</Channel>
    <Computer>WIN-KJHGCUABASL</Computer>
    <Security />
  </System>
  <EventData>
    <Data Name="SubjectUserSid">S-1-5-18</Data>
    <Data Name="SubjectUserName">WIN-KJHGCUABASL$</Data>
    <Data Name="SubjectDomainName">WORKGROUP</Data>
    <Data Name="SubjectLogonId">0x3e7</Data>
    <Data Name="ObjectServer">Security</Data>
    <Data Name="ObjectType">File</Data>
    <Data Name="ObjectName">C:\Windows\System32\WindowsPowerShell\v1.0\Modules\RemoteDesktopServices\de\TSPSEngine.resources.dll</Data>
    <Data Name="HandleId">0x18</Data>
    <Data Name="OldSd">
    </Data>
    <Data Name="NewSd">S:ARAI(AU;SAFA;DCLCRPCRSDWDWO;;;WD)</Data>
    <Data Name="ProcessId">0x728</Data>
    <Data Name="ProcessName">C:\Windows\System32\poqexec.exe</Data>
  </EventData>
</Event>

Protokollname: Security
Quelle:        Microsoft-Windows-Security-Auditing
Datum:         04.07.2012 11:33:57
Ereignis-ID:   4907
Aufgabenkategorie:Richtlinienänderungen überwachen
Ebene:         Informationen
Schlüsselwörter:Überwachung erfolgreich
Benutzer:      Nicht zutreffend
Computer:      WIN-KJHGCUABASL
Beschreibung:
Die Überwachungseinstellungen für ein Objekt wurden geändert:

Antragsteller:
	Sicherheits-ID:		SYSTEM
	Kontoname:		WIN-KJHGCUABASL$
	Kontodomäne:		WORKGROUP
	Anmelde-ID:		0x3e7

Objekt:
	Objektserver:	Security
	Objekttyp:	File
	Objektname:	C:\Windows\System32\WindowsPowerShell\v1.0\Modules\RemoteDesktopServices\TSProvider.Format.ps1xml
	Handle-ID:	0x18

Prozessinformationen:
	Prozess-ID:	0x728
	Prozessname:	C:\Windows\System32\poqexec.exe

Überwachungseinstellungen:
	Originalsicherheitsbeschreibung:	
	Neue Sicherheitsbeschreibung:		S:ARAI(AU;SAFA;DCLCRPCRSDWDWO;;;WD)
Ereignis-XML:
<Event xmlns="http://schemas.microsoft.com/win/2004/08/events/event">
  <System>
    <Provider Name="Microsoft-Windows-Security-Auditing" Guid="{54849625-5478-4994-A5BA-3E3B0328C30D}" />
    <EventID>4907</EventID>
    <Version>0</Version>
    <Level>0</Level>
    <Task>13568</Task>
    <Opcode>0</Opcode>
    <Keywords>0x8020000000000000</Keywords>
    <TimeCreated SystemTime="2012-07-04T09:33:57.062500000Z" />
    <EventRecordID>168</EventRecordID>
    <Correlation />
    <Execution ProcessID="448" ThreadID="464" />
    <Channel>Security</Channel>
    <Computer>WIN-KJHGCUABASL</Computer>
    <Security />
  </System>
  <EventData>
    <Data Name="SubjectUserSid">S-1-5-18</Data>
    <Data Name="SubjectUserName">WIN-KJHGCUABASL$</Data>
    <Data Name="SubjectDomainName">WORKGROUP</Data>
    <Data Name="SubjectLogonId">0x3e7</Data>
    <Data Name="ObjectServer">Security</Data>
    <Data Name="ObjectType">File</Data>
    <Data Name="ObjectName">C:\Windows\System32\WindowsPowerShell\v1.0\Modules\RemoteDesktopServices\TSProvider.Format.ps1xml</Data>
    <Data Name="HandleId">0x18</Data>
    <Data Name="OldSd">
    </Data>
    <Data Name="NewSd">S:ARAI(AU;SAFA;DCLCRPCRSDWDWO;;;WD)</Data>
    <Data Name="ProcessId">0x728</Data>
    <Data Name="ProcessName">C:\Windows\System32\poqexec.exe</Data>
  </EventData>
</Event>

Protokollname: Security
Quelle:        Microsoft-Windows-Security-Auditing
Datum:         04.07.2012 11:33:57
Ereignis-ID:   4907
Aufgabenkategorie:Richtlinienänderungen überwachen
Ebene:         Informationen
Schlüsselwörter:Überwachung erfolgreich
Benutzer:      Nicht zutreffend
Computer:      WIN-KJHGCUABASL
Beschreibung:
Die Überwachungseinstellungen für ein Objekt wurden geändert:

Antragsteller:
	Sicherheits-ID:		SYSTEM
	Kontoname:		WIN-KJHGCUABASL$
	Kontodomäne:		WORKGROUP
	Anmelde-ID:		0x3e7

Objekt:
	Objektserver:	Security
	Objekttyp:	File
	Objektname:	C:\Windows\System32\WindowsPowerShell\v1.0\Modules\RemoteDesktopServices\TSPSProvider.dll
	Handle-ID:	0x18

Prozessinformationen:
	Prozess-ID:	0x728
	Prozessname:	C:\Windows\System32\poqexec.exe

Überwachungseinstellungen:
	Originalsicherheitsbeschreibung:	
	Neue Sicherheitsbeschreibung:		S:ARAI(AU;SAFA;DCLCRPCRSDWDWO;;;WD)
Ereignis-XML:
<Event xmlns="http://schemas.microsoft.com/win/2004/08/events/event">
  <System>
    <Provider Name="Microsoft-Windows-Security-Auditing" Guid="{54849625-5478-4994-A5BA-3E3B0328C30D}" />
    <EventID>4907</EventID>
    <Version>0</Version>
    <Level>0</Level>
    <Task>13568</Task>
    <Opcode>0</Opcode>
    <Keywords>0x8020000000000000</Keywords>
    <TimeCreated SystemTime="2012-07-04T09:33:57.062500000Z" />
    <EventRecordID>167</EventRecordID>
    <Correlation />
    <Execution ProcessID="448" ThreadID="464" />
    <Channel>Security</Channel>
    <Computer>WIN-KJHGCUABASL</Computer>
    <Security />
  </System>
  <EventData>
    <Data Name="SubjectUserSid">S-1-5-18</Data>
    <Data Name="SubjectUserName">WIN-KJHGCUABASL$</Data>
    <Data Name="SubjectDomainName">WORKGROUP</Data>
    <Data Name="SubjectLogonId">0x3e7</Data>
    <Data Name="ObjectServer">Security</Data>
    <Data Name="ObjectType">File</Data>
    <Data Name="ObjectName">C:\Windows\System32\WindowsPowerShell\v1.0\Modules\RemoteDesktopServices\TSPSProvider.dll</Data>
    <Data Name="HandleId">0x18</Data>
    <Data Name="OldSd">
    </Data>
    <Data Name="NewSd">S:ARAI(AU;SAFA;DCLCRPCRSDWDWO;;;WD)</Data>
    <Data Name="ProcessId">0x728</Data>
    <Data Name="ProcessName">C:\Windows\System32\poqexec.exe</Data>
  </EventData>
</Event>

