Protokollname: Security
Quelle:        Microsoft-Windows-Security-Auditing
Datum:         04.07.2012 11:11:57
Ereignis-ID:   4624
Aufgabenkategorie:Anmelden
Ebene:         Informationen
Schlüsselwörter:Überwachung erfolgreich
Benutzer:      Nicht zutreffend
Computer:      WIN-KJHGCUABASL
Beschreibung:
Ein Konto wurde erfolgreich angemeldet.

Antragsteller:
	Sicherheits-ID:		NULL SID
	Kontoname:		-
	Kontodomäne:		-
	Anmelde-ID:		0x0

Anmeldetyp:			0

Neue Anmeldung:
	Sicherheits-ID:		SYSTEM
	Kontoname:		SYSTEM
	Kontodomäne:		NT-AUTORITÄT
	Anmelde-ID:		0x3e7
	Anmelde-GUID:		{00000000-0000-0000-0000-000000000000}

Prozessinformationen:
	Prozess-ID:		0x4
	Prozessname:		

Netzwerkinformationen:
	Arbeitsstationsname:	-
	Quellnetzwerkadresse:	-
	Quellport:		-

Detaillierte Authentifizierungsinformationen:
	Anmeldeprozess:		-
	Authentifizierungspaket:	-
	Übertragene Dienste:	-
	Paketname (nur NTLM):	-
	Schlüssellänge:		0

Dieses Ereignis wird beim Erstellen einer Anmeldesitzung generiert. Es wird auf dem Computer generiert, auf den zugegriffen wurde.

Die Antragstellerfelder geben das Konto auf dem lokalen System an, von dem die Anmeldung angefordert wurde. Dies ist meistens ein Dienst wie der Serverdienst oder ein lokaler Prozess wie "Winlogon.exe" oder "Services.exe".

Das Anmeldetypfeld gibt den jeweiligen Anmeldetyp an. Die häufigsten Typen sind 2 (interaktiv) und 3 (Netzwerk).

Die Felder für die neue Anmeldung geben das Konto an, für das die Anmeldung erstellt wurde, d. h. das angemeldete Konto.

Die Netzwerkfelder geben die Quelle einer Remoteanmeldeanforderung an. der Arbeitsstationsname ist nicht immer verfügbar und kann in manchen Fällen leer bleiben.

Die Felder für die Authentifizierungsinformationen enthalten detaillierte Informationen zu dieser speziellen Anmeldeanforderung.
	 - Die Anmelde-GUID ist ein eindeutiger Bezeichner, der verwendet werden kann, um dieses Ereignis mit einem KDC-Ereignis zu korrelieren.
	- Die übertragenen Dienste geben an, welche Zwischendienste an der Anmeldeanforderung beteiligt waren.
	- Der Paketname gibt das in den NTLM-Protokollen verwendete Unterprotokoll an.
	- Die Schlüssellänge gibt die Länge des generierten Sitzungsschlüssels an. Wenn kein Sitzungsschlüssel angefordert wurde, ist dieser Wert 0.
Ereignis-XML:
<Event xmlns="http://schemas.microsoft.com/win/2004/08/events/event">
  <System>
    <Provider Name="Microsoft-Windows-Security-Auditing" Guid="{54849625-5478-4994-A5BA-3E3B0328C30D}" />
    <EventID>4624</EventID>
    <Version>0</Version>
    <Level>0</Level>
    <Task>12544</Task>
    <Opcode>0</Opcode>
    <Keywords>0x8020000000000000</Keywords>
    <TimeCreated SystemTime="2012-07-04T09:11:57.859375000Z" />
    <EventRecordID>108</EventRecordID>
    <Correlation />
    <Execution ProcessID="448" ThreadID="452" />
    <Channel>Security</Channel>
    <Computer>WIN-KJHGCUABASL</Computer>
    <Security />
  </System>
  <EventData>
    <Data Name="SubjectUserSid">S-1-0-0</Data>
    <Data Name="SubjectUserName">-</Data>
    <Data Name="SubjectDomainName">-</Data>
    <Data Name="SubjectLogonId">0x0</Data>
    <Data Name="TargetUserSid">S-1-5-18</Data>
    <Data Name="TargetUserName">SYSTEM</Data>
    <Data Name="TargetDomainName">NT-AUTORITÄT</Data>
    <Data Name="TargetLogonId">0x3e7</Data>
    <Data Name="LogonType">0</Data>
    <Data Name="LogonProcessName">-</Data>
    <Data Name="AuthenticationPackageName">-</Data>
    <Data Name="WorkstationName">-</Data>
    <Data Name="LogonGuid">{00000000-0000-0000-0000-000000000000}</Data>
    <Data Name="TransmittedServices">-</Data>
    <Data Name="LmPackageName">-</Data>
    <Data Name="KeyLength">0</Data>
    <Data Name="ProcessId">0x4</Data>
    <Data Name="ProcessName">
    </Data>
    <Data Name="IpAddress">-</Data>
    <Data Name="IpPort">-</Data>
  </EventData>
</Event>

Protokollname: Security
Quelle:        Microsoft-Windows-Security-Auditing
Datum:         04.07.2012 11:11:57
Ereignis-ID:   4608
Aufgabenkategorie:Sicherheitsstatusänderung
Ebene:         Informationen
Schlüsselwörter:Überwachung erfolgreich
Benutzer:      Nicht zutreffend
Computer:      WIN-KJHGCUABASL
Beschreibung:
Windows wird gestartet.

Dieses Ereignis wird protokolliert, wenn LSASS.EXE gestartet und das Überwachungssubsystem initialisiert wird.
Ereignis-XML:
<Event xmlns="http://schemas.microsoft.com/win/2004/08/events/event">
  <System>
    <Provider Name="Microsoft-Windows-Security-Auditing" Guid="{54849625-5478-4994-A5BA-3E3B0328C30D}" />
    <EventID>4608</EventID>
    <Version>0</Version>
    <Level>0</Level>
    <Task>12288</Task>
    <Opcode>0</Opcode>
    <Keywords>0x8020000000000000</Keywords>
    <TimeCreated SystemTime="2012-07-04T09:11:57.609375000Z" />
    <EventRecordID>107</EventRecordID>
    <Correlation />
    <Execution ProcessID="448" ThreadID="452" />
    <Channel>Security</Channel>
    <Computer>WIN-KJHGCUABASL</Computer>
    <Security />
  </System>
  <EventData>
  </EventData>
</Event>

Protokollname: Security
Quelle:        Microsoft-Windows-Eventlog
Datum:         04.07.2012 11:12:13
Ereignis-ID:   1101
Aufgabenkategorie:Ereignispozessor
Ebene:         Fehler
Schlüsselwörter:Überwachung erfolgreich
Benutzer:      Nicht zutreffend
Computer:      WIN-KJHGCUABASL
Beschreibung:
Überwachungsereignisse wurden vom Transport gelöscht. 0
Ereignis-XML:
<Event xmlns="http://schemas.microsoft.com/win/2004/08/events/event">
  <System>
    <Provider Name="Microsoft-Windows-Eventlog" Guid="{fc65ddd8-d6ef-4962-83d5-6e5cfe9ce148}" />
    <EventID>1101</EventID>
    <Version>0</Version>
    <Level>2</Level>
    <Task>101</Task>
    <Opcode>0</Opcode>
    <Keywords>0x4020000000000000</Keywords>
    <TimeCreated SystemTime="2012-07-04T09:12:13.875000000Z" />
    <EventRecordID>106</EventRecordID>
    <Correlation />
    <Execution ProcessID="720" ThreadID="792" />
    <Channel>Security</Channel>
    <Computer>WIN-KJHGCUABASL</Computer>
    <Security />
  </System>
  <UserData>
    <AuditEventsDropped xmlns:auto-ns3="http://schemas.microsoft.com/win/2004/08/events" xmlns="http://manifests.microsoft.com/win/2004/08/windows/eventlog">
      <Reason>0</Reason>
    </AuditEventsDropped>
  </UserData>
</Event>

Protokollname: Security
Quelle:        Microsoft-Windows-Security-Auditing
Datum:         06.06.2012 13:25:48
Ereignis-ID:   4672
Aufgabenkategorie:Spezielle Anmeldung
Ebene:         Informationen
Schlüsselwörter:Überwachung erfolgreich
Benutzer:      Nicht zutreffend
Computer:      WIN-KJHGCUABASL
Beschreibung:
Einer neuen Anmeldung wurden besondere Rechte zugewiesen.

Antragsteller:
	Sicherheits-ID:		WIN-KJHGCUABASL\Administrator
	Kontoname:		Administrator
	Kontodomäne:		WIN-KJHGCUABASL
	Anmelde-ID:		0x206f4

Berechtigungen:		SeSecurityPrivilege
			SeTakeOwnershipPrivilege
			SeLoadDriverPrivilege
			SeBackupPrivilege
			SeRestorePrivilege
			SeDebugPrivilege
			SeSystemEnvironmentPrivilege
			SeImpersonatePrivilege
Ereignis-XML:
<Event xmlns="http://schemas.microsoft.com/win/2004/08/events/event">
  <System>
    <Provider Name="Microsoft-Windows-Security-Auditing" Guid="{54849625-5478-4994-A5BA-3E3B0328C30D}" />
    <EventID>4672</EventID>
    <Version>0</Version>
    <Level>0</Level>
    <Task>12548</Task>
    <Opcode>0</Opcode>
    <Keywords>0x8020000000000000</Keywords>
    <TimeCreated SystemTime="2012-06-06T11:25:48.968750000Z" />
    <EventRecordID>105</EventRecordID>
    <Correlation />
    <Execution ProcessID="460" ThreadID="516" />
    <Channel>Security</Channel>
    <Computer>WIN-KJHGCUABASL</Computer>
    <Security />
  </System>
  <EventData>
    <Data Name="SubjectUserSid">S-1-5-21-1984093686-2666557038-3875388431-500</Data>
    <Data Name="SubjectUserName">Administrator</Data>
    <Data Name="SubjectDomainName">WIN-KJHGCUABASL</Data>
    <Data Name="SubjectLogonId">0x206f4</Data>
    <Data Name="PrivilegeList">SeSecurityPrivilege
			SeTakeOwnershipPrivilege
			SeLoadDriverPrivilege
			SeBackupPrivilege
			SeRestorePrivilege
			SeDebugPrivilege
			SeSystemEnvironmentPrivilege
			SeImpersonatePrivilege</Data>
  </EventData>
</Event>

Protokollname: Security
Quelle:        Microsoft-Windows-Security-Auditing
Datum:         06.06.2012 13:25:48
Ereignis-ID:   4624
Aufgabenkategorie:Anmelden
Ebene:         Informationen
Schlüsselwörter:Überwachung erfolgreich
Benutzer:      Nicht zutreffend
Computer:      WIN-KJHGCUABASL
Beschreibung:
Ein Konto wurde erfolgreich angemeldet.

Antragsteller:
	Sicherheits-ID:		SYSTEM
	Kontoname:		WIN-KJHGCUABASL$
	Kontodomäne:		WORKGROUP
	Anmelde-ID:		0x3e7

Anmeldetyp:			2

Neue Anmeldung:
	Sicherheits-ID:		WIN-KJHGCUABASL\Administrator
	Kontoname:		Administrator
	Kontodomäne:		WIN-KJHGCUABASL
	Anmelde-ID:		0x206f4
	Anmelde-GUID:		{00000000-0000-0000-0000-000000000000}

Prozessinformationen:
	Prozess-ID:		0x180
	Prozessname:		C:\Windows\System32\winlogon.exe

Netzwerkinformationen:
	Arbeitsstationsname:	WIN-KJHGCUABASL
	Quellnetzwerkadresse:	127.0.0.1
	Quellport:		0

Detaillierte Authentifizierungsinformationen:
	Anmeldeprozess:		User32 
	Authentifizierungspaket:	Negotiate
	Übertragene Dienste:	-
	Paketname (nur NTLM):	-
	Schlüssellänge:		0

Dieses Ereignis wird beim Erstellen einer Anmeldesitzung generiert. Es wird auf dem Computer generiert, auf den zugegriffen wurde.

Die Antragstellerfelder geben das Konto auf dem lokalen System an, von dem die Anmeldung angefordert wurde. Dies ist meistens ein Dienst wie der Serverdienst oder ein lokaler Prozess wie "Winlogon.exe" oder "Services.exe".

Das Anmeldetypfeld gibt den jeweiligen Anmeldetyp an. Die häufigsten Typen sind 2 (interaktiv) und 3 (Netzwerk).

Die Felder für die neue Anmeldung geben das Konto an, für das die Anmeldung erstellt wurde, d. h. das angemeldete Konto.

Die Netzwerkfelder geben die Quelle einer Remoteanmeldeanforderung an. der Arbeitsstationsname ist nicht immer verfügbar und kann in manchen Fällen leer bleiben.

Die Felder für die Authentifizierungsinformationen enthalten detaillierte Informationen zu dieser speziellen Anmeldeanforderung.
	 - Die Anmelde-GUID ist ein eindeutiger Bezeichner, der verwendet werden kann, um dieses Ereignis mit einem KDC-Ereignis zu korrelieren.
	- Die übertragenen Dienste geben an, welche Zwischendienste an der Anmeldeanforderung beteiligt waren.
	- Der Paketname gibt das in den NTLM-Protokollen verwendete Unterprotokoll an.
	- Die Schlüssellänge gibt die Länge des generierten Sitzungsschlüssels an. Wenn kein Sitzungsschlüssel angefordert wurde, ist dieser Wert 0.
Ereignis-XML:
<Event xmlns="http://schemas.microsoft.com/win/2004/08/events/event">
  <System>
    <Provider Name="Microsoft-Windows-Security-Auditing" Guid="{54849625-5478-4994-A5BA-3E3B0328C30D}" />
    <EventID>4624</EventID>
    <Version>0</Version>
    <Level>0</Level>
    <Task>12544</Task>
    <Opcode>0</Opcode>
    <Keywords>0x8020000000000000</Keywords>
    <TimeCreated SystemTime="2012-06-06T11:25:48.968750000Z" />
    <EventRecordID>104</EventRecordID>
    <Correlation />
    <Execution ProcessID="460" ThreadID="516" />
    <Channel>Security</Channel>
    <Computer>WIN-KJHGCUABASL</Computer>
    <Security />
  </System>
  <EventData>
    <Data Name="SubjectUserSid">S-1-5-18</Data>
    <Data Name="SubjectUserName">WIN-KJHGCUABASL$</Data>
    <Data Name="SubjectDomainName">WORKGROUP</Data>
    <Data Name="SubjectLogonId">0x3e7</Data>
    <Data Name="TargetUserSid">S-1-5-21-1984093686-2666557038-3875388431-500</Data>
    <Data Name="TargetUserName">Administrator</Data>
    <Data Name="TargetDomainName">WIN-KJHGCUABASL</Data>
    <Data Name="TargetLogonId">0x206f4</Data>
    <Data Name="LogonType">2</Data>
    <Data Name="LogonProcessName">User32 </Data>
    <Data Name="AuthenticationPackageName">Negotiate</Data>
    <Data Name="WorkstationName">WIN-KJHGCUABASL</Data>
    <Data Name="LogonGuid">{00000000-0000-0000-0000-000000000000}</Data>
    <Data Name="TransmittedServices">-</Data>
    <Data Name="LmPackageName">-</Data>
    <Data Name="KeyLength">0</Data>
    <Data Name="ProcessId">0x180</Data>
    <Data Name="ProcessName">C:\Windows\System32\winlogon.exe</Data>
    <Data Name="IpAddress">127.0.0.1</Data>
    <Data Name="IpPort">0</Data>
  </EventData>
</Event>

Protokollname: Security
Quelle:        Microsoft-Windows-Security-Auditing
Datum:         06.06.2012 13:25:48
Ereignis-ID:   4648
Aufgabenkategorie:Anmelden
Ebene:         Informationen
Schlüsselwörter:Überwachung erfolgreich
Benutzer:      Nicht zutreffend
Computer:      WIN-KJHGCUABASL
Beschreibung:
Anmeldeversuch mit expliziten Anmeldeinformationen.

Antragsteller:
	Sicherheits-ID:		SYSTEM
	Kontoname:		WIN-KJHGCUABASL$
	Kontodomäne:		WORKGROUP
	Anmelde-ID:		0x3e7
	Anmelde-GUID:		{00000000-0000-0000-0000-000000000000}

Konto, dessen Anmeldeinformationen verwendet wurden:
	Kontoname:		Administrator
	Kontodomäne:		WIN-KJHGCUABASL
	Anmelde-GUID:		{00000000-0000-0000-0000-000000000000}

Zielserver:
	Zielservername:	localhost
	Weitere Informationen:	localhost

Prozessinformationen:
	Prozess-ID:		0x180
	Prozessname:		C:\Windows\System32\winlogon.exe

Netzwerkinformationen:
	Netzwerkadresse:	127.0.0.1
	Port:			0

Dieses Ereignis wird bei einem Anmeldeversuch durch einen Prozess generiert, wenn ausdrücklich die Anmeldeinformationen des Kontos angegeben werden.  Dies ist normalerweise der Fall in Batch-Konfigurationen, z. B. bei geplanten Aufgaben oder wenn der Befehl "runas" verwendet wird.
Ereignis-XML:
<Event xmlns="http://schemas.microsoft.com/win/2004/08/events/event">
  <System>
    <Provider Name="Microsoft-Windows-Security-Auditing" Guid="{54849625-5478-4994-A5BA-3E3B0328C30D}" />
    <EventID>4648</EventID>
    <Version>0</Version>
    <Level>0</Level>
    <Task>12544</Task>
    <Opcode>0</Opcode>
    <Keywords>0x8020000000000000</Keywords>
    <TimeCreated SystemTime="2012-06-06T11:25:48.968750000Z" />
    <EventRecordID>103</EventRecordID>
    <Correlation />
    <Execution ProcessID="460" ThreadID="516" />
    <Channel>Security</Channel>
    <Computer>WIN-KJHGCUABASL</Computer>
    <Security />
  </System>
  <EventData>
    <Data Name="SubjectUserSid">S-1-5-18</Data>
    <Data Name="SubjectUserName">WIN-KJHGCUABASL$</Data>
    <Data Name="SubjectDomainName">WORKGROUP</Data>
    <Data Name="SubjectLogonId">0x3e7</Data>
    <Data Name="LogonGuid">{00000000-0000-0000-0000-000000000000}</Data>
    <Data Name="TargetUserName">Administrator</Data>
    <Data Name="TargetDomainName">WIN-KJHGCUABASL</Data>
    <Data Name="TargetLogonGuid">{00000000-0000-0000-0000-000000000000}</Data>
    <Data Name="TargetServerName">localhost</Data>
    <Data Name="TargetInfo">localhost</Data>
    <Data Name="ProcessId">0x180</Data>
    <Data Name="ProcessName">C:\Windows\System32\winlogon.exe</Data>
    <Data Name="IpAddress">127.0.0.1</Data>
    <Data Name="IpPort">0</Data>
  </EventData>
</Event>

Protokollname: Security
Quelle:        Microsoft-Windows-Security-Auditing
Datum:         06.06.2012 13:25:48
Ereignis-ID:   4776
Aufgabenkategorie:Überprüfung der Anmeldeinformationen
Ebene:         Informationen
Schlüsselwörter:Überwachung erfolgreich
Benutzer:      Nicht zutreffend
Computer:      WIN-KJHGCUABASL
Beschreibung:
Es wurde versucht, die Anmeldeinformationen für ein Konto zu überprüfen.

Authentifizierungspaket:	MICROSOFT_AUTHENTICATION_PACKAGE_V1_0
Anmeldekonto:	Administrator
Arbeitsstation:	WIN-KJHGCUABASL
Fehlercode:	0x0
Ereignis-XML:
<Event xmlns="http://schemas.microsoft.com/win/2004/08/events/event">
  <System>
    <Provider Name="Microsoft-Windows-Security-Auditing" Guid="{54849625-5478-4994-A5BA-3E3B0328C30D}" />
    <EventID>4776</EventID>
    <Version>0</Version>
    <Level>0</Level>
    <Task>14336</Task>
    <Opcode>0</Opcode>
    <Keywords>0x8020000000000000</Keywords>
    <TimeCreated SystemTime="2012-06-06T11:25:48.968750000Z" />
    <EventRecordID>102</EventRecordID>
    <Correlation />
    <Execution ProcessID="460" ThreadID="516" />
    <Channel>Security</Channel>
    <Computer>WIN-KJHGCUABASL</Computer>
    <Security />
  </System>
  <EventData>
    <Data Name="PackageName">MICROSOFT_AUTHENTICATION_PACKAGE_V1_0</Data>
    <Data Name="TargetUserName">Administrator</Data>
    <Data Name="Workstation">WIN-KJHGCUABASL</Data>
    <Data Name="Status">0x0</Data>
  </EventData>
</Event>

Protokollname: Security
Quelle:        Microsoft-Windows-Security-Auditing
Datum:         06.06.2012 13:25:38
Ereignis-ID:   4634
Aufgabenkategorie:Abmelden
Ebene:         Informationen
Schlüsselwörter:Überwachung erfolgreich
Benutzer:      Nicht zutreffend
Computer:      WIN-KJHGCUABASL
Beschreibung:
Ein Konto wurde abgemeldet.

Antragsteller:
	Sicherheits-ID:		WIN-KJHGCUABASL\Administrator
	Kontoname:		Administrator
	Kontodomäne:		WIN-KJHGCUABASL
	Anmelde-ID:		0x1e670

Anmeldetyp:			2

Dieses Ereignis wird generiert, wenn eine Anmeldesitzung zerstört wird. Es kann anhand des Wertes der Anmelde-ID positiv mit einem Anmeldeereignis korreliert werden. Anmelde-IDs sind nur zwischen Neustarts auf demselben Computer eindeutig.
Ereignis-XML:
<Event xmlns="http://schemas.microsoft.com/win/2004/08/events/event">
  <System>
    <Provider Name="Microsoft-Windows-Security-Auditing" Guid="{54849625-5478-4994-A5BA-3E3B0328C30D}" />
    <EventID>4634</EventID>
    <Version>0</Version>
    <Level>0</Level>
    <Task>12545</Task>
    <Opcode>0</Opcode>
    <Keywords>0x8020000000000000</Keywords>
    <TimeCreated SystemTime="2012-06-06T11:25:38.343750000Z" />
    <EventRecordID>101</EventRecordID>
    <Correlation />
    <Execution ProcessID="460" ThreadID="512" />
    <Channel>Security</Channel>
    <Computer>WIN-KJHGCUABASL</Computer>
    <Security />
  </System>
  <EventData>
    <Data Name="TargetUserSid">S-1-5-21-1984093686-2666557038-3875388431-500</Data>
    <Data Name="TargetUserName">Administrator</Data>
    <Data Name="TargetDomainName">WIN-KJHGCUABASL</Data>
    <Data Name="TargetLogonId">0x1e670</Data>
    <Data Name="LogonType">2</Data>
  </EventData>
</Event>

Protokollname: Security
Quelle:        Microsoft-Windows-Security-Auditing
Datum:         06.06.2012 13:25:36
Ereignis-ID:   4672
Aufgabenkategorie:Spezielle Anmeldung
Ebene:         Informationen
Schlüsselwörter:Überwachung erfolgreich
Benutzer:      Nicht zutreffend
Computer:      WIN-KJHGCUABASL
Beschreibung:
Einer neuen Anmeldung wurden besondere Rechte zugewiesen.

Antragsteller:
	Sicherheits-ID:		WIN-KJHGCUABASL\Administrator
	Kontoname:		Administrator
	Kontodomäne:		WIN-KJHGCUABASL
	Anmelde-ID:		0x1e670

Berechtigungen:		SeSecurityPrivilege
			SeTakeOwnershipPrivilege
			SeLoadDriverPrivilege
			SeBackupPrivilege
			SeRestorePrivilege
			SeDebugPrivilege
			SeSystemEnvironmentPrivilege
			SeImpersonatePrivilege
Ereignis-XML:
<Event xmlns="http://schemas.microsoft.com/win/2004/08/events/event">
  <System>
    <Provider Name="Microsoft-Windows-Security-Auditing" Guid="{54849625-5478-4994-A5BA-3E3B0328C30D}" />
    <EventID>4672</EventID>
    <Version>0</Version>
    <Level>0</Level>
    <Task>12548</Task>
    <Opcode>0</Opcode>
    <Keywords>0x8020000000000000</Keywords>
    <TimeCreated SystemTime="2012-06-06T11:25:36.937500000Z" />
    <EventRecordID>100</EventRecordID>
    <Correlation />
    <Execution ProcessID="460" ThreadID="516" />
    <Channel>Security</Channel>
    <Computer>WIN-KJHGCUABASL</Computer>
    <Security />
  </System>
  <EventData>
    <Data Name="SubjectUserSid">S-1-5-21-1984093686-2666557038-3875388431-500</Data>
    <Data Name="SubjectUserName">Administrator</Data>
    <Data Name="SubjectDomainName">WIN-KJHGCUABASL</Data>
    <Data Name="SubjectLogonId">0x1e670</Data>
    <Data Name="PrivilegeList">SeSecurityPrivilege
			SeTakeOwnershipPrivilege
			SeLoadDriverPrivilege
			SeBackupPrivilege
			SeRestorePrivilege
			SeDebugPrivilege
			SeSystemEnvironmentPrivilege
			SeImpersonatePrivilege</Data>
  </EventData>
</Event>

Protokollname: Security
Quelle:        Microsoft-Windows-Security-Auditing
Datum:         06.06.2012 13:25:36
Ereignis-ID:   4624
Aufgabenkategorie:Anmelden
Ebene:         Informationen
Schlüsselwörter:Überwachung erfolgreich
Benutzer:      Nicht zutreffend
Computer:      WIN-KJHGCUABASL
Beschreibung:
Ein Konto wurde erfolgreich angemeldet.

Antragsteller:
	Sicherheits-ID:		SYSTEM
	Kontoname:		WIN-KJHGCUABASL$
	Kontodomäne:		WORKGROUP
	Anmelde-ID:		0x3e7

Anmeldetyp:			2

Neue Anmeldung:
	Sicherheits-ID:		WIN-KJHGCUABASL\Administrator
	Kontoname:		Administrator
	Kontodomäne:		WIN-KJHGCUABASL
	Anmelde-ID:		0x1e670
	Anmelde-GUID:		{00000000-0000-0000-0000-000000000000}

Prozessinformationen:
	Prozess-ID:		0x1cc
	Prozessname:		C:\Windows\System32\lsass.exe

Netzwerkinformationen:
	Arbeitsstationsname:	WIN-KJHGCUABASL
	Quellnetzwerkadresse:	-
	Quellport:		-

Detaillierte Authentifizierungsinformationen:
	Anmeldeprozess:		Advapi  
	Authentifizierungspaket:	Negotiate
	Übertragene Dienste:	-
	Paketname (nur NTLM):	-
	Schlüssellänge:		0

Dieses Ereignis wird beim Erstellen einer Anmeldesitzung generiert. Es wird auf dem Computer generiert, auf den zugegriffen wurde.

Die Antragstellerfelder geben das Konto auf dem lokalen System an, von dem die Anmeldung angefordert wurde. Dies ist meistens ein Dienst wie der Serverdienst oder ein lokaler Prozess wie "Winlogon.exe" oder "Services.exe".

Das Anmeldetypfeld gibt den jeweiligen Anmeldetyp an. Die häufigsten Typen sind 2 (interaktiv) und 3 (Netzwerk).

Die Felder für die neue Anmeldung geben das Konto an, für das die Anmeldung erstellt wurde, d. h. das angemeldete Konto.

Die Netzwerkfelder geben die Quelle einer Remoteanmeldeanforderung an. der Arbeitsstationsname ist nicht immer verfügbar und kann in manchen Fällen leer bleiben.

Die Felder für die Authentifizierungsinformationen enthalten detaillierte Informationen zu dieser speziellen Anmeldeanforderung.
	 - Die Anmelde-GUID ist ein eindeutiger Bezeichner, der verwendet werden kann, um dieses Ereignis mit einem KDC-Ereignis zu korrelieren.
	- Die übertragenen Dienste geben an, welche Zwischendienste an der Anmeldeanforderung beteiligt waren.
	- Der Paketname gibt das in den NTLM-Protokollen verwendete Unterprotokoll an.
	- Die Schlüssellänge gibt die Länge des generierten Sitzungsschlüssels an. Wenn kein Sitzungsschlüssel angefordert wurde, ist dieser Wert 0.
Ereignis-XML:
<Event xmlns="http://schemas.microsoft.com/win/2004/08/events/event">
  <System>
    <Provider Name="Microsoft-Windows-Security-Auditing" Guid="{54849625-5478-4994-A5BA-3E3B0328C30D}" />
    <EventID>4624</EventID>
    <Version>0</Version>
    <Level>0</Level>
    <Task>12544</Task>
    <Opcode>0</Opcode>
    <Keywords>0x8020000000000000</Keywords>
    <TimeCreated SystemTime="2012-06-06T11:25:36.937500000Z" />
    <EventRecordID>99</EventRecordID>
    <Correlation />
    <Execution ProcessID="460" ThreadID="516" />
    <Channel>Security</Channel>
    <Computer>WIN-KJHGCUABASL</Computer>
    <Security />
  </System>
  <EventData>
    <Data Name="SubjectUserSid">S-1-5-18</Data>
    <Data Name="SubjectUserName">WIN-KJHGCUABASL$</Data>
    <Data Name="SubjectDomainName">WORKGROUP</Data>
    <Data Name="SubjectLogonId">0x3e7</Data>
    <Data Name="TargetUserSid">S-1-5-21-1984093686-2666557038-3875388431-500</Data>
    <Data Name="TargetUserName">Administrator</Data>
    <Data Name="TargetDomainName">WIN-KJHGCUABASL</Data>
    <Data Name="TargetLogonId">0x1e670</Data>
    <Data Name="LogonType">2</Data>
    <Data Name="LogonProcessName">Advapi  </Data>
    <Data Name="AuthenticationPackageName">Negotiate</Data>
    <Data Name="WorkstationName">WIN-KJHGCUABASL</Data>
    <Data Name="LogonGuid">{00000000-0000-0000-0000-000000000000}</Data>
    <Data Name="TransmittedServices">-</Data>
    <Data Name="LmPackageName">-</Data>
    <Data Name="KeyLength">0</Data>
    <Data Name="ProcessId">0x1cc</Data>
    <Data Name="ProcessName">C:\Windows\System32\lsass.exe</Data>
    <Data Name="IpAddress">-</Data>
    <Data Name="IpPort">-</Data>
  </EventData>
</Event>

Protokollname: Security
Quelle:        Microsoft-Windows-Security-Auditing
Datum:         06.06.2012 13:25:36
Ereignis-ID:   4648
Aufgabenkategorie:Anmelden
Ebene:         Informationen
Schlüsselwörter:Überwachung erfolgreich
Benutzer:      Nicht zutreffend
Computer:      WIN-KJHGCUABASL
Beschreibung:
Anmeldeversuch mit expliziten Anmeldeinformationen.

Antragsteller:
	Sicherheits-ID:		SYSTEM
	Kontoname:		WIN-KJHGCUABASL$
	Kontodomäne:		WORKGROUP
	Anmelde-ID:		0x3e7
	Anmelde-GUID:		{00000000-0000-0000-0000-000000000000}

Konto, dessen Anmeldeinformationen verwendet wurden:
	Kontoname:		Administrator
	Kontodomäne:		WIN-KJHGCUABASL
	Anmelde-GUID:		{00000000-0000-0000-0000-000000000000}

Zielserver:
	Zielservername:	localhost
	Weitere Informationen:	localhost

Prozessinformationen:
	Prozess-ID:		0x1cc
	Prozessname:		C:\Windows\System32\lsass.exe

Netzwerkinformationen:
	Netzwerkadresse:	-
	Port:			-

Dieses Ereignis wird bei einem Anmeldeversuch durch einen Prozess generiert, wenn ausdrücklich die Anmeldeinformationen des Kontos angegeben werden.  Dies ist normalerweise der Fall in Batch-Konfigurationen, z. B. bei geplanten Aufgaben oder wenn der Befehl "runas" verwendet wird.
Ereignis-XML:
<Event xmlns="http://schemas.microsoft.com/win/2004/08/events/event">
  <System>
    <Provider Name="Microsoft-Windows-Security-Auditing" Guid="{54849625-5478-4994-A5BA-3E3B0328C30D}" />
    <EventID>4648</EventID>
    <Version>0</Version>
    <Level>0</Level>
    <Task>12544</Task>
    <Opcode>0</Opcode>
    <Keywords>0x8020000000000000</Keywords>
    <TimeCreated SystemTime="2012-06-06T11:25:36.937500000Z" />
    <EventRecordID>98</EventRecordID>
    <Correlation />
    <Execution ProcessID="460" ThreadID="516" />
    <Channel>Security</Channel>
    <Computer>WIN-KJHGCUABASL</Computer>
    <Security />
  </System>
  <EventData>
    <Data Name="SubjectUserSid">S-1-5-18</Data>
    <Data Name="SubjectUserName">WIN-KJHGCUABASL$</Data>
    <Data Name="SubjectDomainName">WORKGROUP</Data>
    <Data Name="SubjectLogonId">0x3e7</Data>
    <Data Name="LogonGuid">{00000000-0000-0000-0000-000000000000}</Data>
    <Data Name="TargetUserName">Administrator</Data>
    <Data Name="TargetDomainName">WIN-KJHGCUABASL</Data>
    <Data Name="TargetLogonGuid">{00000000-0000-0000-0000-000000000000}</Data>
    <Data Name="TargetServerName">localhost</Data>
    <Data Name="TargetInfo">localhost</Data>
    <Data Name="ProcessId">0x1cc</Data>
    <Data Name="ProcessName">C:\Windows\System32\lsass.exe</Data>
    <Data Name="IpAddress">-</Data>
    <Data Name="IpPort">-</Data>
  </EventData>
</Event>

Protokollname: Security
Quelle:        Microsoft-Windows-Security-Auditing
Datum:         06.06.2012 13:25:36
Ereignis-ID:   4776
Aufgabenkategorie:Überprüfung der Anmeldeinformationen
Ebene:         Informationen
Schlüsselwörter:Überwachung erfolgreich
Benutzer:      Nicht zutreffend
Computer:      WIN-KJHGCUABASL
Beschreibung:
Es wurde versucht, die Anmeldeinformationen für ein Konto zu überprüfen.

Authentifizierungspaket:	MICROSOFT_AUTHENTICATION_PACKAGE_V1_0
Anmeldekonto:	Administrator
Arbeitsstation:	WIN-KJHGCUABASL
Fehlercode:	0x0
Ereignis-XML:
<Event xmlns="http://schemas.microsoft.com/win/2004/08/events/event">
  <System>
    <Provider Name="Microsoft-Windows-Security-Auditing" Guid="{54849625-5478-4994-A5BA-3E3B0328C30D}" />
    <EventID>4776</EventID>
    <Version>0</Version>
    <Level>0</Level>
    <Task>14336</Task>
    <Opcode>0</Opcode>
    <Keywords>0x8020000000000000</Keywords>
    <TimeCreated SystemTime="2012-06-06T11:25:36.937500000Z" />
    <EventRecordID>97</EventRecordID>
    <Correlation />
    <Execution ProcessID="460" ThreadID="516" />
    <Channel>Security</Channel>
    <Computer>WIN-KJHGCUABASL</Computer>
    <Security />
  </System>
  <EventData>
    <Data Name="PackageName">MICROSOFT_AUTHENTICATION_PACKAGE_V1_0</Data>
    <Data Name="TargetUserName">Administrator</Data>
    <Data Name="Workstation">WIN-KJHGCUABASL</Data>
    <Data Name="Status">0x0</Data>
  </EventData>
</Event>

Protokollname: Security
Quelle:        Microsoft-Windows-Security-Auditing
Datum:         06.06.2012 13:25:36
Ereignis-ID:   4723
Aufgabenkategorie:Benutzerkontenverwaltung
Ebene:         Informationen
Schlüsselwörter:Überwachung erfolgreich
Benutzer:      Nicht zutreffend
Computer:      WIN-KJHGCUABASL
Beschreibung:
Es wurde versucht, das Kennwort eines Kontos zu ändern.

Antragsteller:
	Sicherheits-ID:		SYSTEM
	Kontoname:		WIN-KJHGCUABASL$
	Kontodomäne:		WORKGROUP
	Anmelde-ID:		0x3e7

Zielkonto:
	Sicherheits-ID:		WIN-KJHGCUABASL\Administrator
	Kontoname:		Administrator
	Kontodomäne:		WIN-KJHGCUABASL

Weitere Informationen:
	Berechtigungen		-
Ereignis-XML:
<Event xmlns="http://schemas.microsoft.com/win/2004/08/events/event">
  <System>
    <Provider Name="Microsoft-Windows-Security-Auditing" Guid="{54849625-5478-4994-A5BA-3E3B0328C30D}" />
    <EventID>4723</EventID>
    <Version>0</Version>
    <Level>0</Level>
    <Task>13824</Task>
    <Opcode>0</Opcode>
    <Keywords>0x8020000000000000</Keywords>
    <TimeCreated SystemTime="2012-06-06T11:25:36.718750000Z" />
    <EventRecordID>96</EventRecordID>
    <Correlation />
    <Execution ProcessID="460" ThreadID="512" />
    <Channel>Security</Channel>
    <Computer>WIN-KJHGCUABASL</Computer>
    <Security />
  </System>
  <EventData>
    <Data Name="TargetUserName">Administrator</Data>
    <Data Name="TargetDomainName">WIN-KJHGCUABASL</Data>
    <Data Name="TargetSid">S-1-5-21-1984093686-2666557038-3875388431-500</Data>
    <Data Name="SubjectUserSid">S-1-5-18</Data>
    <Data Name="SubjectUserName">WIN-KJHGCUABASL$</Data>
    <Data Name="SubjectDomainName">WORKGROUP</Data>
    <Data Name="SubjectLogonId">0x3e7</Data>
    <Data Name="PrivilegeList">-</Data>
  </EventData>
</Event>

Protokollname: Security
Quelle:        Microsoft-Windows-Security-Auditing
Datum:         06.06.2012 13:25:17
Ereignis-ID:   4625
Aufgabenkategorie:Anmelden
Ebene:         Informationen
Schlüsselwörter:Überwachung gescheitert
Benutzer:      Nicht zutreffend
Computer:      WIN-KJHGCUABASL
Beschreibung:
Fehler beim Anmelden eines Kontos.

Antragsteller:
	Sicherheits-ID:		SYSTEM
	Kontoname:		WIN-KJHGCUABASL$
	Kontodomäne:		WORKGROUP
	Anmelde-ID:		0x3e7

Anmeldetyp:			2

Konto, für das die Anmeldung fehlgeschlagen ist:
	Sicherheits-ID:		NULL SID
	Kontoname:		Administrator
	Kontodomäne:		WIN-KJHGCUABASL

Fehlerinformationen:
	Fehlerursache:		Das Kennwort des angegebenen Kontos ist abgelaufen.
	Status:			0xc0000224
	Unterstatus::		0x0

Prozessinformationen:
	Aufrufprozess-ID:	0x180
	Aufrufprozessname:	C:\Windows\System32\winlogon.exe

Netzwerkinformationen:
	Arbeitsstationsname:	WIN-KJHGCUABASL
	Quellnetzwerkadresse:	127.0.0.1
	Quellport:		0

Detaillierte Authentifizierungsinformationen:
	Anmeldeprozess:		User32 
	Authentifizierungspaket:	Negotiate
	Übertragene Dienste:	-
	Paketname (nur NTLM):	-
	Schlüssellänge:		0

Dieses Ereignis wird beim Erstellen einer Anmeldesitzung generiert. Es wird auf dem Computer generiert, auf den zugegriffen wurde.

Die Antragstellerfelder geben das Konto auf dem lokalen System an, von dem die Anmeldung angefordert wurde. Dies ist meistens ein Dienst wie der Serverdienst oder ein lokaler Prozess wie "Winlogon.exe" oder "Services.exe".

Das Anmeldetypfeld gibt den jeweiligen Anmeldetyp an. Die häufigsten Typen sind 2 (interaktiv) und 3 (Netzwerk).

Die Felder für die Prozessinformationen geben den Prozess und das Konto an, für die die Anmeldung angefordert wurde.

Die Netzwerkfelder geben die Quelle einer Remoteanmeldeanforderung an.  Der Arbeitsstationsname ist nicht immer verfügbar und kann in manchen Fällen leer bleiben.

Die Felder für die Authentifizierungsinformationen enthalten detaillierte Informationen zu dieser speziellen Anmeldeanforderung.
	- Die übertragenen Dienste geben an, welche Zwischendienste an der Anmeldeanforderung beteiligt waren.
	- Der Paketname gibt das in den NTLM-Protokollen verwendete Unterprotokoll an.
	- Die Schlüssellänge gibt die Länge des generierten Sitzungsschlüssels an. Wenn kein Sitzungsschlüssel angefordert wurde, ist dieser Wert 0.
Ereignis-XML:
<Event xmlns="http://schemas.microsoft.com/win/2004/08/events/event">
  <System>
    <Provider Name="Microsoft-Windows-Security-Auditing" Guid="{54849625-5478-4994-A5BA-3E3B0328C30D}" />
    <EventID>4625</EventID>
    <Version>0</Version>
    <Level>0</Level>
    <Task>12544</Task>
    <Opcode>0</Opcode>
    <Keywords>0x8010000000000000</Keywords>
    <TimeCreated SystemTime="2012-06-06T11:25:17.468750000Z" />
    <EventRecordID>95</EventRecordID>
    <Correlation />
    <Execution ProcessID="460" ThreadID="516" />
    <Channel>Security</Channel>
    <Computer>WIN-KJHGCUABASL</Computer>
    <Security />
  </System>
  <EventData>
    <Data Name="SubjectUserSid">S-1-5-18</Data>
    <Data Name="SubjectUserName">WIN-KJHGCUABASL$</Data>
    <Data Name="SubjectDomainName">WORKGROUP</Data>
    <Data Name="SubjectLogonId">0x3e7</Data>
    <Data Name="TargetUserSid">S-1-0-0</Data>
    <Data Name="TargetUserName">Administrator</Data>
    <Data Name="TargetDomainName">WIN-KJHGCUABASL</Data>
    <Data Name="Status">0xc0000224</Data>
    <Data Name="FailureReason">%%2309</Data>
    <Data Name="SubStatus">0x0</Data>
    <Data Name="LogonType">2</Data>
    <Data Name="LogonProcessName">User32 </Data>
    <Data Name="AuthenticationPackageName">Negotiate</Data>
    <Data Name="WorkstationName">WIN-KJHGCUABASL</Data>
    <Data Name="TransmittedServices">-</Data>
    <Data Name="LmPackageName">-</Data>
    <Data Name="KeyLength">0</Data>
    <Data Name="ProcessId">0x180</Data>
    <Data Name="ProcessName">C:\Windows\System32\winlogon.exe</Data>
    <Data Name="IpAddress">127.0.0.1</Data>
    <Data Name="IpPort">0</Data>
  </EventData>
</Event>

Protokollname: Security
Quelle:        Microsoft-Windows-Security-Auditing
Datum:         06.06.2012 13:25:09
Ereignis-ID:   4738
Aufgabenkategorie:Benutzerkontenverwaltung
Ebene:         Informationen
Schlüsselwörter:Überwachung erfolgreich
Benutzer:      Nicht zutreffend
Computer:      WIN-KJHGCUABASL
Beschreibung:
Ein Benutzerkonto wurde geändert.

Antragsteller:
	Sicherheits-ID:		SYSTEM
	Kontoname:		WIN-KJHGCUABASL$
	Kontodomäne:		WORKGROUP
	Anmelde-ID:		0x3e7

Zielkonto:
	Sicherheits-ID:		WIN-KJHGCUABASL\Gast
	Kontoname:		Gast
	Kontodomäne:		WIN-KJHGCUABASL

Geänderte Attribute:
	SAM-Kontoname:	Gast
	Anzeigename:		<Wert nicht gesetzt>
	Benutzerprinzipalname:	-
	Stammverzeichnis:		<Wert nicht gesetzt>
	Stammlaufwerk:		<Wert nicht gesetzt>
	Skriptpfad:		<Wert nicht gesetzt>
	Profilpfad:		<Wert nicht gesetzt>
	Benutzerarbeitsstationen:	<Wert nicht gesetzt>
	Letzte Kennwortänderung:	<nie>
	Konto gültig bis:		<nie>
	Primäre Gruppen-ID:	513
	Darf delegieren an:	-
	Alter Benutzerkontensteuerungswert:		0x215
	Neuer Benutzerkontensteuerungswert:		0x215
	Benutzerkontensteuerung:	-
	Benutzerparameter:	<Wert nicht gesetzt>
	SID-Verlauf:		-
	Anmeldezeiten:		Alle

Weitere Informationen:
	Berechtigungen:		-
Ereignis-XML:
<Event xmlns="http://schemas.microsoft.com/win/2004/08/events/event">
  <System>
    <Provider Name="Microsoft-Windows-Security-Auditing" Guid="{54849625-5478-4994-A5BA-3E3B0328C30D}" />
    <EventID>4738</EventID>
    <Version>0</Version>
    <Level>0</Level>
    <Task>13824</Task>
    <Opcode>0</Opcode>
    <Keywords>0x8020000000000000</Keywords>
    <TimeCreated SystemTime="2012-06-06T11:25:09.218750000Z" />
    <EventRecordID>94</EventRecordID>
    <Correlation />
    <Execution ProcessID="460" ThreadID="516" />
    <Channel>Security</Channel>
    <Computer>WIN-KJHGCUABASL</Computer>
    <Security />
  </System>
  <EventData>
    <Data Name="Dummy">-</Data>
    <Data Name="TargetUserName">Gast</Data>
    <Data Name="TargetDomainName">WIN-KJHGCUABASL</Data>
    <Data Name="TargetSid">S-1-5-21-1984093686-2666557038-3875388431-501</Data>
    <Data Name="SubjectUserSid">S-1-5-18</Data>
    <Data Name="SubjectUserName">WIN-KJHGCUABASL$</Data>
    <Data Name="SubjectDomainName">WORKGROUP</Data>
    <Data Name="SubjectLogonId">0x3e7</Data>
    <Data Name="PrivilegeList">-</Data>
    <Data Name="SamAccountName">Gast</Data>
    <Data Name="DisplayName">%%1793</Data>
    <Data Name="UserPrincipalName">-</Data>
    <Data Name="HomeDirectory">%%1793</Data>
    <Data Name="HomePath">%%1793</Data>
    <Data Name="ScriptPath">%%1793</Data>
    <Data Name="ProfilePath">%%1793</Data>
    <Data Name="UserWorkstations">%%1793</Data>
    <Data Name="PasswordLastSet">%%1794</Data>
    <Data Name="AccountExpires">%%1794</Data>
    <Data Name="PrimaryGroupId">513</Data>
    <Data Name="AllowedToDelegateTo">-</Data>
    <Data Name="OldUacValue">0x215</Data>
    <Data Name="NewUacValue">0x215</Data>
    <Data Name="UserAccountControl">-</Data>
    <Data Name="UserParameters">%%1793</Data>
    <Data Name="SidHistory">-</Data>
    <Data Name="LogonHours">%%1797</Data>
  </EventData>
</Event>

Protokollname: Security
Quelle:        Microsoft-Windows-Security-Auditing
Datum:         06.06.2012 13:25:09
Ereignis-ID:   4781
Aufgabenkategorie:Benutzerkontenverwaltung
Ebene:         Informationen
Schlüsselwörter:Überwachung erfolgreich
Benutzer:      Nicht zutreffend
Computer:      WIN-KJHGCUABASL
Beschreibung:
Der Name eines Kontos wurde geändert:

Antragsteller:
	Sicherheits-ID:		SYSTEM
	Kontoname:		WIN-KJHGCUABASL$
	Kontodomäne:		WORKGROUP
	Anmelde-ID:		0x3e7

Zielkonto:
	Sicherheits-ID:		WIN-KJHGCUABASL\Gast
	Kontodomäne:		WIN-KJHGCUABASL
	Alter Kontoname:	Guest
	Neuer Kontoname:	Gast

Zusätzliche Informationen:
	Berechtigungen:		-
Ereignis-XML:
<Event xmlns="http://schemas.microsoft.com/win/2004/08/events/event">
  <System>
    <Provider Name="Microsoft-Windows-Security-Auditing" Guid="{54849625-5478-4994-A5BA-3E3B0328C30D}" />
    <EventID>4781</EventID>
    <Version>0</Version>
    <Level>0</Level>
    <Task>13824</Task>
    <Opcode>0</Opcode>
    <Keywords>0x8020000000000000</Keywords>
    <TimeCreated SystemTime="2012-06-06T11:25:09.218750000Z" />
    <EventRecordID>93</EventRecordID>
    <Correlation />
    <Execution ProcessID="460" ThreadID="516" />
    <Channel>Security</Channel>
    <Computer>WIN-KJHGCUABASL</Computer>
    <Security />
  </System>
  <EventData>
    <Data Name="OldTargetUserName">Guest</Data>
    <Data Name="NewTargetUserName">Gast</Data>
    <Data Name="TargetDomainName">WIN-KJHGCUABASL</Data>
    <Data Name="TargetSid">S-1-5-21-1984093686-2666557038-3875388431-501</Data>
    <Data Name="SubjectUserSid">S-1-5-18</Data>
    <Data Name="SubjectUserName">WIN-KJHGCUABASL$</Data>
    <Data Name="SubjectDomainName">WORKGROUP</Data>
    <Data Name="SubjectLogonId">0x3e7</Data>
    <Data Name="PrivilegeList">-</Data>
  </EventData>
</Event>

Protokollname: Security
Quelle:        Microsoft-Windows-Security-Auditing
Datum:         06.06.2012 13:25:09
Ereignis-ID:   4738
Aufgabenkategorie:Benutzerkontenverwaltung
Ebene:         Informationen
Schlüsselwörter:Überwachung erfolgreich
Benutzer:      Nicht zutreffend
Computer:      WIN-KJHGCUABASL
Beschreibung:
Ein Benutzerkonto wurde geändert.

Antragsteller:
	Sicherheits-ID:		SYSTEM
	Kontoname:		WIN-KJHGCUABASL$
	Kontodomäne:		WORKGROUP
	Anmelde-ID:		0x3e7

Zielkonto:
	Sicherheits-ID:		WIN-KJHGCUABASL\Gast
	Kontoname:		Guest
	Kontodomäne:		WIN-KJHGCUABASL

Geänderte Attribute:
	SAM-Kontoname:	Guest
	Anzeigename:		<Wert nicht gesetzt>
	Benutzerprinzipalname:	-
	Stammverzeichnis:		<Wert nicht gesetzt>
	Stammlaufwerk:		<Wert nicht gesetzt>
	Skriptpfad:		<Wert nicht gesetzt>
	Profilpfad:		<Wert nicht gesetzt>
	Benutzerarbeitsstationen:	<Wert nicht gesetzt>
	Letzte Kennwortänderung:	<nie>
	Konto gültig bis:		<nie>
	Primäre Gruppen-ID:	513
	Darf delegieren an:	-
	Alter Benutzerkontensteuerungswert:		0x215
	Neuer Benutzerkontensteuerungswert:		0x215
	Benutzerkontensteuerung:	-
	Benutzerparameter:	<Wert nicht gesetzt>
	SID-Verlauf:		-
	Anmeldezeiten:		Alle

Weitere Informationen:
	Berechtigungen:		-
Ereignis-XML:
<Event xmlns="http://schemas.microsoft.com/win/2004/08/events/event">
  <System>
    <Provider Name="Microsoft-Windows-Security-Auditing" Guid="{54849625-5478-4994-A5BA-3E3B0328C30D}" />
    <EventID>4738</EventID>
    <Version>0</Version>
    <Level>0</Level>
    <Task>13824</Task>
    <Opcode>0</Opcode>
    <Keywords>0x8020000000000000</Keywords>
    <TimeCreated SystemTime="2012-06-06T11:25:09.218750000Z" />
    <EventRecordID>92</EventRecordID>
    <Correlation />
    <Execution ProcessID="460" ThreadID="516" />
    <Channel>Security</Channel>
    <Computer>WIN-KJHGCUABASL</Computer>
    <Security />
  </System>
  <EventData>
    <Data Name="Dummy">-</Data>
    <Data Name="TargetUserName">Guest</Data>
    <Data Name="TargetDomainName">WIN-KJHGCUABASL</Data>
    <Data Name="TargetSid">S-1-5-21-1984093686-2666557038-3875388431-501</Data>
    <Data Name="SubjectUserSid">S-1-5-18</Data>
    <Data Name="SubjectUserName">WIN-KJHGCUABASL$</Data>
    <Data Name="SubjectDomainName">WORKGROUP</Data>
    <Data Name="SubjectLogonId">0x3e7</Data>
    <Data Name="PrivilegeList">-</Data>
    <Data Name="SamAccountName">Guest</Data>
    <Data Name="DisplayName">%%1793</Data>
    <Data Name="UserPrincipalName">-</Data>
    <Data Name="HomeDirectory">%%1793</Data>
    <Data Name="HomePath">%%1793</Data>
    <Data Name="ScriptPath">%%1793</Data>
    <Data Name="ProfilePath">%%1793</Data>
    <Data Name="UserWorkstations">%%1793</Data>
    <Data Name="PasswordLastSet">%%1794</Data>
    <Data Name="AccountExpires">%%1794</Data>
    <Data Name="PrimaryGroupId">513</Data>
    <Data Name="AllowedToDelegateTo">-</Data>
    <Data Name="OldUacValue">0x215</Data>
    <Data Name="NewUacValue">0x215</Data>
    <Data Name="UserAccountControl">-</Data>
    <Data Name="UserParameters">%%1793</Data>
    <Data Name="SidHistory">-</Data>
    <Data Name="LogonHours">%%1797</Data>
  </EventData>
</Event>

Protokollname: Security
Quelle:        Microsoft-Windows-Security-Auditing
Datum:         06.06.2012 13:25:09
Ereignis-ID:   4738
Aufgabenkategorie:Benutzerkontenverwaltung
Ebene:         Informationen
Schlüsselwörter:Überwachung erfolgreich
Benutzer:      Nicht zutreffend
Computer:      WIN-KJHGCUABASL
Beschreibung:
Ein Benutzerkonto wurde geändert.

Antragsteller:
	Sicherheits-ID:		SYSTEM
	Kontoname:		WIN-KJHGCUABASL$
	Kontodomäne:		WORKGROUP
	Anmelde-ID:		0x3e7

Zielkonto:
	Sicherheits-ID:		WIN-KJHGCUABASL\Administrator
	Kontoname:		Administrator
	Kontodomäne:		WIN-KJHGCUABASL

Geänderte Attribute:
	SAM-Kontoname:	Administrator
	Anzeigename:		<Wert nicht gesetzt>
	Benutzerprinzipalname:	-
	Stammverzeichnis:		<Wert nicht gesetzt>
	Stammlaufwerk:		<Wert nicht gesetzt>
	Skriptpfad:		<Wert nicht gesetzt>
	Profilpfad:		<Wert nicht gesetzt>
	Benutzerarbeitsstationen:	<Wert nicht gesetzt>
	Letzte Kennwortänderung:	<nie>
	Konto gültig bis:		<nie>
	Primäre Gruppen-ID:	513
	Darf delegieren an:	-
	Alter Benutzerkontensteuerungswert:		0x10
	Neuer Benutzerkontensteuerungswert:		0x10
	Benutzerkontensteuerung:	-
	Benutzerparameter:	<Wert nicht gesetzt>
	SID-Verlauf:		-
	Anmeldezeiten:		Alle

Weitere Informationen:
	Berechtigungen:		-
Ereignis-XML:
<Event xmlns="http://schemas.microsoft.com/win/2004/08/events/event">
  <System>
    <Provider Name="Microsoft-Windows-Security-Auditing" Guid="{54849625-5478-4994-A5BA-3E3B0328C30D}" />
    <EventID>4738</EventID>
    <Version>0</Version>
    <Level>0</Level>
    <Task>13824</Task>
    <Opcode>0</Opcode>
    <Keywords>0x8020000000000000</Keywords>
    <TimeCreated SystemTime="2012-06-06T11:25:09.218750000Z" />
    <EventRecordID>91</EventRecordID>
    <Correlation />
    <Execution ProcessID="460" ThreadID="516" />
    <Channel>Security</Channel>
    <Computer>WIN-KJHGCUABASL</Computer>
    <Security />
  </System>
  <EventData>
    <Data Name="Dummy">-</Data>
    <Data Name="TargetUserName">Administrator</Data>
    <Data Name="TargetDomainName">WIN-KJHGCUABASL</Data>
    <Data Name="TargetSid">S-1-5-21-1984093686-2666557038-3875388431-500</Data>
    <Data Name="SubjectUserSid">S-1-5-18</Data>
    <Data Name="SubjectUserName">WIN-KJHGCUABASL$</Data>
    <Data Name="SubjectDomainName">WORKGROUP</Data>
    <Data Name="SubjectLogonId">0x3e7</Data>
    <Data Name="PrivilegeList">-</Data>
    <Data Name="SamAccountName">Administrator</Data>
    <Data Name="DisplayName">%%1793</Data>
    <Data Name="UserPrincipalName">-</Data>
    <Data Name="HomeDirectory">%%1793</Data>
    <Data Name="HomePath">%%1793</Data>
    <Data Name="ScriptPath">%%1793</Data>
    <Data Name="ProfilePath">%%1793</Data>
    <Data Name="UserWorkstations">%%1793</Data>
    <Data Name="PasswordLastSet">%%1794</Data>
    <Data Name="AccountExpires">%%1794</Data>
    <Data Name="PrimaryGroupId">513</Data>
    <Data Name="AllowedToDelegateTo">-</Data>
    <Data Name="OldUacValue">0x10</Data>
    <Data Name="NewUacValue">0x10</Data>
    <Data Name="UserAccountControl">-</Data>
    <Data Name="UserParameters">%%1793</Data>
    <Data Name="SidHistory">-</Data>
    <Data Name="LogonHours">%%1797</Data>
  </EventData>
</Event>

Protokollname: Security
Quelle:        Microsoft-Windows-Security-Auditing
Datum:         06.06.2012 13:25:09
Ereignis-ID:   4738
Aufgabenkategorie:Benutzerkontenverwaltung
Ebene:         Informationen
Schlüsselwörter:Überwachung erfolgreich
Benutzer:      Nicht zutreffend
Computer:      WIN-KJHGCUABASL
Beschreibung:
Ein Benutzerkonto wurde geändert.

Antragsteller:
	Sicherheits-ID:		SYSTEM
	Kontoname:		WIN-KJHGCUABASL$
	Kontodomäne:		WORKGROUP
	Anmelde-ID:		0x3e7

Zielkonto:
	Sicherheits-ID:		WIN-KJHGCUABASL\Administrator
	Kontoname:		Administrator
	Kontodomäne:		WIN-KJHGCUABASL

Geänderte Attribute:
	SAM-Kontoname:	Administrator
	Anzeigename:		<Wert nicht gesetzt>
	Benutzerprinzipalname:	-
	Stammverzeichnis:		<Wert nicht gesetzt>
	Stammlaufwerk:		<Wert nicht gesetzt>
	Skriptpfad:		<Wert nicht gesetzt>
	Profilpfad:		<Wert nicht gesetzt>
	Benutzerarbeitsstationen:	<Wert nicht gesetzt>
	Letzte Kennwortänderung:	<nie>
	Konto gültig bis:		<nie>
	Primäre Gruppen-ID:	513
	Darf delegieren an:	-
	Alter Benutzerkontensteuerungswert:		0x10
	Neuer Benutzerkontensteuerungswert:		0x10
	Benutzerkontensteuerung:	-
	Benutzerparameter:	<Wert nicht gesetzt>
	SID-Verlauf:		-
	Anmeldezeiten:		Alle

Weitere Informationen:
	Berechtigungen:		-
Ereignis-XML:
<Event xmlns="http://schemas.microsoft.com/win/2004/08/events/event">
  <System>
    <Provider Name="Microsoft-Windows-Security-Auditing" Guid="{54849625-5478-4994-A5BA-3E3B0328C30D}" />
    <EventID>4738</EventID>
    <Version>0</Version>
    <Level>0</Level>
    <Task>13824</Task>
    <Opcode>0</Opcode>
    <Keywords>0x8020000000000000</Keywords>
    <TimeCreated SystemTime="2012-06-06T11:25:09.218750000Z" />
    <EventRecordID>90</EventRecordID>
    <Correlation />
    <Execution ProcessID="460" ThreadID="516" />
    <Channel>Security</Channel>
    <Computer>WIN-KJHGCUABASL</Computer>
    <Security />
  </System>
  <EventData>
    <Data Name="Dummy">-</Data>
    <Data Name="TargetUserName">Administrator</Data>
    <Data Name="TargetDomainName">WIN-KJHGCUABASL</Data>
    <Data Name="TargetSid">S-1-5-21-1984093686-2666557038-3875388431-500</Data>
    <Data Name="SubjectUserSid">S-1-5-18</Data>
    <Data Name="SubjectUserName">WIN-KJHGCUABASL$</Data>
    <Data Name="SubjectDomainName">WORKGROUP</Data>
    <Data Name="SubjectLogonId">0x3e7</Data>
    <Data Name="PrivilegeList">-</Data>
    <Data Name="SamAccountName">Administrator</Data>
    <Data Name="DisplayName">%%1793</Data>
    <Data Name="UserPrincipalName">-</Data>
    <Data Name="HomeDirectory">%%1793</Data>
    <Data Name="HomePath">%%1793</Data>
    <Data Name="ScriptPath">%%1793</Data>
    <Data Name="ProfilePath">%%1793</Data>
    <Data Name="UserWorkstations">%%1793</Data>
    <Data Name="PasswordLastSet">%%1794</Data>
    <Data Name="AccountExpires">%%1794</Data>
    <Data Name="PrimaryGroupId">513</Data>
    <Data Name="AllowedToDelegateTo">-</Data>
    <Data Name="OldUacValue">0x10</Data>
    <Data Name="NewUacValue">0x10</Data>
    <Data Name="UserAccountControl">-</Data>
    <Data Name="UserParameters">%%1793</Data>
    <Data Name="SidHistory">-</Data>
    <Data Name="LogonHours">%%1797</Data>
  </EventData>
</Event>

