Protokollname: Security
Quelle:        Microsoft-Windows-Security-Auditing
Datum:         04.07.2012 13:01:39
Ereignis-ID:   5058
Aufgabenkategorie:Andere Systemereignisse
Ebene:         Informationen
Schlüsselwörter:Überwachung erfolgreich
Benutzer:      Nicht zutreffend
Computer:      WIN-KJHGCUABASL
Beschreibung:
Schlüsseldateivorgang.
Antragsteller:
	Sicherheits-ID:		NETZWERKDIENST
	Kontoname:		WIN-KJHGCUABASL$
	Kontodomäne:		WORKGROUP
	Anmelde-ID:		0x3e4

Kryptografische Parameter:
	Anbietername:		Microsoft Software Key Storage Provider
	Algorithmusname:	Nicht verfügbar.

Schlüsselname:	TSSecKeySet1
	Schlüsseltyp:	Computerschlüssel.

Informationen zum Schlüsseldateivorgang:
	Dateipfad:	C:\ProgramData\Microsoft\Crypto\RSA\MachineKeys\f686aace6942fb7f7ceb231212eef4a4_54d5cd1a-74f3-444c-b331-48d85bba7995
	Vorgang:	Persistenten Schlüssel aus Datei lesen.
	Rückgabecode:	0x0
Ereignis-XML:
<Event xmlns="http://schemas.microsoft.com/win/2004/08/events/event">
  <System>
    <Provider Name="Microsoft-Windows-Security-Auditing" Guid="{54849625-5478-4994-A5BA-3E3B0328C30D}" />
    <EventID>5058</EventID>
    <Version>0</Version>
    <Level>0</Level>
    <Task>12292</Task>
    <Opcode>0</Opcode>
    <Keywords>0x8020000000000000</Keywords>
    <TimeCreated SystemTime="2012-07-04T11:01:39.843750000Z" />
    <EventRecordID>262</EventRecordID>
    <Correlation />
    <Execution ProcessID="440" ThreadID="1316" />
    <Channel>Security</Channel>
    <Computer>WIN-KJHGCUABASL</Computer>
    <Security />
  </System>
  <EventData>
    <Data Name="SubjectUserSid">S-1-5-20</Data>
    <Data Name="SubjectUserName">WIN-KJHGCUABASL$</Data>
    <Data Name="SubjectDomainName">WORKGROUP</Data>
    <Data Name="SubjectLogonId">0x3e4</Data>
    <Data Name="ProviderName">Microsoft Software Key Storage Provider</Data>
    <Data Name="AlgorithmName">%%2432</Data>
    <Data Name="KeyName">TSSecKeySet1</Data>
    <Data Name="KeyType">%%2499</Data>
    <Data Name="KeyFilePath">C:\ProgramData\Microsoft\Crypto\RSA\MachineKeys\f686aace6942fb7f7ceb231212eef4a4_54d5cd1a-74f3-444c-b331-48d85bba7995</Data>
    <Data Name="Operation">%%2458</Data>
    <Data Name="ReturnCode">0x0</Data>
  </EventData>
</Event>

Protokollname: Security
Quelle:        Microsoft-Windows-Security-Auditing
Datum:         04.07.2012 12:57:08
Ereignis-ID:   4625
Aufgabenkategorie:Anmelden
Ebene:         Informationen
Schlüsselwörter:Überwachung gescheitert
Benutzer:      Nicht zutreffend
Computer:      WIN-KJHGCUABASL
Beschreibung:
Fehler beim Anmelden eines Kontos.

Antragsteller:
	Sicherheits-ID:		WIN-KJHGCUABASL\Administrator
	Kontoname:		Administrator
	Kontodomäne:		WIN-KJHGCUABASL
	Anmelde-ID:		0x40051

Anmeldetyp:			2

Konto, für das die Anmeldung fehlgeschlagen ist:
	Sicherheits-ID:		NULL SID
	Kontoname:		user2
	Kontodomäne:		

Fehlerinformationen:
	Fehlerursache:		Unbekannter Benutzername oder ungültiges Kennwort.
	Status:			0xc000006e
	Unterstatus::		0xc000006e

Prozessinformationen:
	Aufrufprozess-ID:	0x4d0
	Aufrufprozessname:	C:\Windows\System32\dllhost.exe

Netzwerkinformationen:
	Arbeitsstationsname:	WIN-KJHGCUABASL
	Quellnetzwerkadresse:	-
	Quellport:		-

Detaillierte Authentifizierungsinformationen:
	Anmeldeprozess:		Advapi  
	Authentifizierungspaket:	MICROSOFT_AUTHENTICATION_PACKAGE_V1_0
	Übertragene Dienste:	-
	Paketname (nur NTLM):	-
	Schlüssellänge:		0

Dieses Ereignis wird beim Erstellen einer Anmeldesitzung generiert. Es wird auf dem Computer generiert, auf den zugegriffen wurde.

Die Antragstellerfelder geben das Konto auf dem lokalen System an, von dem die Anmeldung angefordert wurde. Dies ist meistens ein Dienst wie der Serverdienst oder ein lokaler Prozess wie "Winlogon.exe" oder "Services.exe".

Das Anmeldetypfeld gibt den jeweiligen Anmeldetyp an. Die häufigsten Typen sind 2 (interaktiv) und 3 (Netzwerk).

Die Felder für die Prozessinformationen geben den Prozess und das Konto an, für die die Anmeldung angefordert wurde.

Die Netzwerkfelder geben die Quelle einer Remoteanmeldeanforderung an.  Der Arbeitsstationsname ist nicht immer verfügbar und kann in manchen Fällen leer bleiben.

Die Felder für die Authentifizierungsinformationen enthalten detaillierte Informationen zu dieser speziellen Anmeldeanforderung.
	- Die übertragenen Dienste geben an, welche Zwischendienste an der Anmeldeanforderung beteiligt waren.
	- Der Paketname gibt das in den NTLM-Protokollen verwendete Unterprotokoll an.
	- Die Schlüssellänge gibt die Länge des generierten Sitzungsschlüssels an. Wenn kein Sitzungsschlüssel angefordert wurde, ist dieser Wert 0.
Ereignis-XML:
<Event xmlns="http://schemas.microsoft.com/win/2004/08/events/event">
  <System>
    <Provider Name="Microsoft-Windows-Security-Auditing" Guid="{54849625-5478-4994-A5BA-3E3B0328C30D}" />
    <EventID>4625</EventID>
    <Version>0</Version>
    <Level>0</Level>
    <Task>12544</Task>
    <Opcode>0</Opcode>
    <Keywords>0x8010000000000000</Keywords>
    <TimeCreated SystemTime="2012-07-04T10:57:08.078125000Z" />
    <EventRecordID>261</EventRecordID>
    <Correlation />
    <Execution ProcessID="440" ThreadID="864" />
    <Channel>Security</Channel>
    <Computer>WIN-KJHGCUABASL</Computer>
    <Security />
  </System>
  <EventData>
    <Data Name="SubjectUserSid">S-1-5-21-1984093686-2666557038-3875388431-500</Data>
    <Data Name="SubjectUserName">Administrator</Data>
    <Data Name="SubjectDomainName">WIN-KJHGCUABASL</Data>
    <Data Name="SubjectLogonId">0x40051</Data>
    <Data Name="TargetUserSid">S-1-0-0</Data>
    <Data Name="TargetUserName">user2</Data>
    <Data Name="TargetDomainName">
    </Data>
    <Data Name="Status">0xc000006e</Data>
    <Data Name="FailureReason">%%2313</Data>
    <Data Name="SubStatus">0xc000006e</Data>
    <Data Name="LogonType">2</Data>
    <Data Name="LogonProcessName">Advapi  </Data>
    <Data Name="AuthenticationPackageName">MICROSOFT_AUTHENTICATION_PACKAGE_V1_0</Data>
    <Data Name="WorkstationName">WIN-KJHGCUABASL</Data>
    <Data Name="TransmittedServices">-</Data>
    <Data Name="LmPackageName">-</Data>
    <Data Name="KeyLength">0</Data>
    <Data Name="ProcessId">0x4d0</Data>
    <Data Name="ProcessName">C:\Windows\System32\dllhost.exe</Data>
    <Data Name="IpAddress">-</Data>
    <Data Name="IpPort">-</Data>
  </EventData>
</Event>

Protokollname: Security
Quelle:        Microsoft-Windows-Security-Auditing
Datum:         04.07.2012 12:57:08
Ereignis-ID:   4625
Aufgabenkategorie:Anmelden
Ebene:         Informationen
Schlüsselwörter:Überwachung gescheitert
Benutzer:      Nicht zutreffend
Computer:      WIN-KJHGCUABASL
Beschreibung:
Fehler beim Anmelden eines Kontos.

Antragsteller:
	Sicherheits-ID:		WIN-KJHGCUABASL\Administrator
	Kontoname:		Administrator
	Kontodomäne:		WIN-KJHGCUABASL
	Anmelde-ID:		0x40051

Anmeldetyp:			2

Konto, für das die Anmeldung fehlgeschlagen ist:
	Sicherheits-ID:		NULL SID
	Kontoname:		user1
	Kontodomäne:		

Fehlerinformationen:
	Fehlerursache:		Unbekannter Benutzername oder ungültiges Kennwort.
	Status:			0xc000006e
	Unterstatus::		0xc000006e

Prozessinformationen:
	Aufrufprozess-ID:	0x4d0
	Aufrufprozessname:	C:\Windows\System32\dllhost.exe

Netzwerkinformationen:
	Arbeitsstationsname:	WIN-KJHGCUABASL
	Quellnetzwerkadresse:	-
	Quellport:		-

Detaillierte Authentifizierungsinformationen:
	Anmeldeprozess:		Advapi  
	Authentifizierungspaket:	MICROSOFT_AUTHENTICATION_PACKAGE_V1_0
	Übertragene Dienste:	-
	Paketname (nur NTLM):	-
	Schlüssellänge:		0

Dieses Ereignis wird beim Erstellen einer Anmeldesitzung generiert. Es wird auf dem Computer generiert, auf den zugegriffen wurde.

Die Antragstellerfelder geben das Konto auf dem lokalen System an, von dem die Anmeldung angefordert wurde. Dies ist meistens ein Dienst wie der Serverdienst oder ein lokaler Prozess wie "Winlogon.exe" oder "Services.exe".

Das Anmeldetypfeld gibt den jeweiligen Anmeldetyp an. Die häufigsten Typen sind 2 (interaktiv) und 3 (Netzwerk).

Die Felder für die Prozessinformationen geben den Prozess und das Konto an, für die die Anmeldung angefordert wurde.

Die Netzwerkfelder geben die Quelle einer Remoteanmeldeanforderung an.  Der Arbeitsstationsname ist nicht immer verfügbar und kann in manchen Fällen leer bleiben.

Die Felder für die Authentifizierungsinformationen enthalten detaillierte Informationen zu dieser speziellen Anmeldeanforderung.
	- Die übertragenen Dienste geben an, welche Zwischendienste an der Anmeldeanforderung beteiligt waren.
	- Der Paketname gibt das in den NTLM-Protokollen verwendete Unterprotokoll an.
	- Die Schlüssellänge gibt die Länge des generierten Sitzungsschlüssels an. Wenn kein Sitzungsschlüssel angefordert wurde, ist dieser Wert 0.
Ereignis-XML:
<Event xmlns="http://schemas.microsoft.com/win/2004/08/events/event">
  <System>
    <Provider Name="Microsoft-Windows-Security-Auditing" Guid="{54849625-5478-4994-A5BA-3E3B0328C30D}" />
    <EventID>4625</EventID>
    <Version>0</Version>
    <Level>0</Level>
    <Task>12544</Task>
    <Opcode>0</Opcode>
    <Keywords>0x8010000000000000</Keywords>
    <TimeCreated SystemTime="2012-07-04T10:57:08.062500000Z" />
    <EventRecordID>260</EventRecordID>
    <Correlation />
    <Execution ProcessID="440" ThreadID="864" />
    <Channel>Security</Channel>
    <Computer>WIN-KJHGCUABASL</Computer>
    <Security />
  </System>
  <EventData>
    <Data Name="SubjectUserSid">S-1-5-21-1984093686-2666557038-3875388431-500</Data>
    <Data Name="SubjectUserName">Administrator</Data>
    <Data Name="SubjectDomainName">WIN-KJHGCUABASL</Data>
    <Data Name="SubjectLogonId">0x40051</Data>
    <Data Name="TargetUserSid">S-1-0-0</Data>
    <Data Name="TargetUserName">user1</Data>
    <Data Name="TargetDomainName">
    </Data>
    <Data Name="Status">0xc000006e</Data>
    <Data Name="FailureReason">%%2313</Data>
    <Data Name="SubStatus">0xc000006e</Data>
    <Data Name="LogonType">2</Data>
    <Data Name="LogonProcessName">Advapi  </Data>
    <Data Name="AuthenticationPackageName">MICROSOFT_AUTHENTICATION_PACKAGE_V1_0</Data>
    <Data Name="WorkstationName">WIN-KJHGCUABASL</Data>
    <Data Name="TransmittedServices">-</Data>
    <Data Name="LmPackageName">-</Data>
    <Data Name="KeyLength">0</Data>
    <Data Name="ProcessId">0x4d0</Data>
    <Data Name="ProcessName">C:\Windows\System32\dllhost.exe</Data>
    <Data Name="IpAddress">-</Data>
    <Data Name="IpPort">-</Data>
  </EventData>
</Event>

Protokollname: Security
Quelle:        Microsoft-Windows-Security-Auditing
Datum:         04.07.2012 12:57:08
Ereignis-ID:   4625
Aufgabenkategorie:Anmelden
Ebene:         Informationen
Schlüsselwörter:Überwachung gescheitert
Benutzer:      Nicht zutreffend
Computer:      WIN-KJHGCUABASL
Beschreibung:
Fehler beim Anmelden eines Kontos.

Antragsteller:
	Sicherheits-ID:		WIN-KJHGCUABASL\Administrator
	Kontoname:		Administrator
	Kontodomäne:		WIN-KJHGCUABASL
	Anmelde-ID:		0x40051

Anmeldetyp:			2

Konto, für das die Anmeldung fehlgeschlagen ist:
	Sicherheits-ID:		NULL SID
	Kontoname:		Administrator
	Kontodomäne:		

Fehlerinformationen:
	Fehlerursache:		Unbekannter Benutzername oder ungültiges Kennwort.
	Status:			0xc000006d
	Unterstatus::		0xc000006a

Prozessinformationen:
	Aufrufprozess-ID:	0x4d0
	Aufrufprozessname:	C:\Windows\System32\dllhost.exe

Netzwerkinformationen:
	Arbeitsstationsname:	WIN-KJHGCUABASL
	Quellnetzwerkadresse:	-
	Quellport:		-

Detaillierte Authentifizierungsinformationen:
	Anmeldeprozess:		Advapi  
	Authentifizierungspaket:	MICROSOFT_AUTHENTICATION_PACKAGE_V1_0
	Übertragene Dienste:	-
	Paketname (nur NTLM):	-
	Schlüssellänge:		0

Dieses Ereignis wird beim Erstellen einer Anmeldesitzung generiert. Es wird auf dem Computer generiert, auf den zugegriffen wurde.

Die Antragstellerfelder geben das Konto auf dem lokalen System an, von dem die Anmeldung angefordert wurde. Dies ist meistens ein Dienst wie der Serverdienst oder ein lokaler Prozess wie "Winlogon.exe" oder "Services.exe".

Das Anmeldetypfeld gibt den jeweiligen Anmeldetyp an. Die häufigsten Typen sind 2 (interaktiv) und 3 (Netzwerk).

Die Felder für die Prozessinformationen geben den Prozess und das Konto an, für die die Anmeldung angefordert wurde.

Die Netzwerkfelder geben die Quelle einer Remoteanmeldeanforderung an.  Der Arbeitsstationsname ist nicht immer verfügbar und kann in manchen Fällen leer bleiben.

Die Felder für die Authentifizierungsinformationen enthalten detaillierte Informationen zu dieser speziellen Anmeldeanforderung.
	- Die übertragenen Dienste geben an, welche Zwischendienste an der Anmeldeanforderung beteiligt waren.
	- Der Paketname gibt das in den NTLM-Protokollen verwendete Unterprotokoll an.
	- Die Schlüssellänge gibt die Länge des generierten Sitzungsschlüssels an. Wenn kein Sitzungsschlüssel angefordert wurde, ist dieser Wert 0.
Ereignis-XML:
<Event xmlns="http://schemas.microsoft.com/win/2004/08/events/event">
  <System>
    <Provider Name="Microsoft-Windows-Security-Auditing" Guid="{54849625-5478-4994-A5BA-3E3B0328C30D}" />
    <EventID>4625</EventID>
    <Version>0</Version>
    <Level>0</Level>
    <Task>12544</Task>
    <Opcode>0</Opcode>
    <Keywords>0x8010000000000000</Keywords>
    <TimeCreated SystemTime="2012-07-04T10:57:08.015625000Z" />
    <EventRecordID>259</EventRecordID>
    <Correlation />
    <Execution ProcessID="440" ThreadID="864" />
    <Channel>Security</Channel>
    <Computer>WIN-KJHGCUABASL</Computer>
    <Security />
  </System>
  <EventData>
    <Data Name="SubjectUserSid">S-1-5-21-1984093686-2666557038-3875388431-500</Data>
    <Data Name="SubjectUserName">Administrator</Data>
    <Data Name="SubjectDomainName">WIN-KJHGCUABASL</Data>
    <Data Name="SubjectLogonId">0x40051</Data>
    <Data Name="TargetUserSid">S-1-0-0</Data>
    <Data Name="TargetUserName">Administrator</Data>
    <Data Name="TargetDomainName">
    </Data>
    <Data Name="Status">0xc000006d</Data>
    <Data Name="FailureReason">%%2313</Data>
    <Data Name="SubStatus">0xc000006a</Data>
    <Data Name="LogonType">2</Data>
    <Data Name="LogonProcessName">Advapi  </Data>
    <Data Name="AuthenticationPackageName">MICROSOFT_AUTHENTICATION_PACKAGE_V1_0</Data>
    <Data Name="WorkstationName">WIN-KJHGCUABASL</Data>
    <Data Name="TransmittedServices">-</Data>
    <Data Name="LmPackageName">-</Data>
    <Data Name="KeyLength">0</Data>
    <Data Name="ProcessId">0x4d0</Data>
    <Data Name="ProcessName">C:\Windows\System32\dllhost.exe</Data>
    <Data Name="IpAddress">-</Data>
    <Data Name="IpPort">-</Data>
  </EventData>
</Event>

Protokollname: Security
Quelle:        Microsoft-Windows-Security-Auditing
Datum:         04.07.2012 12:57:07
Ereignis-ID:   4738
Aufgabenkategorie:Benutzerkontenverwaltung
Ebene:         Informationen
Schlüsselwörter:Überwachung erfolgreich
Benutzer:      Nicht zutreffend
Computer:      WIN-KJHGCUABASL
Beschreibung:
Ein Benutzerkonto wurde geändert.

Antragsteller:
	Sicherheits-ID:		WIN-KJHGCUABASL\Administrator
	Kontoname:		Administrator
	Kontodomäne:		WIN-KJHGCUABASL
	Anmelde-ID:		0x40051

Zielkonto:
	Sicherheits-ID:		WIN-KJHGCUABASL\user2
	Kontoname:		user2
	Kontodomäne:		WIN-KJHGCUABASL

Geänderte Attribute:
	SAM-Kontoname:	user2
	Anzeigename:		user2
	Benutzerprinzipalname:	-
	Stammverzeichnis:		<Wert nicht gesetzt>
	Stammlaufwerk:		<Wert nicht gesetzt>
	Skriptpfad:		<Wert nicht gesetzt>
	Profilpfad:		<Wert nicht gesetzt>
	Benutzerarbeitsstationen:	<Wert nicht gesetzt>
	Letzte Kennwortänderung:	<nie>
	Konto gültig bis:		<nie>
	Primäre Gruppen-ID:	513
	Darf delegieren an:	-
	Alter Benutzerkontensteuerungswert:		0x210
	Neuer Benutzerkontensteuerungswert:		0x210
	Benutzerkontensteuerung:	-
	Benutzerparameter:	<Wert nicht gesetzt>
	SID-Verlauf:		-
	Anmeldezeiten:		Alle

Weitere Informationen:
	Berechtigungen:		-
Ereignis-XML:
<Event xmlns="http://schemas.microsoft.com/win/2004/08/events/event">
  <System>
    <Provider Name="Microsoft-Windows-Security-Auditing" Guid="{54849625-5478-4994-A5BA-3E3B0328C30D}" />
    <EventID>4738</EventID>
    <Version>0</Version>
    <Level>0</Level>
    <Task>13824</Task>
    <Opcode>0</Opcode>
    <Keywords>0x8020000000000000</Keywords>
    <TimeCreated SystemTime="2012-07-04T10:57:07.765625000Z" />
    <EventRecordID>258</EventRecordID>
    <Correlation />
    <Execution ProcessID="440" ThreadID="1344" />
    <Channel>Security</Channel>
    <Computer>WIN-KJHGCUABASL</Computer>
    <Security />
  </System>
  <EventData>
    <Data Name="Dummy">-</Data>
    <Data Name="TargetUserName">user2</Data>
    <Data Name="TargetDomainName">WIN-KJHGCUABASL</Data>
    <Data Name="TargetSid">S-1-5-21-1984093686-2666557038-3875388431-1002</Data>
    <Data Name="SubjectUserSid">S-1-5-21-1984093686-2666557038-3875388431-500</Data>
    <Data Name="SubjectUserName">Administrator</Data>
    <Data Name="SubjectDomainName">WIN-KJHGCUABASL</Data>
    <Data Name="SubjectLogonId">0x40051</Data>
    <Data Name="PrivilegeList">-</Data>
    <Data Name="SamAccountName">user2</Data>
    <Data Name="DisplayName">user2</Data>
    <Data Name="UserPrincipalName">-</Data>
    <Data Name="HomeDirectory">%%1793</Data>
    <Data Name="HomePath">%%1793</Data>
    <Data Name="ScriptPath">%%1793</Data>
    <Data Name="ProfilePath">%%1793</Data>
    <Data Name="UserWorkstations">%%1793</Data>
    <Data Name="PasswordLastSet">%%1794</Data>
    <Data Name="AccountExpires">%%1794</Data>
    <Data Name="PrimaryGroupId">513</Data>
    <Data Name="AllowedToDelegateTo">-</Data>
    <Data Name="OldUacValue">0x210</Data>
    <Data Name="NewUacValue">0x210</Data>
    <Data Name="UserAccountControl">-</Data>
    <Data Name="UserParameters">%%1793</Data>
    <Data Name="SidHistory">-</Data>
    <Data Name="LogonHours">%%1797</Data>
  </EventData>
</Event>

Protokollname: Security
Quelle:        Microsoft-Windows-Security-Auditing
Datum:         04.07.2012 12:57:07
Ereignis-ID:   4732
Aufgabenkategorie:Sicherheitsgruppenverwaltung
Ebene:         Informationen
Schlüsselwörter:Überwachung erfolgreich
Benutzer:      Nicht zutreffend
Computer:      WIN-KJHGCUABASL
Beschreibung:
Ein Mitglied einer sicherheitsaktivierten lokalen Gruppe wurde hinzugefügt.

Antragsteller:
	Sicherheits-ID:		WIN-KJHGCUABASL\Administrator
	Kontoname:		Administrator
	Kontodomäne:		WIN-KJHGCUABASL
	Anmelde-ID:		0x40051

Mitglied:
	Sicherheits-ID:		WIN-KJHGCUABASL\user2
	Kontoname:		-

Gruppe:
	Sicherheits-ID:		VORDEFINIERT\Benutzer
	Gruppenname:		Benutzer
	Gruppendomäne:		Builtin

Weitere Informationen:
	Berechtigungen:		-
Ereignis-XML:
<Event xmlns="http://schemas.microsoft.com/win/2004/08/events/event">
  <System>
    <Provider Name="Microsoft-Windows-Security-Auditing" Guid="{54849625-5478-4994-A5BA-3E3B0328C30D}" />
    <EventID>4732</EventID>
    <Version>0</Version>
    <Level>0</Level>
    <Task>13826</Task>
    <Opcode>0</Opcode>
    <Keywords>0x8020000000000000</Keywords>
    <TimeCreated SystemTime="2012-07-04T10:57:07.734375000Z" />
    <EventRecordID>257</EventRecordID>
    <Correlation />
    <Execution ProcessID="440" ThreadID="1344" />
    <Channel>Security</Channel>
    <Computer>WIN-KJHGCUABASL</Computer>
    <Security />
  </System>
  <EventData>
    <Data Name="MemberName">-</Data>
    <Data Name="MemberSid">S-1-5-21-1984093686-2666557038-3875388431-1002</Data>
    <Data Name="TargetUserName">Benutzer</Data>
    <Data Name="TargetDomainName">Builtin</Data>
    <Data Name="TargetSid">S-1-5-32-545</Data>
    <Data Name="SubjectUserSid">S-1-5-21-1984093686-2666557038-3875388431-500</Data>
    <Data Name="SubjectUserName">Administrator</Data>
    <Data Name="SubjectDomainName">WIN-KJHGCUABASL</Data>
    <Data Name="SubjectLogonId">0x40051</Data>
    <Data Name="PrivilegeList">-</Data>
  </EventData>
</Event>

Protokollname: Security
Quelle:        Microsoft-Windows-Security-Auditing
Datum:         04.07.2012 12:57:07
Ereignis-ID:   4738
Aufgabenkategorie:Benutzerkontenverwaltung
Ebene:         Informationen
Schlüsselwörter:Überwachung erfolgreich
Benutzer:      Nicht zutreffend
Computer:      WIN-KJHGCUABASL
Beschreibung:
Ein Benutzerkonto wurde geändert.

Antragsteller:
	Sicherheits-ID:		WIN-KJHGCUABASL\Administrator
	Kontoname:		Administrator
	Kontodomäne:		WIN-KJHGCUABASL
	Anmelde-ID:		0x40051

Zielkonto:
	Sicherheits-ID:		WIN-KJHGCUABASL\user2
	Kontoname:		user2
	Kontodomäne:		WIN-KJHGCUABASL

Geänderte Attribute:
	SAM-Kontoname:	user2
	Anzeigename:		user2
	Benutzerprinzipalname:	-
	Stammverzeichnis:		<Wert nicht gesetzt>
	Stammlaufwerk:		<Wert nicht gesetzt>
	Skriptpfad:		<Wert nicht gesetzt>
	Profilpfad:		<Wert nicht gesetzt>
	Benutzerarbeitsstationen:	<Wert nicht gesetzt>
	Letzte Kennwortänderung:	<nie>
	Konto gültig bis:		<nie>
	Primäre Gruppen-ID:	513
	Darf delegieren an:	-
	Alter Benutzerkontensteuerungswert:		0x15
	Neuer Benutzerkontensteuerungswert:		0x210
	Benutzerkontensteuerung:	
		Konto aktiviert
		"Kennwort nicht benötigt" - Deaktiviert
		"Kennwort läuft nicht ab" - Aktiviert
	Benutzerparameter:	<Wert nicht gesetzt>
	SID-Verlauf:		-
	Anmeldezeiten:		Alle

Weitere Informationen:
	Berechtigungen:		-
Ereignis-XML:
<Event xmlns="http://schemas.microsoft.com/win/2004/08/events/event">
  <System>
    <Provider Name="Microsoft-Windows-Security-Auditing" Guid="{54849625-5478-4994-A5BA-3E3B0328C30D}" />
    <EventID>4738</EventID>
    <Version>0</Version>
    <Level>0</Level>
    <Task>13824</Task>
    <Opcode>0</Opcode>
    <Keywords>0x8020000000000000</Keywords>
    <TimeCreated SystemTime="2012-07-04T10:57:07.703125000Z" />
    <EventRecordID>256</EventRecordID>
    <Correlation />
    <Execution ProcessID="440" ThreadID="1344" />
    <Channel>Security</Channel>
    <Computer>WIN-KJHGCUABASL</Computer>
    <Security />
  </System>
  <EventData>
    <Data Name="Dummy">-</Data>
    <Data Name="TargetUserName">user2</Data>
    <Data Name="TargetDomainName">WIN-KJHGCUABASL</Data>
    <Data Name="TargetSid">S-1-5-21-1984093686-2666557038-3875388431-1002</Data>
    <Data Name="SubjectUserSid">S-1-5-21-1984093686-2666557038-3875388431-500</Data>
    <Data Name="SubjectUserName">Administrator</Data>
    <Data Name="SubjectDomainName">WIN-KJHGCUABASL</Data>
    <Data Name="SubjectLogonId">0x40051</Data>
    <Data Name="PrivilegeList">-</Data>
    <Data Name="SamAccountName">user2</Data>
    <Data Name="DisplayName">user2</Data>
    <Data Name="UserPrincipalName">-</Data>
    <Data Name="HomeDirectory">%%1793</Data>
    <Data Name="HomePath">%%1793</Data>
    <Data Name="ScriptPath">%%1793</Data>
    <Data Name="ProfilePath">%%1793</Data>
    <Data Name="UserWorkstations">%%1793</Data>
    <Data Name="PasswordLastSet">%%1794</Data>
    <Data Name="AccountExpires">%%1794</Data>
    <Data Name="PrimaryGroupId">513</Data>
    <Data Name="AllowedToDelegateTo">-</Data>
    <Data Name="OldUacValue">0x15</Data>
    <Data Name="NewUacValue">0x210</Data>
    <Data Name="UserAccountControl">
		%%2048
		%%2050
		%%2089</Data>
    <Data Name="UserParameters">%%1793</Data>
    <Data Name="SidHistory">-</Data>
    <Data Name="LogonHours">%%1797</Data>
  </EventData>
</Event>

Protokollname: Security
Quelle:        Microsoft-Windows-Security-Auditing
Datum:         04.07.2012 12:57:07
Ereignis-ID:   4722
Aufgabenkategorie:Benutzerkontenverwaltung
Ebene:         Informationen
Schlüsselwörter:Überwachung erfolgreich
Benutzer:      Nicht zutreffend
Computer:      WIN-KJHGCUABASL
Beschreibung:
Ein Benutzerkonto wurde aktiviert.

Antragsteller:
	Sicherheits-ID:		WIN-KJHGCUABASL\Administrator
	Kontoname:		Administrator
	Kontodomäne:		WIN-KJHGCUABASL
	Anmelde-ID:		0x40051

Zielkonto:
	Sicherheits-ID:		WIN-KJHGCUABASL\user2
	Kontoname:		user2
	Kontodomäne:		WIN-KJHGCUABASL
Ereignis-XML:
<Event xmlns="http://schemas.microsoft.com/win/2004/08/events/event">
  <System>
    <Provider Name="Microsoft-Windows-Security-Auditing" Guid="{54849625-5478-4994-A5BA-3E3B0328C30D}" />
    <EventID>4722</EventID>
    <Version>0</Version>
    <Level>0</Level>
    <Task>13824</Task>
    <Opcode>0</Opcode>
    <Keywords>0x8020000000000000</Keywords>
    <TimeCreated SystemTime="2012-07-04T10:57:07.703125000Z" />
    <EventRecordID>255</EventRecordID>
    <Correlation />
    <Execution ProcessID="440" ThreadID="1344" />
    <Channel>Security</Channel>
    <Computer>WIN-KJHGCUABASL</Computer>
    <Security />
  </System>
  <EventData>
    <Data Name="TargetUserName">user2</Data>
    <Data Name="TargetDomainName">WIN-KJHGCUABASL</Data>
    <Data Name="TargetSid">S-1-5-21-1984093686-2666557038-3875388431-1002</Data>
    <Data Name="SubjectUserSid">S-1-5-21-1984093686-2666557038-3875388431-500</Data>
    <Data Name="SubjectUserName">Administrator</Data>
    <Data Name="SubjectDomainName">WIN-KJHGCUABASL</Data>
    <Data Name="SubjectLogonId">0x40051</Data>
  </EventData>
</Event>

Protokollname: Security
Quelle:        Microsoft-Windows-Security-Auditing
Datum:         04.07.2012 12:57:07
Ereignis-ID:   4720
Aufgabenkategorie:Benutzerkontenverwaltung
Ebene:         Informationen
Schlüsselwörter:Überwachung erfolgreich
Benutzer:      Nicht zutreffend
Computer:      WIN-KJHGCUABASL
Beschreibung:
Ein Benutzerkonto wurde erstellt.

Antragsteller:
	Sicherheits-ID:		WIN-KJHGCUABASL\Administrator
	Kontoname:		Administrator
	Kontodomäne:		WIN-KJHGCUABASL
	Anmelde-ID:		0x40051

Neues Konto:
	Sicherheits-ID:		WIN-KJHGCUABASL\user2
	Kontoname:		user2
	Kontodomäne:		WIN-KJHGCUABASL

Attribute:
	SAM-Kontoname:	user2
	Anzeigename:		<Wert nicht gesetzt>
	Benutzerprinzipalname:	-
	Stammverzeichnis:		<Wert nicht gesetzt>
	Stammlaufwerk:		<Wert nicht gesetzt>
	Skriptpfad:		<Wert nicht gesetzt>
	Profilpfad:		<Wert nicht gesetzt>
	Benutzerarbeitsstationen:	<Wert nicht gesetzt>
	Letzte Kennwortänderung:	<nie>
	Konto gültig bis:		<nie>
	Primäre Gruppen-ID:	513
	Kann delegieren an:	-
	Alter Benutzerkontensteuerungswert:		0x0
	Neuer Benutzerkontensteuerungswert:		0x15
	Benutzerkontensteuerung:	
		Konto Deaktiviert
		"Kennwort nicht benötigt" - Aktiviert
		"Normales Konto" - Aktiviert
	Benutzerparameter:	<Wert nicht gesetzt>
	SID-Verlauf:		-
	Anmeldezeiten:		Alle

Weitere Informationen:
	Berechtigungen		-
Ereignis-XML:
<Event xmlns="http://schemas.microsoft.com/win/2004/08/events/event">
  <System>
    <Provider Name="Microsoft-Windows-Security-Auditing" Guid="{54849625-5478-4994-A5BA-3E3B0328C30D}" />
    <EventID>4720</EventID>
    <Version>0</Version>
    <Level>0</Level>
    <Task>13824</Task>
    <Opcode>0</Opcode>
    <Keywords>0x8020000000000000</Keywords>
    <TimeCreated SystemTime="2012-07-04T10:57:07.703125000Z" />
    <EventRecordID>254</EventRecordID>
    <Correlation />
    <Execution ProcessID="440" ThreadID="1344" />
    <Channel>Security</Channel>
    <Computer>WIN-KJHGCUABASL</Computer>
    <Security />
  </System>
  <EventData>
    <Data Name="TargetUserName">user2</Data>
    <Data Name="TargetDomainName">WIN-KJHGCUABASL</Data>
    <Data Name="TargetSid">S-1-5-21-1984093686-2666557038-3875388431-1002</Data>
    <Data Name="SubjectUserSid">S-1-5-21-1984093686-2666557038-3875388431-500</Data>
    <Data Name="SubjectUserName">Administrator</Data>
    <Data Name="SubjectDomainName">WIN-KJHGCUABASL</Data>
    <Data Name="SubjectLogonId">0x40051</Data>
    <Data Name="PrivilegeList">-</Data>
    <Data Name="SamAccountName">user2</Data>
    <Data Name="DisplayName">%%1793</Data>
    <Data Name="UserPrincipalName">-</Data>
    <Data Name="HomeDirectory">%%1793</Data>
    <Data Name="HomePath">%%1793</Data>
    <Data Name="ScriptPath">%%1793</Data>
    <Data Name="ProfilePath">%%1793</Data>
    <Data Name="UserWorkstations">%%1793</Data>
    <Data Name="PasswordLastSet">%%1794</Data>
    <Data Name="AccountExpires">%%1794</Data>
    <Data Name="PrimaryGroupId">513</Data>
    <Data Name="AllowedToDelegateTo">-</Data>
    <Data Name="OldUacValue">0x0</Data>
    <Data Name="NewUacValue">0x15</Data>
    <Data Name="UserAccountControl">
		%%2080
		%%2082
		%%2084</Data>
    <Data Name="UserParameters">%%1793</Data>
    <Data Name="SidHistory">-</Data>
    <Data Name="LogonHours">%%1797</Data>
  </EventData>
</Event>

Protokollname: Security
Quelle:        Microsoft-Windows-Security-Auditing
Datum:         04.07.2012 12:57:07
Ereignis-ID:   4728
Aufgabenkategorie:Sicherheitsgruppenverwaltung
Ebene:         Informationen
Schlüsselwörter:Überwachung erfolgreich
Benutzer:      Nicht zutreffend
Computer:      WIN-KJHGCUABASL
Beschreibung:
Ein Mitglied einer sicherheitsaktivierten globalen Gruppe wurde hinzugefügt.

Antragsteller:
	Sicherheits-ID:		WIN-KJHGCUABASL\Administrator
	Kontoname:		Administrator
	Kontodomäne:		WIN-KJHGCUABASL
	Anmelde-ID:		0x40051

Mitglied:
	Sicherheits-ID:		WIN-KJHGCUABASL\user2
	Kontoname:		-

Gruppe:
	Sicherheits-ID:		WIN-KJHGCUABASL\None
	Gruppenname:		None
	Gruppendomäne:		WIN-KJHGCUABASL

Weitere Informationen:
	Berechtigungen:		-
Ereignis-XML:
<Event xmlns="http://schemas.microsoft.com/win/2004/08/events/event">
  <System>
    <Provider Name="Microsoft-Windows-Security-Auditing" Guid="{54849625-5478-4994-A5BA-3E3B0328C30D}" />
    <EventID>4728</EventID>
    <Version>0</Version>
    <Level>0</Level>
    <Task>13826</Task>
    <Opcode>0</Opcode>
    <Keywords>0x8020000000000000</Keywords>
    <TimeCreated SystemTime="2012-07-04T10:57:07.703125000Z" />
    <EventRecordID>253</EventRecordID>
    <Correlation />
    <Execution ProcessID="440" ThreadID="1344" />
    <Channel>Security</Channel>
    <Computer>WIN-KJHGCUABASL</Computer>
    <Security />
  </System>
  <EventData>
    <Data Name="MemberName">-</Data>
    <Data Name="MemberSid">S-1-5-21-1984093686-2666557038-3875388431-1002</Data>
    <Data Name="TargetUserName">None</Data>
    <Data Name="TargetDomainName">WIN-KJHGCUABASL</Data>
    <Data Name="TargetSid">S-1-5-21-1984093686-2666557038-3875388431-513</Data>
    <Data Name="SubjectUserSid">S-1-5-21-1984093686-2666557038-3875388431-500</Data>
    <Data Name="SubjectUserName">Administrator</Data>
    <Data Name="SubjectDomainName">WIN-KJHGCUABASL</Data>
    <Data Name="SubjectLogonId">0x40051</Data>
    <Data Name="PrivilegeList">-</Data>
  </EventData>
</Event>

Protokollname: Security
Quelle:        Microsoft-Windows-Security-Auditing
Datum:         04.07.2012 12:57:00
Ereignis-ID:   4625
Aufgabenkategorie:Anmelden
Ebene:         Informationen
Schlüsselwörter:Überwachung gescheitert
Benutzer:      Nicht zutreffend
Computer:      WIN-KJHGCUABASL
Beschreibung:
Fehler beim Anmelden eines Kontos.

Antragsteller:
	Sicherheits-ID:		WIN-KJHGCUABASL\Administrator
	Kontoname:		Administrator
	Kontodomäne:		WIN-KJHGCUABASL
	Anmelde-ID:		0x40051

Anmeldetyp:			2

Konto, für das die Anmeldung fehlgeschlagen ist:
	Sicherheits-ID:		NULL SID
	Kontoname:		user1
	Kontodomäne:		

Fehlerinformationen:
	Fehlerursache:		Unbekannter Benutzername oder ungültiges Kennwort.
	Status:			0xc000006e
	Unterstatus::		0xc000006e

Prozessinformationen:
	Aufrufprozess-ID:	0x4d0
	Aufrufprozessname:	C:\Windows\System32\dllhost.exe

Netzwerkinformationen:
	Arbeitsstationsname:	WIN-KJHGCUABASL
	Quellnetzwerkadresse:	-
	Quellport:		-

Detaillierte Authentifizierungsinformationen:
	Anmeldeprozess:		Advapi  
	Authentifizierungspaket:	MICROSOFT_AUTHENTICATION_PACKAGE_V1_0
	Übertragene Dienste:	-
	Paketname (nur NTLM):	-
	Schlüssellänge:		0

Dieses Ereignis wird beim Erstellen einer Anmeldesitzung generiert. Es wird auf dem Computer generiert, auf den zugegriffen wurde.

Die Antragstellerfelder geben das Konto auf dem lokalen System an, von dem die Anmeldung angefordert wurde. Dies ist meistens ein Dienst wie der Serverdienst oder ein lokaler Prozess wie "Winlogon.exe" oder "Services.exe".

Das Anmeldetypfeld gibt den jeweiligen Anmeldetyp an. Die häufigsten Typen sind 2 (interaktiv) und 3 (Netzwerk).

Die Felder für die Prozessinformationen geben den Prozess und das Konto an, für die die Anmeldung angefordert wurde.

Die Netzwerkfelder geben die Quelle einer Remoteanmeldeanforderung an.  Der Arbeitsstationsname ist nicht immer verfügbar und kann in manchen Fällen leer bleiben.

Die Felder für die Authentifizierungsinformationen enthalten detaillierte Informationen zu dieser speziellen Anmeldeanforderung.
	- Die übertragenen Dienste geben an, welche Zwischendienste an der Anmeldeanforderung beteiligt waren.
	- Der Paketname gibt das in den NTLM-Protokollen verwendete Unterprotokoll an.
	- Die Schlüssellänge gibt die Länge des generierten Sitzungsschlüssels an. Wenn kein Sitzungsschlüssel angefordert wurde, ist dieser Wert 0.
Ereignis-XML:
<Event xmlns="http://schemas.microsoft.com/win/2004/08/events/event">
  <System>
    <Provider Name="Microsoft-Windows-Security-Auditing" Guid="{54849625-5478-4994-A5BA-3E3B0328C30D}" />
    <EventID>4625</EventID>
    <Version>0</Version>
    <Level>0</Level>
    <Task>12544</Task>
    <Opcode>0</Opcode>
    <Keywords>0x8010000000000000</Keywords>
    <TimeCreated SystemTime="2012-07-04T10:57:00.625000000Z" />
    <EventRecordID>252</EventRecordID>
    <Correlation />
    <Execution ProcessID="440" ThreadID="864" />
    <Channel>Security</Channel>
    <Computer>WIN-KJHGCUABASL</Computer>
    <Security />
  </System>
  <EventData>
    <Data Name="SubjectUserSid">S-1-5-21-1984093686-2666557038-3875388431-500</Data>
    <Data Name="SubjectUserName">Administrator</Data>
    <Data Name="SubjectDomainName">WIN-KJHGCUABASL</Data>
    <Data Name="SubjectLogonId">0x40051</Data>
    <Data Name="TargetUserSid">S-1-0-0</Data>
    <Data Name="TargetUserName">user1</Data>
    <Data Name="TargetDomainName">
    </Data>
    <Data Name="Status">0xc000006e</Data>
    <Data Name="FailureReason">%%2313</Data>
    <Data Name="SubStatus">0xc000006e</Data>
    <Data Name="LogonType">2</Data>
    <Data Name="LogonProcessName">Advapi  </Data>
    <Data Name="AuthenticationPackageName">MICROSOFT_AUTHENTICATION_PACKAGE_V1_0</Data>
    <Data Name="WorkstationName">WIN-KJHGCUABASL</Data>
    <Data Name="TransmittedServices">-</Data>
    <Data Name="LmPackageName">-</Data>
    <Data Name="KeyLength">0</Data>
    <Data Name="ProcessId">0x4d0</Data>
    <Data Name="ProcessName">C:\Windows\System32\dllhost.exe</Data>
    <Data Name="IpAddress">-</Data>
    <Data Name="IpPort">-</Data>
  </EventData>
</Event>

Protokollname: Security
Quelle:        Microsoft-Windows-Security-Auditing
Datum:         04.07.2012 12:57:00
Ereignis-ID:   4625
Aufgabenkategorie:Anmelden
Ebene:         Informationen
Schlüsselwörter:Überwachung gescheitert
Benutzer:      Nicht zutreffend
Computer:      WIN-KJHGCUABASL
Beschreibung:
Fehler beim Anmelden eines Kontos.

Antragsteller:
	Sicherheits-ID:		WIN-KJHGCUABASL\Administrator
	Kontoname:		Administrator
	Kontodomäne:		WIN-KJHGCUABASL
	Anmelde-ID:		0x40051

Anmeldetyp:			2

Konto, für das die Anmeldung fehlgeschlagen ist:
	Sicherheits-ID:		NULL SID
	Kontoname:		Administrator
	Kontodomäne:		

Fehlerinformationen:
	Fehlerursache:		Unbekannter Benutzername oder ungültiges Kennwort.
	Status:			0xc000006d
	Unterstatus::		0xc000006a

Prozessinformationen:
	Aufrufprozess-ID:	0x4d0
	Aufrufprozessname:	C:\Windows\System32\dllhost.exe

Netzwerkinformationen:
	Arbeitsstationsname:	WIN-KJHGCUABASL
	Quellnetzwerkadresse:	-
	Quellport:		-

Detaillierte Authentifizierungsinformationen:
	Anmeldeprozess:		Advapi  
	Authentifizierungspaket:	MICROSOFT_AUTHENTICATION_PACKAGE_V1_0
	Übertragene Dienste:	-
	Paketname (nur NTLM):	-
	Schlüssellänge:		0

Dieses Ereignis wird beim Erstellen einer Anmeldesitzung generiert. Es wird auf dem Computer generiert, auf den zugegriffen wurde.

Die Antragstellerfelder geben das Konto auf dem lokalen System an, von dem die Anmeldung angefordert wurde. Dies ist meistens ein Dienst wie der Serverdienst oder ein lokaler Prozess wie "Winlogon.exe" oder "Services.exe".

Das Anmeldetypfeld gibt den jeweiligen Anmeldetyp an. Die häufigsten Typen sind 2 (interaktiv) und 3 (Netzwerk).

Die Felder für die Prozessinformationen geben den Prozess und das Konto an, für die die Anmeldung angefordert wurde.

Die Netzwerkfelder geben die Quelle einer Remoteanmeldeanforderung an.  Der Arbeitsstationsname ist nicht immer verfügbar und kann in manchen Fällen leer bleiben.

Die Felder für die Authentifizierungsinformationen enthalten detaillierte Informationen zu dieser speziellen Anmeldeanforderung.
	- Die übertragenen Dienste geben an, welche Zwischendienste an der Anmeldeanforderung beteiligt waren.
	- Der Paketname gibt das in den NTLM-Protokollen verwendete Unterprotokoll an.
	- Die Schlüssellänge gibt die Länge des generierten Sitzungsschlüssels an. Wenn kein Sitzungsschlüssel angefordert wurde, ist dieser Wert 0.
Ereignis-XML:
<Event xmlns="http://schemas.microsoft.com/win/2004/08/events/event">
  <System>
    <Provider Name="Microsoft-Windows-Security-Auditing" Guid="{54849625-5478-4994-A5BA-3E3B0328C30D}" />
    <EventID>4625</EventID>
    <Version>0</Version>
    <Level>0</Level>
    <Task>12544</Task>
    <Opcode>0</Opcode>
    <Keywords>0x8010000000000000</Keywords>
    <TimeCreated SystemTime="2012-07-04T10:57:00.593750000Z" />
    <EventRecordID>251</EventRecordID>
    <Correlation />
    <Execution ProcessID="440" ThreadID="864" />
    <Channel>Security</Channel>
    <Computer>WIN-KJHGCUABASL</Computer>
    <Security />
  </System>
  <EventData>
    <Data Name="SubjectUserSid">S-1-5-21-1984093686-2666557038-3875388431-500</Data>
    <Data Name="SubjectUserName">Administrator</Data>
    <Data Name="SubjectDomainName">WIN-KJHGCUABASL</Data>
    <Data Name="SubjectLogonId">0x40051</Data>
    <Data Name="TargetUserSid">S-1-0-0</Data>
    <Data Name="TargetUserName">Administrator</Data>
    <Data Name="TargetDomainName">
    </Data>
    <Data Name="Status">0xc000006d</Data>
    <Data Name="FailureReason">%%2313</Data>
    <Data Name="SubStatus">0xc000006a</Data>
    <Data Name="LogonType">2</Data>
    <Data Name="LogonProcessName">Advapi  </Data>
    <Data Name="AuthenticationPackageName">MICROSOFT_AUTHENTICATION_PACKAGE_V1_0</Data>
    <Data Name="WorkstationName">WIN-KJHGCUABASL</Data>
    <Data Name="TransmittedServices">-</Data>
    <Data Name="LmPackageName">-</Data>
    <Data Name="KeyLength">0</Data>
    <Data Name="ProcessId">0x4d0</Data>
    <Data Name="ProcessName">C:\Windows\System32\dllhost.exe</Data>
    <Data Name="IpAddress">-</Data>
    <Data Name="IpPort">-</Data>
  </EventData>
</Event>

Protokollname: Security
Quelle:        Microsoft-Windows-Security-Auditing
Datum:         04.07.2012 12:57:00
Ereignis-ID:   4738
Aufgabenkategorie:Benutzerkontenverwaltung
Ebene:         Informationen
Schlüsselwörter:Überwachung erfolgreich
Benutzer:      Nicht zutreffend
Computer:      WIN-KJHGCUABASL
Beschreibung:
Ein Benutzerkonto wurde geändert.

Antragsteller:
	Sicherheits-ID:		WIN-KJHGCUABASL\Administrator
	Kontoname:		Administrator
	Kontodomäne:		WIN-KJHGCUABASL
	Anmelde-ID:		0x40051

Zielkonto:
	Sicherheits-ID:		WIN-KJHGCUABASL\user1
	Kontoname:		user1
	Kontodomäne:		WIN-KJHGCUABASL

Geänderte Attribute:
	SAM-Kontoname:	user1
	Anzeigename:		user1
	Benutzerprinzipalname:	-
	Stammverzeichnis:		<Wert nicht gesetzt>
	Stammlaufwerk:		<Wert nicht gesetzt>
	Skriptpfad:		<Wert nicht gesetzt>
	Profilpfad:		<Wert nicht gesetzt>
	Benutzerarbeitsstationen:	<Wert nicht gesetzt>
	Letzte Kennwortänderung:	<nie>
	Konto gültig bis:		<nie>
	Primäre Gruppen-ID:	513
	Darf delegieren an:	-
	Alter Benutzerkontensteuerungswert:		0x210
	Neuer Benutzerkontensteuerungswert:		0x210
	Benutzerkontensteuerung:	-
	Benutzerparameter:	<Wert nicht gesetzt>
	SID-Verlauf:		-
	Anmeldezeiten:		Alle

Weitere Informationen:
	Berechtigungen:		-
Ereignis-XML:
<Event xmlns="http://schemas.microsoft.com/win/2004/08/events/event">
  <System>
    <Provider Name="Microsoft-Windows-Security-Auditing" Guid="{54849625-5478-4994-A5BA-3E3B0328C30D}" />
    <EventID>4738</EventID>
    <Version>0</Version>
    <Level>0</Level>
    <Task>13824</Task>
    <Opcode>0</Opcode>
    <Keywords>0x8020000000000000</Keywords>
    <TimeCreated SystemTime="2012-07-04T10:57:00.312500000Z" />
    <EventRecordID>250</EventRecordID>
    <Correlation />
    <Execution ProcessID="440" ThreadID="1344" />
    <Channel>Security</Channel>
    <Computer>WIN-KJHGCUABASL</Computer>
    <Security />
  </System>
  <EventData>
    <Data Name="Dummy">-</Data>
    <Data Name="TargetUserName">user1</Data>
    <Data Name="TargetDomainName">WIN-KJHGCUABASL</Data>
    <Data Name="TargetSid">S-1-5-21-1984093686-2666557038-3875388431-1001</Data>
    <Data Name="SubjectUserSid">S-1-5-21-1984093686-2666557038-3875388431-500</Data>
    <Data Name="SubjectUserName">Administrator</Data>
    <Data Name="SubjectDomainName">WIN-KJHGCUABASL</Data>
    <Data Name="SubjectLogonId">0x40051</Data>
    <Data Name="PrivilegeList">-</Data>
    <Data Name="SamAccountName">user1</Data>
    <Data Name="DisplayName">user1</Data>
    <Data Name="UserPrincipalName">-</Data>
    <Data Name="HomeDirectory">%%1793</Data>
    <Data Name="HomePath">%%1793</Data>
    <Data Name="ScriptPath">%%1793</Data>
    <Data Name="ProfilePath">%%1793</Data>
    <Data Name="UserWorkstations">%%1793</Data>
    <Data Name="PasswordLastSet">%%1794</Data>
    <Data Name="AccountExpires">%%1794</Data>
    <Data Name="PrimaryGroupId">513</Data>
    <Data Name="AllowedToDelegateTo">-</Data>
    <Data Name="OldUacValue">0x210</Data>
    <Data Name="NewUacValue">0x210</Data>
    <Data Name="UserAccountControl">-</Data>
    <Data Name="UserParameters">%%1793</Data>
    <Data Name="SidHistory">-</Data>
    <Data Name="LogonHours">%%1797</Data>
  </EventData>
</Event>

Protokollname: Security
Quelle:        Microsoft-Windows-Security-Auditing
Datum:         04.07.2012 12:57:00
Ereignis-ID:   4732
Aufgabenkategorie:Sicherheitsgruppenverwaltung
Ebene:         Informationen
Schlüsselwörter:Überwachung erfolgreich
Benutzer:      Nicht zutreffend
Computer:      WIN-KJHGCUABASL
Beschreibung:
Ein Mitglied einer sicherheitsaktivierten lokalen Gruppe wurde hinzugefügt.

Antragsteller:
	Sicherheits-ID:		WIN-KJHGCUABASL\Administrator
	Kontoname:		Administrator
	Kontodomäne:		WIN-KJHGCUABASL
	Anmelde-ID:		0x40051

Mitglied:
	Sicherheits-ID:		WIN-KJHGCUABASL\user1
	Kontoname:		-

Gruppe:
	Sicherheits-ID:		VORDEFINIERT\Benutzer
	Gruppenname:		Benutzer
	Gruppendomäne:		Builtin

Weitere Informationen:
	Berechtigungen:		-
Ereignis-XML:
<Event xmlns="http://schemas.microsoft.com/win/2004/08/events/event">
  <System>
    <Provider Name="Microsoft-Windows-Security-Auditing" Guid="{54849625-5478-4994-A5BA-3E3B0328C30D}" />
    <EventID>4732</EventID>
    <Version>0</Version>
    <Level>0</Level>
    <Task>13826</Task>
    <Opcode>0</Opcode>
    <Keywords>0x8020000000000000</Keywords>
    <TimeCreated SystemTime="2012-07-04T10:57:00.296875000Z" />
    <EventRecordID>249</EventRecordID>
    <Correlation />
    <Execution ProcessID="440" ThreadID="1344" />
    <Channel>Security</Channel>
    <Computer>WIN-KJHGCUABASL</Computer>
    <Security />
  </System>
  <EventData>
    <Data Name="MemberName">-</Data>
    <Data Name="MemberSid">S-1-5-21-1984093686-2666557038-3875388431-1001</Data>
    <Data Name="TargetUserName">Benutzer</Data>
    <Data Name="TargetDomainName">Builtin</Data>
    <Data Name="TargetSid">S-1-5-32-545</Data>
    <Data Name="SubjectUserSid">S-1-5-21-1984093686-2666557038-3875388431-500</Data>
    <Data Name="SubjectUserName">Administrator</Data>
    <Data Name="SubjectDomainName">WIN-KJHGCUABASL</Data>
    <Data Name="SubjectLogonId">0x40051</Data>
    <Data Name="PrivilegeList">-</Data>
  </EventData>
</Event>

Protokollname: Security
Quelle:        Microsoft-Windows-Security-Auditing
Datum:         04.07.2012 12:57:00
Ereignis-ID:   4738
Aufgabenkategorie:Benutzerkontenverwaltung
Ebene:         Informationen
Schlüsselwörter:Überwachung erfolgreich
Benutzer:      Nicht zutreffend
Computer:      WIN-KJHGCUABASL
Beschreibung:
Ein Benutzerkonto wurde geändert.

Antragsteller:
	Sicherheits-ID:		WIN-KJHGCUABASL\Administrator
	Kontoname:		Administrator
	Kontodomäne:		WIN-KJHGCUABASL
	Anmelde-ID:		0x40051

Zielkonto:
	Sicherheits-ID:		WIN-KJHGCUABASL\user1
	Kontoname:		user1
	Kontodomäne:		WIN-KJHGCUABASL

Geänderte Attribute:
	SAM-Kontoname:	user1
	Anzeigename:		user1
	Benutzerprinzipalname:	-
	Stammverzeichnis:		<Wert nicht gesetzt>
	Stammlaufwerk:		<Wert nicht gesetzt>
	Skriptpfad:		<Wert nicht gesetzt>
	Profilpfad:		<Wert nicht gesetzt>
	Benutzerarbeitsstationen:	<Wert nicht gesetzt>
	Letzte Kennwortänderung:	<nie>
	Konto gültig bis:		<nie>
	Primäre Gruppen-ID:	513
	Darf delegieren an:	-
	Alter Benutzerkontensteuerungswert:		0x15
	Neuer Benutzerkontensteuerungswert:		0x210
	Benutzerkontensteuerung:	
		Konto aktiviert
		"Kennwort nicht benötigt" - Deaktiviert
		"Kennwort läuft nicht ab" - Aktiviert
	Benutzerparameter:	<Wert nicht gesetzt>
	SID-Verlauf:		-
	Anmeldezeiten:		Alle

Weitere Informationen:
	Berechtigungen:		-
Ereignis-XML:
<Event xmlns="http://schemas.microsoft.com/win/2004/08/events/event">
  <System>
    <Provider Name="Microsoft-Windows-Security-Auditing" Guid="{54849625-5478-4994-A5BA-3E3B0328C30D}" />
    <EventID>4738</EventID>
    <Version>0</Version>
    <Level>0</Level>
    <Task>13824</Task>
    <Opcode>0</Opcode>
    <Keywords>0x8020000000000000</Keywords>
    <TimeCreated SystemTime="2012-07-04T10:57:00.234375000Z" />
    <EventRecordID>248</EventRecordID>
    <Correlation />
    <Execution ProcessID="440" ThreadID="1344" />
    <Channel>Security</Channel>
    <Computer>WIN-KJHGCUABASL</Computer>
    <Security />
  </System>
  <EventData>
    <Data Name="Dummy">-</Data>
    <Data Name="TargetUserName">user1</Data>
    <Data Name="TargetDomainName">WIN-KJHGCUABASL</Data>
    <Data Name="TargetSid">S-1-5-21-1984093686-2666557038-3875388431-1001</Data>
    <Data Name="SubjectUserSid">S-1-5-21-1984093686-2666557038-3875388431-500</Data>
    <Data Name="SubjectUserName">Administrator</Data>
    <Data Name="SubjectDomainName">WIN-KJHGCUABASL</Data>
    <Data Name="SubjectLogonId">0x40051</Data>
    <Data Name="PrivilegeList">-</Data>
    <Data Name="SamAccountName">user1</Data>
    <Data Name="DisplayName">user1</Data>
    <Data Name="UserPrincipalName">-</Data>
    <Data Name="HomeDirectory">%%1793</Data>
    <Data Name="HomePath">%%1793</Data>
    <Data Name="ScriptPath">%%1793</Data>
    <Data Name="ProfilePath">%%1793</Data>
    <Data Name="UserWorkstations">%%1793</Data>
    <Data Name="PasswordLastSet">%%1794</Data>
    <Data Name="AccountExpires">%%1794</Data>
    <Data Name="PrimaryGroupId">513</Data>
    <Data Name="AllowedToDelegateTo">-</Data>
    <Data Name="OldUacValue">0x15</Data>
    <Data Name="NewUacValue">0x210</Data>
    <Data Name="UserAccountControl">
		%%2048
		%%2050
		%%2089</Data>
    <Data Name="UserParameters">%%1793</Data>
    <Data Name="SidHistory">-</Data>
    <Data Name="LogonHours">%%1797</Data>
  </EventData>
</Event>

Protokollname: Security
Quelle:        Microsoft-Windows-Security-Auditing
Datum:         04.07.2012 12:57:00
Ereignis-ID:   4722
Aufgabenkategorie:Benutzerkontenverwaltung
Ebene:         Informationen
Schlüsselwörter:Überwachung erfolgreich
Benutzer:      Nicht zutreffend
Computer:      WIN-KJHGCUABASL
Beschreibung:
Ein Benutzerkonto wurde aktiviert.

Antragsteller:
	Sicherheits-ID:		WIN-KJHGCUABASL\Administrator
	Kontoname:		Administrator
	Kontodomäne:		WIN-KJHGCUABASL
	Anmelde-ID:		0x40051

Zielkonto:
	Sicherheits-ID:		WIN-KJHGCUABASL\user1
	Kontoname:		user1
	Kontodomäne:		WIN-KJHGCUABASL
Ereignis-XML:
<Event xmlns="http://schemas.microsoft.com/win/2004/08/events/event">
  <System>
    <Provider Name="Microsoft-Windows-Security-Auditing" Guid="{54849625-5478-4994-A5BA-3E3B0328C30D}" />
    <EventID>4722</EventID>
    <Version>0</Version>
    <Level>0</Level>
    <Task>13824</Task>
    <Opcode>0</Opcode>
    <Keywords>0x8020000000000000</Keywords>
    <TimeCreated SystemTime="2012-07-04T10:57:00.234375000Z" />
    <EventRecordID>247</EventRecordID>
    <Correlation />
    <Execution ProcessID="440" ThreadID="1344" />
    <Channel>Security</Channel>
    <Computer>WIN-KJHGCUABASL</Computer>
    <Security />
  </System>
  <EventData>
    <Data Name="TargetUserName">user1</Data>
    <Data Name="TargetDomainName">WIN-KJHGCUABASL</Data>
    <Data Name="TargetSid">S-1-5-21-1984093686-2666557038-3875388431-1001</Data>
    <Data Name="SubjectUserSid">S-1-5-21-1984093686-2666557038-3875388431-500</Data>
    <Data Name="SubjectUserName">Administrator</Data>
    <Data Name="SubjectDomainName">WIN-KJHGCUABASL</Data>
    <Data Name="SubjectLogonId">0x40051</Data>
  </EventData>
</Event>

