Protokollname: Security
Quelle:        Microsoft-Windows-Security-Auditing
Datum:         04.07.2012 11:33:57
Ereignis-ID:   4907
Aufgabenkategorie:Richtlinienänderungen überwachen
Ebene:         Informationen
Schlüsselwörter:Überwachung erfolgreich
Benutzer:      Nicht zutreffend
Computer:      WIN-KJHGCUABASL
Beschreibung:
Die Überwachungseinstellungen für ein Objekt wurden geändert:

Antragsteller:
	Sicherheits-ID:		SYSTEM
	Kontoname:		WIN-KJHGCUABASL$
	Kontodomäne:		WORKGROUP
	Anmelde-ID:		0x3e7

Objekt:
	Objektserver:	Security
	Objekttyp:	File
	Objektname:	C:\Windows\System32\WindowsPowerShell\v1.0\Modules\RemoteDesktopServices\RemoteDesktopServices.psd1
	Handle-ID:	0x18

Prozessinformationen:
	Prozess-ID:	0x728
	Prozessname:	C:\Windows\System32\poqexec.exe

Überwachungseinstellungen:
	Originalsicherheitsbeschreibung:	
	Neue Sicherheitsbeschreibung:		S:ARAI(AU;SAFA;DCLCRPCRSDWDWO;;;WD)
Ereignis-XML:
<Event xmlns="http://schemas.microsoft.com/win/2004/08/events/event">
  <System>
    <Provider Name="Microsoft-Windows-Security-Auditing" Guid="{54849625-5478-4994-A5BA-3E3B0328C30D}" />
    <EventID>4907</EventID>
    <Version>0</Version>
    <Level>0</Level>
    <Task>13568</Task>
    <Opcode>0</Opcode>
    <Keywords>0x8020000000000000</Keywords>
    <TimeCreated SystemTime="2012-07-04T09:33:57.062500000Z" />
    <EventRecordID>166</EventRecordID>
    <Correlation />
    <Execution ProcessID="448" ThreadID="464" />
    <Channel>Security</Channel>
    <Computer>WIN-KJHGCUABASL</Computer>
    <Security />
  </System>
  <EventData>
    <Data Name="SubjectUserSid">S-1-5-18</Data>
    <Data Name="SubjectUserName">WIN-KJHGCUABASL$</Data>
    <Data Name="SubjectDomainName">WORKGROUP</Data>
    <Data Name="SubjectLogonId">0x3e7</Data>
    <Data Name="ObjectServer">Security</Data>
    <Data Name="ObjectType">File</Data>
    <Data Name="ObjectName">C:\Windows\System32\WindowsPowerShell\v1.0\Modules\RemoteDesktopServices\RemoteDesktopServices.psd1</Data>
    <Data Name="HandleId">0x18</Data>
    <Data Name="OldSd">
    </Data>
    <Data Name="NewSd">S:ARAI(AU;SAFA;DCLCRPCRSDWDWO;;;WD)</Data>
    <Data Name="ProcessId">0x728</Data>
    <Data Name="ProcessName">C:\Windows\System32\poqexec.exe</Data>
  </EventData>
</Event>

Protokollname: Security
Quelle:        Microsoft-Windows-Security-Auditing
Datum:         04.07.2012 11:33:57
Ereignis-ID:   4907
Aufgabenkategorie:Richtlinienänderungen überwachen
Ebene:         Informationen
Schlüsselwörter:Überwachung erfolgreich
Benutzer:      Nicht zutreffend
Computer:      WIN-KJHGCUABASL
Beschreibung:
Die Überwachungseinstellungen für ein Objekt wurden geändert:

Antragsteller:
	Sicherheits-ID:		SYSTEM
	Kontoname:		WIN-KJHGCUABASL$
	Kontodomäne:		WORKGROUP
	Anmelde-ID:		0x3e7

Objekt:
	Objektserver:	Security
	Objekttyp:	File
	Objektname:	C:\Windows\System32\WindowsPowerShell\v1.0\Modules\RemoteDesktopServices\TSPSDataAccess.dll
	Handle-ID:	0x18

Prozessinformationen:
	Prozess-ID:	0x728
	Prozessname:	C:\Windows\System32\poqexec.exe

Überwachungseinstellungen:
	Originalsicherheitsbeschreibung:	
	Neue Sicherheitsbeschreibung:		S:ARAI(AU;SAFA;DCLCRPCRSDWDWO;;;WD)
Ereignis-XML:
<Event xmlns="http://schemas.microsoft.com/win/2004/08/events/event">
  <System>
    <Provider Name="Microsoft-Windows-Security-Auditing" Guid="{54849625-5478-4994-A5BA-3E3B0328C30D}" />
    <EventID>4907</EventID>
    <Version>0</Version>
    <Level>0</Level>
    <Task>13568</Task>
    <Opcode>0</Opcode>
    <Keywords>0x8020000000000000</Keywords>
    <TimeCreated SystemTime="2012-07-04T09:33:57.062500000Z" />
    <EventRecordID>165</EventRecordID>
    <Correlation />
    <Execution ProcessID="448" ThreadID="464" />
    <Channel>Security</Channel>
    <Computer>WIN-KJHGCUABASL</Computer>
    <Security />
  </System>
  <EventData>
    <Data Name="SubjectUserSid">S-1-5-18</Data>
    <Data Name="SubjectUserName">WIN-KJHGCUABASL$</Data>
    <Data Name="SubjectDomainName">WORKGROUP</Data>
    <Data Name="SubjectLogonId">0x3e7</Data>
    <Data Name="ObjectServer">Security</Data>
    <Data Name="ObjectType">File</Data>
    <Data Name="ObjectName">C:\Windows\System32\WindowsPowerShell\v1.0\Modules\RemoteDesktopServices\TSPSDataAccess.dll</Data>
    <Data Name="HandleId">0x18</Data>
    <Data Name="OldSd">
    </Data>
    <Data Name="NewSd">S:ARAI(AU;SAFA;DCLCRPCRSDWDWO;;;WD)</Data>
    <Data Name="ProcessId">0x728</Data>
    <Data Name="ProcessName">C:\Windows\System32\poqexec.exe</Data>
  </EventData>
</Event>

Protokollname: Security
Quelle:        Microsoft-Windows-Security-Auditing
Datum:         04.07.2012 11:33:57
Ereignis-ID:   4907
Aufgabenkategorie:Richtlinienänderungen überwachen
Ebene:         Informationen
Schlüsselwörter:Überwachung erfolgreich
Benutzer:      Nicht zutreffend
Computer:      WIN-KJHGCUABASL
Beschreibung:
Die Überwachungseinstellungen für ein Objekt wurden geändert:

Antragsteller:
	Sicherheits-ID:		SYSTEM
	Kontoname:		WIN-KJHGCUABASL$
	Kontodomäne:		WORKGROUP
	Anmelde-ID:		0x3e7

Objekt:
	Objektserver:	Security
	Objekttyp:	File
	Objektname:	C:\Windows\System32\WindowsPowerShell\v1.0\Modules\RemoteDesktopServices\TSPSEngine.dll
	Handle-ID:	0x18

Prozessinformationen:
	Prozess-ID:	0x728
	Prozessname:	C:\Windows\System32\poqexec.exe

Überwachungseinstellungen:
	Originalsicherheitsbeschreibung:	
	Neue Sicherheitsbeschreibung:		S:ARAI(AU;SAFA;DCLCRPCRSDWDWO;;;WD)
Ereignis-XML:
<Event xmlns="http://schemas.microsoft.com/win/2004/08/events/event">
  <System>
    <Provider Name="Microsoft-Windows-Security-Auditing" Guid="{54849625-5478-4994-A5BA-3E3B0328C30D}" />
    <EventID>4907</EventID>
    <Version>0</Version>
    <Level>0</Level>
    <Task>13568</Task>
    <Opcode>0</Opcode>
    <Keywords>0x8020000000000000</Keywords>
    <TimeCreated SystemTime="2012-07-04T09:33:57.046875000Z" />
    <EventRecordID>164</EventRecordID>
    <Correlation />
    <Execution ProcessID="448" ThreadID="464" />
    <Channel>Security</Channel>
    <Computer>WIN-KJHGCUABASL</Computer>
    <Security />
  </System>
  <EventData>
    <Data Name="SubjectUserSid">S-1-5-18</Data>
    <Data Name="SubjectUserName">WIN-KJHGCUABASL$</Data>
    <Data Name="SubjectDomainName">WORKGROUP</Data>
    <Data Name="SubjectLogonId">0x3e7</Data>
    <Data Name="ObjectServer">Security</Data>
    <Data Name="ObjectType">File</Data>
    <Data Name="ObjectName">C:\Windows\System32\WindowsPowerShell\v1.0\Modules\RemoteDesktopServices\TSPSEngine.dll</Data>
    <Data Name="HandleId">0x18</Data>
    <Data Name="OldSd">
    </Data>
    <Data Name="NewSd">S:ARAI(AU;SAFA;DCLCRPCRSDWDWO;;;WD)</Data>
    <Data Name="ProcessId">0x728</Data>
    <Data Name="ProcessName">C:\Windows\System32\poqexec.exe</Data>
  </EventData>
</Event>

Protokollname: Security
Quelle:        Microsoft-Windows-Security-Auditing
Datum:         04.07.2012 11:33:57
Ereignis-ID:   4907
Aufgabenkategorie:Richtlinienänderungen überwachen
Ebene:         Informationen
Schlüsselwörter:Überwachung erfolgreich
Benutzer:      Nicht zutreffend
Computer:      WIN-KJHGCUABASL
Beschreibung:
Die Überwachungseinstellungen für ein Objekt wurden geändert:

Antragsteller:
	Sicherheits-ID:		SYSTEM
	Kontoname:		WIN-KJHGCUABASL$
	Kontodomäne:		WORKGROUP
	Anmelde-ID:		0x3e7

Objekt:
	Objektserver:	Security
	Objekttyp:	File
	Objektname:	C:\Windows\System32\WindowsPowerShell\v1.0\Modules\RemoteDesktopServices\TsPsUtil.dll
	Handle-ID:	0x18

Prozessinformationen:
	Prozess-ID:	0x728
	Prozessname:	C:\Windows\System32\poqexec.exe

Überwachungseinstellungen:
	Originalsicherheitsbeschreibung:	
	Neue Sicherheitsbeschreibung:		S:ARAI(AU;SAFA;DCLCRPCRSDWDWO;;;WD)
Ereignis-XML:
<Event xmlns="http://schemas.microsoft.com/win/2004/08/events/event">
  <System>
    <Provider Name="Microsoft-Windows-Security-Auditing" Guid="{54849625-5478-4994-A5BA-3E3B0328C30D}" />
    <EventID>4907</EventID>
    <Version>0</Version>
    <Level>0</Level>
    <Task>13568</Task>
    <Opcode>0</Opcode>
    <Keywords>0x8020000000000000</Keywords>
    <TimeCreated SystemTime="2012-07-04T09:33:57.046875000Z" />
    <EventRecordID>163</EventRecordID>
    <Correlation />
    <Execution ProcessID="448" ThreadID="464" />
    <Channel>Security</Channel>
    <Computer>WIN-KJHGCUABASL</Computer>
    <Security />
  </System>
  <EventData>
    <Data Name="SubjectUserSid">S-1-5-18</Data>
    <Data Name="SubjectUserName">WIN-KJHGCUABASL$</Data>
    <Data Name="SubjectDomainName">WORKGROUP</Data>
    <Data Name="SubjectLogonId">0x3e7</Data>
    <Data Name="ObjectServer">Security</Data>
    <Data Name="ObjectType">File</Data>
    <Data Name="ObjectName">C:\Windows\System32\WindowsPowerShell\v1.0\Modules\RemoteDesktopServices\TsPsUtil.dll</Data>
    <Data Name="HandleId">0x18</Data>
    <Data Name="OldSd">
    </Data>
    <Data Name="NewSd">S:ARAI(AU;SAFA;DCLCRPCRSDWDWO;;;WD)</Data>
    <Data Name="ProcessId">0x728</Data>
    <Data Name="ProcessName">C:\Windows\System32\poqexec.exe</Data>
  </EventData>
</Event>

Protokollname: Security
Quelle:        Microsoft-Windows-Security-Auditing
Datum:         04.07.2012 11:33:57
Ereignis-ID:   4907
Aufgabenkategorie:Richtlinienänderungen überwachen
Ebene:         Informationen
Schlüsselwörter:Überwachung erfolgreich
Benutzer:      Nicht zutreffend
Computer:      WIN-KJHGCUABASL
Beschreibung:
Die Überwachungseinstellungen für ein Objekt wurden geändert:

Antragsteller:
	Sicherheits-ID:		SYSTEM
	Kontoname:		WIN-KJHGCUABASL$
	Kontodomäne:		WORKGROUP
	Anmelde-ID:		0x3e7

Objekt:
	Objektserver:	Security
	Objekttyp:	File
	Objektname:	C:\Windows\System32\WindowsPowerShell\v1.0\Modules\RemoteDesktopServices\TSPSCmdlets.dll
	Handle-ID:	0x18

Prozessinformationen:
	Prozess-ID:	0x728
	Prozessname:	C:\Windows\System32\poqexec.exe

Überwachungseinstellungen:
	Originalsicherheitsbeschreibung:	
	Neue Sicherheitsbeschreibung:		S:ARAI(AU;SAFA;DCLCRPCRSDWDWO;;;WD)
Ereignis-XML:
<Event xmlns="http://schemas.microsoft.com/win/2004/08/events/event">
  <System>
    <Provider Name="Microsoft-Windows-Security-Auditing" Guid="{54849625-5478-4994-A5BA-3E3B0328C30D}" />
    <EventID>4907</EventID>
    <Version>0</Version>
    <Level>0</Level>
    <Task>13568</Task>
    <Opcode>0</Opcode>
    <Keywords>0x8020000000000000</Keywords>
    <TimeCreated SystemTime="2012-07-04T09:33:57.046875000Z" />
    <EventRecordID>162</EventRecordID>
    <Correlation />
    <Execution ProcessID="448" ThreadID="464" />
    <Channel>Security</Channel>
    <Computer>WIN-KJHGCUABASL</Computer>
    <Security />
  </System>
  <EventData>
    <Data Name="SubjectUserSid">S-1-5-18</Data>
    <Data Name="SubjectUserName">WIN-KJHGCUABASL$</Data>
    <Data Name="SubjectDomainName">WORKGROUP</Data>
    <Data Name="SubjectLogonId">0x3e7</Data>
    <Data Name="ObjectServer">Security</Data>
    <Data Name="ObjectType">File</Data>
    <Data Name="ObjectName">C:\Windows\System32\WindowsPowerShell\v1.0\Modules\RemoteDesktopServices\TSPSCmdlets.dll</Data>
    <Data Name="HandleId">0x18</Data>
    <Data Name="OldSd">
    </Data>
    <Data Name="NewSd">S:ARAI(AU;SAFA;DCLCRPCRSDWDWO;;;WD)</Data>
    <Data Name="ProcessId">0x728</Data>
    <Data Name="ProcessName">C:\Windows\System32\poqexec.exe</Data>
  </EventData>
</Event>

Protokollname: Security
Quelle:        Microsoft-Windows-Security-Auditing
Datum:         04.07.2012 11:33:57
Ereignis-ID:   4907
Aufgabenkategorie:Richtlinienänderungen überwachen
Ebene:         Informationen
Schlüsselwörter:Überwachung erfolgreich
Benutzer:      Nicht zutreffend
Computer:      WIN-KJHGCUABASL
Beschreibung:
Die Überwachungseinstellungen für ein Objekt wurden geändert:

Antragsteller:
	Sicherheits-ID:		SYSTEM
	Kontoname:		WIN-KJHGCUABASL$
	Kontodomäne:		WORKGROUP
	Anmelde-ID:		0x3e7

Objekt:
	Objektserver:	Security
	Objekttyp:	File
	Objektname:	C:\Windows\System32\BestPractices\v1.0\Models\Microsoft\Windows\TerminalServices\de-DE\TerminalServices_model.psd1
	Handle-ID:	0x18

Prozessinformationen:
	Prozess-ID:	0x728
	Prozessname:	C:\Windows\System32\poqexec.exe

Überwachungseinstellungen:
	Originalsicherheitsbeschreibung:	
	Neue Sicherheitsbeschreibung:		S:ARAI(AU;SAFA;DCLCRPCRSDWDWO;;;WD)
Ereignis-XML:
<Event xmlns="http://schemas.microsoft.com/win/2004/08/events/event">
  <System>
    <Provider Name="Microsoft-Windows-Security-Auditing" Guid="{54849625-5478-4994-A5BA-3E3B0328C30D}" />
    <EventID>4907</EventID>
    <Version>0</Version>
    <Level>0</Level>
    <Task>13568</Task>
    <Opcode>0</Opcode>
    <Keywords>0x8020000000000000</Keywords>
    <TimeCreated SystemTime="2012-07-04T09:33:57.031250000Z" />
    <EventRecordID>161</EventRecordID>
    <Correlation />
    <Execution ProcessID="448" ThreadID="464" />
    <Channel>Security</Channel>
    <Computer>WIN-KJHGCUABASL</Computer>
    <Security />
  </System>
  <EventData>
    <Data Name="SubjectUserSid">S-1-5-18</Data>
    <Data Name="SubjectUserName">WIN-KJHGCUABASL$</Data>
    <Data Name="SubjectDomainName">WORKGROUP</Data>
    <Data Name="SubjectLogonId">0x3e7</Data>
    <Data Name="ObjectServer">Security</Data>
    <Data Name="ObjectType">File</Data>
    <Data Name="ObjectName">C:\Windows\System32\BestPractices\v1.0\Models\Microsoft\Windows\TerminalServices\de-DE\TerminalServices_model.psd1</Data>
    <Data Name="HandleId">0x18</Data>
    <Data Name="OldSd">
    </Data>
    <Data Name="NewSd">S:ARAI(AU;SAFA;DCLCRPCRSDWDWO;;;WD)</Data>
    <Data Name="ProcessId">0x728</Data>
    <Data Name="ProcessName">C:\Windows\System32\poqexec.exe</Data>
  </EventData>
</Event>

Protokollname: Security
Quelle:        Microsoft-Windows-Security-Auditing
Datum:         04.07.2012 11:33:57
Ereignis-ID:   4907
Aufgabenkategorie:Richtlinienänderungen überwachen
Ebene:         Informationen
Schlüsselwörter:Überwachung erfolgreich
Benutzer:      Nicht zutreffend
Computer:      WIN-KJHGCUABASL
Beschreibung:
Die Überwachungseinstellungen für ein Objekt wurden geändert:

Antragsteller:
	Sicherheits-ID:		SYSTEM
	Kontoname:		WIN-KJHGCUABASL$
	Kontodomäne:		WORKGROUP
	Anmelde-ID:		0x3e7

Objekt:
	Objektserver:	Security
	Objekttyp:	File
	Objektname:	C:\Windows\System32\BestPractices\v1.0\Models\Microsoft\Windows\TerminalServices\TerminalServices_model.ps1
	Handle-ID:	0x18

Prozessinformationen:
	Prozess-ID:	0x728
	Prozessname:	C:\Windows\System32\poqexec.exe

Überwachungseinstellungen:
	Originalsicherheitsbeschreibung:	
	Neue Sicherheitsbeschreibung:		S:ARAI(AU;SAFA;DCLCRPCRSDWDWO;;;WD)
Ereignis-XML:
<Event xmlns="http://schemas.microsoft.com/win/2004/08/events/event">
  <System>
    <Provider Name="Microsoft-Windows-Security-Auditing" Guid="{54849625-5478-4994-A5BA-3E3B0328C30D}" />
    <EventID>4907</EventID>
    <Version>0</Version>
    <Level>0</Level>
    <Task>13568</Task>
    <Opcode>0</Opcode>
    <Keywords>0x8020000000000000</Keywords>
    <TimeCreated SystemTime="2012-07-04T09:33:57.031250000Z" />
    <EventRecordID>160</EventRecordID>
    <Correlation />
    <Execution ProcessID="448" ThreadID="464" />
    <Channel>Security</Channel>
    <Computer>WIN-KJHGCUABASL</Computer>
    <Security />
  </System>
  <EventData>
    <Data Name="SubjectUserSid">S-1-5-18</Data>
    <Data Name="SubjectUserName">WIN-KJHGCUABASL$</Data>
    <Data Name="SubjectDomainName">WORKGROUP</Data>
    <Data Name="SubjectLogonId">0x3e7</Data>
    <Data Name="ObjectServer">Security</Data>
    <Data Name="ObjectType">File</Data>
    <Data Name="ObjectName">C:\Windows\System32\BestPractices\v1.0\Models\Microsoft\Windows\TerminalServices\TerminalServices_model.ps1</Data>
    <Data Name="HandleId">0x18</Data>
    <Data Name="OldSd">
    </Data>
    <Data Name="NewSd">S:ARAI(AU;SAFA;DCLCRPCRSDWDWO;;;WD)</Data>
    <Data Name="ProcessId">0x728</Data>
    <Data Name="ProcessName">C:\Windows\System32\poqexec.exe</Data>
  </EventData>
</Event>

Protokollname: Security
Quelle:        Microsoft-Windows-Security-Auditing
Datum:         04.07.2012 11:33:57
Ereignis-ID:   4907
Aufgabenkategorie:Richtlinienänderungen überwachen
Ebene:         Informationen
Schlüsselwörter:Überwachung erfolgreich
Benutzer:      Nicht zutreffend
Computer:      WIN-KJHGCUABASL
Beschreibung:
Die Überwachungseinstellungen für ein Objekt wurden geändert:

Antragsteller:
	Sicherheits-ID:		SYSTEM
	Kontoname:		WIN-KJHGCUABASL$
	Kontodomäne:		WORKGROUP
	Anmelde-ID:		0x3e7

Objekt:
	Objektserver:	Security
	Objekttyp:	File
	Objektname:	C:\Windows\System32\rapmsign.dll
	Handle-ID:	0x18

Prozessinformationen:
	Prozess-ID:	0x728
	Prozessname:	C:\Windows\System32\poqexec.exe

Überwachungseinstellungen:
	Originalsicherheitsbeschreibung:	
	Neue Sicherheitsbeschreibung:		S:ARAI(AU;SAFA;DCLCRPCRSDWDWO;;;WD)
Ereignis-XML:
<Event xmlns="http://schemas.microsoft.com/win/2004/08/events/event">
  <System>
    <Provider Name="Microsoft-Windows-Security-Auditing" Guid="{54849625-5478-4994-A5BA-3E3B0328C30D}" />
    <EventID>4907</EventID>
    <Version>0</Version>
    <Level>0</Level>
    <Task>13568</Task>
    <Opcode>0</Opcode>
    <Keywords>0x8020000000000000</Keywords>
    <TimeCreated SystemTime="2012-07-04T09:33:57.015625000Z" />
    <EventRecordID>159</EventRecordID>
    <Correlation />
    <Execution ProcessID="448" ThreadID="464" />
    <Channel>Security</Channel>
    <Computer>WIN-KJHGCUABASL</Computer>
    <Security />
  </System>
  <EventData>
    <Data Name="SubjectUserSid">S-1-5-18</Data>
    <Data Name="SubjectUserName">WIN-KJHGCUABASL$</Data>
    <Data Name="SubjectDomainName">WORKGROUP</Data>
    <Data Name="SubjectLogonId">0x3e7</Data>
    <Data Name="ObjectServer">Security</Data>
    <Data Name="ObjectType">File</Data>
    <Data Name="ObjectName">C:\Windows\System32\rapmsign.dll</Data>
    <Data Name="HandleId">0x18</Data>
    <Data Name="OldSd">
    </Data>
    <Data Name="NewSd">S:ARAI(AU;SAFA;DCLCRPCRSDWDWO;;;WD)</Data>
    <Data Name="ProcessId">0x728</Data>
    <Data Name="ProcessName">C:\Windows\System32\poqexec.exe</Data>
  </EventData>
</Event>

Protokollname: Security
Quelle:        Microsoft-Windows-Security-Auditing
Datum:         04.07.2012 11:33:57
Ereignis-ID:   4907
Aufgabenkategorie:Richtlinienänderungen überwachen
Ebene:         Informationen
Schlüsselwörter:Überwachung erfolgreich
Benutzer:      Nicht zutreffend
Computer:      WIN-KJHGCUABASL
Beschreibung:
Die Überwachungseinstellungen für ein Objekt wurden geändert:

Antragsteller:
	Sicherheits-ID:		SYSTEM
	Kontoname:		WIN-KJHGCUABASL$
	Kontodomäne:		WORKGROUP
	Anmelde-ID:		0x3e7

Objekt:
	Objektserver:	Security
	Objekttyp:	File
	Objektname:	C:\Windows\System32\appserver-setup.exe
	Handle-ID:	0x18

Prozessinformationen:
	Prozess-ID:	0x728
	Prozessname:	C:\Windows\System32\poqexec.exe

Überwachungseinstellungen:
	Originalsicherheitsbeschreibung:	
	Neue Sicherheitsbeschreibung:		S:ARAI(AU;SAFA;DCLCRPCRSDWDWO;;;WD)
Ereignis-XML:
<Event xmlns="http://schemas.microsoft.com/win/2004/08/events/event">
  <System>
    <Provider Name="Microsoft-Windows-Security-Auditing" Guid="{54849625-5478-4994-A5BA-3E3B0328C30D}" />
    <EventID>4907</EventID>
    <Version>0</Version>
    <Level>0</Level>
    <Task>13568</Task>
    <Opcode>0</Opcode>
    <Keywords>0x8020000000000000</Keywords>
    <TimeCreated SystemTime="2012-07-04T09:33:57.000000000Z" />
    <EventRecordID>158</EventRecordID>
    <Correlation />
    <Execution ProcessID="448" ThreadID="464" />
    <Channel>Security</Channel>
    <Computer>WIN-KJHGCUABASL</Computer>
    <Security />
  </System>
  <EventData>
    <Data Name="SubjectUserSid">S-1-5-18</Data>
    <Data Name="SubjectUserName">WIN-KJHGCUABASL$</Data>
    <Data Name="SubjectDomainName">WORKGROUP</Data>
    <Data Name="SubjectLogonId">0x3e7</Data>
    <Data Name="ObjectServer">Security</Data>
    <Data Name="ObjectType">File</Data>
    <Data Name="ObjectName">C:\Windows\System32\appserver-setup.exe</Data>
    <Data Name="HandleId">0x18</Data>
    <Data Name="OldSd">
    </Data>
    <Data Name="NewSd">S:ARAI(AU;SAFA;DCLCRPCRSDWDWO;;;WD)</Data>
    <Data Name="ProcessId">0x728</Data>
    <Data Name="ProcessName">C:\Windows\System32\poqexec.exe</Data>
  </EventData>
</Event>

Protokollname: Security
Quelle:        Microsoft-Windows-Security-Auditing
Datum:         04.07.2012 11:33:57
Ereignis-ID:   4907
Aufgabenkategorie:Richtlinienänderungen überwachen
Ebene:         Informationen
Schlüsselwörter:Überwachung erfolgreich
Benutzer:      Nicht zutreffend
Computer:      WIN-KJHGCUABASL
Beschreibung:
Die Überwachungseinstellungen für ein Objekt wurden geändert:

Antragsteller:
	Sicherheits-ID:		SYSTEM
	Kontoname:		WIN-KJHGCUABASL$
	Kontodomäne:		WORKGROUP
	Anmelde-ID:		0x3e7

Objekt:
	Objektserver:	Security
	Objekttyp:	File
	Objektname:	C:\Windows\System32\mstlsapi.dll
	Handle-ID:	0x18

Prozessinformationen:
	Prozess-ID:	0x728
	Prozessname:	C:\Windows\System32\poqexec.exe

Überwachungseinstellungen:
	Originalsicherheitsbeschreibung:	
	Neue Sicherheitsbeschreibung:		S:ARAI(AU;SAFA;DCLCRPCRSDWDWO;;;WD)
Ereignis-XML:
<Event xmlns="http://schemas.microsoft.com/win/2004/08/events/event">
  <System>
    <Provider Name="Microsoft-Windows-Security-Auditing" Guid="{54849625-5478-4994-A5BA-3E3B0328C30D}" />
    <EventID>4907</EventID>
    <Version>0</Version>
    <Level>0</Level>
    <Task>13568</Task>
    <Opcode>0</Opcode>
    <Keywords>0x8020000000000000</Keywords>
    <TimeCreated SystemTime="2012-07-04T09:33:57.000000000Z" />
    <EventRecordID>157</EventRecordID>
    <Correlation />
    <Execution ProcessID="448" ThreadID="464" />
    <Channel>Security</Channel>
    <Computer>WIN-KJHGCUABASL</Computer>
    <Security />
  </System>
  <EventData>
    <Data Name="SubjectUserSid">S-1-5-18</Data>
    <Data Name="SubjectUserName">WIN-KJHGCUABASL$</Data>
    <Data Name="SubjectDomainName">WORKGROUP</Data>
    <Data Name="SubjectLogonId">0x3e7</Data>
    <Data Name="ObjectServer">Security</Data>
    <Data Name="ObjectType">File</Data>
    <Data Name="ObjectName">C:\Windows\System32\mstlsapi.dll</Data>
    <Data Name="HandleId">0x18</Data>
    <Data Name="OldSd">
    </Data>
    <Data Name="NewSd">S:ARAI(AU;SAFA;DCLCRPCRSDWDWO;;;WD)</Data>
    <Data Name="ProcessId">0x728</Data>
    <Data Name="ProcessName">C:\Windows\System32\poqexec.exe</Data>
  </EventData>
</Event>

Protokollname: Security
Quelle:        Microsoft-Windows-Security-Auditing
Datum:         04.07.2012 11:33:57
Ereignis-ID:   4907
Aufgabenkategorie:Richtlinienänderungen überwachen
Ebene:         Informationen
Schlüsselwörter:Überwachung erfolgreich
Benutzer:      Nicht zutreffend
Computer:      WIN-KJHGCUABASL
Beschreibung:
Die Überwachungseinstellungen für ein Objekt wurden geändert:

Antragsteller:
	Sicherheits-ID:		SYSTEM
	Kontoname:		WIN-KJHGCUABASL$
	Kontodomäne:		WORKGROUP
	Anmelde-ID:		0x3e7

Objekt:
	Objektserver:	Security
	Objekttyp:	File
	Objektname:	C:\Windows\System32\TSAppInstall.exe
	Handle-ID:	0x18

Prozessinformationen:
	Prozess-ID:	0x728
	Prozessname:	C:\Windows\System32\poqexec.exe

Überwachungseinstellungen:
	Originalsicherheitsbeschreibung:	
	Neue Sicherheitsbeschreibung:		S:ARAI(AU;SAFA;DCLCRPCRSDWDWO;;;WD)
Ereignis-XML:
<Event xmlns="http://schemas.microsoft.com/win/2004/08/events/event">
  <System>
    <Provider Name="Microsoft-Windows-Security-Auditing" Guid="{54849625-5478-4994-A5BA-3E3B0328C30D}" />
    <EventID>4907</EventID>
    <Version>0</Version>
    <Level>0</Level>
    <Task>13568</Task>
    <Opcode>0</Opcode>
    <Keywords>0x8020000000000000</Keywords>
    <TimeCreated SystemTime="2012-07-04T09:33:57.000000000Z" />
    <EventRecordID>156</EventRecordID>
    <Correlation />
    <Execution ProcessID="448" ThreadID="464" />
    <Channel>Security</Channel>
    <Computer>WIN-KJHGCUABASL</Computer>
    <Security />
  </System>
  <EventData>
    <Data Name="SubjectUserSid">S-1-5-18</Data>
    <Data Name="SubjectUserName">WIN-KJHGCUABASL$</Data>
    <Data Name="SubjectDomainName">WORKGROUP</Data>
    <Data Name="SubjectLogonId">0x3e7</Data>
    <Data Name="ObjectServer">Security</Data>
    <Data Name="ObjectType">File</Data>
    <Data Name="ObjectName">C:\Windows\System32\TSAppInstall.exe</Data>
    <Data Name="HandleId">0x18</Data>
    <Data Name="OldSd">
    </Data>
    <Data Name="NewSd">S:ARAI(AU;SAFA;DCLCRPCRSDWDWO;;;WD)</Data>
    <Data Name="ProcessId">0x728</Data>
    <Data Name="ProcessName">C:\Windows\System32\poqexec.exe</Data>
  </EventData>
</Event>

Protokollname: Security
Quelle:        Microsoft-Windows-Security-Auditing
Datum:         04.07.2012 11:33:56
Ereignis-ID:   4907
Aufgabenkategorie:Richtlinienänderungen überwachen
Ebene:         Informationen
Schlüsselwörter:Überwachung erfolgreich
Benutzer:      Nicht zutreffend
Computer:      WIN-KJHGCUABASL
Beschreibung:
Die Überwachungseinstellungen für ein Objekt wurden geändert:

Antragsteller:
	Sicherheits-ID:		SYSTEM
	Kontoname:		WIN-KJHGCUABASL$
	Kontodomäne:		WORKGROUP
	Anmelde-ID:		0x3e7

Objekt:
	Objektserver:	Security
	Objekttyp:	File
	Objektname:	C:\Windows\System32\tssrvlic.dll
	Handle-ID:	0x18

Prozessinformationen:
	Prozess-ID:	0x728
	Prozessname:	C:\Windows\System32\poqexec.exe

Überwachungseinstellungen:
	Originalsicherheitsbeschreibung:	
	Neue Sicherheitsbeschreibung:		S:ARAI(AU;SAFA;DCLCRPCRSDWDWO;;;WD)
Ereignis-XML:
<Event xmlns="http://schemas.microsoft.com/win/2004/08/events/event">
  <System>
    <Provider Name="Microsoft-Windows-Security-Auditing" Guid="{54849625-5478-4994-A5BA-3E3B0328C30D}" />
    <EventID>4907</EventID>
    <Version>0</Version>
    <Level>0</Level>
    <Task>13568</Task>
    <Opcode>0</Opcode>
    <Keywords>0x8020000000000000</Keywords>
    <TimeCreated SystemTime="2012-07-04T09:33:56.984375000Z" />
    <EventRecordID>155</EventRecordID>
    <Correlation />
    <Execution ProcessID="448" ThreadID="464" />
    <Channel>Security</Channel>
    <Computer>WIN-KJHGCUABASL</Computer>
    <Security />
  </System>
  <EventData>
    <Data Name="SubjectUserSid">S-1-5-18</Data>
    <Data Name="SubjectUserName">WIN-KJHGCUABASL$</Data>
    <Data Name="SubjectDomainName">WORKGROUP</Data>
    <Data Name="SubjectLogonId">0x3e7</Data>
    <Data Name="ObjectServer">Security</Data>
    <Data Name="ObjectType">File</Data>
    <Data Name="ObjectName">C:\Windows\System32\tssrvlic.dll</Data>
    <Data Name="HandleId">0x18</Data>
    <Data Name="OldSd">
    </Data>
    <Data Name="NewSd">S:ARAI(AU;SAFA;DCLCRPCRSDWDWO;;;WD)</Data>
    <Data Name="ProcessId">0x728</Data>
    <Data Name="ProcessName">C:\Windows\System32\poqexec.exe</Data>
  </EventData>
</Event>

Protokollname: Security
Quelle:        Microsoft-Windows-Security-Auditing
Datum:         04.07.2012 11:33:56
Ereignis-ID:   4907
Aufgabenkategorie:Richtlinienänderungen überwachen
Ebene:         Informationen
Schlüsselwörter:Überwachung erfolgreich
Benutzer:      Nicht zutreffend
Computer:      WIN-KJHGCUABASL
Beschreibung:
Die Überwachungseinstellungen für ein Objekt wurden geändert:

Antragsteller:
	Sicherheits-ID:		SYSTEM
	Kontoname:		WIN-KJHGCUABASL$
	Kontodomäne:		WORKGROUP
	Anmelde-ID:		0x3e7

Objekt:
	Objektserver:	Security
	Objekttyp:	File
	Objektname:	C:\Windows\System32\flattemp.exe
	Handle-ID:	0x18

Prozessinformationen:
	Prozess-ID:	0x728
	Prozessname:	C:\Windows\System32\poqexec.exe

Überwachungseinstellungen:
	Originalsicherheitsbeschreibung:	
	Neue Sicherheitsbeschreibung:		S:ARAI(AU;SAFA;DCLCRPCRSDWDWO;;;WD)
Ereignis-XML:
<Event xmlns="http://schemas.microsoft.com/win/2004/08/events/event">
  <System>
    <Provider Name="Microsoft-Windows-Security-Auditing" Guid="{54849625-5478-4994-A5BA-3E3B0328C30D}" />
    <EventID>4907</EventID>
    <Version>0</Version>
    <Level>0</Level>
    <Task>13568</Task>
    <Opcode>0</Opcode>
    <Keywords>0x8020000000000000</Keywords>
    <TimeCreated SystemTime="2012-07-04T09:33:56.984375000Z" />
    <EventRecordID>154</EventRecordID>
    <Correlation />
    <Execution ProcessID="448" ThreadID="464" />
    <Channel>Security</Channel>
    <Computer>WIN-KJHGCUABASL</Computer>
    <Security />
  </System>
  <EventData>
    <Data Name="SubjectUserSid">S-1-5-18</Data>
    <Data Name="SubjectUserName">WIN-KJHGCUABASL$</Data>
    <Data Name="SubjectDomainName">WORKGROUP</Data>
    <Data Name="SubjectLogonId">0x3e7</Data>
    <Data Name="ObjectServer">Security</Data>
    <Data Name="ObjectType">File</Data>
    <Data Name="ObjectName">C:\Windows\System32\flattemp.exe</Data>
    <Data Name="HandleId">0x18</Data>
    <Data Name="OldSd">
    </Data>
    <Data Name="NewSd">S:ARAI(AU;SAFA;DCLCRPCRSDWDWO;;;WD)</Data>
    <Data Name="ProcessId">0x728</Data>
    <Data Name="ProcessName">C:\Windows\System32\poqexec.exe</Data>
  </EventData>
</Event>

Protokollname: Security
Quelle:        Microsoft-Windows-Security-Auditing
Datum:         04.07.2012 11:33:56
Ereignis-ID:   4907
Aufgabenkategorie:Richtlinienänderungen überwachen
Ebene:         Informationen
Schlüsselwörter:Überwachung erfolgreich
Benutzer:      Nicht zutreffend
Computer:      WIN-KJHGCUABASL
Beschreibung:
Die Überwachungseinstellungen für ein Objekt wurden geändert:

Antragsteller:
	Sicherheits-ID:		SYSTEM
	Kontoname:		WIN-KJHGCUABASL$
	Kontodomäne:		WORKGROUP
	Anmelde-ID:		0x3e7

Objekt:
	Objektserver:	Security
	Objekttyp:	File
	Objektname:	C:\Windows\System32\PublishingWizard.dll
	Handle-ID:	0x18

Prozessinformationen:
	Prozess-ID:	0x728
	Prozessname:	C:\Windows\System32\poqexec.exe

Überwachungseinstellungen:
	Originalsicherheitsbeschreibung:	
	Neue Sicherheitsbeschreibung:		S:ARAI(AU;SAFA;DCLCRPCRSDWDWO;;;WD)
Ereignis-XML:
<Event xmlns="http://schemas.microsoft.com/win/2004/08/events/event">
  <System>
    <Provider Name="Microsoft-Windows-Security-Auditing" Guid="{54849625-5478-4994-A5BA-3E3B0328C30D}" />
    <EventID>4907</EventID>
    <Version>0</Version>
    <Level>0</Level>
    <Task>13568</Task>
    <Opcode>0</Opcode>
    <Keywords>0x8020000000000000</Keywords>
    <TimeCreated SystemTime="2012-07-04T09:33:56.984375000Z" />
    <EventRecordID>153</EventRecordID>
    <Correlation />
    <Execution ProcessID="448" ThreadID="464" />
    <Channel>Security</Channel>
    <Computer>WIN-KJHGCUABASL</Computer>
    <Security />
  </System>
  <EventData>
    <Data Name="SubjectUserSid">S-1-5-18</Data>
    <Data Name="SubjectUserName">WIN-KJHGCUABASL$</Data>
    <Data Name="SubjectDomainName">WORKGROUP</Data>
    <Data Name="SubjectLogonId">0x3e7</Data>
    <Data Name="ObjectServer">Security</Data>
    <Data Name="ObjectType">File</Data>
    <Data Name="ObjectName">C:\Windows\System32\PublishingWizard.dll</Data>
    <Data Name="HandleId">0x18</Data>
    <Data Name="OldSd">
    </Data>
    <Data Name="NewSd">S:ARAI(AU;SAFA;DCLCRPCRSDWDWO;;;WD)</Data>
    <Data Name="ProcessId">0x728</Data>
    <Data Name="ProcessName">C:\Windows\System32\poqexec.exe</Data>
  </EventData>
</Event>

Protokollname: Security
Quelle:        Microsoft-Windows-Security-Auditing
Datum:         04.07.2012 11:33:56
Ereignis-ID:   4907
Aufgabenkategorie:Richtlinienänderungen überwachen
Ebene:         Informationen
Schlüsselwörter:Überwachung erfolgreich
Benutzer:      Nicht zutreffend
Computer:      WIN-KJHGCUABASL
Beschreibung:
Die Überwachungseinstellungen für ein Objekt wurden geändert:

Antragsteller:
	Sicherheits-ID:		SYSTEM
	Kontoname:		WIN-KJHGCUABASL$
	Kontodomäne:		WORKGROUP
	Anmelde-ID:		0x3e7

Objekt:
	Objektserver:	Security
	Objekttyp:	File
	Objektname:	C:\Windows\System32\TSMSISrv.dll
	Handle-ID:	0x18

Prozessinformationen:
	Prozess-ID:	0x728
	Prozessname:	C:\Windows\System32\poqexec.exe

Überwachungseinstellungen:
	Originalsicherheitsbeschreibung:	
	Neue Sicherheitsbeschreibung:		S:ARAI(AU;SAFA;DCLCRPCRSDWDWO;;;WD)
Ereignis-XML:
<Event xmlns="http://schemas.microsoft.com/win/2004/08/events/event">
  <System>
    <Provider Name="Microsoft-Windows-Security-Auditing" Guid="{54849625-5478-4994-A5BA-3E3B0328C30D}" />
    <EventID>4907</EventID>
    <Version>0</Version>
    <Level>0</Level>
    <Task>13568</Task>
    <Opcode>0</Opcode>
    <Keywords>0x8020000000000000</Keywords>
    <TimeCreated SystemTime="2012-07-04T09:33:56.984375000Z" />
    <EventRecordID>152</EventRecordID>
    <Correlation />
    <Execution ProcessID="448" ThreadID="464" />
    <Channel>Security</Channel>
    <Computer>WIN-KJHGCUABASL</Computer>
    <Security />
  </System>
  <EventData>
    <Data Name="SubjectUserSid">S-1-5-18</Data>
    <Data Name="SubjectUserName">WIN-KJHGCUABASL$</Data>
    <Data Name="SubjectDomainName">WORKGROUP</Data>
    <Data Name="SubjectLogonId">0x3e7</Data>
    <Data Name="ObjectServer">Security</Data>
    <Data Name="ObjectType">File</Data>
    <Data Name="ObjectName">C:\Windows\System32\TSMSISrv.dll</Data>
    <Data Name="HandleId">0x18</Data>
    <Data Name="OldSd">
    </Data>
    <Data Name="NewSd">S:ARAI(AU;SAFA;DCLCRPCRSDWDWO;;;WD)</Data>
    <Data Name="ProcessId">0x728</Data>
    <Data Name="ProcessName">C:\Windows\System32\poqexec.exe</Data>
  </EventData>
</Event>

Protokollname: Security
Quelle:        Microsoft-Windows-Security-Auditing
Datum:         04.07.2012 11:33:56
Ereignis-ID:   4907
Aufgabenkategorie:Richtlinienänderungen überwachen
Ebene:         Informationen
Schlüsselwörter:Überwachung erfolgreich
Benutzer:      Nicht zutreffend
Computer:      WIN-KJHGCUABASL
Beschreibung:
Die Überwachungseinstellungen für ein Objekt wurden geändert:

Antragsteller:
	Sicherheits-ID:		SYSTEM
	Kontoname:		WIN-KJHGCUABASL$
	Kontodomäne:		WORKGROUP
	Anmelde-ID:		0x3e7

Objekt:
	Objektserver:	Security
	Objekttyp:	File
	Objektname:	C:\Windows\System32\TSVIPSrv.dll
	Handle-ID:	0x18

Prozessinformationen:
	Prozess-ID:	0x728
	Prozessname:	C:\Windows\System32\poqexec.exe

Überwachungseinstellungen:
	Originalsicherheitsbeschreibung:	
	Neue Sicherheitsbeschreibung:		S:ARAI(AU;SAFA;DCLCRPCRSDWDWO;;;WD)
Ereignis-XML:
<Event xmlns="http://schemas.microsoft.com/win/2004/08/events/event">
  <System>
    <Provider Name="Microsoft-Windows-Security-Auditing" Guid="{54849625-5478-4994-A5BA-3E3B0328C30D}" />
    <EventID>4907</EventID>
    <Version>0</Version>
    <Level>0</Level>
    <Task>13568</Task>
    <Opcode>0</Opcode>
    <Keywords>0x8020000000000000</Keywords>
    <TimeCreated SystemTime="2012-07-04T09:33:56.968750000Z" />
    <EventRecordID>151</EventRecordID>
    <Correlation />
    <Execution ProcessID="448" ThreadID="464" />
    <Channel>Security</Channel>
    <Computer>WIN-KJHGCUABASL</Computer>
    <Security />
  </System>
  <EventData>
    <Data Name="SubjectUserSid">S-1-5-18</Data>
    <Data Name="SubjectUserName">WIN-KJHGCUABASL$</Data>
    <Data Name="SubjectDomainName">WORKGROUP</Data>
    <Data Name="SubjectLogonId">0x3e7</Data>
    <Data Name="ObjectServer">Security</Data>
    <Data Name="ObjectType">File</Data>
    <Data Name="ObjectName">C:\Windows\System32\TSVIPSrv.dll</Data>
    <Data Name="HandleId">0x18</Data>
    <Data Name="OldSd">
    </Data>
    <Data Name="NewSd">S:ARAI(AU;SAFA;DCLCRPCRSDWDWO;;;WD)</Data>
    <Data Name="ProcessId">0x728</Data>
    <Data Name="ProcessName">C:\Windows\System32\poqexec.exe</Data>
  </EventData>
</Event>

Protokollname: Security
Quelle:        Microsoft-Windows-Security-Auditing
Datum:         04.07.2012 11:33:56
Ereignis-ID:   4907
Aufgabenkategorie:Richtlinienänderungen überwachen
Ebene:         Informationen
Schlüsselwörter:Überwachung erfolgreich
Benutzer:      Nicht zutreffend
Computer:      WIN-KJHGCUABASL
Beschreibung:
Die Überwachungseinstellungen für ein Objekt wurden geändert:

Antragsteller:
	Sicherheits-ID:		SYSTEM
	Kontoname:		WIN-KJHGCUABASL$
	Kontodomäne:		WORKGROUP
	Anmelde-ID:		0x3e7

Objekt:
	Objektserver:	Security
	Objekttyp:	File
	Objektname:	C:\Windows\System32\TSVIPool.dll
	Handle-ID:	0x18

Prozessinformationen:
	Prozess-ID:	0x728
	Prozessname:	C:\Windows\System32\poqexec.exe

Überwachungseinstellungen:
	Originalsicherheitsbeschreibung:	
	Neue Sicherheitsbeschreibung:		S:ARAI(AU;SAFA;DCLCRPCRSDWDWO;;;WD)
Ereignis-XML:
<Event xmlns="http://schemas.microsoft.com/win/2004/08/events/event">
  <System>
    <Provider Name="Microsoft-Windows-Security-Auditing" Guid="{54849625-5478-4994-A5BA-3E3B0328C30D}" />
    <EventID>4907</EventID>
    <Version>0</Version>
    <Level>0</Level>
    <Task>13568</Task>
    <Opcode>0</Opcode>
    <Keywords>0x8020000000000000</Keywords>
    <TimeCreated SystemTime="2012-07-04T09:33:56.968750000Z" />
    <EventRecordID>150</EventRecordID>
    <Correlation />
    <Execution ProcessID="448" ThreadID="464" />
    <Channel>Security</Channel>
    <Computer>WIN-KJHGCUABASL</Computer>
    <Security />
  </System>
  <EventData>
    <Data Name="SubjectUserSid">S-1-5-18</Data>
    <Data Name="SubjectUserName">WIN-KJHGCUABASL$</Data>
    <Data Name="SubjectDomainName">WORKGROUP</Data>
    <Data Name="SubjectLogonId">0x3e7</Data>
    <Data Name="ObjectServer">Security</Data>
    <Data Name="ObjectType">File</Data>
    <Data Name="ObjectName">C:\Windows\System32\TSVIPool.dll</Data>
    <Data Name="HandleId">0x18</Data>
    <Data Name="OldSd">
    </Data>
    <Data Name="NewSd">S:ARAI(AU;SAFA;DCLCRPCRSDWDWO;;;WD)</Data>
    <Data Name="ProcessId">0x728</Data>
    <Data Name="ProcessName">C:\Windows\System32\poqexec.exe</Data>
  </EventData>
</Event>

Protokollname: Security
Quelle:        Microsoft-Windows-Security-Auditing
Datum:         04.07.2012 11:33:56
Ereignis-ID:   4907
Aufgabenkategorie:Richtlinienänderungen überwachen
Ebene:         Informationen
Schlüsselwörter:Überwachung erfolgreich
Benutzer:      Nicht zutreffend
Computer:      WIN-KJHGCUABASL
Beschreibung:
Die Überwachungseinstellungen für ein Objekt wurden geändert:

Antragsteller:
	Sicherheits-ID:		SYSTEM
	Kontoname:		WIN-KJHGCUABASL$
	Kontodomäne:		WORKGROUP
	Anmelde-ID:		0x3e7

Objekt:
	Objektserver:	Security
	Objekttyp:	File
	Objektname:	C:\Windows\System32\TSVIPCli.dll
	Handle-ID:	0x18

Prozessinformationen:
	Prozess-ID:	0x728
	Prozessname:	C:\Windows\System32\poqexec.exe

Überwachungseinstellungen:
	Originalsicherheitsbeschreibung:	
	Neue Sicherheitsbeschreibung:		S:ARAI(AU;SAFA;DCLCRPCRSDWDWO;;;WD)
Ereignis-XML:
<Event xmlns="http://schemas.microsoft.com/win/2004/08/events/event">
  <System>
    <Provider Name="Microsoft-Windows-Security-Auditing" Guid="{54849625-5478-4994-A5BA-3E3B0328C30D}" />
    <EventID>4907</EventID>
    <Version>0</Version>
    <Level>0</Level>
    <Task>13568</Task>
    <Opcode>0</Opcode>
    <Keywords>0x8020000000000000</Keywords>
    <TimeCreated SystemTime="2012-07-04T09:33:56.968750000Z" />
    <EventRecordID>149</EventRecordID>
    <Correlation />
    <Execution ProcessID="448" ThreadID="464" />
    <Channel>Security</Channel>
    <Computer>WIN-KJHGCUABASL</Computer>
    <Security />
  </System>
  <EventData>
    <Data Name="SubjectUserSid">S-1-5-18</Data>
    <Data Name="SubjectUserName">WIN-KJHGCUABASL$</Data>
    <Data Name="SubjectDomainName">WORKGROUP</Data>
    <Data Name="SubjectLogonId">0x3e7</Data>
    <Data Name="ObjectServer">Security</Data>
    <Data Name="ObjectType">File</Data>
    <Data Name="ObjectName">C:\Windows\System32\TSVIPCli.dll</Data>
    <Data Name="HandleId">0x18</Data>
    <Data Name="OldSd">
    </Data>
    <Data Name="NewSd">S:ARAI(AU;SAFA;DCLCRPCRSDWDWO;;;WD)</Data>
    <Data Name="ProcessId">0x728</Data>
    <Data Name="ProcessName">C:\Windows\System32\poqexec.exe</Data>
  </EventData>
</Event>

Protokollname: Security
Quelle:        Microsoft-Windows-Security-Auditing
Datum:         04.07.2012 11:33:56
Ereignis-ID:   4907
Aufgabenkategorie:Richtlinienänderungen überwachen
Ebene:         Informationen
Schlüsselwörter:Überwachung erfolgreich
Benutzer:      Nicht zutreffend
Computer:      WIN-KJHGCUABASL
Beschreibung:
Die Überwachungseinstellungen für ein Objekt wurden geändert:

Antragsteller:
	Sicherheits-ID:		SYSTEM
	Kontoname:		WIN-KJHGCUABASL$
	Kontodomäne:		WORKGROUP
	Anmelde-ID:		0x3e7

Objekt:
	Objektserver:	Security
	Objekttyp:	File
	Objektname:	C:\Windows\System32\USRLOGON.CMD
	Handle-ID:	0x18

Prozessinformationen:
	Prozess-ID:	0x728
	Prozessname:	C:\Windows\System32\poqexec.exe

Überwachungseinstellungen:
	Originalsicherheitsbeschreibung:	
	Neue Sicherheitsbeschreibung:		S:ARAI(AU;SAFA;DCLCRPCRSDWDWO;;;WD)
Ereignis-XML:
<Event xmlns="http://schemas.microsoft.com/win/2004/08/events/event">
  <System>
    <Provider Name="Microsoft-Windows-Security-Auditing" Guid="{54849625-5478-4994-A5BA-3E3B0328C30D}" />
    <EventID>4907</EventID>
    <Version>0</Version>
    <Level>0</Level>
    <Task>13568</Task>
    <Opcode>0</Opcode>
    <Keywords>0x8020000000000000</Keywords>
    <TimeCreated SystemTime="2012-07-04T09:33:56.968750000Z" />
    <EventRecordID>148</EventRecordID>
    <Correlation />
    <Execution ProcessID="448" ThreadID="464" />
    <Channel>Security</Channel>
    <Computer>WIN-KJHGCUABASL</Computer>
    <Security />
  </System>
  <EventData>
    <Data Name="SubjectUserSid">S-1-5-18</Data>
    <Data Name="SubjectUserName">WIN-KJHGCUABASL$</Data>
    <Data Name="SubjectDomainName">WORKGROUP</Data>
    <Data Name="SubjectLogonId">0x3e7</Data>
    <Data Name="ObjectServer">Security</Data>
    <Data Name="ObjectType">File</Data>
    <Data Name="ObjectName">C:\Windows\System32\USRLOGON.CMD</Data>
    <Data Name="HandleId">0x18</Data>
    <Data Name="OldSd">
    </Data>
    <Data Name="NewSd">S:ARAI(AU;SAFA;DCLCRPCRSDWDWO;;;WD)</Data>
    <Data Name="ProcessId">0x728</Data>
    <Data Name="ProcessName">C:\Windows\System32\poqexec.exe</Data>
  </EventData>
</Event>

Protokollname: Security
Quelle:        Microsoft-Windows-Security-Auditing
Datum:         04.07.2012 11:33:56
Ereignis-ID:   4907
Aufgabenkategorie:Richtlinienänderungen überwachen
Ebene:         Informationen
Schlüsselwörter:Überwachung erfolgreich
Benutzer:      Nicht zutreffend
Computer:      WIN-KJHGCUABASL
Beschreibung:
Die Überwachungseinstellungen für ein Objekt wurden geändert:

Antragsteller:
	Sicherheits-ID:		SYSTEM
	Kontoname:		WIN-KJHGCUABASL$
	Kontodomäne:		WORKGROUP
	Anmelde-ID:		0x3e7

Objekt:
	Objektserver:	Security
	Objekttyp:	File
	Objektname:	C:\Windows\System32\PublishSnapIn.dll
	Handle-ID:	0x18

Prozessinformationen:
	Prozess-ID:	0x728
	Prozessname:	C:\Windows\System32\poqexec.exe

Überwachungseinstellungen:
	Originalsicherheitsbeschreibung:	
	Neue Sicherheitsbeschreibung:		S:ARAI(AU;SAFA;DCLCRPCRSDWDWO;;;WD)
Ereignis-XML:
<Event xmlns="http://schemas.microsoft.com/win/2004/08/events/event">
  <System>
    <Provider Name="Microsoft-Windows-Security-Auditing" Guid="{54849625-5478-4994-A5BA-3E3B0328C30D}" />
    <EventID>4907</EventID>
    <Version>0</Version>
    <Level>0</Level>
    <Task>13568</Task>
    <Opcode>0</Opcode>
    <Keywords>0x8020000000000000</Keywords>
    <TimeCreated SystemTime="2012-07-04T09:33:56.953125000Z" />
    <EventRecordID>147</EventRecordID>
    <Correlation />
    <Execution ProcessID="448" ThreadID="464" />
    <Channel>Security</Channel>
    <Computer>WIN-KJHGCUABASL</Computer>
    <Security />
  </System>
  <EventData>
    <Data Name="SubjectUserSid">S-1-5-18</Data>
    <Data Name="SubjectUserName">WIN-KJHGCUABASL$</Data>
    <Data Name="SubjectDomainName">WORKGROUP</Data>
    <Data Name="SubjectLogonId">0x3e7</Data>
    <Data Name="ObjectServer">Security</Data>
    <Data Name="ObjectType">File</Data>
    <Data Name="ObjectName">C:\Windows\System32\PublishSnapIn.dll</Data>
    <Data Name="HandleId">0x18</Data>
    <Data Name="OldSd">
    </Data>
    <Data Name="NewSd">S:ARAI(AU;SAFA;DCLCRPCRSDWDWO;;;WD)</Data>
    <Data Name="ProcessId">0x728</Data>
    <Data Name="ProcessName">C:\Windows\System32\poqexec.exe</Data>
  </EventData>
</Event>

Protokollname: Security
Quelle:        Microsoft-Windows-Security-Auditing
Datum:         04.07.2012 11:33:56
Ereignis-ID:   4907
Aufgabenkategorie:Richtlinienänderungen überwachen
Ebene:         Informationen
Schlüsselwörter:Überwachung erfolgreich
Benutzer:      Nicht zutreffend
Computer:      WIN-KJHGCUABASL
Beschreibung:
Die Überwachungseinstellungen für ein Objekt wurden geändert:

Antragsteller:
	Sicherheits-ID:		SYSTEM
	Kontoname:		WIN-KJHGCUABASL$
	Kontodomäne:		WORKGROUP
	Anmelde-ID:		0x3e7

Objekt:
	Objektserver:	Security
	Objekttyp:	File
	Objektname:	C:\Windows\System32\TSMSIPrxy.dll
	Handle-ID:	0x18

Prozessinformationen:
	Prozess-ID:	0x728
	Prozessname:	C:\Windows\System32\poqexec.exe

Überwachungseinstellungen:
	Originalsicherheitsbeschreibung:	
	Neue Sicherheitsbeschreibung:		S:ARAI(AU;SAFA;DCLCRPCRSDWDWO;;;WD)
Ereignis-XML:
<Event xmlns="http://schemas.microsoft.com/win/2004/08/events/event">
  <System>
    <Provider Name="Microsoft-Windows-Security-Auditing" Guid="{54849625-5478-4994-A5BA-3E3B0328C30D}" />
    <EventID>4907</EventID>
    <Version>0</Version>
    <Level>0</Level>
    <Task>13568</Task>
    <Opcode>0</Opcode>
    <Keywords>0x8020000000000000</Keywords>
    <TimeCreated SystemTime="2012-07-04T09:33:56.953125000Z" />
    <EventRecordID>146</EventRecordID>
    <Correlation />
    <Execution ProcessID="448" ThreadID="464" />
    <Channel>Security</Channel>
    <Computer>WIN-KJHGCUABASL</Computer>
    <Security />
  </System>
  <EventData>
    <Data Name="SubjectUserSid">S-1-5-18</Data>
    <Data Name="SubjectUserName">WIN-KJHGCUABASL$</Data>
    <Data Name="SubjectDomainName">WORKGROUP</Data>
    <Data Name="SubjectLogonId">0x3e7</Data>
    <Data Name="ObjectServer">Security</Data>
    <Data Name="ObjectType">File</Data>
    <Data Name="ObjectName">C:\Windows\System32\TSMSIPrxy.dll</Data>
    <Data Name="HandleId">0x18</Data>
    <Data Name="OldSd">
    </Data>
    <Data Name="NewSd">S:ARAI(AU;SAFA;DCLCRPCRSDWDWO;;;WD)</Data>
    <Data Name="ProcessId">0x728</Data>
    <Data Name="ProcessName">C:\Windows\System32\poqexec.exe</Data>
  </EventData>
</Event>

Protokollname: Security
Quelle:        Microsoft-Windows-Security-Auditing
Datum:         04.07.2012 11:33:56
Ereignis-ID:   4907
Aufgabenkategorie:Richtlinienänderungen überwachen
Ebene:         Informationen
Schlüsselwörter:Überwachung erfolgreich
Benutzer:      Nicht zutreffend
Computer:      WIN-KJHGCUABASL
Beschreibung:
Die Überwachungseinstellungen für ein Objekt wurden geändert:

Antragsteller:
	Sicherheits-ID:		SYSTEM
	Kontoname:		WIN-KJHGCUABASL$
	Kontodomäne:		WORKGROUP
	Anmelde-ID:		0x3e7

Objekt:
	Objektserver:	Security
	Objekttyp:	File
	Objektname:	C:\Windows\System32\TSAPPCMP.dll
	Handle-ID:	0x18

Prozessinformationen:
	Prozess-ID:	0x728
	Prozessname:	C:\Windows\System32\poqexec.exe

Überwachungseinstellungen:
	Originalsicherheitsbeschreibung:	
	Neue Sicherheitsbeschreibung:		S:ARAI(AU;SAFA;DCLCRPCRSDWDWO;;;WD)
Ereignis-XML:
<Event xmlns="http://schemas.microsoft.com/win/2004/08/events/event">
  <System>
    <Provider Name="Microsoft-Windows-Security-Auditing" Guid="{54849625-5478-4994-A5BA-3E3B0328C30D}" />
    <EventID>4907</EventID>
    <Version>0</Version>
    <Level>0</Level>
    <Task>13568</Task>
    <Opcode>0</Opcode>
    <Keywords>0x8020000000000000</Keywords>
    <TimeCreated SystemTime="2012-07-04T09:33:56.828125000Z" />
    <EventRecordID>145</EventRecordID>
    <Correlation />
    <Execution ProcessID="448" ThreadID="464" />
    <Channel>Security</Channel>
    <Computer>WIN-KJHGCUABASL</Computer>
    <Security />
  </System>
  <EventData>
    <Data Name="SubjectUserSid">S-1-5-18</Data>
    <Data Name="SubjectUserName">WIN-KJHGCUABASL$</Data>
    <Data Name="SubjectDomainName">WORKGROUP</Data>
    <Data Name="SubjectLogonId">0x3e7</Data>
    <Data Name="ObjectServer">Security</Data>
    <Data Name="ObjectType">File</Data>
    <Data Name="ObjectName">C:\Windows\System32\TSAPPCMP.dll</Data>
    <Data Name="HandleId">0x18</Data>
    <Data Name="OldSd">
    </Data>
    <Data Name="NewSd">S:ARAI(AU;SAFA;DCLCRPCRSDWDWO;;;WD)</Data>
    <Data Name="ProcessId">0x728</Data>
    <Data Name="ProcessName">C:\Windows\System32\poqexec.exe</Data>
  </EventData>
</Event>

